[0.146s] DEBUG:colcon:Command line arguments: ['/usr/bin/colcon', 'build', '--merge-install', '--symlink-install', '--cmake-args', '-U', 'CATKIN_INSTALL_INTO_PREFIX_ROOT']
[0.146s] DEBUG:colcon:Parsed command line arguments: Namespace(log_base=None, log_level=None, verb_name='build', build_base='build', install_base='install', merge_install=True, symlink_install=True, test_result_base=None, continue_on_error=False, executor='parallel', parallel_workers=8, event_handlers=None, ignore_user_meta=False, metas=['./colcon.meta'], base_paths=['.'], packages_ignore=None, packages_ignore_regex=None, paths=None, packages_up_to=None, packages_up_to_regex=None, packages_above=None, packages_above_and_dependencies=None, packages_above_depth=None, packages_select_by_dep=None, packages_skip_by_dep=None, packages_skip_up_to=None, packages_select_build_failed=False, packages_skip_build_finished=False, packages_select_test_failures=False, packages_skip_test_passed=False, packages_select=None, packages_skip=None, packages_select_regex=None, packages_skip_regex=None, packages_start=None, packages_end=None, allow_overriding=[], cmake_args=['-U', 'CATKIN_INSTALL_INTO_PREFIX_ROOT'], cmake_target=None, cmake_target_skip_unavailable=False, cmake_clean_cache=False, cmake_clean_first=False, cmake_force_configure=False, ament_cmake_args=None, catkin_cmake_args=None, catkin_skip_building_tests=False, mixin_files=None, mixin=None, verb_parser=<colcon_mixin.mixin.mixin_argument.MixinArgumentDecorator object at 0x7392715cc920>, verb_extension=<colcon_core.verb.build.BuildVerb object at 0x7392715cc620>, main=<bound method BuildVerb.main of <colcon_core.verb.build.BuildVerb object at 0x7392715cc620>>, mixin_verb=('build',))
[0.190s] Level 1:colcon.colcon_core.package_discovery:discover_packages(colcon_meta) check parameters
[0.190s] Level 1:colcon.colcon_core.package_discovery:discover_packages(recursive) check parameters
[0.190s] Level 1:colcon.colcon_core.package_discovery:discover_packages(ignore) check parameters
[0.190s] Level 1:colcon.colcon_core.package_discovery:discover_packages(path) check parameters
[0.190s] Level 1:colcon.colcon_core.package_discovery:discover_packages(colcon_meta) discover
[0.190s] Level 1:colcon.colcon_core.package_discovery:discover_packages(recursive) discover
[0.190s] INFO:colcon.colcon_core.package_discovery:Crawling recursively for packages in '/home/robotica-06/Downloads/bender_workspace'
[0.190s] Level 1:colcon.colcon_core.package_identification:_identify(.) by extensions ['ignore', 'ignore_ament_install']
[0.191s] Level 1:colcon.colcon_core.package_identification:_identify(.) by extension 'ignore'
[0.191s] Level 1:colcon.colcon_core.package_identification:_identify(.) by extension 'ignore_ament_install'
[0.191s] Level 1:colcon.colcon_core.package_identification:_identify(.) by extensions ['colcon_pkg']
[0.191s] Level 1:colcon.colcon_core.package_identification:_identify(.) by extension 'colcon_pkg'
[0.191s] Level 1:colcon.colcon_core.package_identification:_identify(.) by extensions ['colcon_meta']
[0.191s] Level 1:colcon.colcon_core.package_identification:_identify(.) by extension 'colcon_meta'
[0.191s] Level 1:colcon.colcon_core.package_identification:_identify(.) by extensions ['ros']
[0.191s] Level 1:colcon.colcon_core.package_identification:_identify(.) by extension 'ros'
[0.218s] Level 1:colcon.colcon_core.package_identification:_identify(.) by extensions ['cmake', 'python']
[0.218s] Level 1:colcon.colcon_core.package_identification:_identify(.) by extension 'cmake'
[0.218s] Level 1:colcon.colcon_core.package_identification:_identify(.) by extension 'python'
[0.218s] Level 1:colcon.colcon_core.package_identification:_identify(.) by extensions ['python_setup_py']
[0.218s] Level 1:colcon.colcon_core.package_identification:_identify(.) by extension 'python_setup_py'
[0.219s] Level 1:colcon.colcon_core.package_identification:_identify(build) by extensions ['ignore', 'ignore_ament_install']
[0.219s] Level 1:colcon.colcon_core.package_identification:_identify(build) by extension 'ignore'
[0.219s] Level 1:colcon.colcon_core.package_identification:_identify(build) ignored
[0.219s] Level 1:colcon.colcon_core.package_identification:_identify(install) by extensions ['ignore', 'ignore_ament_install']
[0.219s] Level 1:colcon.colcon_core.package_identification:_identify(install) by extension 'ignore'
[0.219s] Level 1:colcon.colcon_core.package_identification:_identify(install) ignored
[0.219s] Level 1:colcon.colcon_core.package_identification:_identify(log) by extensions ['ignore', 'ignore_ament_install']
[0.219s] Level 1:colcon.colcon_core.package_identification:_identify(log) by extension 'ignore'
[0.219s] Level 1:colcon.colcon_core.package_identification:_identify(log) ignored
[0.219s] Level 1:colcon.colcon_core.package_identification:_identify(src) by extensions ['ignore', 'ignore_ament_install']
[0.219s] Level 1:colcon.colcon_core.package_identification:_identify(src) by extension 'ignore'
[0.220s] Level 1:colcon.colcon_core.package_identification:_identify(src) by extension 'ignore_ament_install'
[0.220s] Level 1:colcon.colcon_core.package_identification:_identify(src) by extensions ['colcon_pkg']
[0.220s] Level 1:colcon.colcon_core.package_identification:_identify(src) by extension 'colcon_pkg'
[0.220s] Level 1:colcon.colcon_core.package_identification:_identify(src) by extensions ['colcon_meta']
[0.220s] Level 1:colcon.colcon_core.package_identification:_identify(src) by extension 'colcon_meta'
[0.220s] Level 1:colcon.colcon_core.package_identification:_identify(src) by extensions ['ros']
[0.220s] Level 1:colcon.colcon_core.package_identification:_identify(src) by extension 'ros'
[0.220s] Level 1:colcon.colcon_core.package_identification:_identify(src) by extensions ['cmake', 'python']
[0.220s] Level 1:colcon.colcon_core.package_identification:_identify(src) by extension 'cmake'
[0.220s] Level 1:colcon.colcon_core.package_identification:_identify(src) by extension 'python'
[0.220s] Level 1:colcon.colcon_core.package_identification:_identify(src) by extensions ['python_setup_py']
[0.220s] Level 1:colcon.colcon_core.package_identification:_identify(src) by extension 'python_setup_py'
[0.220s] Level 1:colcon.colcon_core.package_identification:_identify(src/bender_description) by extensions ['ignore', 'ignore_ament_install']
[0.220s] Level 1:colcon.colcon_core.package_identification:_identify(src/bender_description) by extension 'ignore'
[0.220s] Level 1:colcon.colcon_core.package_identification:_identify(src/bender_description) by extension 'ignore_ament_install'
[0.220s] Level 1:colcon.colcon_core.package_identification:_identify(src/bender_description) by extensions ['colcon_pkg']
[0.220s] Level 1:colcon.colcon_core.package_identification:_identify(src/bender_description) by extension 'colcon_pkg'
[0.221s] Level 1:colcon.colcon_core.package_identification:_identify(src/bender_description) by extensions ['colcon_meta']
[0.221s] Level 1:colcon.colcon_core.package_identification:_identify(src/bender_description) by extension 'colcon_meta'
[0.221s] Level 1:colcon.colcon_core.package_identification:_identify(src/bender_description) by extensions ['ros']
[0.221s] Level 1:colcon.colcon_core.package_identification:_identify(src/bender_description) by extension 'ros'
[0.223s] DEBUG:colcon.colcon_core.package_identification:Package 'src/bender_description' with type 'ros.catkin' and name 'bender_description'
[0.223s] Level 1:colcon.colcon_core.package_identification:_identify(src/bender_moveit_config) by extensions ['ignore', 'ignore_ament_install']
[0.223s] Level 1:colcon.colcon_core.package_identification:_identify(src/bender_moveit_config) by extension 'ignore'
[0.223s] Level 1:colcon.colcon_core.package_identification:_identify(src/bender_moveit_config) by extension 'ignore_ament_install'
[0.223s] Level 1:colcon.colcon_core.package_identification:_identify(src/bender_moveit_config) by extensions ['colcon_pkg']
[0.223s] Level 1:colcon.colcon_core.package_identification:_identify(src/bender_moveit_config) by extension 'colcon_pkg'
[0.223s] Level 1:colcon.colcon_core.package_identification:_identify(src/bender_moveit_config) by extensions ['colcon_meta']
[0.223s] Level 1:colcon.colcon_core.package_identification:_identify(src/bender_moveit_config) by extension 'colcon_meta'
[0.224s] Level 1:colcon.colcon_core.package_identification:_identify(src/bender_moveit_config) by extensions ['ros']
[0.224s] Level 1:colcon.colcon_core.package_identification:_identify(src/bender_moveit_config) by extension 'ros'
[0.224s] DEBUG:colcon.colcon_core.package_identification:Package 'src/bender_moveit_config' with type 'ros.ament_cmake' and name 'bender_moveit_config'
[0.224s] Level 1:colcon.colcon_core.package_identification:_identify(src/bender_moveit_scripts) by extensions ['ignore', 'ignore_ament_install']
[0.225s] Level 1:colcon.colcon_core.package_identification:_identify(src/bender_moveit_scripts) by extension 'ignore'
[0.225s] Level 1:colcon.colcon_core.package_identification:_identify(src/bender_moveit_scripts) by extension 'ignore_ament_install'
[0.225s] Level 1:colcon.colcon_core.package_identification:_identify(src/bender_moveit_scripts) by extensions ['colcon_pkg']
[0.225s] Level 1:colcon.colcon_core.package_identification:_identify(src/bender_moveit_scripts) by extension 'colcon_pkg'
[0.225s] Level 1:colcon.colcon_core.package_identification:_identify(src/bender_moveit_scripts) by extensions ['colcon_meta']
[0.225s] Level 1:colcon.colcon_core.package_identification:_identify(src/bender_moveit_scripts) by extension 'colcon_meta'
[0.225s] Level 1:colcon.colcon_core.package_identification:_identify(src/bender_moveit_scripts) by extensions ['ros']
[0.225s] Level 1:colcon.colcon_core.package_identification:_identify(src/bender_moveit_scripts) by extension 'ros'
[0.226s] DEBUG:colcon.colcon_core.package_identification:Package 'src/bender_moveit_scripts' with type 'ros.ament_python' and name 'bender_moveit_scripts'
[0.226s] Level 1:colcon.colcon_core.package_discovery:discover_packages(recursive) using defaults
[0.226s] Level 1:colcon.colcon_core.package_discovery:discover_packages(ignore) discover
[0.226s] Level 1:colcon.colcon_core.package_discovery:discover_packages(ignore) using defaults
[0.226s] Level 1:colcon.colcon_core.package_discovery:discover_packages(path) discover
[0.226s] Level 1:colcon.colcon_core.package_discovery:discover_packages(path) using defaults
[0.245s] Level 1:colcon.colcon_core.package_discovery:discover_packages(prefix_path) check parameters
[0.245s] Level 1:colcon.colcon_core.package_discovery:discover_packages(prefix_path) discover
[0.249s] DEBUG:colcon.colcon_installed_package_information.package_discovery:Found 391 installed packages in /opt/ros/jazzy
[0.250s] Level 1:colcon.colcon_core.package_discovery:discover_packages(prefix_path) using defaults
[0.320s] Level 5:colcon.colcon_core.verb:set package 'bender_description' build argument 'cmake_args' from command line to '['-U', 'CATKIN_INSTALL_INTO_PREFIX_ROOT']'
[0.321s] Level 5:colcon.colcon_core.verb:set package 'bender_description' build argument 'cmake_target' from command line to 'None'
[0.321s] Level 5:colcon.colcon_core.verb:set package 'bender_description' build argument 'cmake_target_skip_unavailable' from command line to 'False'
[0.321s] Level 5:colcon.colcon_core.verb:set package 'bender_description' build argument 'cmake_clean_cache' from command line to 'False'
[0.321s] Level 5:colcon.colcon_core.verb:set package 'bender_description' build argument 'cmake_clean_first' from command line to 'False'
[0.321s] Level 5:colcon.colcon_core.verb:set package 'bender_description' build argument 'cmake_force_configure' from command line to 'False'
[0.321s] Level 5:colcon.colcon_core.verb:set package 'bender_description' build argument 'ament_cmake_args' from command line to 'None'
[0.321s] Level 5:colcon.colcon_core.verb:set package 'bender_description' build argument 'catkin_cmake_args' from command line to 'None'
[0.321s] Level 5:colcon.colcon_core.verb:set package 'bender_description' build argument 'catkin_skip_building_tests' from command line to 'False'
[0.321s] DEBUG:colcon.colcon_core.verb:Building package 'bender_description' with the following arguments: {'ament_cmake_args': None, 'build_base': '/home/robotica-06/Downloads/bender_workspace/build/bender_description', 'catkin_cmake_args': None, 'catkin_skip_building_tests': False, 'cmake_args': ['-U', 'CATKIN_INSTALL_INTO_PREFIX_ROOT'], 'cmake_clean_cache': False, 'cmake_clean_first': False, 'cmake_force_configure': False, 'cmake_target': None, 'cmake_target_skip_unavailable': False, 'install_base': '/home/robotica-06/Downloads/bender_workspace/install', 'merge_install': True, 'path': '/home/robotica-06/Downloads/bender_workspace/src/bender_description', 'symlink_install': True, 'test_result_base': None}
[0.321s] Level 5:colcon.colcon_core.verb:set package 'bender_moveit_scripts' build argument 'cmake_args' from command line to '['-U', 'CATKIN_INSTALL_INTO_PREFIX_ROOT']'
[0.321s] Level 5:colcon.colcon_core.verb:set package 'bender_moveit_scripts' build argument 'cmake_target' from command line to 'None'
[0.321s] Level 5:colcon.colcon_core.verb:set package 'bender_moveit_scripts' build argument 'cmake_target_skip_unavailable' from command line to 'False'
[0.321s] Level 5:colcon.colcon_core.verb:set package 'bender_moveit_scripts' build argument 'cmake_clean_cache' from command line to 'False'
[0.321s] Level 5:colcon.colcon_core.verb:set package 'bender_moveit_scripts' build argument 'cmake_clean_first' from command line to 'False'
[0.321s] Level 5:colcon.colcon_core.verb:set package 'bender_moveit_scripts' build argument 'cmake_force_configure' from command line to 'False'
[0.321s] Level 5:colcon.colcon_core.verb:set package 'bender_moveit_scripts' build argument 'ament_cmake_args' from command line to 'None'
[0.321s] Level 5:colcon.colcon_core.verb:set package 'bender_moveit_scripts' build argument 'catkin_cmake_args' from command line to 'None'
[0.321s] Level 5:colcon.colcon_core.verb:set package 'bender_moveit_scripts' build argument 'catkin_skip_building_tests' from command line to 'False'
[0.321s] DEBUG:colcon.colcon_core.verb:Building package 'bender_moveit_scripts' with the following arguments: {'ament_cmake_args': None, 'build_base': '/home/robotica-06/Downloads/bender_workspace/build/bender_moveit_scripts', 'catkin_cmake_args': None, 'catkin_skip_building_tests': False, 'cmake_args': ['-U', 'CATKIN_INSTALL_INTO_PREFIX_ROOT'], 'cmake_clean_cache': False, 'cmake_clean_first': False, 'cmake_force_configure': False, 'cmake_target': None, 'cmake_target_skip_unavailable': False, 'install_base': '/home/robotica-06/Downloads/bender_workspace/install', 'merge_install': True, 'path': '/home/robotica-06/Downloads/bender_workspace/src/bender_moveit_scripts', 'symlink_install': True, 'test_result_base': None}
[0.322s] Level 5:colcon.colcon_core.verb:set package 'bender_moveit_config' build argument 'cmake_args' from command line to '['-U', 'CATKIN_INSTALL_INTO_PREFIX_ROOT']'
[0.322s] Level 5:colcon.colcon_core.verb:set package 'bender_moveit_config' build argument 'cmake_target' from command line to 'None'
[0.322s] Level 5:colcon.colcon_core.verb:set package 'bender_moveit_config' build argument 'cmake_target_skip_unavailable' from command line to 'False'
[0.322s] Level 5:colcon.colcon_core.verb:set package 'bender_moveit_config' build argument 'cmake_clean_cache' from command line to 'False'
[0.322s] Level 5:colcon.colcon_core.verb:set package 'bender_moveit_config' build argument 'cmake_clean_first' from command line to 'False'
[0.322s] Level 5:colcon.colcon_core.verb:set package 'bender_moveit_config' build argument 'cmake_force_configure' from command line to 'False'
[0.322s] Level 5:colcon.colcon_core.verb:set package 'bender_moveit_config' build argument 'ament_cmake_args' from command line to 'None'
[0.322s] Level 5:colcon.colcon_core.verb:set package 'bender_moveit_config' build argument 'catkin_cmake_args' from command line to 'None'
[0.322s] Level 5:colcon.colcon_core.verb:set package 'bender_moveit_config' build argument 'catkin_skip_building_tests' from command line to 'False'
[0.322s] DEBUG:colcon.colcon_core.verb:Building package 'bender_moveit_config' with the following arguments: {'ament_cmake_args': None, 'build_base': '/home/robotica-06/Downloads/bender_workspace/build/bender_moveit_config', 'catkin_cmake_args': None, 'catkin_skip_building_tests': False, 'cmake_args': ['-U', 'CATKIN_INSTALL_INTO_PREFIX_ROOT'], 'cmake_clean_cache': False, 'cmake_clean_first': False, 'cmake_force_configure': False, 'cmake_target': None, 'cmake_target_skip_unavailable': False, 'install_base': '/home/robotica-06/Downloads/bender_workspace/install', 'merge_install': True, 'path': '/home/robotica-06/Downloads/bender_workspace/src/bender_moveit_config', 'symlink_install': True, 'test_result_base': None}
[0.322s] INFO:colcon.colcon_core.executor:Executing jobs using 'parallel' executor
[0.323s] DEBUG:colcon.colcon_parallel_executor.executor.parallel:run_until_complete
[0.324s] INFO:colcon.colcon_ros.task.catkin.build:Building ROS package in '/home/robotica-06/Downloads/bender_workspace/src/bender_description' with build type 'catkin'
[0.324s] INFO:colcon.colcon_cmake.task.cmake.build:Building CMake package in '/home/robotica-06/Downloads/bender_workspace/src/bender_description'
[0.326s] INFO:colcon.colcon_core.plugin_system:Skipping extension 'colcon_core.shell.bat': Not used on non-Windows systems
[0.327s] INFO:colcon.colcon_core.shell:Skip shell extension 'powershell' for command environment: Not usable outside of PowerShell
[0.327s] DEBUG:colcon.colcon_core.shell:Skip shell extension 'dsv' for command environment
[0.332s] INFO:colcon.colcon_ros.task.ament_python.build:Building ROS package in '/home/robotica-06/Downloads/bender_workspace/src/bender_moveit_scripts' with build type 'ament_python'
[0.332s] Level 1:colcon.colcon_core.shell:create_environment_hook('bender_moveit_scripts', 'ament_prefix_path')
[0.332s] INFO:colcon.colcon_core.shell:Creating environment hook '/home/robotica-06/Downloads/bender_workspace/install/share/bender_moveit_scripts/hook/ament_prefix_path.ps1'
[0.334s] INFO:colcon.colcon_core.shell:Creating environment descriptor '/home/robotica-06/Downloads/bender_workspace/install/share/bender_moveit_scripts/hook/ament_prefix_path.dsv'
[0.334s] INFO:colcon.colcon_core.shell:Creating environment hook '/home/robotica-06/Downloads/bender_workspace/install/share/bender_moveit_scripts/hook/ament_prefix_path.sh'
[0.335s] INFO:colcon.colcon_core.shell:Skip shell extension 'powershell' for command environment: Not usable outside of PowerShell
[0.335s] DEBUG:colcon.colcon_core.shell:Skip shell extension 'dsv' for command environment
[0.344s] DEBUG:colcon.colcon_core.event_handler.log_command:Invoking command in '/home/robotica-06/Downloads/bender_workspace/build/bender_description': DEBUGINFOD_URLS=https://debuginfod.ubuntu.com /usr/bin/cmake /home/robotica-06/Downloads/bender_workspace/src/bender_description -U CATKIN_INSTALL_INTO_PREFIX_ROOT -DCATKIN_INSTALL_INTO_PREFIX_ROOT=0 -DCATKIN_SYMLINK_INSTALL=ON -DCMAKE_INSTALL_PREFIX=/home/robotica-06/Downloads/bender_workspace/install
[0.670s] INFO:colcon.colcon_core.task.python.build:Building Python package in '/home/robotica-06/Downloads/bender_workspace/src/bender_moveit_scripts'
[0.670s] INFO:colcon.colcon_core.shell:Skip shell extension 'powershell' for command environment: Not usable outside of PowerShell
[0.670s] DEBUG:colcon.colcon_core.shell:Skip shell extension 'dsv' for command environment
[1.239s] DEBUG:colcon.colcon_core.event_handler.log_command:Invoked command in '/home/robotica-06/Downloads/bender_workspace/build/bender_description' returned '0': DEBUGINFOD_URLS=https://debuginfod.ubuntu.com /usr/bin/cmake /home/robotica-06/Downloads/bender_workspace/src/bender_description -U CATKIN_INSTALL_INTO_PREFIX_ROOT -DCATKIN_INSTALL_INTO_PREFIX_ROOT=0 -DCATKIN_SYMLINK_INSTALL=ON -DCMAKE_INSTALL_PREFIX=/home/robotica-06/Downloads/bender_workspace/install
[1.240s] DEBUG:colcon.colcon_core.event_handler.log_command:Invoking command in '/home/robotica-06/Downloads/bender_workspace/build/bender_description': DEBUGINFOD_URLS=https://debuginfod.ubuntu.com /usr/bin/cmake --build /home/robotica-06/Downloads/bender_workspace/build/bender_description -- -j8 -l8
[1.284s] DEBUG:colcon.colcon_core.event_handler.log_command:Invoked command in '/home/robotica-06/Downloads/bender_workspace/build/bender_description' returned '0': DEBUGINFOD_URLS=https://debuginfod.ubuntu.com /usr/bin/cmake --build /home/robotica-06/Downloads/bender_workspace/build/bender_description -- -j8 -l8
[1.296s] DEBUG:colcon.colcon_core.event_handler.log_command:Invoking command in '/home/robotica-06/Downloads/bender_workspace/build/bender_description': DEBUGINFOD_URLS=https://debuginfod.ubuntu.com /usr/bin/cmake --install /home/robotica-06/Downloads/bender_workspace/build/bender_description
[1.347s] DEBUG:colcon.colcon_core.event_handler.log_command:Invoked command in '/home/robotica-06/Downloads/bender_workspace/build/bender_description' returned '0': DEBUGINFOD_URLS=https://debuginfod.ubuntu.com /usr/bin/cmake --install /home/robotica-06/Downloads/bender_workspace/build/bender_description
[1.347s] Level 1:colcon.colcon_core.shell:create_environment_hook('bender_description', 'ros_package_path')
[1.347s] INFO:colcon.colcon_core.shell:Creating environment hook '/home/robotica-06/Downloads/bender_workspace/install/share/bender_description/hook/ros_package_path.ps1'
[1.348s] INFO:colcon.colcon_core.shell:Creating environment descriptor '/home/robotica-06/Downloads/bender_workspace/install/share/bender_description/hook/ros_package_path.dsv'
[1.348s] INFO:colcon.colcon_core.shell:Creating environment hook '/home/robotica-06/Downloads/bender_workspace/install/share/bender_description/hook/ros_package_path.sh'
[1.349s] Level 1:colcon.colcon_core.shell:create_environment_hook('bender_description', 'pkg_config_path')
[1.349s] INFO:colcon.colcon_core.shell:Creating environment hook '/home/robotica-06/Downloads/bender_workspace/install/share/bender_description/hook/pkg_config_path.ps1'
[1.349s] INFO:colcon.colcon_core.shell:Creating environment descriptor '/home/robotica-06/Downloads/bender_workspace/install/share/bender_description/hook/pkg_config_path.dsv'
[1.349s] INFO:colcon.colcon_core.shell:Creating environment hook '/home/robotica-06/Downloads/bender_workspace/install/share/bender_description/hook/pkg_config_path.sh'
[1.351s] Level 1:colcon.colcon_core.shell:create_environment_hook('bender_description', 'pkg_config_path_multiarch')
[1.351s] INFO:colcon.colcon_core.shell:Creating environment hook '/home/robotica-06/Downloads/bender_workspace/install/share/bender_description/hook/pkg_config_path_multiarch.ps1'
[1.352s] INFO:colcon.colcon_core.shell:Creating environment descriptor '/home/robotica-06/Downloads/bender_workspace/install/share/bender_description/hook/pkg_config_path_multiarch.dsv'
[1.352s] INFO:colcon.colcon_core.shell:Creating environment hook '/home/robotica-06/Downloads/bender_workspace/install/share/bender_description/hook/pkg_config_path_multiarch.sh'
[1.353s] Level 1:colcon.colcon_core.environment:create_environment_scripts_only(bender_description)
[1.355s] Level 1:colcon.colcon_core.environment:checking '/home/robotica-06/Downloads/bender_workspace/install' for CMake module files
[1.356s] Level 1:colcon.colcon_core.environment:checking '/home/robotica-06/Downloads/bender_workspace/install' for CMake config files
[1.357s] Level 1:colcon.colcon_core.shell:create_environment_hook('bender_description', 'cmake_prefix_path')
[1.357s] INFO:colcon.colcon_core.shell:Creating environment hook '/home/robotica-06/Downloads/bender_workspace/install/share/bender_description/hook/cmake_prefix_path.ps1'
[1.357s] INFO:colcon.colcon_core.shell:Creating environment descriptor '/home/robotica-06/Downloads/bender_workspace/install/share/bender_description/hook/cmake_prefix_path.dsv'
[1.357s] INFO:colcon.colcon_core.shell:Creating environment hook '/home/robotica-06/Downloads/bender_workspace/install/share/bender_description/hook/cmake_prefix_path.sh'
[1.358s] Level 1:colcon.colcon_core.environment:checking '/home/robotica-06/Downloads/bender_workspace/install/lib'
[1.358s] Level 1:colcon.colcon_core.environment:checking '/home/robotica-06/Downloads/bender_workspace/install/bin'
[1.358s] Level 1:colcon.colcon_core.environment:checking '/home/robotica-06/Downloads/bender_workspace/install/lib/pkgconfig/bender_description.pc'
[1.358s] Level 1:colcon.colcon_core.environment:checking '/home/robotica-06/Downloads/bender_workspace/install/lib/python3.12/site-packages'
[1.359s] Level 1:colcon.colcon_core.shell:create_environment_hook('bender_description', 'pythonpath')
[1.359s] INFO:colcon.colcon_core.shell:Creating environment hook '/home/robotica-06/Downloads/bender_workspace/install/share/bender_description/hook/pythonpath.ps1'
[1.359s] INFO:colcon.colcon_core.shell:Creating environment descriptor '/home/robotica-06/Downloads/bender_workspace/install/share/bender_description/hook/pythonpath.dsv'
[1.360s] INFO:colcon.colcon_core.shell:Creating environment hook '/home/robotica-06/Downloads/bender_workspace/install/share/bender_description/hook/pythonpath.sh'
[1.360s] Level 1:colcon.colcon_core.environment:checking '/home/robotica-06/Downloads/bender_workspace/install/bin'
[1.361s] INFO:colcon.colcon_core.shell:Creating package script '/home/robotica-06/Downloads/bender_workspace/install/share/bender_description/package.ps1'
[1.361s] INFO:colcon.colcon_core.shell:Creating package descriptor '/home/robotica-06/Downloads/bender_workspace/install/share/bender_description/package.dsv'
[1.362s] INFO:colcon.colcon_core.shell:Creating package script '/home/robotica-06/Downloads/bender_workspace/install/share/bender_description/package.sh'
[1.363s] INFO:colcon.colcon_core.shell:Creating package script '/home/robotica-06/Downloads/bender_workspace/install/share/bender_description/package.bash'
[1.364s] INFO:colcon.colcon_core.shell:Creating package script '/home/robotica-06/Downloads/bender_workspace/install/share/bender_description/package.zsh'
[1.364s] Level 1:colcon.colcon_core.environment:create_file_with_runtime_dependencies(/home/robotica-06/Downloads/bender_workspace/install/share/colcon-core/packages/bender_description)
[1.365s] INFO:colcon.colcon_ros.task.ament_cmake.build:Building ROS package in '/home/robotica-06/Downloads/bender_workspace/src/bender_moveit_config' with build type 'ament_cmake'
[1.365s] INFO:colcon.colcon_cmake.task.cmake.build:Building CMake package in '/home/robotica-06/Downloads/bender_workspace/src/bender_moveit_config'
[1.365s] INFO:colcon.colcon_core.shell:Skip shell extension 'powershell' for command environment: Not usable outside of PowerShell
[1.365s] DEBUG:colcon.colcon_core.shell:Skip shell extension 'dsv' for command environment
[1.379s] DEBUG:colcon.colcon_core.event_handler.log_command:Invoking command in '/home/robotica-06/Downloads/bender_workspace/build/bender_moveit_config': CMAKE_PREFIX_PATH=/opt/ros/jazzy:/home/robotica-06/Downloads/bender_workspace/install:${CMAKE_PREFIX_PATH} DEBUGINFOD_URLS=https://debuginfod.ubuntu.com PKG_CONFIG_PATH=/home/robotica-06/Downloads/bender_workspace/install/lib/x86_64-linux-gnu/pkgconfig:/home/robotica-06/Downloads/bender_workspace/install/lib/pkgconfig PYTHONPATH=/home/robotica-06/Downloads/bender_workspace/install/lib/python3.12/site-packages:${PYTHONPATH} ROS_PACKAGE_PATH=/home/robotica-06/Downloads/bender_workspace/install/share /usr/bin/cmake /home/robotica-06/Downloads/bender_workspace/src/bender_moveit_config -U CATKIN_INSTALL_INTO_PREFIX_ROOT -DAMENT_CMAKE_SYMLINK_INSTALL=1 -DCMAKE_INSTALL_PREFIX=/home/robotica-06/Downloads/bender_workspace/install
[1.666s] DEBUG:colcon.colcon_core.event_handler.log_command:Invoking command in '/home/robotica-06/Downloads/bender_workspace/build/bender_moveit_scripts': DEBUGINFOD_URLS=https://debuginfod.ubuntu.com PYTHONPATH=/home/robotica-06/Downloads/bender_workspace/build/bender_moveit_scripts/prefix_override:/usr/lib/python3/dist-packages/colcon_core/task/python/colcon_distutils_commands:/home/robotica-06/Downloads/bender_workspace/install/lib/python3.12/site-packages:${PYTHONPATH} /usr/bin/python3 -W ignore:setup.py install is deprecated -W ignore:easy_install command is deprecated setup.py develop --editable --build-directory /home/robotica-06/Downloads/bender_workspace/build/bender_moveit_scripts/build --no-deps symlink_data
[2.192s] DEBUG:colcon.colcon_core.event_handler.log_command:Invoked command in '/home/robotica-06/Downloads/bender_workspace/build/bender_moveit_config' returned '0': CMAKE_PREFIX_PATH=/opt/ros/jazzy:/home/robotica-06/Downloads/bender_workspace/install:${CMAKE_PREFIX_PATH} DEBUGINFOD_URLS=https://debuginfod.ubuntu.com PKG_CONFIG_PATH=/home/robotica-06/Downloads/bender_workspace/install/lib/x86_64-linux-gnu/pkgconfig:/home/robotica-06/Downloads/bender_workspace/install/lib/pkgconfig PYTHONPATH=/home/robotica-06/Downloads/bender_workspace/install/lib/python3.12/site-packages:${PYTHONPATH} ROS_PACKAGE_PATH=/home/robotica-06/Downloads/bender_workspace/install/share /usr/bin/cmake /home/robotica-06/Downloads/bender_workspace/src/bender_moveit_config -U CATKIN_INSTALL_INTO_PREFIX_ROOT -DAMENT_CMAKE_SYMLINK_INSTALL=1 -DCMAKE_INSTALL_PREFIX=/home/robotica-06/Downloads/bender_workspace/install
[2.194s] DEBUG:colcon.colcon_core.event_handler.log_command:Invoking command in '/home/robotica-06/Downloads/bender_workspace/build/bender_moveit_config': CMAKE_PREFIX_PATH=/opt/ros/jazzy:/home/robotica-06/Downloads/bender_workspace/install:${CMAKE_PREFIX_PATH} DEBUGINFOD_URLS=https://debuginfod.ubuntu.com PKG_CONFIG_PATH=/home/robotica-06/Downloads/bender_workspace/install/lib/x86_64-linux-gnu/pkgconfig:/home/robotica-06/Downloads/bender_workspace/install/lib/pkgconfig PYTHONPATH=/home/robotica-06/Downloads/bender_workspace/install/lib/python3.12/site-packages:${PYTHONPATH} ROS_PACKAGE_PATH=/home/robotica-06/Downloads/bender_workspace/install/share /usr/bin/cmake --build /home/robotica-06/Downloads/bender_workspace/build/bender_moveit_config -- -j8 -l8
[2.238s] DEBUG:colcon.colcon_core.event_handler.log_command:Invoked command in '/home/robotica-06/Downloads/bender_workspace/build/bender_moveit_config' returned '0': CMAKE_PREFIX_PATH=/opt/ros/jazzy:/home/robotica-06/Downloads/bender_workspace/install:${CMAKE_PREFIX_PATH} DEBUGINFOD_URLS=https://debuginfod.ubuntu.com PKG_CONFIG_PATH=/home/robotica-06/Downloads/bender_workspace/install/lib/x86_64-linux-gnu/pkgconfig:/home/robotica-06/Downloads/bender_workspace/install/lib/pkgconfig PYTHONPATH=/home/robotica-06/Downloads/bender_workspace/install/lib/python3.12/site-packages:${PYTHONPATH} ROS_PACKAGE_PATH=/home/robotica-06/Downloads/bender_workspace/install/share /usr/bin/cmake --build /home/robotica-06/Downloads/bender_workspace/build/bender_moveit_config -- -j8 -l8
[2.240s] DEBUG:colcon.colcon_core.event_handler.log_command:Invoking command in '/home/robotica-06/Downloads/bender_workspace/build/bender_moveit_config': CMAKE_PREFIX_PATH=/opt/ros/jazzy:/home/robotica-06/Downloads/bender_workspace/install:${CMAKE_PREFIX_PATH} DEBUGINFOD_URLS=https://debuginfod.ubuntu.com PKG_CONFIG_PATH=/home/robotica-06/Downloads/bender_workspace/install/lib/x86_64-linux-gnu/pkgconfig:/home/robotica-06/Downloads/bender_workspace/install/lib/pkgconfig PYTHONPATH=/home/robotica-06/Downloads/bender_workspace/install/lib/python3.12/site-packages:${PYTHONPATH} ROS_PACKAGE_PATH=/home/robotica-06/Downloads/bender_workspace/install/share /usr/bin/cmake --install /home/robotica-06/Downloads/bender_workspace/build/bender_moveit_config
[2.586s] Level 1:colcon.colcon_core.environment:create_environment_scripts_only(bender_moveit_config)
[2.587s] DEBUG:colcon.colcon_core.event_handler.log_command:Invoked command in '/home/robotica-06/Downloads/bender_workspace/build/bender_moveit_config' returned '0': CMAKE_PREFIX_PATH=/opt/ros/jazzy:/home/robotica-06/Downloads/bender_workspace/install:${CMAKE_PREFIX_PATH} DEBUGINFOD_URLS=https://debuginfod.ubuntu.com PKG_CONFIG_PATH=/home/robotica-06/Downloads/bender_workspace/install/lib/x86_64-linux-gnu/pkgconfig:/home/robotica-06/Downloads/bender_workspace/install/lib/pkgconfig PYTHONPATH=/home/robotica-06/Downloads/bender_workspace/install/lib/python3.12/site-packages:${PYTHONPATH} ROS_PACKAGE_PATH=/home/robotica-06/Downloads/bender_workspace/install/share /usr/bin/cmake --install /home/robotica-06/Downloads/bender_workspace/build/bender_moveit_config
[2.587s] Level 1:colcon.colcon_core.environment:checking '/home/robotica-06/Downloads/bender_workspace/install' for CMake module files
[2.588s] Level 1:colcon.colcon_core.environment:checking '/home/robotica-06/Downloads/bender_workspace/install' for CMake config files
[2.588s] Level 1:colcon.colcon_core.shell:create_environment_hook('bender_moveit_config', 'cmake_prefix_path')
[2.589s] INFO:colcon.colcon_core.shell:Creating environment hook '/home/robotica-06/Downloads/bender_workspace/install/share/bender_moveit_config/hook/cmake_prefix_path.ps1'
[2.589s] INFO:colcon.colcon_core.shell:Creating environment descriptor '/home/robotica-06/Downloads/bender_workspace/install/share/bender_moveit_config/hook/cmake_prefix_path.dsv'
[2.589s] INFO:colcon.colcon_core.shell:Creating environment hook '/home/robotica-06/Downloads/bender_workspace/install/share/bender_moveit_config/hook/cmake_prefix_path.sh'
[2.590s] Level 1:colcon.colcon_core.environment:checking '/home/robotica-06/Downloads/bender_workspace/install/lib'
[2.590s] Level 1:colcon.colcon_core.environment:checking '/home/robotica-06/Downloads/bender_workspace/install/bin'
[2.590s] Level 1:colcon.colcon_core.environment:checking '/home/robotica-06/Downloads/bender_workspace/install/lib/pkgconfig/bender_moveit_config.pc'
[2.590s] Level 1:colcon.colcon_core.environment:checking '/home/robotica-06/Downloads/bender_workspace/install/lib/python3.12/site-packages'
[2.591s] Level 1:colcon.colcon_core.shell:create_environment_hook('bender_moveit_config', 'pythonpath')
[2.591s] INFO:colcon.colcon_core.shell:Creating environment hook '/home/robotica-06/Downloads/bender_workspace/install/share/bender_moveit_config/hook/pythonpath.ps1'
[2.591s] INFO:colcon.colcon_core.shell:Creating environment descriptor '/home/robotica-06/Downloads/bender_workspace/install/share/bender_moveit_config/hook/pythonpath.dsv'
[2.591s] INFO:colcon.colcon_core.shell:Creating environment hook '/home/robotica-06/Downloads/bender_workspace/install/share/bender_moveit_config/hook/pythonpath.sh'
[2.592s] Level 1:colcon.colcon_core.environment:checking '/home/robotica-06/Downloads/bender_workspace/install/bin'
[2.592s] INFO:colcon.colcon_core.shell:Creating package script '/home/robotica-06/Downloads/bender_workspace/install/share/bender_moveit_config/package.ps1'
[2.593s] INFO:colcon.colcon_core.shell:Creating package descriptor '/home/robotica-06/Downloads/bender_workspace/install/share/bender_moveit_config/package.dsv'
[2.593s] INFO:colcon.colcon_core.shell:Creating package script '/home/robotica-06/Downloads/bender_workspace/install/share/bender_moveit_config/package.sh'
[2.594s] INFO:colcon.colcon_core.shell:Creating package script '/home/robotica-06/Downloads/bender_workspace/install/share/bender_moveit_config/package.bash'
[2.594s] INFO:colcon.colcon_core.shell:Creating package script '/home/robotica-06/Downloads/bender_workspace/install/share/bender_moveit_config/package.zsh'
[2.594s] Level 1:colcon.colcon_core.environment:create_file_with_runtime_dependencies(/home/robotica-06/Downloads/bender_workspace/install/share/colcon-core/packages/bender_moveit_config)
[2.595s] Level 1:colcon.colcon_core.environment:create_environment_scripts_only(bender_moveit_config)
[2.595s] Level 1:colcon.colcon_core.environment:checking '/home/robotica-06/Downloads/bender_workspace/install' for CMake module files
[2.596s] Level 1:colcon.colcon_core.environment:checking '/home/robotica-06/Downloads/bender_workspace/install' for CMake config files
[2.596s] Level 1:colcon.colcon_core.shell:create_environment_hook('bender_moveit_config', 'cmake_prefix_path')
[2.596s] INFO:colcon.colcon_core.shell:Creating environment hook '/home/robotica-06/Downloads/bender_workspace/install/share/bender_moveit_config/hook/cmake_prefix_path.ps1'
[2.596s] INFO:colcon.colcon_core.shell:Creating environment descriptor '/home/robotica-06/Downloads/bender_workspace/install/share/bender_moveit_config/hook/cmake_prefix_path.dsv'
[2.597s] INFO:colcon.colcon_core.shell:Creating environment hook '/home/robotica-06/Downloads/bender_workspace/install/share/bender_moveit_config/hook/cmake_prefix_path.sh'
[2.597s] Level 1:colcon.colcon_core.environment:checking '/home/robotica-06/Downloads/bender_workspace/install/lib'
[2.597s] Level 1:colcon.colcon_core.environment:checking '/home/robotica-06/Downloads/bender_workspace/install/bin'
[2.597s] Level 1:colcon.colcon_core.environment:checking '/home/robotica-06/Downloads/bender_workspace/install/lib/pkgconfig/bender_moveit_config.pc'
[2.598s] Level 1:colcon.colcon_core.environment:checking '/home/robotica-06/Downloads/bender_workspace/install/lib/python3.12/site-packages'
[2.598s] Level 1:colcon.colcon_core.shell:create_environment_hook('bender_moveit_config', 'pythonpath')
[2.598s] INFO:colcon.colcon_core.shell:Creating environment hook '/home/robotica-06/Downloads/bender_workspace/install/share/bender_moveit_config/hook/pythonpath.ps1'
[2.598s] INFO:colcon.colcon_core.shell:Creating environment descriptor '/home/robotica-06/Downloads/bender_workspace/install/share/bender_moveit_config/hook/pythonpath.dsv'
[2.599s] INFO:colcon.colcon_core.shell:Creating environment hook '/home/robotica-06/Downloads/bender_workspace/install/share/bender_moveit_config/hook/pythonpath.sh'
[2.599s] Level 1:colcon.colcon_core.environment:checking '/home/robotica-06/Downloads/bender_workspace/install/bin'
[2.600s] INFO:colcon.colcon_core.shell:Creating package script '/home/robotica-06/Downloads/bender_workspace/install/share/bender_moveit_config/package.ps1'
[2.600s] INFO:colcon.colcon_core.shell:Creating package descriptor '/home/robotica-06/Downloads/bender_workspace/install/share/bender_moveit_config/package.dsv'
[2.601s] INFO:colcon.colcon_core.shell:Creating package script '/home/robotica-06/Downloads/bender_workspace/install/share/bender_moveit_config/package.sh'
[2.602s] INFO:colcon.colcon_core.shell:Creating package script '/home/robotica-06/Downloads/bender_workspace/install/share/bender_moveit_config/package.bash'
[2.602s] INFO:colcon.colcon_core.shell:Creating package script '/home/robotica-06/Downloads/bender_workspace/install/share/bender_moveit_config/package.zsh'
[2.602s] Level 1:colcon.colcon_core.environment:create_file_with_runtime_dependencies(/home/robotica-06/Downloads/bender_workspace/install/share/colcon-core/packages/bender_moveit_config)
[2.793s] Level 1:colcon.colcon_core.shell:create_environment_hook('bender_moveit_scripts', 'pythonpath_develop')
[2.794s] INFO:colcon.colcon_core.shell:Creating environment hook '/home/robotica-06/Downloads/bender_workspace/build/bender_moveit_scripts/share/bender_moveit_scripts/hook/pythonpath_develop.ps1'
[2.795s] DEBUG:colcon.colcon_core.event_handler.log_command:Invoked command in '/home/robotica-06/Downloads/bender_workspace/build/bender_moveit_scripts' returned '0': DEBUGINFOD_URLS=https://debuginfod.ubuntu.com PYTHONPATH=/home/robotica-06/Downloads/bender_workspace/build/bender_moveit_scripts/prefix_override:/usr/lib/python3/dist-packages/colcon_core/task/python/colcon_distutils_commands:/home/robotica-06/Downloads/bender_workspace/install/lib/python3.12/site-packages:${PYTHONPATH} /usr/bin/python3 -W ignore:setup.py install is deprecated -W ignore:easy_install command is deprecated setup.py develop --editable --build-directory /home/robotica-06/Downloads/bender_workspace/build/bender_moveit_scripts/build --no-deps symlink_data
[2.796s] INFO:colcon.colcon_core.shell:Creating environment descriptor '/home/robotica-06/Downloads/bender_workspace/build/bender_moveit_scripts/share/bender_moveit_scripts/hook/pythonpath_develop.dsv'
[2.796s] INFO:colcon.colcon_core.shell:Creating environment hook '/home/robotica-06/Downloads/bender_workspace/build/bender_moveit_scripts/share/bender_moveit_scripts/hook/pythonpath_develop.sh'
[2.798s] Level 1:colcon.colcon_core.environment:checking '/home/robotica-06/Downloads/bender_workspace/install' for CMake module files
[2.799s] Level 1:colcon.colcon_core.environment:checking '/home/robotica-06/Downloads/bender_workspace/install' for CMake config files
[2.800s] Level 1:colcon.colcon_core.shell:create_environment_hook('bender_moveit_scripts', 'cmake_prefix_path')
[2.800s] INFO:colcon.colcon_core.shell:Creating environment hook '/home/robotica-06/Downloads/bender_workspace/install/share/bender_moveit_scripts/hook/cmake_prefix_path.ps1'
[2.801s] INFO:colcon.colcon_core.shell:Creating environment descriptor '/home/robotica-06/Downloads/bender_workspace/install/share/bender_moveit_scripts/hook/cmake_prefix_path.dsv'
[2.802s] INFO:colcon.colcon_core.shell:Creating environment hook '/home/robotica-06/Downloads/bender_workspace/install/share/bender_moveit_scripts/hook/cmake_prefix_path.sh'
[2.803s] Level 1:colcon.colcon_core.environment:checking '/home/robotica-06/Downloads/bender_workspace/install/lib'
[2.803s] Level 1:colcon.colcon_core.environment:checking '/home/robotica-06/Downloads/bender_workspace/install/bin'
[2.803s] Level 1:colcon.colcon_core.environment:checking '/home/robotica-06/Downloads/bender_workspace/install/lib/pkgconfig/bender_moveit_scripts.pc'
[2.804s] Level 1:colcon.colcon_core.environment:checking '/home/robotica-06/Downloads/bender_workspace/install/lib/python3.12/site-packages'
[2.804s] Level 1:colcon.colcon_core.shell:create_environment_hook('bender_moveit_scripts', 'pythonpath')
[2.805s] INFO:colcon.colcon_core.shell:Creating environment hook '/home/robotica-06/Downloads/bender_workspace/install/share/bender_moveit_scripts/hook/pythonpath.ps1'
[2.806s] INFO:colcon.colcon_core.shell:Creating environment descriptor '/home/robotica-06/Downloads/bender_workspace/install/share/bender_moveit_scripts/hook/pythonpath.dsv'
[2.806s] INFO:colcon.colcon_core.shell:Creating environment hook '/home/robotica-06/Downloads/bender_workspace/install/share/bender_moveit_scripts/hook/pythonpath.sh'
[2.808s] Level 1:colcon.colcon_core.environment:checking '/home/robotica-06/Downloads/bender_workspace/install/bin'
[2.808s] Level 1:colcon.colcon_core.environment:create_environment_scripts_only(bender_moveit_scripts)
[2.808s] INFO:colcon.colcon_core.shell:Creating package script '/home/robotica-06/Downloads/bender_workspace/install/share/bender_moveit_scripts/package.ps1'
[2.810s] INFO:colcon.colcon_core.shell:Creating package descriptor '/home/robotica-06/Downloads/bender_workspace/install/share/bender_moveit_scripts/package.dsv'
[2.811s] INFO:colcon.colcon_core.shell:Creating package script '/home/robotica-06/Downloads/bender_workspace/install/share/bender_moveit_scripts/package.sh'
[2.813s] INFO:colcon.colcon_core.shell:Creating package script '/home/robotica-06/Downloads/bender_workspace/install/share/bender_moveit_scripts/package.bash'
[2.813s] INFO:colcon.colcon_core.shell:Creating package script '/home/robotica-06/Downloads/bender_workspace/install/share/bender_moveit_scripts/package.zsh'
[2.814s] Level 1:colcon.colcon_core.environment:create_file_with_runtime_dependencies(/home/robotica-06/Downloads/bender_workspace/install/share/colcon-core/packages/bender_moveit_scripts)
[2.815s] DEBUG:colcon.colcon_parallel_executor.executor.parallel:closing loop
[2.815s] DEBUG:colcon.colcon_parallel_executor.executor.parallel:loop closed
[2.815s] DEBUG:colcon.colcon_parallel_executor.executor.parallel:run_until_complete finished with '0'
[2.815s] DEBUG:colcon.colcon_core.event_reactor:joining thread
[2.830s] INFO:colcon.colcon_core.plugin_system:Skipping extension 'colcon_notification.desktop_notification.terminal_notifier': Not used on non-Darwin systems
[2.830s] INFO:colcon.colcon_core.plugin_system:Skipping extension 'colcon_notification.desktop_notification.win32': Not used on non-Windows systems
[2.830s] INFO:colcon.colcon_notification.desktop_notification:Sending desktop notification using 'notify2'
[2.870s] DEBUG:colcon.colcon_core.event_reactor:joined thread
[2.871s] INFO:colcon.colcon_core.shell:Creating prefix script '/home/robotica-06/Downloads/bender_workspace/install/local_setup.ps1'
[2.873s] INFO:colcon.colcon_core.shell:Creating prefix util module '/home/robotica-06/Downloads/bender_workspace/install/_local_setup_util_ps1.py'
[2.875s] INFO:colcon.colcon_core.shell:Creating prefix chain script '/home/robotica-06/Downloads/bender_workspace/install/setup.ps1'
[2.877s] INFO:colcon.colcon_core.shell:Creating prefix script '/home/robotica-06/Downloads/bender_workspace/install/local_setup.sh'
[2.877s] INFO:colcon.colcon_core.shell:Creating prefix util module '/home/robotica-06/Downloads/bender_workspace/install/_local_setup_util_sh.py'
[2.878s] INFO:colcon.colcon_core.shell:Creating prefix chain script '/home/robotica-06/Downloads/bender_workspace/install/setup.sh'
[2.881s] INFO:colcon.colcon_core.shell:Creating prefix script '/home/robotica-06/Downloads/bender_workspace/install/local_setup.bash'
[2.882s] INFO:colcon.colcon_core.shell:Creating prefix chain script '/home/robotica-06/Downloads/bender_workspace/install/setup.bash'
[2.884s] INFO:colcon.colcon_core.shell:Creating prefix script '/home/robotica-06/Downloads/bender_workspace/install/local_setup.zsh'
[2.885s] INFO:colcon.colcon_core.shell:Creating prefix chain script '/home/robotica-06/Downloads/bender_workspace/install/setup.zsh'
