[1.472s] Invoking command in '/home/robotica-06/Downloads/bender_workspace/src/bender_moveit_scripts': DEBUGINFOD_URLS=https://debuginfod.ubuntu.com PYTHONPATH=/home/robotica-06/Downloads/bender_workspace/build/bender_moveit_scripts/prefix_override:/usr/lib/python3/dist-packages/colcon_core/task/python/colcon_distutils_commands:/home/robotica-06/Downloads/bender_workspace/install/lib/python3.12/site-packages:${PYTHONPATH} /usr/bin/python3 -W ignore:setup.py install is deprecated -W ignore:easy_install command is deprecated setup.py egg_info --egg-base ../../build/bender_moveit_scripts build --build-base /home/robotica-06/Downloads/bender_workspace/build/bender_moveit_scripts/build install --record /home/robotica-06/Downloads/bender_workspace/build/bender_moveit_scripts/install.log --single-version-externally-managed install_data
[1.986s] running egg_info
[1.987s] creating ../../build/bender_moveit_scripts/bender_moveit_scripts.egg-info
[2.032s] writing ../../build/bender_moveit_scripts/bender_moveit_scripts.egg-info/PKG-INFO
[2.033s] writing dependency_links to ../../build/bender_moveit_scripts/bender_moveit_scripts.egg-info/dependency_links.txt
[2.033s] writing entry points to ../../build/bender_moveit_scripts/bender_moveit_scripts.egg-info/entry_points.txt
[2.033s] writing requirements to ../../build/bender_moveit_scripts/bender_moveit_scripts.egg-info/requires.txt
[2.033s] writing top-level names to ../../build/bender_moveit_scripts/bender_moveit_scripts.egg-info/top_level.txt
[2.034s] writing manifest file '../../build/bender_moveit_scripts/bender_moveit_scripts.egg-info/SOURCES.txt'
[2.125s] reading manifest file '../../build/bender_moveit_scripts/bender_moveit_scripts.egg-info/SOURCES.txt'
[2.126s] writing manifest file '../../build/bender_moveit_scripts/bender_moveit_scripts.egg-info/SOURCES.txt'
[2.126s] running build
[2.126s] running build_py
[2.126s] creating /home/robotica-06/Downloads/bender_workspace/build/bender_moveit_scripts/build
[2.126s] creating /home/robotica-06/Downloads/bender_workspace/build/bender_moveit_scripts/build/lib
[2.127s] creating /home/robotica-06/Downloads/bender_workspace/build/bender_moveit_scripts/build/lib/bender_moveit_scripts
[2.127s] copying bender_moveit_scripts/move_left_arm.py -> /home/robotica-06/Downloads/bender_workspace/build/bender_moveit_scripts/build/lib/bender_moveit_scripts
[2.127s] copying bender_moveit_scripts/move_groups_control.py -> /home/robotica-06/Downloads/bender_workspace/build/bender_moveit_scripts/build/lib/bender_moveit_scripts
[2.127s] copying bender_moveit_scripts/moveit_target_pose.py -> /home/robotica-06/Downloads/bender_workspace/build/bender_moveit_scripts/build/lib/bender_moveit_scripts
[2.128s] copying bender_moveit_scripts/__init__.py -> /home/robotica-06/Downloads/bender_workspace/build/bender_moveit_scripts/build/lib/bender_moveit_scripts
[2.128s] running install
[2.135s] running install_lib
[2.181s] creating /home/robotica-06/Downloads/bender_workspace/install/lib/python3.12/site-packages/bender_moveit_scripts
[2.181s] copying /home/robotica-06/Downloads/bender_workspace/build/bender_moveit_scripts/build/lib/bender_moveit_scripts/move_left_arm.py -> /home/robotica-06/Downloads/bender_workspace/install/lib/python3.12/site-packages/bender_moveit_scripts
[2.181s] copying /home/robotica-06/Downloads/bender_workspace/build/bender_moveit_scripts/build/lib/bender_moveit_scripts/move_groups_control.py -> /home/robotica-06/Downloads/bender_workspace/install/lib/python3.12/site-packages/bender_moveit_scripts
[2.181s] copying /home/robotica-06/Downloads/bender_workspace/build/bender_moveit_scripts/build/lib/bender_moveit_scripts/moveit_target_pose.py -> /home/robotica-06/Downloads/bender_workspace/install/lib/python3.12/site-packages/bender_moveit_scripts
[2.182s] copying /home/robotica-06/Downloads/bender_workspace/build/bender_moveit_scripts/build/lib/bender_moveit_scripts/__init__.py -> /home/robotica-06/Downloads/bender_workspace/install/lib/python3.12/site-packages/bender_moveit_scripts
[2.182s] byte-compiling /home/robotica-06/Downloads/bender_workspace/install/lib/python3.12/site-packages/bender_moveit_scripts/move_left_arm.py to move_left_arm.cpython-312.pyc
[2.183s] byte-compiling /home/robotica-06/Downloads/bender_workspace/install/lib/python3.12/site-packages/bender_moveit_scripts/move_groups_control.py to move_groups_control.cpython-312.pyc
[2.185s] byte-compiling /home/robotica-06/Downloads/bender_workspace/install/lib/python3.12/site-packages/bender_moveit_scripts/moveit_target_pose.py to moveit_target_pose.cpython-312.pyc
[2.185s] byte-compiling /home/robotica-06/Downloads/bender_workspace/install/lib/python3.12/site-packages/bender_moveit_scripts/__init__.py to __init__.cpython-312.pyc
[2.186s] running install_data
[2.186s] copying resource/bender_moveit_scripts -> /home/robotica-06/Downloads/bender_workspace/install/share/ament_index/resource_index/packages
[2.186s] copying package.xml -> /home/robotica-06/Downloads/bender_workspace/install/share/bender_moveit_scripts
[2.186s] running install_egg_info
[2.249s] Copying ../../build/bender_moveit_scripts/bender_moveit_scripts.egg-info to /home/robotica-06/Downloads/bender_workspace/install/lib/python3.12/site-packages/bender_moveit_scripts-0.0.1-py3.12.egg-info
[2.251s] running install_scripts
[2.568s] Installing move_groups_control script to /home/robotica-06/Downloads/bender_workspace/install/lib/bender_moveit_scripts
[2.569s] Installing move_left_arm script to /home/robotica-06/Downloads/bender_workspace/install/lib/bender_moveit_scripts
[2.569s] Installing moveit_target_pose script to /home/robotica-06/Downloads/bender_workspace/install/lib/bender_moveit_scripts
[2.569s] writing list of installed files to '/home/robotica-06/Downloads/bender_workspace/build/bender_moveit_scripts/install.log'
[2.610s] Invoked command in '/home/robotica-06/Downloads/bender_workspace/src/bender_moveit_scripts' returned '0': DEBUGINFOD_URLS=https://debuginfod.ubuntu.com PYTHONPATH=/home/robotica-06/Downloads/bender_workspace/build/bender_moveit_scripts/prefix_override:/usr/lib/python3/dist-packages/colcon_core/task/python/colcon_distutils_commands:/home/robotica-06/Downloads/bender_workspace/install/lib/python3.12/site-packages:${PYTHONPATH} /usr/bin/python3 -W ignore:setup.py install is deprecated -W ignore:easy_install command is deprecated setup.py egg_info --egg-base ../../build/bender_moveit_scripts build --build-base /home/robotica-06/Downloads/bender_workspace/build/bender_moveit_scripts/build install --record /home/robotica-06/Downloads/bender_workspace/build/bender_moveit_scripts/install.log --single-version-externally-managed install_data
