[2.131s] Invoking command in '/home/robotica-06/bender_manipulacion/src/bender_moveit_scripts': DEBUGINFOD_URLS=https://debuginfod.ubuntu.com PYTHONPATH=/home/robotica-06/bender_manipulacion/build/bender_moveit_scripts/prefix_override:/usr/lib/python3/dist-packages/colcon_core/task/python/colcon_distutils_commands:/home/robotica-06/bender_manipulacion/install/lib/python3.12/site-packages:${PYTHONPATH} /usr/bin/python3 -W ignore:setup.py install is deprecated -W ignore:easy_install command is deprecated setup.py egg_info --egg-base ../../build/bender_moveit_scripts build --build-base /home/robotica-06/bender_manipulacion/build/bender_moveit_scripts/build install --record /home/robotica-06/bender_manipulacion/build/bender_moveit_scripts/install.log --single-version-externally-managed install_data
[2.754s] running egg_info
[2.755s] creating ../../build/bender_moveit_scripts/bender_moveit_scripts.egg-info
[2.803s] writing ../../build/bender_moveit_scripts/bender_moveit_scripts.egg-info/PKG-INFO
[2.804s] writing dependency_links to ../../build/bender_moveit_scripts/bender_moveit_scripts.egg-info/dependency_links.txt
[2.804s] writing entry points to ../../build/bender_moveit_scripts/bender_moveit_scripts.egg-info/entry_points.txt
[2.805s] writing requirements to ../../build/bender_moveit_scripts/bender_moveit_scripts.egg-info/requires.txt
[2.805s] writing top-level names to ../../build/bender_moveit_scripts/bender_moveit_scripts.egg-info/top_level.txt
[2.805s] writing manifest file '../../build/bender_moveit_scripts/bender_moveit_scripts.egg-info/SOURCES.txt'
[2.911s] reading manifest file '../../build/bender_moveit_scripts/bender_moveit_scripts.egg-info/SOURCES.txt'
[2.912s] writing manifest file '../../build/bender_moveit_scripts/bender_moveit_scripts.egg-info/SOURCES.txt'
[2.912s] running build
[2.913s] running build_py
[2.913s] creating /home/robotica-06/bender_manipulacion/build/bender_moveit_scripts/build
[2.913s] creating /home/robotica-06/bender_manipulacion/build/bender_moveit_scripts/build/lib
[2.913s] creating /home/robotica-06/bender_manipulacion/build/bender_moveit_scripts/build/lib/bender_moveit_scripts
[2.913s] copying bender_moveit_scripts/move_left_arm.py -> /home/robotica-06/bender_manipulacion/build/bender_moveit_scripts/build/lib/bender_moveit_scripts
[2.914s] copying bender_moveit_scripts/move_groups_control.py -> /home/robotica-06/bender_manipulacion/build/bender_moveit_scripts/build/lib/bender_moveit_scripts
[2.914s] copying bender_moveit_scripts/moveit_target_pose.py -> /home/robotica-06/bender_manipulacion/build/bender_moveit_scripts/build/lib/bender_moveit_scripts
[2.914s] copying bender_moveit_scripts/__init__.py -> /home/robotica-06/bender_manipulacion/build/bender_moveit_scripts/build/lib/bender_moveit_scripts
[2.915s] running install
[2.924s] running install_lib
[2.976s] creating /home/robotica-06/bender_manipulacion/install/lib/python3.12/site-packages/bender_moveit_scripts
[2.977s] copying /home/robotica-06/bender_manipulacion/build/bender_moveit_scripts/build/lib/bender_moveit_scripts/move_left_arm.py -> /home/robotica-06/bender_manipulacion/install/lib/python3.12/site-packages/bender_moveit_scripts
[2.977s] copying /home/robotica-06/bender_manipulacion/build/bender_moveit_scripts/build/lib/bender_moveit_scripts/move_groups_control.py -> /home/robotica-06/bender_manipulacion/install/lib/python3.12/site-packages/bender_moveit_scripts
[2.977s] copying /home/robotica-06/bender_manipulacion/build/bender_moveit_scripts/build/lib/bender_moveit_scripts/moveit_target_pose.py -> /home/robotica-06/bender_manipulacion/install/lib/python3.12/site-packages/bender_moveit_scripts
[2.977s] copying /home/robotica-06/bender_manipulacion/build/bender_moveit_scripts/build/lib/bender_moveit_scripts/__init__.py -> /home/robotica-06/bender_manipulacion/install/lib/python3.12/site-packages/bender_moveit_scripts
[2.978s] byte-compiling /home/robotica-06/bender_manipulacion/install/lib/python3.12/site-packages/bender_moveit_scripts/move_left_arm.py to move_left_arm.cpython-312.pyc
[2.979s] byte-compiling /home/robotica-06/bender_manipulacion/install/lib/python3.12/site-packages/bender_moveit_scripts/move_groups_control.py to move_groups_control.cpython-312.pyc
[2.982s] byte-compiling /home/robotica-06/bender_manipulacion/install/lib/python3.12/site-packages/bender_moveit_scripts/moveit_target_pose.py to moveit_target_pose.cpython-312.pyc
[2.982s] byte-compiling /home/robotica-06/bender_manipulacion/install/lib/python3.12/site-packages/bender_moveit_scripts/__init__.py to __init__.cpython-312.pyc
[2.983s] running install_data
[2.983s] copying resource/bender_moveit_scripts -> /home/robotica-06/bender_manipulacion/install/share/ament_index/resource_index/packages
[2.983s] copying package.xml -> /home/robotica-06/bender_manipulacion/install/share/bender_moveit_scripts
[2.983s] running install_egg_info
[3.035s] Copying ../../build/bender_moveit_scripts/bender_moveit_scripts.egg-info to /home/robotica-06/bender_manipulacion/install/lib/python3.12/site-packages/bender_moveit_scripts-0.0.1-py3.12.egg-info
[3.036s] running install_scripts
[3.429s] Installing move_groups_control script to /home/robotica-06/bender_manipulacion/install/lib/bender_moveit_scripts
[3.429s] Installing move_left_arm script to /home/robotica-06/bender_manipulacion/install/lib/bender_moveit_scripts
[3.430s] Installing moveit_target_pose script to /home/robotica-06/bender_manipulacion/install/lib/bender_moveit_scripts
[3.430s] writing list of installed files to '/home/robotica-06/bender_manipulacion/build/bender_moveit_scripts/install.log'
[3.516s] Invoked command in '/home/robotica-06/bender_manipulacion/src/bender_moveit_scripts' returned '0': DEBUGINFOD_URLS=https://debuginfod.ubuntu.com PYTHONPATH=/home/robotica-06/bender_manipulacion/build/bender_moveit_scripts/prefix_override:/usr/lib/python3/dist-packages/colcon_core/task/python/colcon_distutils_commands:/home/robotica-06/bender_manipulacion/install/lib/python3.12/site-packages:${PYTHONPATH} /usr/bin/python3 -W ignore:setup.py install is deprecated -W ignore:easy_install command is deprecated setup.py egg_info --egg-base ../../build/bender_moveit_scripts build --build-base /home/robotica-06/bender_manipulacion/build/bender_moveit_scripts/build install --record /home/robotica-06/bender_manipulacion/build/bender_moveit_scripts/install.log --single-version-externally-managed install_data
