[1.334s] Invoking command in '/home/robotica-06/Downloads/bender_workspace/build/bender_moveit_scripts': DEBUGINFOD_URLS=https://debuginfod.ubuntu.com PYTHONPATH=/home/robotica-06/Downloads/bender_workspace/build/bender_moveit_scripts/prefix_override:/usr/lib/python3/dist-packages/colcon_core/task/python/colcon_distutils_commands:/home/robotica-06/Downloads/bender_workspace/install/lib/python3.12/site-packages:${PYTHONPATH} /usr/bin/python3 -W ignore:setup.py install is deprecated -W ignore:easy_install command is deprecated setup.py develop --editable --build-directory /home/robotica-06/Downloads/bender_workspace/build/bender_moveit_scripts/build --no-deps symlink_data
[1.868s] running develop
[2.268s] running egg_info
[2.269s] creating bender_moveit_scripts.egg-info
[2.308s] writing bender_moveit_scripts.egg-info/PKG-INFO
[2.309s] writing dependency_links to bender_moveit_scripts.egg-info/dependency_links.txt
[2.309s] writing entry points to bender_moveit_scripts.egg-info/entry_points.txt
[2.309s] writing requirements to bender_moveit_scripts.egg-info/requires.txt
[2.309s] writing top-level names to bender_moveit_scripts.egg-info/top_level.txt
[2.310s] writing manifest file 'bender_moveit_scripts.egg-info/SOURCES.txt'
[2.384s] reading manifest file 'bender_moveit_scripts.egg-info/SOURCES.txt'
[2.385s] writing manifest file 'bender_moveit_scripts.egg-info/SOURCES.txt'
[2.425s] running build_ext
[2.425s] Creating /home/robotica-06/Downloads/bender_workspace/install/lib/python3.12/site-packages/bender-moveit-scripts.egg-link (link to .)
[2.426s] Installing move_groups_control script to /home/robotica-06/Downloads/bender_workspace/install/lib/bender_moveit_scripts
[2.426s] Installing move_left_arm script to /home/robotica-06/Downloads/bender_workspace/install/lib/bender_moveit_scripts
[2.426s] Installing moveit_target_pose script to /home/robotica-06/Downloads/bender_workspace/install/lib/bender_moveit_scripts
[2.426s] 
[2.427s] Installed /home/robotica-06/Downloads/bender_workspace/build/bender_moveit_scripts
[2.427s] running symlink_data
[2.427s] symbolically linking /home/robotica-06/Downloads/bender_workspace/build/bender_moveit_scripts/resource/bender_moveit_scripts -> /home/robotica-06/Downloads/bender_workspace/install/share/ament_index/resource_index/packages
[2.427s] symbolically linking /home/robotica-06/Downloads/bender_workspace/build/bender_moveit_scripts/package.xml -> /home/robotica-06/Downloads/bender_workspace/install/share/bender_moveit_scripts
[2.462s] Invoked command in '/home/robotica-06/Downloads/bender_workspace/build/bender_moveit_scripts' returned '0': DEBUGINFOD_URLS=https://debuginfod.ubuntu.com PYTHONPATH=/home/robotica-06/Downloads/bender_workspace/build/bender_moveit_scripts/prefix_override:/usr/lib/python3/dist-packages/colcon_core/task/python/colcon_distutils_commands:/home/robotica-06/Downloads/bender_workspace/install/lib/python3.12/site-packages:${PYTHONPATH} /usr/bin/python3 -W ignore:setup.py install is deprecated -W ignore:easy_install command is deprecated setup.py develop --editable --build-directory /home/robotica-06/Downloads/bender_workspace/build/bender_moveit_scripts/build --no-deps symlink_data
