[0.165s] DEBUG:colcon:Command line arguments: ['/usr/bin/colcon', 'build', '--merge-install']
[0.165s] DEBUG:colcon:Parsed command line arguments: Namespace(log_base=None, log_level=None, verb_name='build', build_base='build', install_base='install', merge_install=True, symlink_install=False, test_result_base=None, continue_on_error=False, executor='parallel', parallel_workers=8, event_handlers=None, ignore_user_meta=False, metas=['./colcon.meta'], base_paths=['.'], packages_ignore=None, packages_ignore_regex=None, paths=None, packages_up_to=None, packages_up_to_regex=None, packages_above=None, packages_above_and_dependencies=None, packages_above_depth=None, packages_select_by_dep=None, packages_skip_by_dep=None, packages_skip_up_to=None, packages_select_build_failed=False, packages_skip_build_finished=False, packages_select_test_failures=False, packages_skip_test_passed=False, packages_select=None, packages_skip=None, packages_select_regex=None, packages_skip_regex=None, packages_start=None, packages_end=None, allow_overriding=[], cmake_args=None, cmake_target=None, cmake_target_skip_unavailable=False, cmake_clean_cache=False, cmake_clean_first=False, cmake_force_configure=False, ament_cmake_args=None, catkin_cmake_args=None, catkin_skip_building_tests=False, mixin_files=None, mixin=None, verb_parser=<colcon_mixin.mixin.mixin_argument.MixinArgumentDecorator object at 0x770b970be9f0>, verb_extension=<colcon_core.verb.build.BuildVerb object at 0x770b970be720>, main=<bound method BuildVerb.main of <colcon_core.verb.build.BuildVerb object at 0x770b970be720>>, mixin_verb=('build',))
[0.214s] Level 1:colcon.colcon_core.package_discovery:discover_packages(colcon_meta) check parameters
[0.215s] Level 1:colcon.colcon_core.package_discovery:discover_packages(recursive) check parameters
[0.215s] Level 1:colcon.colcon_core.package_discovery:discover_packages(ignore) check parameters
[0.215s] Level 1:colcon.colcon_core.package_discovery:discover_packages(path) check parameters
[0.215s] Level 1:colcon.colcon_core.package_discovery:discover_packages(colcon_meta) discover
[0.216s] Level 1:colcon.colcon_core.package_discovery:discover_packages(recursive) discover
[0.216s] INFO:colcon.colcon_core.package_discovery:Crawling recursively for packages in '/home/robotica-06/bender_manipulacion'
[0.216s] Level 1:colcon.colcon_core.package_identification:_identify(.) by extensions ['ignore', 'ignore_ament_install']
[0.216s] Level 1:colcon.colcon_core.package_identification:_identify(.) by extension 'ignore'
[0.216s] Level 1:colcon.colcon_core.package_identification:_identify(.) by extension 'ignore_ament_install'
[0.216s] Level 1:colcon.colcon_core.package_identification:_identify(.) by extensions ['colcon_pkg']
[0.216s] Level 1:colcon.colcon_core.package_identification:_identify(.) by extension 'colcon_pkg'
[0.216s] Level 1:colcon.colcon_core.package_identification:_identify(.) by extensions ['colcon_meta']
[0.217s] Level 1:colcon.colcon_core.package_identification:_identify(.) by extension 'colcon_meta'
[0.217s] Level 1:colcon.colcon_core.package_identification:_identify(.) by extensions ['ros']
[0.217s] Level 1:colcon.colcon_core.package_identification:_identify(.) by extension 'ros'
[0.247s] Level 1:colcon.colcon_core.package_identification:_identify(.) by extensions ['cmake', 'python']
[0.248s] Level 1:colcon.colcon_core.package_identification:_identify(.) by extension 'cmake'
[0.248s] Level 1:colcon.colcon_core.package_identification:_identify(.) by extension 'python'
[0.248s] Level 1:colcon.colcon_core.package_identification:_identify(.) by extensions ['python_setup_py']
[0.248s] Level 1:colcon.colcon_core.package_identification:_identify(.) by extension 'python_setup_py'
[0.248s] Level 1:colcon.colcon_core.package_identification:_identify(build) by extensions ['ignore', 'ignore_ament_install']
[0.248s] Level 1:colcon.colcon_core.package_identification:_identify(build) by extension 'ignore'
[0.248s] Level 1:colcon.colcon_core.package_identification:_identify(build) ignored
[0.248s] Level 1:colcon.colcon_core.package_identification:_identify(install) by extensions ['ignore', 'ignore_ament_install']
[0.248s] Level 1:colcon.colcon_core.package_identification:_identify(install) by extension 'ignore'
[0.249s] Level 1:colcon.colcon_core.package_identification:_identify(install) ignored
[0.249s] Level 1:colcon.colcon_core.package_identification:_identify(log) by extensions ['ignore', 'ignore_ament_install']
[0.249s] Level 1:colcon.colcon_core.package_identification:_identify(log) by extension 'ignore'
[0.249s] Level 1:colcon.colcon_core.package_identification:_identify(log) ignored
[0.249s] Level 1:colcon.colcon_core.package_identification:_identify(src) by extensions ['ignore', 'ignore_ament_install']
[0.249s] Level 1:colcon.colcon_core.package_identification:_identify(src) by extension 'ignore'
[0.249s] Level 1:colcon.colcon_core.package_identification:_identify(src) by extension 'ignore_ament_install'
[0.249s] Level 1:colcon.colcon_core.package_identification:_identify(src) by extensions ['colcon_pkg']
[0.249s] Level 1:colcon.colcon_core.package_identification:_identify(src) by extension 'colcon_pkg'
[0.249s] Level 1:colcon.colcon_core.package_identification:_identify(src) by extensions ['colcon_meta']
[0.249s] Level 1:colcon.colcon_core.package_identification:_identify(src) by extension 'colcon_meta'
[0.250s] Level 1:colcon.colcon_core.package_identification:_identify(src) by extensions ['ros']
[0.250s] Level 1:colcon.colcon_core.package_identification:_identify(src) by extension 'ros'
[0.250s] Level 1:colcon.colcon_core.package_identification:_identify(src) by extensions ['cmake', 'python']
[0.250s] Level 1:colcon.colcon_core.package_identification:_identify(src) by extension 'cmake'
[0.250s] Level 1:colcon.colcon_core.package_identification:_identify(src) by extension 'python'
[0.250s] Level 1:colcon.colcon_core.package_identification:_identify(src) by extensions ['python_setup_py']
[0.250s] Level 1:colcon.colcon_core.package_identification:_identify(src) by extension 'python_setup_py'
[0.250s] Level 1:colcon.colcon_core.package_identification:_identify(src/bender_description) by extensions ['ignore', 'ignore_ament_install']
[0.250s] Level 1:colcon.colcon_core.package_identification:_identify(src/bender_description) by extension 'ignore'
[0.251s] Level 1:colcon.colcon_core.package_identification:_identify(src/bender_description) by extension 'ignore_ament_install'
[0.251s] Level 1:colcon.colcon_core.package_identification:_identify(src/bender_description) by extensions ['colcon_pkg']
[0.251s] Level 1:colcon.colcon_core.package_identification:_identify(src/bender_description) by extension 'colcon_pkg'
[0.251s] Level 1:colcon.colcon_core.package_identification:_identify(src/bender_description) by extensions ['colcon_meta']
[0.251s] Level 1:colcon.colcon_core.package_identification:_identify(src/bender_description) by extension 'colcon_meta'
[0.251s] Level 1:colcon.colcon_core.package_identification:_identify(src/bender_description) by extensions ['ros']
[0.251s] Level 1:colcon.colcon_core.package_identification:_identify(src/bender_description) by extension 'ros'
[0.254s] DEBUG:colcon.colcon_core.package_identification:Package 'src/bender_description' with type 'ros.catkin' and name 'bender_description'
[0.254s] Level 1:colcon.colcon_core.package_identification:_identify(src/bender_moveit_config) by extensions ['ignore', 'ignore_ament_install']
[0.254s] Level 1:colcon.colcon_core.package_identification:_identify(src/bender_moveit_config) by extension 'ignore'
[0.254s] Level 1:colcon.colcon_core.package_identification:_identify(src/bender_moveit_config) by extension 'ignore_ament_install'
[0.254s] Level 1:colcon.colcon_core.package_identification:_identify(src/bender_moveit_config) by extensions ['colcon_pkg']
[0.254s] Level 1:colcon.colcon_core.package_identification:_identify(src/bender_moveit_config) by extension 'colcon_pkg'
[0.255s] Level 1:colcon.colcon_core.package_identification:_identify(src/bender_moveit_config) by extensions ['colcon_meta']
[0.255s] Level 1:colcon.colcon_core.package_identification:_identify(src/bender_moveit_config) by extension 'colcon_meta'
[0.255s] Level 1:colcon.colcon_core.package_identification:_identify(src/bender_moveit_config) by extensions ['ros']
[0.255s] Level 1:colcon.colcon_core.package_identification:_identify(src/bender_moveit_config) by extension 'ros'
[0.256s] DEBUG:colcon.colcon_core.package_identification:Package 'src/bender_moveit_config' with type 'ros.ament_cmake' and name 'bender_moveit_config'
[0.256s] Level 1:colcon.colcon_core.package_identification:_identify(src/bender_moveit_scripts) by extensions ['ignore', 'ignore_ament_install']
[0.256s] Level 1:colcon.colcon_core.package_identification:_identify(src/bender_moveit_scripts) by extension 'ignore'
[0.256s] Level 1:colcon.colcon_core.package_identification:_identify(src/bender_moveit_scripts) by extension 'ignore_ament_install'
[0.256s] Level 1:colcon.colcon_core.package_identification:_identify(src/bender_moveit_scripts) by extensions ['colcon_pkg']
[0.256s] Level 1:colcon.colcon_core.package_identification:_identify(src/bender_moveit_scripts) by extension 'colcon_pkg'
[0.256s] Level 1:colcon.colcon_core.package_identification:_identify(src/bender_moveit_scripts) by extensions ['colcon_meta']
[0.257s] Level 1:colcon.colcon_core.package_identification:_identify(src/bender_moveit_scripts) by extension 'colcon_meta'
[0.257s] Level 1:colcon.colcon_core.package_identification:_identify(src/bender_moveit_scripts) by extensions ['ros']
[0.257s] Level 1:colcon.colcon_core.package_identification:_identify(src/bender_moveit_scripts) by extension 'ros'
[0.258s] DEBUG:colcon.colcon_core.package_identification:Package 'src/bender_moveit_scripts' with type 'ros.ament_python' and name 'bender_moveit_scripts'
[0.258s] Level 1:colcon.colcon_core.package_identification:_identify(src/bender_pick_place_cpp) by extensions ['ignore', 'ignore_ament_install']
[0.258s] Level 1:colcon.colcon_core.package_identification:_identify(src/bender_pick_place_cpp) by extension 'ignore'
[0.258s] Level 1:colcon.colcon_core.package_identification:_identify(src/bender_pick_place_cpp) by extension 'ignore_ament_install'
[0.258s] Level 1:colcon.colcon_core.package_identification:_identify(src/bender_pick_place_cpp) by extensions ['colcon_pkg']
[0.258s] Level 1:colcon.colcon_core.package_identification:_identify(src/bender_pick_place_cpp) by extension 'colcon_pkg'
[0.258s] Level 1:colcon.colcon_core.package_identification:_identify(src/bender_pick_place_cpp) by extensions ['colcon_meta']
[0.258s] Level 1:colcon.colcon_core.package_identification:_identify(src/bender_pick_place_cpp) by extension 'colcon_meta'
[0.258s] Level 1:colcon.colcon_core.package_identification:_identify(src/bender_pick_place_cpp) by extensions ['ros']
[0.258s] Level 1:colcon.colcon_core.package_identification:_identify(src/bender_pick_place_cpp) by extension 'ros'
[0.259s] DEBUG:colcon.colcon_core.package_identification:Package 'src/bender_pick_place_cpp' with type 'ros.ament_cmake' and name 'bender_pick_place_cpp'
[0.259s] Level 1:colcon.colcon_core.package_discovery:discover_packages(recursive) using defaults
[0.259s] Level 1:colcon.colcon_core.package_discovery:discover_packages(ignore) discover
[0.259s] Level 1:colcon.colcon_core.package_discovery:discover_packages(ignore) using defaults
[0.259s] Level 1:colcon.colcon_core.package_discovery:discover_packages(path) discover
[0.259s] Level 1:colcon.colcon_core.package_discovery:discover_packages(path) using defaults
[0.281s] Level 1:colcon.colcon_core.package_discovery:discover_packages(prefix_path) check parameters
[0.281s] Level 1:colcon.colcon_core.package_discovery:discover_packages(prefix_path) discover
[0.288s] DEBUG:colcon.colcon_installed_package_information.package_discovery:Found 4 installed packages in /home/robotica-06/bender_manipulacion/install
[0.292s] DEBUG:colcon.colcon_installed_package_information.package_discovery:Found 71 installed packages in /home/robotica-06/ws_moveit/install
[0.295s] DEBUG:colcon.colcon_installed_package_information.package_discovery:Found 398 installed packages in /opt/ros/jazzy
[0.296s] Level 1:colcon.colcon_core.package_discovery:discover_packages(prefix_path) using defaults
[0.387s] Level 5:colcon.colcon_core.verb:set package 'bender_description' build argument 'cmake_args' from command line to 'None'
[0.387s] Level 5:colcon.colcon_core.verb:set package 'bender_description' build argument 'cmake_target' from command line to 'None'
[0.387s] Level 5:colcon.colcon_core.verb:set package 'bender_description' build argument 'cmake_target_skip_unavailable' from command line to 'False'
[0.387s] Level 5:colcon.colcon_core.verb:set package 'bender_description' build argument 'cmake_clean_cache' from command line to 'False'
[0.387s] Level 5:colcon.colcon_core.verb:set package 'bender_description' build argument 'cmake_clean_first' from command line to 'False'
[0.387s] Level 5:colcon.colcon_core.verb:set package 'bender_description' build argument 'cmake_force_configure' from command line to 'False'
[0.387s] Level 5:colcon.colcon_core.verb:set package 'bender_description' build argument 'ament_cmake_args' from command line to 'None'
[0.387s] Level 5:colcon.colcon_core.verb:set package 'bender_description' build argument 'catkin_cmake_args' from command line to 'None'
[0.388s] Level 5:colcon.colcon_core.verb:set package 'bender_description' build argument 'catkin_skip_building_tests' from command line to 'False'
[0.388s] DEBUG:colcon.colcon_core.verb:Building package 'bender_description' with the following arguments: {'ament_cmake_args': None, 'build_base': '/home/robotica-06/bender_manipulacion/build/bender_description', 'catkin_cmake_args': None, 'catkin_skip_building_tests': False, 'cmake_args': None, 'cmake_clean_cache': False, 'cmake_clean_first': False, 'cmake_force_configure': False, 'cmake_target': None, 'cmake_target_skip_unavailable': False, 'install_base': '/home/robotica-06/bender_manipulacion/install', 'merge_install': True, 'path': '/home/robotica-06/bender_manipulacion/src/bender_description', 'symlink_install': False, 'test_result_base': None}
[0.388s] Level 5:colcon.colcon_core.verb:set package 'bender_moveit_scripts' build argument 'cmake_args' from command line to 'None'
[0.388s] Level 5:colcon.colcon_core.verb:set package 'bender_moveit_scripts' build argument 'cmake_target' from command line to 'None'
[0.388s] Level 5:colcon.colcon_core.verb:set package 'bender_moveit_scripts' build argument 'cmake_target_skip_unavailable' from command line to 'False'
[0.388s] Level 5:colcon.colcon_core.verb:set package 'bender_moveit_scripts' build argument 'cmake_clean_cache' from command line to 'False'
[0.388s] Level 5:colcon.colcon_core.verb:set package 'bender_moveit_scripts' build argument 'cmake_clean_first' from command line to 'False'
[0.388s] Level 5:colcon.colcon_core.verb:set package 'bender_moveit_scripts' build argument 'cmake_force_configure' from command line to 'False'
[0.388s] Level 5:colcon.colcon_core.verb:set package 'bender_moveit_scripts' build argument 'ament_cmake_args' from command line to 'None'
[0.388s] Level 5:colcon.colcon_core.verb:set package 'bender_moveit_scripts' build argument 'catkin_cmake_args' from command line to 'None'
[0.388s] Level 5:colcon.colcon_core.verb:set package 'bender_moveit_scripts' build argument 'catkin_skip_building_tests' from command line to 'False'
[0.388s] DEBUG:colcon.colcon_core.verb:Building package 'bender_moveit_scripts' with the following arguments: {'ament_cmake_args': None, 'build_base': '/home/robotica-06/bender_manipulacion/build/bender_moveit_scripts', 'catkin_cmake_args': None, 'catkin_skip_building_tests': False, 'cmake_args': None, 'cmake_clean_cache': False, 'cmake_clean_first': False, 'cmake_force_configure': False, 'cmake_target': None, 'cmake_target_skip_unavailable': False, 'install_base': '/home/robotica-06/bender_manipulacion/install', 'merge_install': True, 'path': '/home/robotica-06/bender_manipulacion/src/bender_moveit_scripts', 'symlink_install': False, 'test_result_base': None}
[0.389s] Level 5:colcon.colcon_core.verb:set package 'bender_pick_place_cpp' build argument 'cmake_args' from command line to 'None'
[0.389s] Level 5:colcon.colcon_core.verb:set package 'bender_pick_place_cpp' build argument 'cmake_target' from command line to 'None'
[0.389s] Level 5:colcon.colcon_core.verb:set package 'bender_pick_place_cpp' build argument 'cmake_target_skip_unavailable' from command line to 'False'
[0.389s] Level 5:colcon.colcon_core.verb:set package 'bender_pick_place_cpp' build argument 'cmake_clean_cache' from command line to 'False'
[0.389s] Level 5:colcon.colcon_core.verb:set package 'bender_pick_place_cpp' build argument 'cmake_clean_first' from command line to 'False'
[0.389s] Level 5:colcon.colcon_core.verb:set package 'bender_pick_place_cpp' build argument 'cmake_force_configure' from command line to 'False'
[0.389s] Level 5:colcon.colcon_core.verb:set package 'bender_pick_place_cpp' build argument 'ament_cmake_args' from command line to 'None'
[0.389s] Level 5:colcon.colcon_core.verb:set package 'bender_pick_place_cpp' build argument 'catkin_cmake_args' from command line to 'None'
[0.389s] Level 5:colcon.colcon_core.verb:set package 'bender_pick_place_cpp' build argument 'catkin_skip_building_tests' from command line to 'False'
[0.389s] DEBUG:colcon.colcon_core.verb:Building package 'bender_pick_place_cpp' with the following arguments: {'ament_cmake_args': None, 'build_base': '/home/robotica-06/bender_manipulacion/build/bender_pick_place_cpp', 'catkin_cmake_args': None, 'catkin_skip_building_tests': False, 'cmake_args': None, 'cmake_clean_cache': False, 'cmake_clean_first': False, 'cmake_force_configure': False, 'cmake_target': None, 'cmake_target_skip_unavailable': False, 'install_base': '/home/robotica-06/bender_manipulacion/install', 'merge_install': True, 'path': '/home/robotica-06/bender_manipulacion/src/bender_pick_place_cpp', 'symlink_install': False, 'test_result_base': None}
[0.389s] Level 5:colcon.colcon_core.verb:set package 'bender_moveit_config' build argument 'cmake_args' from command line to 'None'
[0.389s] Level 5:colcon.colcon_core.verb:set package 'bender_moveit_config' build argument 'cmake_target' from command line to 'None'
[0.389s] Level 5:colcon.colcon_core.verb:set package 'bender_moveit_config' build argument 'cmake_target_skip_unavailable' from command line to 'False'
[0.389s] Level 5:colcon.colcon_core.verb:set package 'bender_moveit_config' build argument 'cmake_clean_cache' from command line to 'False'
[0.390s] Level 5:colcon.colcon_core.verb:set package 'bender_moveit_config' build argument 'cmake_clean_first' from command line to 'False'
[0.390s] Level 5:colcon.colcon_core.verb:set package 'bender_moveit_config' build argument 'cmake_force_configure' from command line to 'False'
[0.390s] Level 5:colcon.colcon_core.verb:set package 'bender_moveit_config' build argument 'ament_cmake_args' from command line to 'None'
[0.390s] Level 5:colcon.colcon_core.verb:set package 'bender_moveit_config' build argument 'catkin_cmake_args' from command line to 'None'
[0.390s] Level 5:colcon.colcon_core.verb:set package 'bender_moveit_config' build argument 'catkin_skip_building_tests' from command line to 'False'
[0.390s] DEBUG:colcon.colcon_core.verb:Building package 'bender_moveit_config' with the following arguments: {'ament_cmake_args': None, 'build_base': '/home/robotica-06/bender_manipulacion/build/bender_moveit_config', 'catkin_cmake_args': None, 'catkin_skip_building_tests': False, 'cmake_args': None, 'cmake_clean_cache': False, 'cmake_clean_first': False, 'cmake_force_configure': False, 'cmake_target': None, 'cmake_target_skip_unavailable': False, 'install_base': '/home/robotica-06/bender_manipulacion/install', 'merge_install': True, 'path': '/home/robotica-06/bender_manipulacion/src/bender_moveit_config', 'symlink_install': False, 'test_result_base': None}
[0.390s] INFO:colcon.colcon_core.executor:Executing jobs using 'parallel' executor
[0.391s] DEBUG:colcon.colcon_parallel_executor.executor.parallel:run_until_complete
[0.391s] INFO:colcon.colcon_ros.task.catkin.build:Building ROS package in '/home/robotica-06/bender_manipulacion/src/bender_description' with build type 'catkin'
[0.392s] INFO:colcon.colcon_cmake.task.cmake.build:Building CMake package in '/home/robotica-06/bender_manipulacion/src/bender_description'
[0.394s] INFO:colcon.colcon_core.plugin_system:Skipping extension 'colcon_core.shell.bat': Not used on non-Windows systems
[0.394s] INFO:colcon.colcon_core.shell:Skip shell extension 'powershell' for command environment: Not usable outside of PowerShell
[0.395s] DEBUG:colcon.colcon_core.shell:Skip shell extension 'dsv' for command environment
[0.408s] INFO:colcon.colcon_ros.task.ament_python.build:Building ROS package in '/home/robotica-06/bender_manipulacion/src/bender_moveit_scripts' with build type 'ament_python'
[0.409s] Level 1:colcon.colcon_core.shell:create_environment_hook('bender_moveit_scripts', 'ament_prefix_path')
[0.409s] INFO:colcon.colcon_core.shell:Creating environment hook '/home/robotica-06/bender_manipulacion/install/share/bender_moveit_scripts/hook/ament_prefix_path.ps1'
[0.410s] INFO:colcon.colcon_core.shell:Creating environment descriptor '/home/robotica-06/bender_manipulacion/install/share/bender_moveit_scripts/hook/ament_prefix_path.dsv'
[0.410s] INFO:colcon.colcon_core.shell:Creating environment hook '/home/robotica-06/bender_manipulacion/install/share/bender_moveit_scripts/hook/ament_prefix_path.sh'
[0.411s] INFO:colcon.colcon_core.shell:Skip shell extension 'powershell' for command environment: Not usable outside of PowerShell
[0.411s] DEBUG:colcon.colcon_core.shell:Skip shell extension 'dsv' for command environment
[0.425s] INFO:colcon.colcon_ros.task.ament_cmake.build:Building ROS package in '/home/robotica-06/bender_manipulacion/src/bender_pick_place_cpp' with build type 'ament_cmake'
[0.425s] INFO:colcon.colcon_cmake.task.cmake.build:Building CMake package in '/home/robotica-06/bender_manipulacion/src/bender_pick_place_cpp'
[0.425s] INFO:colcon.colcon_core.shell:Skip shell extension 'powershell' for command environment: Not usable outside of PowerShell
[0.426s] DEBUG:colcon.colcon_core.shell:Skip shell extension 'dsv' for command environment
[0.445s] DEBUG:colcon.colcon_core.event_handler.log_command:Invoking command in '/home/robotica-06/bender_manipulacion/build/bender_description': DEBUGINFOD_URLS=https://debuginfod.ubuntu.com /usr/bin/cmake --build /home/robotica-06/bender_manipulacion/build/bender_description -- -j8 -l8
[0.815s] INFO:colcon.colcon_core.task.python.build:Building Python package in '/home/robotica-06/bender_manipulacion/src/bender_moveit_scripts'
[0.816s] INFO:colcon.colcon_core.shell:Skip shell extension 'powershell' for command environment: Not usable outside of PowerShell
[0.816s] DEBUG:colcon.colcon_core.shell:Skip shell extension 'dsv' for command environment
[0.854s] DEBUG:colcon.colcon_core.event_handler.log_command:Invoked command in '/home/robotica-06/bender_manipulacion/build/bender_description' returned '0': DEBUGINFOD_URLS=https://debuginfod.ubuntu.com /usr/bin/cmake --build /home/robotica-06/bender_manipulacion/build/bender_description -- -j8 -l8
[0.875s] DEBUG:colcon.colcon_core.event_handler.log_command:Invoking command in '/home/robotica-06/bender_manipulacion/build/bender_description': DEBUGINFOD_URLS=https://debuginfod.ubuntu.com /usr/bin/cmake --install /home/robotica-06/bender_manipulacion/build/bender_description
[0.904s] DEBUG:colcon.colcon_core.event_handler.log_command:Invoking command in '/home/robotica-06/bender_manipulacion/build/bender_pick_place_cpp': CMAKE_PREFIX_PATH=/home/robotica-06/ws_moveit/install/moveit_configs_utils:/opt/ros/jazzy:${CMAKE_PREFIX_PATH} DEBUGINFOD_URLS=https://debuginfod.ubuntu.com /usr/bin/cmake --build /home/robotica-06/bender_manipulacion/build/bender_pick_place_cpp -- -j8 -l8
[0.910s] Level 1:colcon.colcon_core.shell:create_environment_hook('bender_description', 'ros_package_path')
[0.910s] INFO:colcon.colcon_core.shell:Creating environment hook '/home/robotica-06/bender_manipulacion/install/share/bender_description/hook/ros_package_path.ps1'
[0.911s] INFO:colcon.colcon_core.shell:Creating environment descriptor '/home/robotica-06/bender_manipulacion/install/share/bender_description/hook/ros_package_path.dsv'
[0.913s] INFO:colcon.colcon_core.shell:Creating environment hook '/home/robotica-06/bender_manipulacion/install/share/bender_description/hook/ros_package_path.sh'
[0.916s] Level 1:colcon.colcon_core.shell:create_environment_hook('bender_description', 'pkg_config_path')
[0.916s] INFO:colcon.colcon_core.shell:Creating environment hook '/home/robotica-06/bender_manipulacion/install/share/bender_description/hook/pkg_config_path.ps1'
[0.917s] INFO:colcon.colcon_core.shell:Creating environment descriptor '/home/robotica-06/bender_manipulacion/install/share/bender_description/hook/pkg_config_path.dsv'
[0.919s] INFO:colcon.colcon_core.shell:Creating environment hook '/home/robotica-06/bender_manipulacion/install/share/bender_description/hook/pkg_config_path.sh'
[0.923s] DEBUG:colcon.colcon_core.event_handler.log_command:Invoked command in '/home/robotica-06/bender_manipulacion/build/bender_description' returned '0': DEBUGINFOD_URLS=https://debuginfod.ubuntu.com /usr/bin/cmake --install /home/robotica-06/bender_manipulacion/build/bender_description
[0.924s] Level 1:colcon.colcon_core.shell:create_environment_hook('bender_description', 'pkg_config_path_multiarch')
[0.925s] INFO:colcon.colcon_core.shell:Creating environment hook '/home/robotica-06/bender_manipulacion/install/share/bender_description/hook/pkg_config_path_multiarch.ps1'
[0.925s] INFO:colcon.colcon_core.shell:Creating environment descriptor '/home/robotica-06/bender_manipulacion/install/share/bender_description/hook/pkg_config_path_multiarch.dsv'
[0.926s] INFO:colcon.colcon_core.shell:Creating environment hook '/home/robotica-06/bender_manipulacion/install/share/bender_description/hook/pkg_config_path_multiarch.sh'
[0.928s] Level 1:colcon.colcon_core.environment:create_environment_scripts_only(bender_description)
[0.931s] Level 1:colcon.colcon_core.environment:checking '/home/robotica-06/bender_manipulacion/install' for CMake module files
[0.933s] Level 1:colcon.colcon_core.environment:checking '/home/robotica-06/bender_manipulacion/install' for CMake config files
[0.933s] Level 1:colcon.colcon_core.shell:create_environment_hook('bender_description', 'cmake_prefix_path')
[0.933s] INFO:colcon.colcon_core.shell:Creating environment hook '/home/robotica-06/bender_manipulacion/install/share/bender_description/hook/cmake_prefix_path.ps1'
[0.934s] INFO:colcon.colcon_core.shell:Creating environment descriptor '/home/robotica-06/bender_manipulacion/install/share/bender_description/hook/cmake_prefix_path.dsv'
[0.935s] INFO:colcon.colcon_core.shell:Creating environment hook '/home/robotica-06/bender_manipulacion/install/share/bender_description/hook/cmake_prefix_path.sh'
[0.936s] Level 1:colcon.colcon_core.environment:checking '/home/robotica-06/bender_manipulacion/install/lib'
[0.936s] Level 1:colcon.colcon_core.environment:checking '/home/robotica-06/bender_manipulacion/install/bin'
[0.936s] Level 1:colcon.colcon_core.environment:checking '/home/robotica-06/bender_manipulacion/install/lib/pkgconfig/bender_description.pc'
[0.936s] Level 1:colcon.colcon_core.environment:checking '/home/robotica-06/bender_manipulacion/install/lib/python3.12/site-packages'
[0.937s] Level 1:colcon.colcon_core.shell:create_environment_hook('bender_description', 'pythonpath')
[0.937s] INFO:colcon.colcon_core.shell:Creating environment hook '/home/robotica-06/bender_manipulacion/install/share/bender_description/hook/pythonpath.ps1'
[0.938s] INFO:colcon.colcon_core.shell:Creating environment descriptor '/home/robotica-06/bender_manipulacion/install/share/bender_description/hook/pythonpath.dsv'
[0.938s] INFO:colcon.colcon_core.shell:Creating environment hook '/home/robotica-06/bender_manipulacion/install/share/bender_description/hook/pythonpath.sh'
[0.939s] Level 1:colcon.colcon_core.environment:checking '/home/robotica-06/bender_manipulacion/install/bin'
[0.940s] INFO:colcon.colcon_core.shell:Creating package script '/home/robotica-06/bender_manipulacion/install/share/bender_description/package.ps1'
[0.942s] INFO:colcon.colcon_core.shell:Creating package descriptor '/home/robotica-06/bender_manipulacion/install/share/bender_description/package.dsv'
[0.943s] INFO:colcon.colcon_core.shell:Creating package script '/home/robotica-06/bender_manipulacion/install/share/bender_description/package.sh'
[0.945s] INFO:colcon.colcon_core.shell:Creating package script '/home/robotica-06/bender_manipulacion/install/share/bender_description/package.bash'
[0.946s] INFO:colcon.colcon_core.shell:Creating package script '/home/robotica-06/bender_manipulacion/install/share/bender_description/package.zsh'
[0.947s] Level 1:colcon.colcon_core.environment:create_file_with_runtime_dependencies(/home/robotica-06/bender_manipulacion/install/share/colcon-core/packages/bender_description)
[0.947s] INFO:colcon.colcon_ros.task.ament_cmake.build:Building ROS package in '/home/robotica-06/bender_manipulacion/src/bender_moveit_config' with build type 'ament_cmake'
[0.948s] INFO:colcon.colcon_cmake.task.cmake.build:Building CMake package in '/home/robotica-06/bender_manipulacion/src/bender_moveit_config'
[0.948s] INFO:colcon.colcon_core.shell:Skip shell extension 'powershell' for command environment: Not usable outside of PowerShell
[0.948s] DEBUG:colcon.colcon_core.shell:Skip shell extension 'dsv' for command environment
[0.976s] DEBUG:colcon.colcon_core.event_handler.log_command:Invoking command in '/home/robotica-06/bender_manipulacion/build/bender_moveit_config': CMAKE_PREFIX_PATH=/home/robotica-06/ws_moveit/install/moveit_configs_utils:/opt/ros/jazzy:${CMAKE_PREFIX_PATH} DEBUGINFOD_URLS=https://debuginfod.ubuntu.com /usr/bin/cmake --build /home/robotica-06/bender_manipulacion/build/bender_moveit_config -- -j8 -l8
[1.046s] DEBUG:colcon.colcon_core.event_handler.log_command:Invoked command in '/home/robotica-06/bender_manipulacion/build/bender_moveit_config' returned '0': CMAKE_PREFIX_PATH=/home/robotica-06/ws_moveit/install/moveit_configs_utils:/opt/ros/jazzy:${CMAKE_PREFIX_PATH} DEBUGINFOD_URLS=https://debuginfod.ubuntu.com /usr/bin/cmake --build /home/robotica-06/bender_manipulacion/build/bender_moveit_config -- -j8 -l8
[1.048s] DEBUG:colcon.colcon_core.event_handler.log_command:Invoking command in '/home/robotica-06/bender_manipulacion/build/bender_moveit_config': CMAKE_PREFIX_PATH=/home/robotica-06/ws_moveit/install/moveit_configs_utils:/opt/ros/jazzy:${CMAKE_PREFIX_PATH} DEBUGINFOD_URLS=https://debuginfod.ubuntu.com /usr/bin/cmake --install /home/robotica-06/bender_manipulacion/build/bender_moveit_config
[1.067s] DEBUG:colcon.colcon_core.event_handler.log_command:Invoked command in '/home/robotica-06/bender_manipulacion/build/bender_pick_place_cpp' returned '0': CMAKE_PREFIX_PATH=/home/robotica-06/ws_moveit/install/moveit_configs_utils:/opt/ros/jazzy:${CMAKE_PREFIX_PATH} DEBUGINFOD_URLS=https://debuginfod.ubuntu.com /usr/bin/cmake --build /home/robotica-06/bender_manipulacion/build/bender_pick_place_cpp -- -j8 -l8
[1.072s] Level 1:colcon.colcon_core.environment:create_environment_scripts_only(bender_moveit_config)
[1.073s] Level 1:colcon.colcon_core.environment:checking '/home/robotica-06/bender_manipulacion/install' for CMake module files
[1.076s] Level 1:colcon.colcon_core.environment:checking '/home/robotica-06/bender_manipulacion/install' for CMake config files
[1.079s] DEBUG:colcon.colcon_core.event_handler.log_command:Invoking command in '/home/robotica-06/bender_manipulacion/build/bender_pick_place_cpp': CMAKE_PREFIX_PATH=/home/robotica-06/ws_moveit/install/moveit_configs_utils:/opt/ros/jazzy:${CMAKE_PREFIX_PATH} DEBUGINFOD_URLS=https://debuginfod.ubuntu.com /usr/bin/cmake --install /home/robotica-06/bender_manipulacion/build/bender_pick_place_cpp
[1.081s] DEBUG:colcon.colcon_core.event_handler.log_command:Invoked command in '/home/robotica-06/bender_manipulacion/build/bender_moveit_config' returned '0': CMAKE_PREFIX_PATH=/home/robotica-06/ws_moveit/install/moveit_configs_utils:/opt/ros/jazzy:${CMAKE_PREFIX_PATH} DEBUGINFOD_URLS=https://debuginfod.ubuntu.com /usr/bin/cmake --install /home/robotica-06/bender_manipulacion/build/bender_moveit_config
[1.081s] Level 1:colcon.colcon_core.shell:create_environment_hook('bender_moveit_config', 'cmake_prefix_path')
[1.082s] INFO:colcon.colcon_core.shell:Creating environment hook '/home/robotica-06/bender_manipulacion/install/share/bender_moveit_config/hook/cmake_prefix_path.ps1'
[1.083s] INFO:colcon.colcon_core.shell:Creating environment descriptor '/home/robotica-06/bender_manipulacion/install/share/bender_moveit_config/hook/cmake_prefix_path.dsv'
[1.083s] INFO:colcon.colcon_core.shell:Creating environment hook '/home/robotica-06/bender_manipulacion/install/share/bender_moveit_config/hook/cmake_prefix_path.sh'
[1.084s] Level 1:colcon.colcon_core.environment:checking '/home/robotica-06/bender_manipulacion/install/lib'
[1.084s] Level 1:colcon.colcon_core.environment:checking '/home/robotica-06/bender_manipulacion/install/bin'
[1.084s] Level 1:colcon.colcon_core.environment:checking '/home/robotica-06/bender_manipulacion/install/lib/pkgconfig/bender_moveit_config.pc'
[1.085s] Level 1:colcon.colcon_core.environment:checking '/home/robotica-06/bender_manipulacion/install/lib/python3.12/site-packages'
[1.085s] Level 1:colcon.colcon_core.shell:create_environment_hook('bender_moveit_config', 'pythonpath')
[1.085s] INFO:colcon.colcon_core.shell:Creating environment hook '/home/robotica-06/bender_manipulacion/install/share/bender_moveit_config/hook/pythonpath.ps1'
[1.086s] INFO:colcon.colcon_core.shell:Creating environment descriptor '/home/robotica-06/bender_manipulacion/install/share/bender_moveit_config/hook/pythonpath.dsv'
[1.086s] INFO:colcon.colcon_core.shell:Creating environment hook '/home/robotica-06/bender_manipulacion/install/share/bender_moveit_config/hook/pythonpath.sh'
[1.088s] Level 1:colcon.colcon_core.environment:checking '/home/robotica-06/bender_manipulacion/install/bin'
[1.089s] INFO:colcon.colcon_core.shell:Creating package script '/home/robotica-06/bender_manipulacion/install/share/bender_moveit_config/package.ps1'
[1.090s] INFO:colcon.colcon_core.shell:Creating package descriptor '/home/robotica-06/bender_manipulacion/install/share/bender_moveit_config/package.dsv'
[1.091s] INFO:colcon.colcon_core.shell:Creating package script '/home/robotica-06/bender_manipulacion/install/share/bender_moveit_config/package.sh'
[1.092s] INFO:colcon.colcon_core.shell:Creating package script '/home/robotica-06/bender_manipulacion/install/share/bender_moveit_config/package.bash'
[1.093s] INFO:colcon.colcon_core.shell:Creating package script '/home/robotica-06/bender_manipulacion/install/share/bender_moveit_config/package.zsh'
[1.095s] Level 1:colcon.colcon_core.environment:create_file_with_runtime_dependencies(/home/robotica-06/bender_manipulacion/install/share/colcon-core/packages/bender_moveit_config)
[1.096s] Level 1:colcon.colcon_core.environment:create_environment_scripts_only(bender_moveit_config)
[1.096s] Level 1:colcon.colcon_core.environment:checking '/home/robotica-06/bender_manipulacion/install' for CMake module files
[1.097s] Level 1:colcon.colcon_core.environment:checking '/home/robotica-06/bender_manipulacion/install' for CMake config files
[1.097s] Level 1:colcon.colcon_core.shell:create_environment_hook('bender_moveit_config', 'cmake_prefix_path')
[1.097s] INFO:colcon.colcon_core.shell:Creating environment hook '/home/robotica-06/bender_manipulacion/install/share/bender_moveit_config/hook/cmake_prefix_path.ps1'
[1.098s] INFO:colcon.colcon_core.shell:Creating environment descriptor '/home/robotica-06/bender_manipulacion/install/share/bender_moveit_config/hook/cmake_prefix_path.dsv'
[1.098s] INFO:colcon.colcon_core.shell:Creating environment hook '/home/robotica-06/bender_manipulacion/install/share/bender_moveit_config/hook/cmake_prefix_path.sh'
[1.099s] Level 1:colcon.colcon_core.environment:checking '/home/robotica-06/bender_manipulacion/install/lib'
[1.099s] Level 1:colcon.colcon_core.environment:checking '/home/robotica-06/bender_manipulacion/install/bin'
[1.099s] Level 1:colcon.colcon_core.environment:checking '/home/robotica-06/bender_manipulacion/install/lib/pkgconfig/bender_moveit_config.pc'
[1.099s] Level 1:colcon.colcon_core.environment:checking '/home/robotica-06/bender_manipulacion/install/lib/python3.12/site-packages'
[1.099s] Level 1:colcon.colcon_core.shell:create_environment_hook('bender_moveit_config', 'pythonpath')
[1.100s] INFO:colcon.colcon_core.shell:Creating environment hook '/home/robotica-06/bender_manipulacion/install/share/bender_moveit_config/hook/pythonpath.ps1'
[1.100s] INFO:colcon.colcon_core.shell:Creating environment descriptor '/home/robotica-06/bender_manipulacion/install/share/bender_moveit_config/hook/pythonpath.dsv'
[1.100s] INFO:colcon.colcon_core.shell:Creating environment hook '/home/robotica-06/bender_manipulacion/install/share/bender_moveit_config/hook/pythonpath.sh'
[1.101s] Level 1:colcon.colcon_core.environment:checking '/home/robotica-06/bender_manipulacion/install/bin'
[1.101s] INFO:colcon.colcon_core.shell:Creating package script '/home/robotica-06/bender_manipulacion/install/share/bender_moveit_config/package.ps1'
[1.102s] INFO:colcon.colcon_core.shell:Creating package descriptor '/home/robotica-06/bender_manipulacion/install/share/bender_moveit_config/package.dsv'
[1.102s] INFO:colcon.colcon_core.shell:Creating package script '/home/robotica-06/bender_manipulacion/install/share/bender_moveit_config/package.sh'
[1.103s] INFO:colcon.colcon_core.shell:Creating package script '/home/robotica-06/bender_manipulacion/install/share/bender_moveit_config/package.bash'
[1.104s] INFO:colcon.colcon_core.shell:Creating package script '/home/robotica-06/bender_manipulacion/install/share/bender_moveit_config/package.zsh'
[1.104s] Level 1:colcon.colcon_core.environment:create_file_with_runtime_dependencies(/home/robotica-06/bender_manipulacion/install/share/colcon-core/packages/bender_moveit_config)
[1.105s] Level 1:colcon.colcon_core.environment:create_environment_scripts_only(bender_pick_place_cpp)
[1.106s] Level 1:colcon.colcon_core.environment:checking '/home/robotica-06/bender_manipulacion/install' for CMake module files
[1.107s] DEBUG:colcon.colcon_core.event_handler.log_command:Invoked command in '/home/robotica-06/bender_manipulacion/build/bender_pick_place_cpp' returned '0': CMAKE_PREFIX_PATH=/home/robotica-06/ws_moveit/install/moveit_configs_utils:/opt/ros/jazzy:${CMAKE_PREFIX_PATH} DEBUGINFOD_URLS=https://debuginfod.ubuntu.com /usr/bin/cmake --install /home/robotica-06/bender_manipulacion/build/bender_pick_place_cpp
[1.108s] Level 1:colcon.colcon_core.environment:checking '/home/robotica-06/bender_manipulacion/install' for CMake config files
[1.108s] Level 1:colcon.colcon_core.shell:create_environment_hook('bender_pick_place_cpp', 'cmake_prefix_path')
[1.108s] INFO:colcon.colcon_core.shell:Creating environment hook '/home/robotica-06/bender_manipulacion/install/share/bender_pick_place_cpp/hook/cmake_prefix_path.ps1'
[1.109s] INFO:colcon.colcon_core.shell:Creating environment descriptor '/home/robotica-06/bender_manipulacion/install/share/bender_pick_place_cpp/hook/cmake_prefix_path.dsv'
[1.109s] INFO:colcon.colcon_core.shell:Creating environment hook '/home/robotica-06/bender_manipulacion/install/share/bender_pick_place_cpp/hook/cmake_prefix_path.sh'
[1.110s] Level 1:colcon.colcon_core.environment:checking '/home/robotica-06/bender_manipulacion/install/lib'
[1.111s] Level 1:colcon.colcon_core.environment:checking '/home/robotica-06/bender_manipulacion/install/bin'
[1.111s] Level 1:colcon.colcon_core.environment:checking '/home/robotica-06/bender_manipulacion/install/lib/pkgconfig/bender_pick_place_cpp.pc'
[1.111s] Level 1:colcon.colcon_core.environment:checking '/home/robotica-06/bender_manipulacion/install/lib/python3.12/site-packages'
[1.111s] Level 1:colcon.colcon_core.shell:create_environment_hook('bender_pick_place_cpp', 'pythonpath')
[1.111s] INFO:colcon.colcon_core.shell:Creating environment hook '/home/robotica-06/bender_manipulacion/install/share/bender_pick_place_cpp/hook/pythonpath.ps1'
[1.112s] INFO:colcon.colcon_core.shell:Creating environment descriptor '/home/robotica-06/bender_manipulacion/install/share/bender_pick_place_cpp/hook/pythonpath.dsv'
[1.112s] INFO:colcon.colcon_core.shell:Creating environment hook '/home/robotica-06/bender_manipulacion/install/share/bender_pick_place_cpp/hook/pythonpath.sh'
[1.113s] Level 1:colcon.colcon_core.environment:checking '/home/robotica-06/bender_manipulacion/install/bin'
[1.113s] INFO:colcon.colcon_core.shell:Creating package script '/home/robotica-06/bender_manipulacion/install/share/bender_pick_place_cpp/package.ps1'
[1.114s] INFO:colcon.colcon_core.shell:Creating package descriptor '/home/robotica-06/bender_manipulacion/install/share/bender_pick_place_cpp/package.dsv'
[1.114s] INFO:colcon.colcon_core.shell:Creating package script '/home/robotica-06/bender_manipulacion/install/share/bender_pick_place_cpp/package.sh'
[1.115s] INFO:colcon.colcon_core.shell:Creating package script '/home/robotica-06/bender_manipulacion/install/share/bender_pick_place_cpp/package.bash'
[1.115s] INFO:colcon.colcon_core.shell:Creating package script '/home/robotica-06/bender_manipulacion/install/share/bender_pick_place_cpp/package.zsh'
[1.115s] Level 1:colcon.colcon_core.environment:create_file_with_runtime_dependencies(/home/robotica-06/bender_manipulacion/install/share/colcon-core/packages/bender_pick_place_cpp)
[1.116s] Level 1:colcon.colcon_core.environment:create_environment_scripts_only(bender_pick_place_cpp)
[1.116s] Level 1:colcon.colcon_core.environment:checking '/home/robotica-06/bender_manipulacion/install' for CMake module files
[1.117s] Level 1:colcon.colcon_core.environment:checking '/home/robotica-06/bender_manipulacion/install' for CMake config files
[1.117s] Level 1:colcon.colcon_core.shell:create_environment_hook('bender_pick_place_cpp', 'cmake_prefix_path')
[1.117s] INFO:colcon.colcon_core.shell:Creating environment hook '/home/robotica-06/bender_manipulacion/install/share/bender_pick_place_cpp/hook/cmake_prefix_path.ps1'
[1.118s] INFO:colcon.colcon_core.shell:Creating environment descriptor '/home/robotica-06/bender_manipulacion/install/share/bender_pick_place_cpp/hook/cmake_prefix_path.dsv'
[1.118s] INFO:colcon.colcon_core.shell:Creating environment hook '/home/robotica-06/bender_manipulacion/install/share/bender_pick_place_cpp/hook/cmake_prefix_path.sh'
[1.119s] Level 1:colcon.colcon_core.environment:checking '/home/robotica-06/bender_manipulacion/install/lib'
[1.119s] Level 1:colcon.colcon_core.environment:checking '/home/robotica-06/bender_manipulacion/install/bin'
[1.119s] Level 1:colcon.colcon_core.environment:checking '/home/robotica-06/bender_manipulacion/install/lib/pkgconfig/bender_pick_place_cpp.pc'
[1.119s] Level 1:colcon.colcon_core.environment:checking '/home/robotica-06/bender_manipulacion/install/lib/python3.12/site-packages'
[1.119s] Level 1:colcon.colcon_core.shell:create_environment_hook('bender_pick_place_cpp', 'pythonpath')
[1.119s] INFO:colcon.colcon_core.shell:Creating environment hook '/home/robotica-06/bender_manipulacion/install/share/bender_pick_place_cpp/hook/pythonpath.ps1'
[1.120s] INFO:colcon.colcon_core.shell:Creating environment descriptor '/home/robotica-06/bender_manipulacion/install/share/bender_pick_place_cpp/hook/pythonpath.dsv'
[1.120s] INFO:colcon.colcon_core.shell:Creating environment hook '/home/robotica-06/bender_manipulacion/install/share/bender_pick_place_cpp/hook/pythonpath.sh'
[1.121s] Level 1:colcon.colcon_core.environment:checking '/home/robotica-06/bender_manipulacion/install/bin'
[1.121s] INFO:colcon.colcon_core.shell:Creating package script '/home/robotica-06/bender_manipulacion/install/share/bender_pick_place_cpp/package.ps1'
[1.122s] INFO:colcon.colcon_core.shell:Creating package descriptor '/home/robotica-06/bender_manipulacion/install/share/bender_pick_place_cpp/package.dsv'
[1.122s] INFO:colcon.colcon_core.shell:Creating package script '/home/robotica-06/bender_manipulacion/install/share/bender_pick_place_cpp/package.sh'
[1.123s] INFO:colcon.colcon_core.shell:Creating package script '/home/robotica-06/bender_manipulacion/install/share/bender_pick_place_cpp/package.bash'
[1.123s] INFO:colcon.colcon_core.shell:Creating package script '/home/robotica-06/bender_manipulacion/install/share/bender_pick_place_cpp/package.zsh'
[1.124s] Level 1:colcon.colcon_core.environment:create_file_with_runtime_dependencies(/home/robotica-06/bender_manipulacion/install/share/colcon-core/packages/bender_pick_place_cpp)
[1.476s] DEBUG:colcon.colcon_parallel_executor.executor.parallel:run_until_complete was interrupted
[1.476s] DEBUG:colcon.colcon_parallel_executor.executor.parallel:run_until_complete again
[1.727s] DEBUG:colcon.colcon_parallel_executor.executor.parallel:run_until_complete finished
[1.727s] DEBUG:colcon.colcon_parallel_executor.executor.parallel:closing loop
[1.727s] DEBUG:colcon.colcon_parallel_executor.executor.parallel:loop closed
[1.727s] DEBUG:colcon.colcon_core.event_reactor:joining thread
[1.734s] INFO:colcon.colcon_core.plugin_system:Skipping extension 'colcon_notification.desktop_notification.terminal_notifier': Not used on non-Darwin systems
[1.735s] INFO:colcon.colcon_core.plugin_system:Skipping extension 'colcon_notification.desktop_notification.win32': Not used on non-Windows systems
[1.735s] INFO:colcon.colcon_notification.desktop_notification:Sending desktop notification using 'notify2'
[1.773s] DEBUG:colcon.colcon_core.event_reactor:joined thread
[1.774s] INFO:colcon.colcon_core.shell:Creating prefix script '/home/robotica-06/bender_manipulacion/install/local_setup.ps1'
[1.776s] INFO:colcon.colcon_core.shell:Creating prefix util module '/home/robotica-06/bender_manipulacion/install/_local_setup_util_ps1.py'
[1.778s] INFO:colcon.colcon_core.shell:Creating prefix chain script '/home/robotica-06/bender_manipulacion/install/setup.ps1'
[1.785s] INFO:colcon.colcon_core.shell:Creating prefix script '/home/robotica-06/bender_manipulacion/install/local_setup.sh'
[1.786s] INFO:colcon.colcon_core.shell:Creating prefix util module '/home/robotica-06/bender_manipulacion/install/_local_setup_util_sh.py'
[1.786s] INFO:colcon.colcon_core.shell:Creating prefix chain script '/home/robotica-06/bender_manipulacion/install/setup.sh'
[1.795s] INFO:colcon.colcon_core.shell:Creating prefix script '/home/robotica-06/bender_manipulacion/install/local_setup.bash'
[1.795s] INFO:colcon.colcon_core.shell:Creating prefix chain script '/home/robotica-06/bender_manipulacion/install/setup.bash'
[1.801s] INFO:colcon.colcon_core.shell:Creating prefix script '/home/robotica-06/bender_manipulacion/install/local_setup.zsh'
[1.801s] INFO:colcon.colcon_core.shell:Creating prefix chain script '/home/robotica-06/bender_manipulacion/install/setup.zsh'
