[ 50%] Built target pick_place_demo
[100%] Built target add_table
-- Install configuration: ""
-- Up-to-date: /home/robotica-06/bender_manipulacion/install/lib/bender_pick_place_cpp/pick_place_demo
-- Up-to-date: /home/robotica-06/bender_manipulacion/install/lib/bender_pick_place_cpp/add_table
-- Up-to-date: /home/robotica-06/bender_manipulacion/install/share/bender_pick_place_cpp/launch
-- Up-to-date: /home/robotica-06/bender_manipulacion/install/share/bender_pick_place_cpp/launch/pick_place_demo_ancient.launch.py
-- Up-to-date: /home/robotica-06/bender_manipulacion/install/share/bender_pick_place_cpp/launch/pick_place_demo.launch.py
-- Up-to-date: /home/robotica-06/bender_manipulacion/install/share/ament_index/resource_index/package_run_dependencies/bender_pick_place_cpp
-- Up-to-date: /home/robotica-06/bender_manipulacion/install/share/ament_index/resource_index/parent_prefix_path/bender_pick_place_cpp
-- Up-to-date: /home/robotica-06/bender_manipulacion/install/share/bender_pick_place_cpp/environment/ament_prefix_path.sh
-- Up-to-date: /home/robotica-06/bender_manipulacion/install/share/bender_pick_place_cpp/environment/ament_prefix_path.dsv
-- Up-to-date: /home/robotica-06/bender_manipulacion/install/share/bender_pick_place_cpp/environment/path.sh
-- Up-to-date: /home/robotica-06/bender_manipulacion/install/share/bender_pick_place_cpp/environment/path.dsv
-- Up-to-date: /home/robotica-06/bender_manipulacion/install/share/bender_pick_place_cpp/local_setup.bash
-- Up-to-date: /home/robotica-06/bender_manipulacion/install/share/bender_pick_place_cpp/local_setup.sh
-- Up-to-date: /home/robotica-06/bender_manipulacion/install/share/bender_pick_place_cpp/local_setup.zsh
-- Up-to-date: /home/robotica-06/bender_manipulacion/install/share/bender_pick_place_cpp/local_setup.dsv
-- Installing: /home/robotica-06/bender_manipulacion/install/share/bender_pick_place_cpp/package.dsv
-- Up-to-date: /home/robotica-06/bender_manipulacion/install/share/ament_index/resource_index/packages/bender_pick_place_cpp
-- Up-to-date: /home/robotica-06/bender_manipulacion/install/share/bender_pick_place_cpp/cmake/bender_pick_place_cppConfig.cmake
-- Up-to-date: /home/robotica-06/bender_manipulacion/install/share/bender_pick_place_cpp/cmake/bender_pick_place_cppConfig-version.cmake
-- Up-to-date: /home/robotica-06/bender_manipulacion/install/share/bender_pick_place_cpp/package.xml
