[0.478s] Invoking command in '/home/robotica-06/bender_manipulacion/build/bender_pick_place_cpp': CMAKE_PREFIX_PATH=/home/robotica-06/ws_moveit/install/moveit_configs_utils:/opt/ros/jazzy:${CMAKE_PREFIX_PATH} DEBUGINFOD_URLS=https://debuginfod.ubuntu.com /usr/bin/cmake --build /home/robotica-06/bender_manipulacion/build/bender_pick_place_cpp -- -j8 -l8
[0.610s] [ 50%] Built target pick_place_demo
[0.619s] [100%] Built target add_table
[0.642s] Invoked command in '/home/robotica-06/bender_manipulacion/build/bender_pick_place_cpp' returned '0': CMAKE_PREFIX_PATH=/home/robotica-06/ws_moveit/install/moveit_configs_utils:/opt/ros/jazzy:${CMAKE_PREFIX_PATH} DEBUGINFOD_URLS=https://debuginfod.ubuntu.com /usr/bin/cmake --build /home/robotica-06/bender_manipulacion/build/bender_pick_place_cpp -- -j8 -l8
[0.654s] Invoking command in '/home/robotica-06/bender_manipulacion/build/bender_pick_place_cpp': CMAKE_PREFIX_PATH=/home/robotica-06/ws_moveit/install/moveit_configs_utils:/opt/ros/jazzy:${CMAKE_PREFIX_PATH} DEBUGINFOD_URLS=https://debuginfod.ubuntu.com /usr/bin/cmake --install /home/robotica-06/bender_manipulacion/build/bender_pick_place_cpp
[0.662s] -- Install configuration: ""
[0.662s] -- Up-to-date: /home/robotica-06/bender_manipulacion/install/lib/bender_pick_place_cpp/pick_place_demo
[0.663s] -- Up-to-date: /home/robotica-06/bender_manipulacion/install/lib/bender_pick_place_cpp/add_table
[0.665s] -- Up-to-date: /home/robotica-06/bender_manipulacion/install/share/bender_pick_place_cpp/launch
[0.665s] -- Up-to-date: /home/robotica-06/bender_manipulacion/install/share/bender_pick_place_cpp/launch/pick_place_demo_ancient.launch.py
[0.665s] -- Up-to-date: /home/robotica-06/bender_manipulacion/install/share/bender_pick_place_cpp/launch/pick_place_demo.launch.py
[0.666s] -- Up-to-date: /home/robotica-06/bender_manipulacion/install/share/ament_index/resource_index/package_run_dependencies/bender_pick_place_cpp
[0.666s] -- Up-to-date: /home/robotica-06/bender_manipulacion/install/share/ament_index/resource_index/parent_prefix_path/bender_pick_place_cpp
[0.667s] -- Up-to-date: /home/robotica-06/bender_manipulacion/install/share/bender_pick_place_cpp/environment/ament_prefix_path.sh
[0.667s] -- Up-to-date: /home/robotica-06/bender_manipulacion/install/share/bender_pick_place_cpp/environment/ament_prefix_path.dsv
[0.668s] -- Up-to-date: /home/robotica-06/bender_manipulacion/install/share/bender_pick_place_cpp/environment/path.sh
[0.668s] -- Up-to-date: /home/robotica-06/bender_manipulacion/install/share/bender_pick_place_cpp/environment/path.dsv
[0.668s] -- Up-to-date: /home/robotica-06/bender_manipulacion/install/share/bender_pick_place_cpp/local_setup.bash
[0.668s] -- Up-to-date: /home/robotica-06/bender_manipulacion/install/share/bender_pick_place_cpp/local_setup.sh
[0.669s] -- Up-to-date: /home/robotica-06/bender_manipulacion/install/share/bender_pick_place_cpp/local_setup.zsh
[0.669s] -- Up-to-date: /home/robotica-06/bender_manipulacion/install/share/bender_pick_place_cpp/local_setup.dsv
[0.669s] -- Installing: /home/robotica-06/bender_manipulacion/install/share/bender_pick_place_cpp/package.dsv
[0.669s] -- Up-to-date: /home/robotica-06/bender_manipulacion/install/share/ament_index/resource_index/packages/bender_pick_place_cpp
[0.670s] -- Up-to-date: /home/robotica-06/bender_manipulacion/install/share/bender_pick_place_cpp/cmake/bender_pick_place_cppConfig.cmake
[0.670s] -- Up-to-date: /home/robotica-06/bender_manipulacion/install/share/bender_pick_place_cpp/cmake/bender_pick_place_cppConfig-version.cmake
[0.670s] -- Up-to-date: /home/robotica-06/bender_manipulacion/install/share/bender_pick_place_cpp/package.xml
[0.681s] Invoked command in '/home/robotica-06/bender_manipulacion/build/bender_pick_place_cpp' returned '0': CMAKE_PREFIX_PATH=/home/robotica-06/ws_moveit/install/moveit_configs_utils:/opt/ros/jazzy:${CMAKE_PREFIX_PATH} DEBUGINFOD_URLS=https://debuginfod.ubuntu.com /usr/bin/cmake --install /home/robotica-06/bender_manipulacion/build/bender_pick_place_cpp
