[0.464s] Invoking command in '/home/robotica-06/bender_manipulacion/build/bender_pick_place_cpp': CMAKE_PREFIX_PATH=${CMAKE_PREFIX_PATH}:/home/robotica-06/ws_moveit/install/moveit_configs_utils:/opt/ros/jazzy DEBUGINFOD_URLS=https://debuginfod.ubuntu.com /usr/bin/cmake /home/robotica-06/bender_manipulacion/src/bender_pick_place_cpp -DCMAKE_INSTALL_PREFIX=/home/robotica-06/bender_manipulacion/install
[0.576s] -- The C compiler identification is GNU 13.3.0
[0.658s] -- The CXX compiler identification is GNU 13.3.0
[0.681s] -- Detecting C compiler ABI info
[0.831s] -- Detecting C compiler ABI info - done
[0.846s] -- Check for working C compiler: /usr/bin/cc - skipped
[0.847s] -- Detecting C compile features
[0.849s] -- Detecting C compile features - done
[0.866s] -- Detecting CXX compiler ABI info
[1.034s] -- Detecting CXX compiler ABI info - done
[1.048s] -- Check for working CXX compiler: /usr/bin/c++ - skipped
[1.048s] -- Detecting CXX compile features
[1.049s] -- Detecting CXX compile features - done
[1.061s] -- Found ament_cmake: 2.5.4 (/opt/ros/jazzy/share/ament_cmake/cmake)
[1.431s] -- Found Python3: /usr/bin/python3 (found version "3.12.3") found components: Interpreter 
[1.730s] -- Found rclcpp: 28.1.11 (/opt/ros/jazzy/share/rclcpp/cmake)
[1.851s] -- Found rosidl_generator_c: 4.6.6 (/opt/ros/jazzy/share/rosidl_generator_c/cmake)
[1.899s] -- Found rosidl_generator_cpp: 4.6.6 (/opt/ros/jazzy/share/rosidl_generator_cpp/cmake)
[1.952s] -- Using all available rosidl_typesupport_c: rosidl_typesupport_fastrtps_c;rosidl_typesupport_introspection_c
[2.009s] -- Using all available rosidl_typesupport_cpp: rosidl_typesupport_fastrtps_cpp;rosidl_typesupport_introspection_cpp
[2.216s] -- Found rmw_implementation_cmake: 7.3.2 (/opt/ros/jazzy/share/rmw_implementation_cmake/cmake)
[2.233s] -- Found rmw_fastrtps_cpp: 8.4.3 (/opt/ros/jazzy/share/rmw_fastrtps_cpp/cmake)
[2.401s] -- Found OpenSSL: /usr/lib/x86_64-linux-gnu/libcrypto.so (found version "3.0.13")  
[2.435s] -- Found FastRTPS: /opt/ros/jazzy/include (Required is at least version "2.13") 
[2.475s] -- Using RMW implementation 'rmw_fastrtps_cpp' as default
[2.646s] -- Found moveit_ros_planning_interface: 2.14.0 (/home/robotica-06/ws_moveit/install/moveit_ros_planning_interface/share/moveit_ros_planning_interface/cmake)
[2.871s] -- Found Boost: /usr/lib/x86_64-linux-gnu/cmake/Boost-1.83.0/BoostConfig.cmake (found version "1.83.0") found components: date_time filesystem program_options system thread 
[3.375s] -- Found Boost: /usr/lib/x86_64-linux-gnu/cmake/Boost-1.83.0/BoostConfig.cmake (found version "1.83.0") found components: chrono date_time filesystem iostreams program_options regex serialization system thread 
[3.549s] -- Found parameter_traits: 0.5.0 (/opt/ros/jazzy/share/parameter_traits/cmake)
[3.596s] -- Found rclcpp_lifecycle: 28.1.11 (/opt/ros/jazzy/share/rclcpp_lifecycle/cmake)
[3.668s] -- Found Boost: /usr/lib/x86_64-linux-gnu/cmake/Boost-1.83.0/BoostConfig.cmake (found version "1.83.0") found components: filesystem 
[3.810s] -- Found Eigen3: TRUE (found version "3.4.0") 
[3.810s] -- Ensuring Eigen3 include directory is part of orocos-kdl CMake target
[4.176s] -- Found Boost: /usr/lib/x86_64-linux-gnu/cmake/Boost-1.83.0/BoostConfig.cmake (found version "1.83.0") found components: system filesystem date_time program_options thread chrono 
[4.252s] -- Found Boost: /usr/lib/x86_64-linux-gnu/cmake/Boost-1.83.0/BoostConfig.cmake (found version "1.83.0") found components: thread system filesystem regex date_time program_options 
[4.302s] -- Found Boost: /usr/lib/x86_64-linux-gnu/cmake/Boost-1.83.0/BoostConfig.cmake (found version "1.83.0") found components: system filesystem date_time program_options thread 
[4.361s] -- Found moveit_visual_tools: 4.1.2 (/home/robotica-06/ws_moveit/install/moveit_visual_tools/share/moveit_visual_tools/cmake)
[4.497s] -- Setting OGRE_DIR to: '/opt/ros/jazzy/share/rviz_ogre_vendor/cmake/../../../opt/rviz_ogre_vendor/lib/OGRE/cmake'
[4.498s] -- Found OGRE
[4.498s] --   static     : OFF
[4.499s] --   components : MeshLodGenerator;Overlay;Paging;Property;RTShaderSystem;Terrain;Volume
[4.499s] --   plugins    : Plugin_BSPSceneManager;Plugin_OctreeSceneManager;Plugin_PCZSceneManager;Plugin_ParticleFX;RenderSystem_GL;RenderSystem_GL3Plus;Codec_STBI
[4.499s] --   media      : /opt/ros/jazzy/opt/rviz_ogre_vendor/share/OGRE/Media
[4.499s] -- OGRE_LIBRARIES: OgreMeshLodGenerator;OgreOverlay;OgrePaging;OgreProperty;OgreRTShaderSystem;OgreTerrain;OgreVolume;OgreMain
[4.499s] -- OGRE_LIBRARY_DIRS: /opt/ros/jazzy/opt/rviz_ogre_vendor/lib
[4.499s] -- OGRE_PLUGINS: Plugin_BSPSceneManager;Plugin_OctreeSceneManager;Plugin_PCZSceneManager;Plugin_ParticleFX;RenderSystem_GL;RenderSystem_GL3Plus;Codec_STBI
[4.499s] -- OGRE_PLUGIN_DIR: /opt/ros/jazzy/opt/rviz_ogre_vendor/lib/OGRE
[4.499s] -- rviz_ogre_vendor::OgreOverlay for IMPORTED_LOCATION_RELEASE: /opt/ros/jazzy/opt/rviz_ogre_vendor/lib/libOgreOverlay.so
[4.500s] -- rviz_ogre_vendor::OgreOverlay for IMPORTED_LOCATION_DEBUG: /opt/ros/jazzy/opt/rviz_ogre_vendor/lib/libOgreOverlay.so
[4.500s] -- rviz_ogre_vendor::OgreMain for IMPORTED_LOCATION_RELEASE: /opt/ros/jazzy/opt/rviz_ogre_vendor/lib/libOgreMain.so
[4.500s] -- rviz_ogre_vendor::OgreMain for IMPORTED_LOCATION_DEBUG: /opt/ros/jazzy/opt/rviz_ogre_vendor/lib/libOgreMain.so
[4.556s] -- Found ZLIB: /usr/lib/x86_64-linux-gnu/libz.so (found version "1.3")  
[4.579s] -- Found OpenGL: /usr/lib/x86_64-linux-gnu/libOpenGL.so   
[4.909s] -- Found X11: /usr/include   
[4.910s] -- Looking for XOpenDisplay in /usr/lib/x86_64-linux-gnu/libX11.so;/usr/lib/x86_64-linux-gnu/libXext.so
[5.051s] -- Looking for XOpenDisplay in /usr/lib/x86_64-linux-gnu/libX11.so;/usr/lib/x86_64-linux-gnu/libXext.so - found
[5.052s] -- Looking for gethostbyname
[5.194s] -- Looking for gethostbyname - found
[5.194s] -- Looking for connect
[5.319s] -- Looking for connect - found
[5.319s] -- Looking for remove
[5.456s] -- Looking for remove - found
[5.457s] -- Looking for shmat
[5.602s] -- Looking for shmat - found
[5.603s] -- Looking for IceConnectionNumber in ICE
[5.745s] -- Looking for IceConnectionNumber in ICE - found
[5.816s] -- Setting yaml-cpp_DIR to: '/opt/ros/jazzy/share/yaml_cpp_vendor/cmake/../../../opt/yaml_cpp_vendor/share/cmake/yaml-cpp'
[6.038s] -- Found moveit_task_constructor_core: 0.1.3 (/home/robotica-06/ws_moveit/install/moveit_task_constructor_core/share/moveit_task_constructor_core/cmake)
[6.329s] -- Configuring done (5.8s)
[6.427s] -- Generating done (0.1s)
[6.443s] -- Build files have been written to: /home/robotica-06/bender_manipulacion/build/bender_pick_place_cpp
[6.464s] Invoked command in '/home/robotica-06/bender_manipulacion/build/bender_pick_place_cpp' returned '0': CMAKE_PREFIX_PATH=${CMAKE_PREFIX_PATH}:/home/robotica-06/ws_moveit/install/moveit_configs_utils:/opt/ros/jazzy DEBUGINFOD_URLS=https://debuginfod.ubuntu.com /usr/bin/cmake /home/robotica-06/bender_manipulacion/src/bender_pick_place_cpp -DCMAKE_INSTALL_PREFIX=/home/robotica-06/bender_manipulacion/install
[6.468s] Invoking command in '/home/robotica-06/bender_manipulacion/build/bender_pick_place_cpp': CMAKE_PREFIX_PATH=${CMAKE_PREFIX_PATH}:/home/robotica-06/ws_moveit/install/moveit_configs_utils:/opt/ros/jazzy DEBUGINFOD_URLS=https://debuginfod.ubuntu.com /usr/bin/cmake --build /home/robotica-06/bender_manipulacion/build/bender_pick_place_cpp -- -j8 -l8
[6.560s] [ 33%] [32mBuilding CXX object CMakeFiles/pick_place_demo.dir/src/bender_pick_and_place.cpp.o[0m
[6.560s] [ 33%] [32mBuilding CXX object CMakeFiles/add_table.dir/src/add_table.cpp.o[0m
[6.560s] [ 50%] [32mBuilding CXX object CMakeFiles/mtc_node.dir/src/mtc_node.cpp.o[0m
[9.876s] In file included from [01m[K/home/robotica-06/bender_manipulacion/src/bender_pick_place_cpp/src/add_table.cpp:2[m[K:
[9.876s] [01m[K/home/robotica-06/ws_moveit/install/moveit_ros_planning_interface/include/moveit_ros_planning_interface/moveit/planning_scene_interface/planning_scene_interface.h:50:77:[m[K [01;36m[Knote: [m[K‘[01m[K#pragma message: .h header is obsolete. Please use the .hpp header instead.[m[K’
[9.876s]    50 | #pragma message(".h header is obsolete. Please use the .hpp header instead."[01;36m[K)[m[K
[9.876s]       |                                                                             [01;36m[K^[m[K
[9.973s] In file included from [01m[K/home/robotica-06/bender_manipulacion/src/bender_pick_place_cpp/src/bender_pick_and_place.cpp:2[m[K:
[9.973s] [01m[K/home/robotica-06/ws_moveit/install/moveit_ros_planning_interface/include/moveit_ros_planning_interface/moveit/move_group_interface/move_group_interface.h:51:77:[m[K [01;36m[Knote: [m[K‘[01m[K#pragma message: .h header is obsolete. Please use the .hpp header instead.[m[K’
[9.973s]    51 | #pragma message(".h header is obsolete. Please use the .hpp header instead."[01;36m[K)[m[K
[9.973s]       |                                                                             [01;36m[K^[m[K
[12.604s] In file included from [01m[K/home/robotica-06/bender_manipulacion/src/bender_pick_place_cpp/src/bender_pick_and_place.cpp:3[m[K:
[12.604s] [01m[K/home/robotica-06/ws_moveit/install/moveit_ros_planning_interface/include/moveit_ros_planning_interface/moveit/planning_scene_interface/planning_scene_interface.h:50:77:[m[K [01;36m[Knote: [m[K‘[01m[K#pragma message: .h header is obsolete. Please use the .hpp header instead.[m[K’
[12.604s]    50 | #pragma message(".h header is obsolete. Please use the .hpp header instead."[01;36m[K)[m[K
[12.604s]       |                                                                             [01;36m[K^[m[K
[15.007s] [ 66%] [32m[1mLinking CXX executable add_table[0m
[15.450s] [ 66%] Built target add_table
[17.700s] [ 83%] [32m[1mLinking CXX executable pick_place_demo[0m
[18.242s] [ 83%] Built target pick_place_demo
[20.265s] [100%] [32m[1mLinking CXX executable mtc_node[0m
[20.700s] [100%] Built target mtc_node
[20.721s] Invoked command in '/home/robotica-06/bender_manipulacion/build/bender_pick_place_cpp' returned '0': CMAKE_PREFIX_PATH=${CMAKE_PREFIX_PATH}:/home/robotica-06/ws_moveit/install/moveit_configs_utils:/opt/ros/jazzy DEBUGINFOD_URLS=https://debuginfod.ubuntu.com /usr/bin/cmake --build /home/robotica-06/bender_manipulacion/build/bender_pick_place_cpp -- -j8 -l8
[20.724s] Invoking command in '/home/robotica-06/bender_manipulacion/build/bender_pick_place_cpp': CMAKE_PREFIX_PATH=${CMAKE_PREFIX_PATH}:/home/robotica-06/ws_moveit/install/moveit_configs_utils:/opt/ros/jazzy DEBUGINFOD_URLS=https://debuginfod.ubuntu.com /usr/bin/cmake --install /home/robotica-06/bender_manipulacion/build/bender_pick_place_cpp
[20.740s] -- Install configuration: ""
[20.741s] -- Installing: /home/robotica-06/bender_manipulacion/install/lib/bender_pick_place_cpp/pick_place_demo
[20.743s] -- Set non-toolchain portion of runtime path of "/home/robotica-06/bender_manipulacion/install/lib/bender_pick_place_cpp/pick_place_demo" to ""
[20.743s] -- Installing: /home/robotica-06/bender_manipulacion/install/lib/bender_pick_place_cpp/add_table
[20.744s] -- Set non-toolchain portion of runtime path of "/home/robotica-06/bender_manipulacion/install/lib/bender_pick_place_cpp/add_table" to ""
[20.744s] -- Installing: /home/robotica-06/bender_manipulacion/install/lib/bender_pick_place_cpp/mtc_node
[20.745s] -- Set non-toolchain portion of runtime path of "/home/robotica-06/bender_manipulacion/install/lib/bender_pick_place_cpp/mtc_node" to ""
[20.746s] -- Installing: /home/robotica-06/bender_manipulacion/install/share/bender_pick_place_cpp/launch
[20.746s] -- Installing: /home/robotica-06/bender_manipulacion/install/share/bender_pick_place_cpp/launch/pick_place_demo_ancient.launch.py
[20.746s] -- Installing: /home/robotica-06/bender_manipulacion/install/share/bender_pick_place_cpp/launch/pick_place_demo.launch.py
[20.746s] -- Installing: /home/robotica-06/bender_manipulacion/install/share/ament_index/resource_index/package_run_dependencies/bender_pick_place_cpp
[20.746s] -- Installing: /home/robotica-06/bender_manipulacion/install/share/ament_index/resource_index/parent_prefix_path/bender_pick_place_cpp
[20.746s] -- Installing: /home/robotica-06/bender_manipulacion/install/share/bender_pick_place_cpp/environment/ament_prefix_path.sh
[20.747s] -- Installing: /home/robotica-06/bender_manipulacion/install/share/bender_pick_place_cpp/environment/ament_prefix_path.dsv
[20.747s] -- Installing: /home/robotica-06/bender_manipulacion/install/share/bender_pick_place_cpp/environment/path.sh
[20.747s] -- Installing: /home/robotica-06/bender_manipulacion/install/share/bender_pick_place_cpp/environment/path.dsv
[20.747s] -- Installing: /home/robotica-06/bender_manipulacion/install/share/bender_pick_place_cpp/local_setup.bash
[20.747s] -- Installing: /home/robotica-06/bender_manipulacion/install/share/bender_pick_place_cpp/local_setup.sh
[20.747s] -- Installing: /home/robotica-06/bender_manipulacion/install/share/bender_pick_place_cpp/local_setup.zsh
[20.748s] -- Installing: /home/robotica-06/bender_manipulacion/install/share/bender_pick_place_cpp/local_setup.dsv
[20.748s] -- Installing: /home/robotica-06/bender_manipulacion/install/share/bender_pick_place_cpp/package.dsv
[20.748s] -- Installing: /home/robotica-06/bender_manipulacion/install/share/ament_index/resource_index/packages/bender_pick_place_cpp
[20.748s] -- Installing: /home/robotica-06/bender_manipulacion/install/share/bender_pick_place_cpp/cmake/bender_pick_place_cppConfig.cmake
[20.748s] -- Installing: /home/robotica-06/bender_manipulacion/install/share/bender_pick_place_cpp/cmake/bender_pick_place_cppConfig-version.cmake
[20.748s] -- Installing: /home/robotica-06/bender_manipulacion/install/share/bender_pick_place_cpp/package.xml
[20.752s] Invoked command in '/home/robotica-06/bender_manipulacion/build/bender_pick_place_cpp' returned '0': CMAKE_PREFIX_PATH=${CMAKE_PREFIX_PATH}:/home/robotica-06/ws_moveit/install/moveit_configs_utils:/opt/ros/jazzy DEBUGINFOD_URLS=https://debuginfod.ubuntu.com /usr/bin/cmake --install /home/robotica-06/bender_manipulacion/build/bender_pick_place_cpp
