[0.051s] Invoking command in '/home/robotica-06/bender_manipulacion/build/bender_description': DEBUGINFOD_URLS=https://debuginfod.ubuntu.com /usr/bin/cmake /home/robotica-06/bender_manipulacion/src/bender_description -DCATKIN_INSTALL_INTO_PREFIX_ROOT=0 -DCMAKE_INSTALL_PREFIX=/home/robotica-06/bender_manipulacion/install
[0.480s] -- The C compiler identification is GNU 13.3.0
[0.480s] -- The CXX compiler identification is GNU 13.3.0
[0.481s] -- Detecting C compiler ABI info
[0.481s] -- Detecting C compiler ABI info - done
[0.481s] -- Check for working C compiler: /usr/bin/cc - skipped
[0.481s] -- Detecting C compile features
[0.481s] -- Detecting C compile features - done
[0.481s] -- Detecting CXX compiler ABI info
[0.535s] -- Detecting CXX compiler ABI info - done
[0.552s] -- Check for working CXX compiler: /usr/bin/c++ - skipped
[0.552s] -- Detecting CXX compile features
[0.553s] -- Detecting CXX compile features - done
[0.565s] -- Found ament_cmake: 2.5.4 (/opt/ros/jazzy/share/ament_cmake/cmake)
[0.878s] -- Found Python3: /usr/bin/python3 (found version "3.12.3") found components: Interpreter 
[1.235s] -- Found ament_lint_auto: 0.17.3 (/opt/ros/jazzy/share/ament_lint_auto/cmake)
[1.439s] -- Added test 'flake8' to check Python code syntax and style conventions
[1.440s] -- Configured 'flake8' exclude dirs and/or files: 
[1.442s] -- Added test 'lint_cmake' to check CMake code style
[1.445s] -- Added test 'pep257' to check Python code against some of the docstring style conventions in PEP 257
[1.451s] -- Added test 'xmllint' to check XML markup files
[1.456s] -- Configuring done (1.4s)
[1.461s] -- Generating done (0.0s)
[1.462s] [33mCMake Warning:
[1.462s]   Manually-specified variables were not used by the project:
[1.462s] 
[1.462s]     CATKIN_INSTALL_INTO_PREFIX_ROOT
[1.462s] 
[1.463s] [0m
[1.463s] -- Build files have been written to: /home/robotica-06/bender_manipulacion/build/bender_description
[1.469s] Invoked command in '/home/robotica-06/bender_manipulacion/build/bender_description' returned '0': DEBUGINFOD_URLS=https://debuginfod.ubuntu.com /usr/bin/cmake /home/robotica-06/bender_manipulacion/src/bender_description -DCATKIN_INSTALL_INTO_PREFIX_ROOT=0 -DCMAKE_INSTALL_PREFIX=/home/robotica-06/bender_manipulacion/install
[1.471s] Invoking command in '/home/robotica-06/bender_manipulacion/build/bender_description': DEBUGINFOD_URLS=https://debuginfod.ubuntu.com /usr/bin/cmake --build /home/robotica-06/bender_manipulacion/build/bender_description -- -j8 -l8
[1.533s] Invoked command in '/home/robotica-06/bender_manipulacion/build/bender_description' returned '0': DEBUGINFOD_URLS=https://debuginfod.ubuntu.com /usr/bin/cmake --build /home/robotica-06/bender_manipulacion/build/bender_description -- -j8 -l8
[1.550s] Invoking command in '/home/robotica-06/bender_manipulacion/build/bender_description': DEBUGINFOD_URLS=https://debuginfod.ubuntu.com /usr/bin/cmake --install /home/robotica-06/bender_manipulacion/build/bender_description
[1.563s] -- Install configuration: ""
[1.563s] -- Installing: /home/robotica-06/bender_manipulacion/install/share/bender_description/launch
[1.564s] -- Installing: /home/robotica-06/bender_manipulacion/install/share/bender_description/launch/gazebo.launch.py
[1.564s] -- Installing: /home/robotica-06/bender_manipulacion/install/share/bender_description/launch/bender_moveit_rviz.launch.py
[1.564s] -- Installing: /home/robotica-06/bender_manipulacion/install/share/bender_description/launch/bender_moveit.launch.py
[1.564s] -- Installing: /home/robotica-06/bender_manipulacion/install/share/bender_description/launch/display.launch.py
[1.565s] -- Installing: /home/robotica-06/bender_manipulacion/install/share/bender_description/launch/rsp.launch.py
[1.565s] -- Installing: /home/robotica-06/bender_manipulacion/install/share/bender_description/launch/bender_move_group.launch.py
[1.565s] -- Installing: /home/robotica-06/bender_manipulacion/install/share/bender_description/urdf
[1.565s] -- Installing: /home/robotica-06/bender_manipulacion/install/share/bender_description/urdf/rgbd_camera.xacro
[1.566s] -- Installing: /home/robotica-06/bender_manipulacion/install/share/bender_description/urdf/ros2_control.xacro
[1.566s] -- Installing: /home/robotica-06/bender_manipulacion/install/share/bender_description/urdf/bender.xacro
[1.566s] -- Installing: /home/robotica-06/bender_manipulacion/install/share/bender_description/urdf/materials.xacro
[1.566s] -- Installing: /home/robotica-06/bender_manipulacion/install/share/bender_description/urdf/bender.xml
[1.566s] -- Installing: /home/robotica-06/bender_manipulacion/install/share/bender_description/config
[1.567s] -- Installing: /home/robotica-06/bender_manipulacion/install/share/bender_description/config/gz_bridge.yaml
[1.567s] -- Installing: /home/robotica-06/bender_manipulacion/install/share/bender_description/config/ompl_planning.yaml
[1.567s] -- Installing: /home/robotica-06/bender_manipulacion/install/share/bender_description/config/controllers
[1.567s] -- Installing: /home/robotica-06/bender_manipulacion/install/share/bender_description/config/controllers/joint_state_broadcaster.yaml
[1.567s] -- Installing: /home/robotica-06/bender_manipulacion/install/share/bender_description/config/controllers/moveit_controllers
[1.568s] -- Installing: /home/robotica-06/bender_manipulacion/install/share/bender_description/config/controllers/moveit_controllers/left_arm_controller.yaml
[1.568s] -- Installing: /home/robotica-06/bender_manipulacion/install/share/bender_description/config/controllers/moveit_controllers/right_arm_controller.yaml
[1.568s] -- Installing: /home/robotica-06/bender_manipulacion/install/share/bender_description/config/controllers/moveit_controllers/left_gripper_controller.yaml
[1.568s] -- Installing: /home/robotica-06/bender_manipulacion/install/share/bender_description/config/controllers/moveit_controllers/head_controller.yaml
[1.569s] -- Installing: /home/robotica-06/bender_manipulacion/install/share/bender_description/config/controllers/moveit_controllers/right_gripper_controller.yaml
[1.569s] -- Installing: /home/robotica-06/bender_manipulacion/install/share/bender_description/config/controllers/gazebo_controllers
[1.569s] -- Installing: /home/robotica-06/bender_manipulacion/install/share/bender_description/config/controllers/gazebo_controllers/right_arm.yaml
[1.569s] -- Installing: /home/robotica-06/bender_manipulacion/install/share/bender_description/config/controllers/gazebo_controllers/left_gripper.yaml
[1.570s] -- Installing: /home/robotica-06/bender_manipulacion/install/share/bender_description/config/controllers/gazebo_controllers/head.yaml
[1.570s] -- Installing: /home/robotica-06/bender_manipulacion/install/share/bender_description/config/controllers/gazebo_controllers/right_gripper.yaml
[1.570s] -- Installing: /home/robotica-06/bender_manipulacion/install/share/bender_description/config/controllers/gazebo_controllers/left_arm.yaml
[1.570s] -- Installing: /home/robotica-06/bender_manipulacion/install/share/bender_description/config/controllers/controllers.yaml
[1.570s] -- Installing: /home/robotica-06/bender_manipulacion/install/share/bender_description/config/controllers/initial_position.yaml
[1.571s] -- Installing: /home/robotica-06/bender_manipulacion/install/share/bender_description/config/ros2_controllers.yaml
[1.571s] -- Installing: /home/robotica-06/bender_manipulacion/install/share/bender_description/config/colors.yaml
[1.571s] -- Installing: /home/robotica-06/bender_manipulacion/install/share/bender_description/rviz
[1.571s] -- Installing: /home/robotica-06/bender_manipulacion/install/share/bender_description/rviz/rviz.rviz
[1.571s] -- Installing: /home/robotica-06/bender_manipulacion/install/share/bender_description/meshes
[1.572s] -- Installing: /home/robotica-06/bender_manipulacion/install/share/bender_description/meshes/g2la_1.stl
[1.572s] -- Installing: /home/robotica-06/bender_manipulacion/install/share/bender_description/meshes/l3l_1.stl
[1.572s] -- Installing: /home/robotica-06/bender_manipulacion/install/share/bender_description/meshes/l6l_1.stl
[1.572s] -- Installing: /home/robotica-06/bender_manipulacion/install/share/bender_description/meshes/l2h_1.stl
[1.572s] -- Installing: /home/robotica-06/bender_manipulacion/install/share/bender_description/meshes/laser_1.stl
[1.573s] -- Installing: /home/robotica-06/bender_manipulacion/install/share/bender_description/meshes/wfr_1.stl
[1.573s] -- Installing: /home/robotica-06/bender_manipulacion/install/share/bender_description/meshes/l5l_1.stl
[1.573s] -- Installing: /home/robotica-06/bender_manipulacion/install/share/bender_description/meshes/wfl_1.stl
[1.573s] -- Installing: /home/robotica-06/bender_manipulacion/install/share/bender_description/meshes/d435.stl
[1.583s] -- Installing: /home/robotica-06/bender_manipulacion/install/share/bender_description/meshes/g2ra_1.stl
[1.583s] -- Installing: /home/robotica-06/bender_manipulacion/install/share/bender_description/meshes/l4l_1.stl
[1.584s] -- Installing: /home/robotica-06/bender_manipulacion/install/share/bender_description/meshes/real_sense_1.stl
[1.585s] -- Installing: /home/robotica-06/bender_manipulacion/install/share/bender_description/meshes/l2r_1.stl
[1.586s] -- Installing: /home/robotica-06/bender_manipulacion/install/share/bender_description/meshes/l1r_1.stl
[1.586s] -- Installing: /home/robotica-06/bender_manipulacion/install/share/bender_description/meshes/base_link.stl
[1.586s] -- Installing: /home/robotica-06/bender_manipulacion/install/share/bender_description/meshes/g1l_1.stl
[1.587s] -- Installing: /home/robotica-06/bender_manipulacion/install/share/bender_description/meshes/l1h_1.stl
[1.588s] -- Installing: /home/robotica-06/bender_manipulacion/install/share/bender_description/meshes/l4r_1.stl
[1.588s] -- Installing: /home/robotica-06/bender_manipulacion/install/share/bender_description/meshes/g1r_1.stl
[1.589s] -- Installing: /home/robotica-06/bender_manipulacion/install/share/bender_description/meshes/wrl_1.stl
[1.590s] -- Installing: /home/robotica-06/bender_manipulacion/install/share/bender_description/meshes/l1l_1.stl
[1.590s] -- Installing: /home/robotica-06/bender_manipulacion/install/share/bender_description/meshes/l2l_1.stl
[1.591s] -- Installing: /home/robotica-06/bender_manipulacion/install/share/bender_description/meshes/l3r_1.stl
[1.591s] -- Installing: /home/robotica-06/bender_manipulacion/install/share/bender_description/meshes/l6r_1.stl
[1.592s] -- Installing: /home/robotica-06/bender_manipulacion/install/share/bender_description/meshes/g2lb_1.stl
[1.593s] -- Installing: /home/robotica-06/bender_manipulacion/install/share/bender_description/meshes/wrr_1.stl
[1.594s] -- Installing: /home/robotica-06/bender_manipulacion/install/share/bender_description/meshes/l5r_1.stl
[1.594s] -- Installing: /home/robotica-06/bender_manipulacion/install/share/bender_description/meshes/g2rb_1.stl
[1.595s] -- Installing: /home/robotica-06/bender_manipulacion/install/share/bender_description/worlds
[1.595s] -- Installing: /home/robotica-06/bender_manipulacion/install/share/bender_description/worlds/empty.world
[1.595s] -- Installing: /home/robotica-06/bender_manipulacion/install/share/ament_index/resource_index/package_run_dependencies/bender_description
[1.596s] -- Installing: /home/robotica-06/bender_manipulacion/install/share/ament_index/resource_index/parent_prefix_path/bender_description
[1.596s] -- Installing: /home/robotica-06/bender_manipulacion/install/share/bender_description/environment/ament_prefix_path.sh
[1.596s] -- Installing: /home/robotica-06/bender_manipulacion/install/share/bender_description/environment/ament_prefix_path.dsv
[1.596s] -- Installing: /home/robotica-06/bender_manipulacion/install/share/bender_description/environment/path.sh
[1.597s] -- Installing: /home/robotica-06/bender_manipulacion/install/share/bender_description/environment/path.dsv
[1.597s] -- Installing: /home/robotica-06/bender_manipulacion/install/share/bender_description/local_setup.bash
[1.597s] -- Installing: /home/robotica-06/bender_manipulacion/install/share/bender_description/local_setup.sh
[1.597s] -- Installing: /home/robotica-06/bender_manipulacion/install/share/bender_description/local_setup.zsh
[1.597s] -- Installing: /home/robotica-06/bender_manipulacion/install/share/bender_description/local_setup.dsv
[1.598s] -- Installing: /home/robotica-06/bender_manipulacion/install/share/bender_description/package.dsv
[1.598s] -- Installing: /home/robotica-06/bender_manipulacion/install/share/ament_index/resource_index/packages/bender_description
[1.598s] -- Installing: /home/robotica-06/bender_manipulacion/install/share/bender_description/cmake/bender_descriptionConfig.cmake
[1.599s] -- Installing: /home/robotica-06/bender_manipulacion/install/share/bender_description/cmake/bender_descriptionConfig-version.cmake
[1.599s] -- Installing: /home/robotica-06/bender_manipulacion/install/share/bender_description/package.xml
[1.602s] Invoked command in '/home/robotica-06/bender_manipulacion/build/bender_description' returned '0': DEBUGINFOD_URLS=https://debuginfod.ubuntu.com /usr/bin/cmake --install /home/robotica-06/bender_manipulacion/build/bender_description
