[0.062s] Invoking command in '/home/robotica-06/bender_manipulacion/build/bender_description': DEBUGINFOD_URLS=https://debuginfod.ubuntu.com /usr/bin/cmake /home/robotica-06/bender_manipulacion/src/bender_description -DCATKIN_INSTALL_INTO_PREFIX_ROOT=0 -DCMAKE_INSTALL_PREFIX=/home/robotica-06/bender_manipulacion/install
[0.697s] -- The C compiler identification is GNU 13.3.0
[0.698s] -- The CXX compiler identification is GNU 13.3.0
[0.699s] -- Detecting C compiler ABI info
[0.699s] -- Detecting C compiler ABI info - done
[0.699s] -- Check for working C compiler: /usr/bin/cc - skipped
[0.699s] -- Detecting C compile features
[0.700s] -- Detecting C compile features - done
[0.700s] -- Detecting CXX compiler ABI info
[0.906s] -- Detecting CXX compiler ABI info - done
[0.938s] -- Check for working CXX compiler: /usr/bin/c++ - skipped
[0.938s] -- Detecting CXX compile features
[0.941s] -- Detecting CXX compile features - done
[0.966s] -- Found ament_cmake: 2.5.4 (/opt/ros/jazzy/share/ament_cmake/cmake)
[1.450s] -- Found Python3: /usr/bin/python3 (found version "3.12.3") found components: Interpreter 
[2.160s] -- Found ament_lint_auto: 0.17.3 (/opt/ros/jazzy/share/ament_lint_auto/cmake)
[2.436s] -- Added test 'flake8' to check Python code syntax and style conventions
[2.436s] -- Configured 'flake8' exclude dirs and/or files: 
[2.441s] -- Added test 'lint_cmake' to check CMake code style
[2.444s] -- Added test 'pep257' to check Python code against some of the docstring style conventions in PEP 257
[2.450s] -- Added test 'xmllint' to check XML markup files
[2.456s] -- Configuring done (2.4s)
[2.465s] -- Generating done (0.0s)
[2.466s] [33mCMake Warning:
[2.467s]   Manually-specified variables were not used by the project:
[2.467s] 
[2.467s]     CATKIN_INSTALL_INTO_PREFIX_ROOT
[2.467s] 
[2.467s] [0m
[2.470s] -- Build files have been written to: /home/robotica-06/bender_manipulacion/build/bender_description
[2.482s] Invoked command in '/home/robotica-06/bender_manipulacion/build/bender_description' returned '0': DEBUGINFOD_URLS=https://debuginfod.ubuntu.com /usr/bin/cmake /home/robotica-06/bender_manipulacion/src/bender_description -DCATKIN_INSTALL_INTO_PREFIX_ROOT=0 -DCMAKE_INSTALL_PREFIX=/home/robotica-06/bender_manipulacion/install
[2.485s] Invoking command in '/home/robotica-06/bender_manipulacion/build/bender_description': DEBUGINFOD_URLS=https://debuginfod.ubuntu.com /usr/bin/cmake --build /home/robotica-06/bender_manipulacion/build/bender_description -- -j8 -l8
[2.612s] Built target ament_cmake_python_copy_bender_description
[3.083s] running egg_info
[3.084s] creating bender_description.egg-info
[3.140s] writing bender_description.egg-info/PKG-INFO
[3.140s] writing dependency_links to bender_description.egg-info/dependency_links.txt
[3.140s] writing top-level names to bender_description.egg-info/top_level.txt
[3.140s] writing manifest file 'bender_description.egg-info/SOURCES.txt'
[3.296s] reading manifest file 'bender_description.egg-info/SOURCES.txt'
[3.296s] writing manifest file 'bender_description.egg-info/SOURCES.txt'
[3.363s] Built target ament_cmake_python_build_bender_description_egg
[3.384s] Invoked command in '/home/robotica-06/bender_manipulacion/build/bender_description' returned '0': DEBUGINFOD_URLS=https://debuginfod.ubuntu.com /usr/bin/cmake --build /home/robotica-06/bender_manipulacion/build/bender_description -- -j8 -l8
[3.408s] Invoking command in '/home/robotica-06/bender_manipulacion/build/bender_description': DEBUGINFOD_URLS=https://debuginfod.ubuntu.com /usr/bin/cmake --install /home/robotica-06/bender_manipulacion/build/bender_description
[3.430s] -- Install configuration: ""
[3.430s] -- Installing: /home/robotica-06/bender_manipulacion/install/share/bender_description/launch
[3.430s] -- Installing: /home/robotica-06/bender_manipulacion/install/share/bender_description/launch/gazebo.launch.py
[3.431s] -- Installing: /home/robotica-06/bender_manipulacion/install/share/bender_description/launch/bender_moveit_rviz.launch.py
[3.431s] -- Installing: /home/robotica-06/bender_manipulacion/install/share/bender_description/launch/bender_moveit.launch.py
[3.431s] -- Installing: /home/robotica-06/bender_manipulacion/install/share/bender_description/launch/display.launch.py
[3.432s] -- Installing: /home/robotica-06/bender_manipulacion/install/share/bender_description/launch/rsp.launch.py
[3.432s] -- Installing: /home/robotica-06/bender_manipulacion/install/share/bender_description/launch/bender_move_group.launch.py
[3.432s] -- Installing: /home/robotica-06/bender_manipulacion/install/share/bender_description/urdf
[3.432s] -- Installing: /home/robotica-06/bender_manipulacion/install/share/bender_description/urdf/rgbd_camera.xacro
[3.432s] -- Installing: /home/robotica-06/bender_manipulacion/install/share/bender_description/urdf/ros2_control.xacro
[3.433s] -- Installing: /home/robotica-06/bender_manipulacion/install/share/bender_description/urdf/bender.xacro
[3.433s] -- Installing: /home/robotica-06/bender_manipulacion/install/share/bender_description/urdf/materials.xacro
[3.434s] -- Installing: /home/robotica-06/bender_manipulacion/install/share/bender_description/urdf/bender.xml
[3.434s] -- Installing: /home/robotica-06/bender_manipulacion/install/share/bender_description/config
[3.434s] -- Installing: /home/robotica-06/bender_manipulacion/install/share/bender_description/config/gz_bridge.yaml
[3.435s] -- Installing: /home/robotica-06/bender_manipulacion/install/share/bender_description/config/ompl_planning.yaml
[3.435s] -- Installing: /home/robotica-06/bender_manipulacion/install/share/bender_description/config/controllers
[3.435s] -- Installing: /home/robotica-06/bender_manipulacion/install/share/bender_description/config/controllers/joint_state_broadcaster.yaml
[3.436s] -- Installing: /home/robotica-06/bender_manipulacion/install/share/bender_description/config/controllers/moveit_controllers
[3.436s] -- Installing: /home/robotica-06/bender_manipulacion/install/share/bender_description/config/controllers/moveit_controllers/left_arm_controller.yaml
[3.436s] -- Installing: /home/robotica-06/bender_manipulacion/install/share/bender_description/config/controllers/moveit_controllers/right_arm_controller.yaml
[3.436s] -- Installing: /home/robotica-06/bender_manipulacion/install/share/bender_description/config/controllers/moveit_controllers/left_gripper_controller.yaml
[3.436s] -- Installing: /home/robotica-06/bender_manipulacion/install/share/bender_description/config/controllers/moveit_controllers/head_controller.yaml
[3.437s] -- Installing: /home/robotica-06/bender_manipulacion/install/share/bender_description/config/controllers/moveit_controllers/right_gripper_controller.yaml
[3.437s] -- Installing: /home/robotica-06/bender_manipulacion/install/share/bender_description/config/controllers/gazebo_controllers
[3.437s] -- Installing: /home/robotica-06/bender_manipulacion/install/share/bender_description/config/controllers/gazebo_controllers/right_arm.yaml
[3.437s] -- Installing: /home/robotica-06/bender_manipulacion/install/share/bender_description/config/controllers/gazebo_controllers/left_gripper.yaml
[3.437s] -- Installing: /home/robotica-06/bender_manipulacion/install/share/bender_description/config/controllers/gazebo_controllers/head.yaml
[3.438s] -- Installing: /home/robotica-06/bender_manipulacion/install/share/bender_description/config/controllers/gazebo_controllers/right_gripper.yaml
[3.438s] -- Installing: /home/robotica-06/bender_manipulacion/install/share/bender_description/config/controllers/gazebo_controllers/left_arm.yaml
[3.438s] -- Installing: /home/robotica-06/bender_manipulacion/install/share/bender_description/config/controllers/controllers.yaml
[3.438s] -- Installing: /home/robotica-06/bender_manipulacion/install/share/bender_description/config/controllers/initial_position.yaml
[3.438s] -- Installing: /home/robotica-06/bender_manipulacion/install/share/bender_description/config/ros2_controllers.yaml
[3.439s] -- Installing: /home/robotica-06/bender_manipulacion/install/share/bender_description/config/colors.yaml
[3.439s] -- Installing: /home/robotica-06/bender_manipulacion/install/share/bender_description/rviz
[3.439s] -- Installing: /home/robotica-06/bender_manipulacion/install/share/bender_description/rviz/rviz.rviz
[3.439s] -- Installing: /home/robotica-06/bender_manipulacion/install/share/bender_description/meshes
[3.439s] -- Installing: /home/robotica-06/bender_manipulacion/install/share/bender_description/meshes/g2la_1.stl
[3.440s] -- Installing: /home/robotica-06/bender_manipulacion/install/share/bender_description/meshes/l3l_1.stl
[3.440s] -- Installing: /home/robotica-06/bender_manipulacion/install/share/bender_description/meshes/l6l_1.stl
[3.440s] -- Installing: /home/robotica-06/bender_manipulacion/install/share/bender_description/meshes/l2h_1.stl
[3.440s] -- Installing: /home/robotica-06/bender_manipulacion/install/share/bender_description/meshes/laser_1.stl
[3.440s] -- Installing: /home/robotica-06/bender_manipulacion/install/share/bender_description/meshes/wfr_1.stl
[3.441s] -- Installing: /home/robotica-06/bender_manipulacion/install/share/bender_description/meshes/l5l_1.stl
[3.441s] -- Installing: /home/robotica-06/bender_manipulacion/install/share/bender_description/meshes/wfl_1.stl
[3.442s] -- Installing: /home/robotica-06/bender_manipulacion/install/share/bender_description/meshes/d435.stl
[3.463s] -- Installing: /home/robotica-06/bender_manipulacion/install/share/bender_description/meshes/g2ra_1.stl
[3.464s] -- Installing: /home/robotica-06/bender_manipulacion/install/share/bender_description/meshes/l4l_1.stl
[3.465s] -- Installing: /home/robotica-06/bender_manipulacion/install/share/bender_description/meshes/real_sense_1.stl
[3.466s] -- Installing: /home/robotica-06/bender_manipulacion/install/share/bender_description/meshes/l2r_1.stl
[3.466s] -- Installing: /home/robotica-06/bender_manipulacion/install/share/bender_description/meshes/l1r_1.stl
[3.467s] -- Installing: /home/robotica-06/bender_manipulacion/install/share/bender_description/meshes/base_link.stl
[3.467s] -- Installing: /home/robotica-06/bender_manipulacion/install/share/bender_description/meshes/g1l_1.stl
[3.468s] -- Installing: /home/robotica-06/bender_manipulacion/install/share/bender_description/meshes/l1h_1.stl
[3.469s] -- Installing: /home/robotica-06/bender_manipulacion/install/share/bender_description/meshes/l4r_1.stl
[3.469s] -- Installing: /home/robotica-06/bender_manipulacion/install/share/bender_description/meshes/g1r_1.stl
[3.470s] -- Installing: /home/robotica-06/bender_manipulacion/install/share/bender_description/meshes/wrl_1.stl
[3.471s] -- Installing: /home/robotica-06/bender_manipulacion/install/share/bender_description/meshes/l1l_1.stl
[3.472s] -- Installing: /home/robotica-06/bender_manipulacion/install/share/bender_description/meshes/l2l_1.stl
[3.472s] -- Installing: /home/robotica-06/bender_manipulacion/install/share/bender_description/meshes/l3r_1.stl
[3.473s] -- Installing: /home/robotica-06/bender_manipulacion/install/share/bender_description/meshes/l6r_1.stl
[3.473s] -- Installing: /home/robotica-06/bender_manipulacion/install/share/bender_description/meshes/g2lb_1.stl
[3.475s] -- Installing: /home/robotica-06/bender_manipulacion/install/share/bender_description/meshes/wrr_1.stl
[3.476s] -- Installing: /home/robotica-06/bender_manipulacion/install/share/bender_description/meshes/l5r_1.stl
[3.477s] -- Installing: /home/robotica-06/bender_manipulacion/install/share/bender_description/meshes/g2rb_1.stl
[3.477s] -- Installing: /home/robotica-06/bender_manipulacion/install/share/bender_description/worlds
[3.478s] -- Installing: /home/robotica-06/bender_manipulacion/install/share/bender_description/worlds/empty.world
[3.478s] -- Installing: /home/robotica-06/bender_manipulacion/install/share/bender_description/environment/pythonpath.sh
[3.478s] -- Installing: /home/robotica-06/bender_manipulacion/install/share/bender_description/environment/pythonpath.dsv
[3.478s] -- Installing: /home/robotica-06/bender_manipulacion/install/lib/python3.12/site-packages/bender_description-0.0.1-py3.12.egg-info
[3.478s] -- Installing: /home/robotica-06/bender_manipulacion/install/lib/python3.12/site-packages/bender_description-0.0.1-py3.12.egg-info/top_level.txt
[3.479s] -- Installing: /home/robotica-06/bender_manipulacion/install/lib/python3.12/site-packages/bender_description-0.0.1-py3.12.egg-info/PKG-INFO
[3.479s] -- Installing: /home/robotica-06/bender_manipulacion/install/lib/python3.12/site-packages/bender_description-0.0.1-py3.12.egg-info/SOURCES.txt
[3.479s] -- Installing: /home/robotica-06/bender_manipulacion/install/lib/python3.12/site-packages/bender_description-0.0.1-py3.12.egg-info/dependency_links.txt
[3.479s] -- Installing: /home/robotica-06/bender_manipulacion/install/lib/python3.12/site-packages/bender_description
[3.479s] -- Installing: /home/robotica-06/bender_manipulacion/install/lib/python3.12/site-packages/bender_description/joint_tester.py
[3.479s] -- Installing: /home/robotica-06/bender_manipulacion/install/lib/python3.12/site-packages/bender_description/moveit_execute_no_rviz.py
[3.480s] -- Installing: /home/robotica-06/bender_manipulacion/install/lib/python3.12/site-packages/bender_description/moveit_target_pose.py
[3.480s] -- Installing: /home/robotica-06/bender_manipulacion/install/lib/python3.12/site-packages/bender_description/__init__.py
[3.540s] Listing '/home/robotica-06/bender_manipulacion/install/lib/python3.12/site-packages/bender_description'...
[3.541s] Compiling '/home/robotica-06/bender_manipulacion/install/lib/python3.12/site-packages/bender_description/__init__.py'...
[3.541s] Compiling '/home/robotica-06/bender_manipulacion/install/lib/python3.12/site-packages/bender_description/joint_tester.py'...
[3.541s] Compiling '/home/robotica-06/bender_manipulacion/install/lib/python3.12/site-packages/bender_description/moveit_execute_no_rviz.py'...
[3.541s] Compiling '/home/robotica-06/bender_manipulacion/install/lib/python3.12/site-packages/bender_description/moveit_target_pose.py'...
[3.552s] -- Installing: /home/robotica-06/bender_manipulacion/install/lib/bender_description/moveit_execute_no_rviz.py
[3.553s] -- Installing: /home/robotica-06/bender_manipulacion/install/lib/bender_description/moveit_target_pose.py
[3.553s] -- Installing: /home/robotica-06/bender_manipulacion/install/share/ament_index/resource_index/package_run_dependencies/bender_description
[3.553s] -- Installing: /home/robotica-06/bender_manipulacion/install/share/ament_index/resource_index/parent_prefix_path/bender_description
[3.554s] -- Installing: /home/robotica-06/bender_manipulacion/install/share/bender_description/environment/ament_prefix_path.sh
[3.554s] -- Installing: /home/robotica-06/bender_manipulacion/install/share/bender_description/environment/ament_prefix_path.dsv
[3.555s] -- Installing: /home/robotica-06/bender_manipulacion/install/share/bender_description/environment/path.sh
[3.555s] -- Installing: /home/robotica-06/bender_manipulacion/install/share/bender_description/environment/path.dsv
[3.555s] -- Installing: /home/robotica-06/bender_manipulacion/install/share/bender_description/local_setup.bash
[3.556s] -- Installing: /home/robotica-06/bender_manipulacion/install/share/bender_description/local_setup.sh
[3.556s] -- Installing: /home/robotica-06/bender_manipulacion/install/share/bender_description/local_setup.zsh
[3.556s] -- Installing: /home/robotica-06/bender_manipulacion/install/share/bender_description/local_setup.dsv
[3.556s] -- Installing: /home/robotica-06/bender_manipulacion/install/share/bender_description/package.dsv
[3.557s] -- Installing: /home/robotica-06/bender_manipulacion/install/share/ament_index/resource_index/packages/bender_description
[3.557s] -- Installing: /home/robotica-06/bender_manipulacion/install/share/bender_description/cmake/bender_descriptionConfig.cmake
[3.557s] -- Installing: /home/robotica-06/bender_manipulacion/install/share/bender_description/cmake/bender_descriptionConfig-version.cmake
[3.557s] -- Installing: /home/robotica-06/bender_manipulacion/install/share/bender_description/package.xml
[3.562s] Invoked command in '/home/robotica-06/bender_manipulacion/build/bender_description' returned '0': DEBUGINFOD_URLS=https://debuginfod.ubuntu.com /usr/bin/cmake --install /home/robotica-06/bender_manipulacion/build/bender_description
