[0.053s] Invoking command in '/home/robotica-06/bender_manipulacion/build/bender_description': DEBUGINFOD_URLS=https://debuginfod.ubuntu.com /usr/bin/cmake --build /home/robotica-06/bender_manipulacion/build/bender_description -- -j8 -l8
[0.462s] Invoked command in '/home/robotica-06/bender_manipulacion/build/bender_description' returned '0': DEBUGINFOD_URLS=https://debuginfod.ubuntu.com /usr/bin/cmake --build /home/robotica-06/bender_manipulacion/build/bender_description -- -j8 -l8
[0.483s] Invoking command in '/home/robotica-06/bender_manipulacion/build/bender_description': DEBUGINFOD_URLS=https://debuginfod.ubuntu.com /usr/bin/cmake --install /home/robotica-06/bender_manipulacion/build/bender_description
[0.513s] -- Install configuration: ""
[0.513s] -- Up-to-date: /home/robotica-06/bender_manipulacion/install/share/bender_description/launch
[0.514s] -- Up-to-date: /home/robotica-06/bender_manipulacion/install/share/bender_description/launch/gazebo.launch.py
[0.514s] -- Up-to-date: /home/robotica-06/bender_manipulacion/install/share/bender_description/launch/bender_moveit_rviz.launch.py
[0.514s] -- Up-to-date: /home/robotica-06/bender_manipulacion/install/share/bender_description/launch/bender_moveit.launch.py
[0.515s] -- Up-to-date: /home/robotica-06/bender_manipulacion/install/share/bender_description/launch/display.launch.py
[0.515s] -- Up-to-date: /home/robotica-06/bender_manipulacion/install/share/bender_description/launch/rsp.launch.py
[0.515s] -- Up-to-date: /home/robotica-06/bender_manipulacion/install/share/bender_description/launch/bender_move_group.launch.py
[0.516s] -- Up-to-date: /home/robotica-06/bender_manipulacion/install/share/bender_description/urdf
[0.516s] -- Up-to-date: /home/robotica-06/bender_manipulacion/install/share/bender_description/urdf/rgbd_camera.xacro
[0.516s] -- Up-to-date: /home/robotica-06/bender_manipulacion/install/share/bender_description/urdf/ros2_control.xacro
[0.516s] -- Up-to-date: /home/robotica-06/bender_manipulacion/install/share/bender_description/urdf/bender.xacro
[0.516s] -- Up-to-date: /home/robotica-06/bender_manipulacion/install/share/bender_description/urdf/materials.xacro
[0.516s] -- Up-to-date: /home/robotica-06/bender_manipulacion/install/share/bender_description/urdf/bender.xml
[0.517s] -- Up-to-date: /home/robotica-06/bender_manipulacion/install/share/bender_description/config
[0.517s] -- Up-to-date: /home/robotica-06/bender_manipulacion/install/share/bender_description/config/gz_bridge.yaml
[0.517s] -- Up-to-date: /home/robotica-06/bender_manipulacion/install/share/bender_description/config/ompl_planning.yaml
[0.517s] -- Up-to-date: /home/robotica-06/bender_manipulacion/install/share/bender_description/config/controllers
[0.517s] -- Up-to-date: /home/robotica-06/bender_manipulacion/install/share/bender_description/config/controllers/joint_state_broadcaster.yaml
[0.517s] -- Up-to-date: /home/robotica-06/bender_manipulacion/install/share/bender_description/config/controllers/moveit_controllers
[0.518s] -- Up-to-date: /home/robotica-06/bender_manipulacion/install/share/bender_description/config/controllers/moveit_controllers/left_arm_controller.yaml
[0.518s] -- Up-to-date: /home/robotica-06/bender_manipulacion/install/share/bender_description/config/controllers/moveit_controllers/right_arm_controller.yaml
[0.518s] -- Up-to-date: /home/robotica-06/bender_manipulacion/install/share/bender_description/config/controllers/moveit_controllers/left_gripper_controller.yaml
[0.519s] -- Up-to-date: /home/robotica-06/bender_manipulacion/install/share/bender_description/config/controllers/moveit_controllers/head_controller.yaml
[0.519s] -- Up-to-date: /home/robotica-06/bender_manipulacion/install/share/bender_description/config/controllers/moveit_controllers/right_gripper_controller.yaml
[0.519s] -- Up-to-date: /home/robotica-06/bender_manipulacion/install/share/bender_description/config/controllers/gazebo_controllers
[0.520s] -- Up-to-date: /home/robotica-06/bender_manipulacion/install/share/bender_description/config/controllers/gazebo_controllers/right_arm.yaml
[0.520s] -- Up-to-date: /home/robotica-06/bender_manipulacion/install/share/bender_description/config/controllers/gazebo_controllers/left_gripper.yaml
[0.520s] -- Up-to-date: /home/robotica-06/bender_manipulacion/install/share/bender_description/config/controllers/gazebo_controllers/head.yaml
[0.520s] -- Up-to-date: /home/robotica-06/bender_manipulacion/install/share/bender_description/config/controllers/gazebo_controllers/right_gripper.yaml
[0.520s] -- Up-to-date: /home/robotica-06/bender_manipulacion/install/share/bender_description/config/controllers/gazebo_controllers/left_arm.yaml
[0.521s] -- Up-to-date: /home/robotica-06/bender_manipulacion/install/share/bender_description/config/controllers/controllers.yaml
[0.521s] -- Up-to-date: /home/robotica-06/bender_manipulacion/install/share/bender_description/config/controllers/initial_position.yaml
[0.521s] -- Up-to-date: /home/robotica-06/bender_manipulacion/install/share/bender_description/config/ros2_controllers.yaml
[0.521s] -- Up-to-date: /home/robotica-06/bender_manipulacion/install/share/bender_description/config/colors.yaml
[0.522s] -- Up-to-date: /home/robotica-06/bender_manipulacion/install/share/bender_description/rviz
[0.522s] -- Up-to-date: /home/robotica-06/bender_manipulacion/install/share/bender_description/rviz/rviz.rviz
[0.522s] -- Up-to-date: /home/robotica-06/bender_manipulacion/install/share/bender_description/meshes
[0.522s] -- Up-to-date: /home/robotica-06/bender_manipulacion/install/share/bender_description/meshes/g2la_1.stl
[0.522s] -- Up-to-date: /home/robotica-06/bender_manipulacion/install/share/bender_description/meshes/l3l_1.stl
[0.523s] -- Up-to-date: /home/robotica-06/bender_manipulacion/install/share/bender_description/meshes/l6l_1.stl
[0.523s] -- Up-to-date: /home/robotica-06/bender_manipulacion/install/share/bender_description/meshes/l2h_1.stl
[0.523s] -- Up-to-date: /home/robotica-06/bender_manipulacion/install/share/bender_description/meshes/laser_1.stl
[0.523s] -- Up-to-date: /home/robotica-06/bender_manipulacion/install/share/bender_description/meshes/wfr_1.stl
[0.524s] -- Up-to-date: /home/robotica-06/bender_manipulacion/install/share/bender_description/meshes/l5l_1.stl
[0.524s] -- Up-to-date: /home/robotica-06/bender_manipulacion/install/share/bender_description/meshes/wfl_1.stl
[0.524s] -- Up-to-date: /home/robotica-06/bender_manipulacion/install/share/bender_description/meshes/d435.stl
[0.524s] -- Up-to-date: /home/robotica-06/bender_manipulacion/install/share/bender_description/meshes/g2ra_1.stl
[0.525s] -- Up-to-date: /home/robotica-06/bender_manipulacion/install/share/bender_description/meshes/l4l_1.stl
[0.525s] -- Up-to-date: /home/robotica-06/bender_manipulacion/install/share/bender_description/meshes/real_sense_1.stl
[0.525s] -- Up-to-date: /home/robotica-06/bender_manipulacion/install/share/bender_description/meshes/l2r_1.stl
[0.526s] -- Up-to-date: /home/robotica-06/bender_manipulacion/install/share/bender_description/meshes/l1r_1.stl
[0.526s] -- Up-to-date: /home/robotica-06/bender_manipulacion/install/share/bender_description/meshes/base_link.stl
[0.526s] -- Up-to-date: /home/robotica-06/bender_manipulacion/install/share/bender_description/meshes/g1l_1.stl
[0.527s] -- Up-to-date: /home/robotica-06/bender_manipulacion/install/share/bender_description/meshes/l1h_1.stl
[0.527s] -- Up-to-date: /home/robotica-06/bender_manipulacion/install/share/bender_description/meshes/l4r_1.stl
[0.527s] -- Up-to-date: /home/robotica-06/bender_manipulacion/install/share/bender_description/meshes/g1r_1.stl
[0.527s] -- Up-to-date: /home/robotica-06/bender_manipulacion/install/share/bender_description/meshes/wrl_1.stl
[0.527s] -- Up-to-date: /home/robotica-06/bender_manipulacion/install/share/bender_description/meshes/l1l_1.stl
[0.528s] -- Up-to-date: /home/robotica-06/bender_manipulacion/install/share/bender_description/meshes/l2l_1.stl
[0.528s] -- Up-to-date: /home/robotica-06/bender_manipulacion/install/share/bender_description/meshes/l3r_1.stl
[0.528s] -- Up-to-date: /home/robotica-06/bender_manipulacion/install/share/bender_description/meshes/l6r_1.stl
[0.528s] -- Up-to-date: /home/robotica-06/bender_manipulacion/install/share/bender_description/meshes/g2lb_1.stl
[0.528s] -- Up-to-date: /home/robotica-06/bender_manipulacion/install/share/bender_description/meshes/wrr_1.stl
[0.528s] -- Up-to-date: /home/robotica-06/bender_manipulacion/install/share/bender_description/meshes/l5r_1.stl
[0.528s] -- Up-to-date: /home/robotica-06/bender_manipulacion/install/share/bender_description/meshes/g2rb_1.stl
[0.529s] -- Up-to-date: /home/robotica-06/bender_manipulacion/install/share/bender_description/worlds
[0.529s] -- Up-to-date: /home/robotica-06/bender_manipulacion/install/share/bender_description/worlds/empty.world
[0.529s] -- Up-to-date: /home/robotica-06/bender_manipulacion/install/share/ament_index/resource_index/package_run_dependencies/bender_description
[0.529s] -- Up-to-date: /home/robotica-06/bender_manipulacion/install/share/ament_index/resource_index/parent_prefix_path/bender_description
[0.530s] -- Up-to-date: /home/robotica-06/bender_manipulacion/install/share/bender_description/environment/ament_prefix_path.sh
[0.530s] -- Up-to-date: /home/robotica-06/bender_manipulacion/install/share/bender_description/environment/ament_prefix_path.dsv
[0.530s] -- Up-to-date: /home/robotica-06/bender_manipulacion/install/share/bender_description/environment/path.sh
[0.530s] -- Up-to-date: /home/robotica-06/bender_manipulacion/install/share/bender_description/environment/path.dsv
[0.530s] -- Up-to-date: /home/robotica-06/bender_manipulacion/install/share/bender_description/local_setup.bash
[0.530s] -- Up-to-date: /home/robotica-06/bender_manipulacion/install/share/bender_description/local_setup.sh
[0.531s] -- Up-to-date: /home/robotica-06/bender_manipulacion/install/share/bender_description/local_setup.zsh
[0.531s] -- Up-to-date: /home/robotica-06/bender_manipulacion/install/share/bender_description/local_setup.dsv
[0.531s] -- Up-to-date: /home/robotica-06/bender_manipulacion/install/share/bender_description/package.dsv
[0.531s] -- Up-to-date: /home/robotica-06/bender_manipulacion/install/share/ament_index/resource_index/packages/bender_description
[0.531s] -- Up-to-date: /home/robotica-06/bender_manipulacion/install/share/bender_description/cmake/bender_descriptionConfig.cmake
[0.531s] -- Up-to-date: /home/robotica-06/bender_manipulacion/install/share/bender_description/cmake/bender_descriptionConfig-version.cmake
[0.531s] -- Up-to-date: /home/robotica-06/bender_manipulacion/install/share/bender_description/package.xml
[0.532s] Invoked command in '/home/robotica-06/bender_manipulacion/build/bender_description' returned '0': DEBUGINFOD_URLS=https://debuginfod.ubuntu.com /usr/bin/cmake --install /home/robotica-06/bender_manipulacion/build/bender_description
