[0.165s] DEBUG:colcon:Command line arguments: ['/usr/bin/colcon', 'build', '--merge-install']
[0.165s] DEBUG:colcon:Parsed command line arguments: Namespace(log_base=None, log_level=None, verb_name='build', build_base='build', install_base='install', merge_install=True, symlink_install=False, test_result_base=None, continue_on_error=False, executor='parallel', parallel_workers=8, event_handlers=None, ignore_user_meta=False, metas=['./colcon.meta'], base_paths=['.'], packages_ignore=None, packages_ignore_regex=None, paths=None, packages_up_to=None, packages_up_to_regex=None, packages_above=None, packages_above_and_dependencies=None, packages_above_depth=None, packages_select_by_dep=None, packages_skip_by_dep=None, packages_skip_up_to=None, packages_select_build_failed=False, packages_skip_build_finished=False, packages_select_test_failures=False, packages_skip_test_passed=False, packages_select=None, packages_skip=None, packages_select_regex=None, packages_skip_regex=None, packages_start=None, packages_end=None, allow_overriding=[], cmake_args=None, cmake_target=None, cmake_target_skip_unavailable=False, cmake_clean_cache=False, cmake_clean_first=False, cmake_force_configure=False, ament_cmake_args=None, catkin_cmake_args=None, catkin_skip_building_tests=False, mixin_files=None, mixin=None, verb_parser=<colcon_mixin.mixin.mixin_argument.MixinArgumentDecorator object at 0x7b5c0b4de960>, verb_extension=<colcon_core.verb.build.BuildVerb object at 0x7b5c0b4de630>, main=<bound method BuildVerb.main of <colcon_core.verb.build.BuildVerb object at 0x7b5c0b4de630>>, mixin_verb=('build',))
[0.213s] Level 1:colcon.colcon_core.package_discovery:discover_packages(colcon_meta) check parameters
[0.213s] Level 1:colcon.colcon_core.package_discovery:discover_packages(recursive) check parameters
[0.213s] Level 1:colcon.colcon_core.package_discovery:discover_packages(ignore) check parameters
[0.213s] Level 1:colcon.colcon_core.package_discovery:discover_packages(path) check parameters
[0.213s] Level 1:colcon.colcon_core.package_discovery:discover_packages(colcon_meta) discover
[0.214s] Level 1:colcon.colcon_core.package_discovery:discover_packages(recursive) discover
[0.214s] INFO:colcon.colcon_core.package_discovery:Crawling recursively for packages in '/home/robotica-06/bender_manipulacion'
[0.214s] Level 1:colcon.colcon_core.package_identification:_identify(.) by extensions ['ignore', 'ignore_ament_install']
[0.214s] Level 1:colcon.colcon_core.package_identification:_identify(.) by extension 'ignore'
[0.214s] Level 1:colcon.colcon_core.package_identification:_identify(.) by extension 'ignore_ament_install'
[0.214s] Level 1:colcon.colcon_core.package_identification:_identify(.) by extensions ['colcon_pkg']
[0.214s] Level 1:colcon.colcon_core.package_identification:_identify(.) by extension 'colcon_pkg'
[0.214s] Level 1:colcon.colcon_core.package_identification:_identify(.) by extensions ['colcon_meta']
[0.214s] Level 1:colcon.colcon_core.package_identification:_identify(.) by extension 'colcon_meta'
[0.214s] Level 1:colcon.colcon_core.package_identification:_identify(.) by extensions ['ros']
[0.214s] Level 1:colcon.colcon_core.package_identification:_identify(.) by extension 'ros'
[0.248s] Level 1:colcon.colcon_core.package_identification:_identify(.) by extensions ['cmake', 'python']
[0.248s] Level 1:colcon.colcon_core.package_identification:_identify(.) by extension 'cmake'
[0.248s] Level 1:colcon.colcon_core.package_identification:_identify(.) by extension 'python'
[0.248s] Level 1:colcon.colcon_core.package_identification:_identify(.) by extensions ['python_setup_py']
[0.248s] Level 1:colcon.colcon_core.package_identification:_identify(.) by extension 'python_setup_py'
[0.249s] Level 1:colcon.colcon_core.package_identification:_identify(build) by extensions ['ignore', 'ignore_ament_install']
[0.249s] Level 1:colcon.colcon_core.package_identification:_identify(build) by extension 'ignore'
[0.249s] Level 1:colcon.colcon_core.package_identification:_identify(build) ignored
[0.249s] Level 1:colcon.colcon_core.package_identification:_identify(install) by extensions ['ignore', 'ignore_ament_install']
[0.249s] Level 1:colcon.colcon_core.package_identification:_identify(install) by extension 'ignore'
[0.249s] Level 1:colcon.colcon_core.package_identification:_identify(install) ignored
[0.250s] Level 1:colcon.colcon_core.package_identification:_identify(log) by extensions ['ignore', 'ignore_ament_install']
[0.250s] Level 1:colcon.colcon_core.package_identification:_identify(log) by extension 'ignore'
[0.250s] Level 1:colcon.colcon_core.package_identification:_identify(log) ignored
[0.250s] Level 1:colcon.colcon_core.package_identification:_identify(src) by extensions ['ignore', 'ignore_ament_install']
[0.250s] Level 1:colcon.colcon_core.package_identification:_identify(src) by extension 'ignore'
[0.250s] Level 1:colcon.colcon_core.package_identification:_identify(src) by extension 'ignore_ament_install'
[0.250s] Level 1:colcon.colcon_core.package_identification:_identify(src) by extensions ['colcon_pkg']
[0.250s] Level 1:colcon.colcon_core.package_identification:_identify(src) by extension 'colcon_pkg'
[0.251s] Level 1:colcon.colcon_core.package_identification:_identify(src) by extensions ['colcon_meta']
[0.251s] Level 1:colcon.colcon_core.package_identification:_identify(src) by extension 'colcon_meta'
[0.251s] Level 1:colcon.colcon_core.package_identification:_identify(src) by extensions ['ros']
[0.251s] Level 1:colcon.colcon_core.package_identification:_identify(src) by extension 'ros'
[0.251s] Level 1:colcon.colcon_core.package_identification:_identify(src) by extensions ['cmake', 'python']
[0.251s] Level 1:colcon.colcon_core.package_identification:_identify(src) by extension 'cmake'
[0.251s] Level 1:colcon.colcon_core.package_identification:_identify(src) by extension 'python'
[0.251s] Level 1:colcon.colcon_core.package_identification:_identify(src) by extensions ['python_setup_py']
[0.251s] Level 1:colcon.colcon_core.package_identification:_identify(src) by extension 'python_setup_py'
[0.252s] Level 1:colcon.colcon_core.package_identification:_identify(src/bender_description) by extensions ['ignore', 'ignore_ament_install']
[0.252s] Level 1:colcon.colcon_core.package_identification:_identify(src/bender_description) by extension 'ignore'
[0.252s] Level 1:colcon.colcon_core.package_identification:_identify(src/bender_description) by extension 'ignore_ament_install'
[0.252s] Level 1:colcon.colcon_core.package_identification:_identify(src/bender_description) by extensions ['colcon_pkg']
[0.252s] Level 1:colcon.colcon_core.package_identification:_identify(src/bender_description) by extension 'colcon_pkg'
[0.252s] Level 1:colcon.colcon_core.package_identification:_identify(src/bender_description) by extensions ['colcon_meta']
[0.252s] Level 1:colcon.colcon_core.package_identification:_identify(src/bender_description) by extension 'colcon_meta'
[0.252s] Level 1:colcon.colcon_core.package_identification:_identify(src/bender_description) by extensions ['ros']
[0.252s] Level 1:colcon.colcon_core.package_identification:_identify(src/bender_description) by extension 'ros'
[0.257s] DEBUG:colcon.colcon_core.package_identification:Package 'src/bender_description' with type 'ros.catkin' and name 'bender_description'
[0.257s] Level 1:colcon.colcon_core.package_identification:_identify(src/bender_moveit_config) by extensions ['ignore', 'ignore_ament_install']
[0.257s] Level 1:colcon.colcon_core.package_identification:_identify(src/bender_moveit_config) by extension 'ignore'
[0.257s] Level 1:colcon.colcon_core.package_identification:_identify(src/bender_moveit_config) by extension 'ignore_ament_install'
[0.257s] Level 1:colcon.colcon_core.package_identification:_identify(src/bender_moveit_config) by extensions ['colcon_pkg']
[0.257s] Level 1:colcon.colcon_core.package_identification:_identify(src/bender_moveit_config) by extension 'colcon_pkg'
[0.257s] Level 1:colcon.colcon_core.package_identification:_identify(src/bender_moveit_config) by extensions ['colcon_meta']
[0.257s] Level 1:colcon.colcon_core.package_identification:_identify(src/bender_moveit_config) by extension 'colcon_meta'
[0.257s] Level 1:colcon.colcon_core.package_identification:_identify(src/bender_moveit_config) by extensions ['ros']
[0.257s] Level 1:colcon.colcon_core.package_identification:_identify(src/bender_moveit_config) by extension 'ros'
[0.259s] DEBUG:colcon.colcon_core.package_identification:Package 'src/bender_moveit_config' with type 'ros.ament_cmake' and name 'bender_moveit_config'
[0.259s] Level 1:colcon.colcon_core.package_identification:_identify(src/bender_moveit_scripts) by extensions ['ignore', 'ignore_ament_install']
[0.259s] Level 1:colcon.colcon_core.package_identification:_identify(src/bender_moveit_scripts) by extension 'ignore'
[0.260s] Level 1:colcon.colcon_core.package_identification:_identify(src/bender_moveit_scripts) by extension 'ignore_ament_install'
[0.260s] Level 1:colcon.colcon_core.package_identification:_identify(src/bender_moveit_scripts) by extensions ['colcon_pkg']
[0.260s] Level 1:colcon.colcon_core.package_identification:_identify(src/bender_moveit_scripts) by extension 'colcon_pkg'
[0.260s] Level 1:colcon.colcon_core.package_identification:_identify(src/bender_moveit_scripts) by extensions ['colcon_meta']
[0.260s] Level 1:colcon.colcon_core.package_identification:_identify(src/bender_moveit_scripts) by extension 'colcon_meta'
[0.260s] Level 1:colcon.colcon_core.package_identification:_identify(src/bender_moveit_scripts) by extensions ['ros']
[0.260s] Level 1:colcon.colcon_core.package_identification:_identify(src/bender_moveit_scripts) by extension 'ros'
[0.261s] DEBUG:colcon.colcon_core.package_identification:Package 'src/bender_moveit_scripts' with type 'ros.ament_python' and name 'bender_moveit_scripts'
[0.262s] Level 1:colcon.colcon_core.package_identification:_identify(src/bender_pick_place_cpp) by extensions ['ignore', 'ignore_ament_install']
[0.262s] Level 1:colcon.colcon_core.package_identification:_identify(src/bender_pick_place_cpp) by extension 'ignore'
[0.262s] Level 1:colcon.colcon_core.package_identification:_identify(src/bender_pick_place_cpp) by extension 'ignore_ament_install'
[0.262s] Level 1:colcon.colcon_core.package_identification:_identify(src/bender_pick_place_cpp) by extensions ['colcon_pkg']
[0.262s] Level 1:colcon.colcon_core.package_identification:_identify(src/bender_pick_place_cpp) by extension 'colcon_pkg'
[0.262s] Level 1:colcon.colcon_core.package_identification:_identify(src/bender_pick_place_cpp) by extensions ['colcon_meta']
[0.262s] Level 1:colcon.colcon_core.package_identification:_identify(src/bender_pick_place_cpp) by extension 'colcon_meta'
[0.262s] Level 1:colcon.colcon_core.package_identification:_identify(src/bender_pick_place_cpp) by extensions ['ros']
[0.263s] Level 1:colcon.colcon_core.package_identification:_identify(src/bender_pick_place_cpp) by extension 'ros'
[0.264s] DEBUG:colcon.colcon_core.package_identification:Package 'src/bender_pick_place_cpp' with type 'ros.ament_cmake' and name 'bender_pick_place_cpp'
[0.264s] Level 1:colcon.colcon_core.package_discovery:discover_packages(recursive) using defaults
[0.264s] Level 1:colcon.colcon_core.package_discovery:discover_packages(ignore) discover
[0.264s] Level 1:colcon.colcon_core.package_discovery:discover_packages(ignore) using defaults
[0.264s] Level 1:colcon.colcon_core.package_discovery:discover_packages(path) discover
[0.264s] Level 1:colcon.colcon_core.package_discovery:discover_packages(path) using defaults
[0.287s] Level 1:colcon.colcon_core.package_discovery:discover_packages(prefix_path) check parameters
[0.287s] Level 1:colcon.colcon_core.package_discovery:discover_packages(prefix_path) discover
[0.289s] WARNING:colcon.colcon_ros.prefix_path.ament:The path '/home/robotica-06/bender_manipulacion/install' in the environment variable AMENT_PREFIX_PATH doesn't contain any 'local_setup.*' files.
[0.295s] DEBUG:colcon.colcon_installed_package_information.package_discovery:Found 0 installed packages in /home/robotica-06/bender_manipulacion/install
[0.298s] DEBUG:colcon.colcon_installed_package_information.package_discovery:Found 71 installed packages in /home/robotica-06/ws_moveit/install
[0.301s] DEBUG:colcon.colcon_installed_package_information.package_discovery:Found 398 installed packages in /opt/ros/jazzy
[0.304s] Level 1:colcon.colcon_core.package_discovery:discover_packages(prefix_path) using defaults
[0.396s] Level 5:colcon.colcon_core.verb:set package 'bender_description' build argument 'cmake_args' from command line to 'None'
[0.396s] Level 5:colcon.colcon_core.verb:set package 'bender_description' build argument 'cmake_target' from command line to 'None'
[0.396s] Level 5:colcon.colcon_core.verb:set package 'bender_description' build argument 'cmake_target_skip_unavailable' from command line to 'False'
[0.396s] Level 5:colcon.colcon_core.verb:set package 'bender_description' build argument 'cmake_clean_cache' from command line to 'False'
[0.396s] Level 5:colcon.colcon_core.verb:set package 'bender_description' build argument 'cmake_clean_first' from command line to 'False'
[0.396s] Level 5:colcon.colcon_core.verb:set package 'bender_description' build argument 'cmake_force_configure' from command line to 'False'
[0.396s] Level 5:colcon.colcon_core.verb:set package 'bender_description' build argument 'ament_cmake_args' from command line to 'None'
[0.397s] Level 5:colcon.colcon_core.verb:set package 'bender_description' build argument 'catkin_cmake_args' from command line to 'None'
[0.397s] Level 5:colcon.colcon_core.verb:set package 'bender_description' build argument 'catkin_skip_building_tests' from command line to 'False'
[0.397s] DEBUG:colcon.colcon_core.verb:Building package 'bender_description' with the following arguments: {'ament_cmake_args': None, 'build_base': '/home/robotica-06/bender_manipulacion/build/bender_description', 'catkin_cmake_args': None, 'catkin_skip_building_tests': False, 'cmake_args': None, 'cmake_clean_cache': False, 'cmake_clean_first': False, 'cmake_force_configure': False, 'cmake_target': None, 'cmake_target_skip_unavailable': False, 'install_base': '/home/robotica-06/bender_manipulacion/install', 'merge_install': True, 'path': '/home/robotica-06/bender_manipulacion/src/bender_description', 'symlink_install': False, 'test_result_base': None}
[0.397s] Level 5:colcon.colcon_core.verb:set package 'bender_moveit_scripts' build argument 'cmake_args' from command line to 'None'
[0.397s] Level 5:colcon.colcon_core.verb:set package 'bender_moveit_scripts' build argument 'cmake_target' from command line to 'None'
[0.397s] Level 5:colcon.colcon_core.verb:set package 'bender_moveit_scripts' build argument 'cmake_target_skip_unavailable' from command line to 'False'
[0.397s] Level 5:colcon.colcon_core.verb:set package 'bender_moveit_scripts' build argument 'cmake_clean_cache' from command line to 'False'
[0.397s] Level 5:colcon.colcon_core.verb:set package 'bender_moveit_scripts' build argument 'cmake_clean_first' from command line to 'False'
[0.397s] Level 5:colcon.colcon_core.verb:set package 'bender_moveit_scripts' build argument 'cmake_force_configure' from command line to 'False'
[0.397s] Level 5:colcon.colcon_core.verb:set package 'bender_moveit_scripts' build argument 'ament_cmake_args' from command line to 'None'
[0.397s] Level 5:colcon.colcon_core.verb:set package 'bender_moveit_scripts' build argument 'catkin_cmake_args' from command line to 'None'
[0.397s] Level 5:colcon.colcon_core.verb:set package 'bender_moveit_scripts' build argument 'catkin_skip_building_tests' from command line to 'False'
[0.397s] DEBUG:colcon.colcon_core.verb:Building package 'bender_moveit_scripts' with the following arguments: {'ament_cmake_args': None, 'build_base': '/home/robotica-06/bender_manipulacion/build/bender_moveit_scripts', 'catkin_cmake_args': None, 'catkin_skip_building_tests': False, 'cmake_args': None, 'cmake_clean_cache': False, 'cmake_clean_first': False, 'cmake_force_configure': False, 'cmake_target': None, 'cmake_target_skip_unavailable': False, 'install_base': '/home/robotica-06/bender_manipulacion/install', 'merge_install': True, 'path': '/home/robotica-06/bender_manipulacion/src/bender_moveit_scripts', 'symlink_install': False, 'test_result_base': None}
[0.398s] Level 5:colcon.colcon_core.verb:set package 'bender_pick_place_cpp' build argument 'cmake_args' from command line to 'None'
[0.398s] Level 5:colcon.colcon_core.verb:set package 'bender_pick_place_cpp' build argument 'cmake_target' from command line to 'None'
[0.398s] Level 5:colcon.colcon_core.verb:set package 'bender_pick_place_cpp' build argument 'cmake_target_skip_unavailable' from command line to 'False'
[0.398s] Level 5:colcon.colcon_core.verb:set package 'bender_pick_place_cpp' build argument 'cmake_clean_cache' from command line to 'False'
[0.398s] Level 5:colcon.colcon_core.verb:set package 'bender_pick_place_cpp' build argument 'cmake_clean_first' from command line to 'False'
[0.398s] Level 5:colcon.colcon_core.verb:set package 'bender_pick_place_cpp' build argument 'cmake_force_configure' from command line to 'False'
[0.398s] Level 5:colcon.colcon_core.verb:set package 'bender_pick_place_cpp' build argument 'ament_cmake_args' from command line to 'None'
[0.398s] Level 5:colcon.colcon_core.verb:set package 'bender_pick_place_cpp' build argument 'catkin_cmake_args' from command line to 'None'
[0.398s] Level 5:colcon.colcon_core.verb:set package 'bender_pick_place_cpp' build argument 'catkin_skip_building_tests' from command line to 'False'
[0.398s] DEBUG:colcon.colcon_core.verb:Building package 'bender_pick_place_cpp' with the following arguments: {'ament_cmake_args': None, 'build_base': '/home/robotica-06/bender_manipulacion/build/bender_pick_place_cpp', 'catkin_cmake_args': None, 'catkin_skip_building_tests': False, 'cmake_args': None, 'cmake_clean_cache': False, 'cmake_clean_first': False, 'cmake_force_configure': False, 'cmake_target': None, 'cmake_target_skip_unavailable': False, 'install_base': '/home/robotica-06/bender_manipulacion/install', 'merge_install': True, 'path': '/home/robotica-06/bender_manipulacion/src/bender_pick_place_cpp', 'symlink_install': False, 'test_result_base': None}
[0.398s] Level 5:colcon.colcon_core.verb:set package 'bender_moveit_config' build argument 'cmake_args' from command line to 'None'
[0.398s] Level 5:colcon.colcon_core.verb:set package 'bender_moveit_config' build argument 'cmake_target' from command line to 'None'
[0.398s] Level 5:colcon.colcon_core.verb:set package 'bender_moveit_config' build argument 'cmake_target_skip_unavailable' from command line to 'False'
[0.398s] Level 5:colcon.colcon_core.verb:set package 'bender_moveit_config' build argument 'cmake_clean_cache' from command line to 'False'
[0.399s] Level 5:colcon.colcon_core.verb:set package 'bender_moveit_config' build argument 'cmake_clean_first' from command line to 'False'
[0.399s] Level 5:colcon.colcon_core.verb:set package 'bender_moveit_config' build argument 'cmake_force_configure' from command line to 'False'
[0.399s] Level 5:colcon.colcon_core.verb:set package 'bender_moveit_config' build argument 'ament_cmake_args' from command line to 'None'
[0.399s] Level 5:colcon.colcon_core.verb:set package 'bender_moveit_config' build argument 'catkin_cmake_args' from command line to 'None'
[0.399s] Level 5:colcon.colcon_core.verb:set package 'bender_moveit_config' build argument 'catkin_skip_building_tests' from command line to 'False'
[0.399s] DEBUG:colcon.colcon_core.verb:Building package 'bender_moveit_config' with the following arguments: {'ament_cmake_args': None, 'build_base': '/home/robotica-06/bender_manipulacion/build/bender_moveit_config', 'catkin_cmake_args': None, 'catkin_skip_building_tests': False, 'cmake_args': None, 'cmake_clean_cache': False, 'cmake_clean_first': False, 'cmake_force_configure': False, 'cmake_target': None, 'cmake_target_skip_unavailable': False, 'install_base': '/home/robotica-06/bender_manipulacion/install', 'merge_install': True, 'path': '/home/robotica-06/bender_manipulacion/src/bender_moveit_config', 'symlink_install': False, 'test_result_base': None}
[0.399s] INFO:colcon.colcon_core.executor:Executing jobs using 'parallel' executor
[0.400s] DEBUG:colcon.colcon_parallel_executor.executor.parallel:run_until_complete
[0.401s] INFO:colcon.colcon_ros.task.catkin.build:Building ROS package in '/home/robotica-06/bender_manipulacion/src/bender_description' with build type 'catkin'
[0.401s] INFO:colcon.colcon_cmake.task.cmake.build:Building CMake package in '/home/robotica-06/bender_manipulacion/src/bender_description'
[0.404s] INFO:colcon.colcon_core.plugin_system:Skipping extension 'colcon_core.shell.bat': Not used on non-Windows systems
[0.404s] INFO:colcon.colcon_core.shell:Skip shell extension 'powershell' for command environment: Not usable outside of PowerShell
[0.404s] DEBUG:colcon.colcon_core.shell:Skip shell extension 'dsv' for command environment
[0.418s] INFO:colcon.colcon_ros.task.ament_python.build:Building ROS package in '/home/robotica-06/bender_manipulacion/src/bender_moveit_scripts' with build type 'ament_python'
[0.418s] Level 1:colcon.colcon_core.shell:create_environment_hook('bender_moveit_scripts', 'ament_prefix_path')
[0.418s] INFO:colcon.colcon_core.shell:Creating environment hook '/home/robotica-06/bender_manipulacion/install/share/bender_moveit_scripts/hook/ament_prefix_path.ps1'
[0.419s] INFO:colcon.colcon_core.shell:Creating environment descriptor '/home/robotica-06/bender_manipulacion/install/share/bender_moveit_scripts/hook/ament_prefix_path.dsv'
[0.420s] INFO:colcon.colcon_core.shell:Creating environment hook '/home/robotica-06/bender_manipulacion/install/share/bender_moveit_scripts/hook/ament_prefix_path.sh'
[0.420s] INFO:colcon.colcon_core.shell:Skip shell extension 'powershell' for command environment: Not usable outside of PowerShell
[0.420s] DEBUG:colcon.colcon_core.shell:Skip shell extension 'dsv' for command environment
[0.434s] INFO:colcon.colcon_ros.task.ament_cmake.build:Building ROS package in '/home/robotica-06/bender_manipulacion/src/bender_pick_place_cpp' with build type 'ament_cmake'
[0.434s] INFO:colcon.colcon_cmake.task.cmake.build:Building CMake package in '/home/robotica-06/bender_manipulacion/src/bender_pick_place_cpp'
[0.434s] INFO:colcon.colcon_core.shell:Skip shell extension 'powershell' for command environment: Not usable outside of PowerShell
[0.434s] DEBUG:colcon.colcon_core.shell:Skip shell extension 'dsv' for command environment
[0.452s] DEBUG:colcon.colcon_core.event_handler.log_command:Invoking command in '/home/robotica-06/bender_manipulacion/build/bender_description': DEBUGINFOD_URLS=https://debuginfod.ubuntu.com /usr/bin/cmake /home/robotica-06/bender_manipulacion/src/bender_description -DCATKIN_INSTALL_INTO_PREFIX_ROOT=0 -DCMAKE_INSTALL_PREFIX=/home/robotica-06/bender_manipulacion/install
[0.865s] INFO:colcon.colcon_core.task.python.build:Building Python package in '/home/robotica-06/bender_manipulacion/src/bender_moveit_scripts'
[0.865s] INFO:colcon.colcon_core.shell:Skip shell extension 'powershell' for command environment: Not usable outside of PowerShell
[0.865s] DEBUG:colcon.colcon_core.shell:Skip shell extension 'dsv' for command environment
[0.886s] DEBUG:colcon.colcon_core.event_handler.log_command:Invoking command in '/home/robotica-06/bender_manipulacion/build/bender_pick_place_cpp': CMAKE_PREFIX_PATH=${CMAKE_PREFIX_PATH}:/home/robotica-06/ws_moveit/install/moveit_configs_utils:/opt/ros/jazzy DEBUGINFOD_URLS=https://debuginfod.ubuntu.com /usr/bin/cmake /home/robotica-06/bender_manipulacion/src/bender_pick_place_cpp -DCMAKE_INSTALL_PREFIX=/home/robotica-06/bender_manipulacion/install
[1.870s] DEBUG:colcon.colcon_core.event_handler.log_command:Invoked command in '/home/robotica-06/bender_manipulacion/build/bender_description' returned '0': DEBUGINFOD_URLS=https://debuginfod.ubuntu.com /usr/bin/cmake /home/robotica-06/bender_manipulacion/src/bender_description -DCATKIN_INSTALL_INTO_PREFIX_ROOT=0 -DCMAKE_INSTALL_PREFIX=/home/robotica-06/bender_manipulacion/install
[1.872s] DEBUG:colcon.colcon_core.event_handler.log_command:Invoking command in '/home/robotica-06/bender_manipulacion/build/bender_description': DEBUGINFOD_URLS=https://debuginfod.ubuntu.com /usr/bin/cmake --build /home/robotica-06/bender_manipulacion/build/bender_description -- -j8 -l8
[1.934s] DEBUG:colcon.colcon_core.event_handler.log_command:Invoked command in '/home/robotica-06/bender_manipulacion/build/bender_description' returned '0': DEBUGINFOD_URLS=https://debuginfod.ubuntu.com /usr/bin/cmake --build /home/robotica-06/bender_manipulacion/build/bender_description -- -j8 -l8
[1.951s] DEBUG:colcon.colcon_core.event_handler.log_command:Invoking command in '/home/robotica-06/bender_manipulacion/build/bender_description': DEBUGINFOD_URLS=https://debuginfod.ubuntu.com /usr/bin/cmake --install /home/robotica-06/bender_manipulacion/build/bender_description
[2.002s] DEBUG:colcon.colcon_core.event_handler.log_command:Invoked command in '/home/robotica-06/bender_manipulacion/build/bender_description' returned '0': DEBUGINFOD_URLS=https://debuginfod.ubuntu.com /usr/bin/cmake --install /home/robotica-06/bender_manipulacion/build/bender_description
[2.003s] Level 1:colcon.colcon_core.shell:create_environment_hook('bender_description', 'ros_package_path')
[2.003s] INFO:colcon.colcon_core.shell:Creating environment hook '/home/robotica-06/bender_manipulacion/install/share/bender_description/hook/ros_package_path.ps1'
[2.004s] INFO:colcon.colcon_core.shell:Creating environment descriptor '/home/robotica-06/bender_manipulacion/install/share/bender_description/hook/ros_package_path.dsv'
[2.004s] INFO:colcon.colcon_core.shell:Creating environment hook '/home/robotica-06/bender_manipulacion/install/share/bender_description/hook/ros_package_path.sh'
[2.005s] Level 1:colcon.colcon_core.shell:create_environment_hook('bender_description', 'pkg_config_path')
[2.005s] INFO:colcon.colcon_core.shell:Creating environment hook '/home/robotica-06/bender_manipulacion/install/share/bender_description/hook/pkg_config_path.ps1'
[2.005s] INFO:colcon.colcon_core.shell:Creating environment descriptor '/home/robotica-06/bender_manipulacion/install/share/bender_description/hook/pkg_config_path.dsv'
[2.006s] INFO:colcon.colcon_core.shell:Creating environment hook '/home/robotica-06/bender_manipulacion/install/share/bender_description/hook/pkg_config_path.sh'
[2.008s] Level 1:colcon.colcon_core.shell:create_environment_hook('bender_description', 'pkg_config_path_multiarch')
[2.008s] INFO:colcon.colcon_core.shell:Creating environment hook '/home/robotica-06/bender_manipulacion/install/share/bender_description/hook/pkg_config_path_multiarch.ps1'
[2.009s] INFO:colcon.colcon_core.shell:Creating environment descriptor '/home/robotica-06/bender_manipulacion/install/share/bender_description/hook/pkg_config_path_multiarch.dsv'
[2.009s] INFO:colcon.colcon_core.shell:Creating environment hook '/home/robotica-06/bender_manipulacion/install/share/bender_description/hook/pkg_config_path_multiarch.sh'
[2.010s] Level 1:colcon.colcon_core.environment:create_environment_scripts_only(bender_description)
[2.013s] Level 1:colcon.colcon_core.environment:checking '/home/robotica-06/bender_manipulacion/install' for CMake module files
[2.014s] Level 1:colcon.colcon_core.environment:checking '/home/robotica-06/bender_manipulacion/install' for CMake config files
[2.014s] Level 1:colcon.colcon_core.shell:create_environment_hook('bender_description', 'cmake_prefix_path')
[2.015s] INFO:colcon.colcon_core.shell:Creating environment hook '/home/robotica-06/bender_manipulacion/install/share/bender_description/hook/cmake_prefix_path.ps1'
[2.015s] INFO:colcon.colcon_core.shell:Creating environment descriptor '/home/robotica-06/bender_manipulacion/install/share/bender_description/hook/cmake_prefix_path.dsv'
[2.016s] INFO:colcon.colcon_core.shell:Creating environment hook '/home/robotica-06/bender_manipulacion/install/share/bender_description/hook/cmake_prefix_path.sh'
[2.017s] Level 1:colcon.colcon_core.environment:checking '/home/robotica-06/bender_manipulacion/install/lib'
[2.017s] Level 1:colcon.colcon_core.environment:checking '/home/robotica-06/bender_manipulacion/install/bin'
[2.017s] Level 1:colcon.colcon_core.environment:checking '/home/robotica-06/bender_manipulacion/install/lib/pkgconfig/bender_description.pc'
[2.018s] Level 1:colcon.colcon_core.environment:checking '/home/robotica-06/bender_manipulacion/install/lib/python3.12/site-packages'
[2.018s] Level 1:colcon.colcon_core.shell:create_environment_hook('bender_description', 'pythonpath')
[2.018s] INFO:colcon.colcon_core.shell:Creating environment hook '/home/robotica-06/bender_manipulacion/install/share/bender_description/hook/pythonpath.ps1'
[2.019s] INFO:colcon.colcon_core.shell:Creating environment descriptor '/home/robotica-06/bender_manipulacion/install/share/bender_description/hook/pythonpath.dsv'
[2.019s] INFO:colcon.colcon_core.shell:Creating environment hook '/home/robotica-06/bender_manipulacion/install/share/bender_description/hook/pythonpath.sh'
[2.020s] Level 1:colcon.colcon_core.environment:checking '/home/robotica-06/bender_manipulacion/install/bin'
[2.021s] INFO:colcon.colcon_core.shell:Creating package script '/home/robotica-06/bender_manipulacion/install/share/bender_description/package.ps1'
[2.022s] INFO:colcon.colcon_core.shell:Creating package descriptor '/home/robotica-06/bender_manipulacion/install/share/bender_description/package.dsv'
[2.023s] INFO:colcon.colcon_core.shell:Creating package script '/home/robotica-06/bender_manipulacion/install/share/bender_description/package.sh'
[2.024s] INFO:colcon.colcon_core.shell:Creating package script '/home/robotica-06/bender_manipulacion/install/share/bender_description/package.bash'
[2.025s] INFO:colcon.colcon_core.shell:Creating package script '/home/robotica-06/bender_manipulacion/install/share/bender_description/package.zsh'
[2.041s] Level 1:colcon.colcon_core.environment:create_file_with_runtime_dependencies(/home/robotica-06/bender_manipulacion/install/share/colcon-core/packages/bender_description)
[2.041s] INFO:colcon.colcon_ros.task.ament_cmake.build:Building ROS package in '/home/robotica-06/bender_manipulacion/src/bender_moveit_config' with build type 'ament_cmake'
[2.042s] INFO:colcon.colcon_cmake.task.cmake.build:Building CMake package in '/home/robotica-06/bender_manipulacion/src/bender_moveit_config'
[2.042s] INFO:colcon.colcon_core.shell:Skip shell extension 'powershell' for command environment: Not usable outside of PowerShell
[2.042s] DEBUG:colcon.colcon_core.shell:Skip shell extension 'dsv' for command environment
[2.047s] WARNING:colcon.colcon_ros.prefix_path.catkin:The path '/home/robotica-06/bender_manipulacion/install' in the environment variable CMAKE_PREFIX_PATH seems to be a catkin workspace but it doesn't contain any 'local_setup.*' files. Maybe the catkin version is not up-to-date?
[2.065s] DEBUG:colcon.colcon_core.event_handler.log_command:Invoking command in '/home/robotica-06/bender_manipulacion/build/bender_moveit_config': CMAKE_PREFIX_PATH=/home/robotica-06/ws_moveit/install/moveit_configs_utils:/opt/ros/jazzy:${CMAKE_PREFIX_PATH} DEBUGINFOD_URLS=https://debuginfod.ubuntu.com /usr/bin/cmake /home/robotica-06/bender_manipulacion/src/bender_moveit_config -DCMAKE_INSTALL_PREFIX=/home/robotica-06/bender_manipulacion/install
[2.222s] DEBUG:colcon.colcon_core.event_handler.log_command:Invoking command in '/home/robotica-06/bender_manipulacion/src/bender_moveit_scripts': DEBUGINFOD_URLS=https://debuginfod.ubuntu.com PYTHONPATH=/home/robotica-06/bender_manipulacion/build/bender_moveit_scripts/prefix_override:/usr/lib/python3/dist-packages/colcon_core/task/python/colcon_distutils_commands:/home/robotica-06/bender_manipulacion/install/lib/python3.12/site-packages:${PYTHONPATH} /usr/bin/python3 -W ignore:setup.py install is deprecated -W ignore:easy_install command is deprecated setup.py egg_info --egg-base ../../build/bender_moveit_scripts build --build-base /home/robotica-06/bender_manipulacion/build/bender_moveit_scripts/build install --record /home/robotica-06/bender_manipulacion/build/bender_moveit_scripts/install.log --single-version-externally-managed install_data
[3.139s] DEBUG:colcon.colcon_core.event_handler.log_command:Invoked command in '/home/robotica-06/bender_manipulacion/build/bender_moveit_config' returned '0': CMAKE_PREFIX_PATH=/home/robotica-06/ws_moveit/install/moveit_configs_utils:/opt/ros/jazzy:${CMAKE_PREFIX_PATH} DEBUGINFOD_URLS=https://debuginfod.ubuntu.com /usr/bin/cmake /home/robotica-06/bender_manipulacion/src/bender_moveit_config -DCMAKE_INSTALL_PREFIX=/home/robotica-06/bender_manipulacion/install
[3.140s] DEBUG:colcon.colcon_core.event_handler.log_command:Invoking command in '/home/robotica-06/bender_manipulacion/build/bender_moveit_config': CMAKE_PREFIX_PATH=/home/robotica-06/ws_moveit/install/moveit_configs_utils:/opt/ros/jazzy:${CMAKE_PREFIX_PATH} DEBUGINFOD_URLS=https://debuginfod.ubuntu.com /usr/bin/cmake --build /home/robotica-06/bender_manipulacion/build/bender_moveit_config -- -j8 -l8
[3.202s] DEBUG:colcon.colcon_core.event_handler.log_command:Invoked command in '/home/robotica-06/bender_manipulacion/build/bender_moveit_config' returned '0': CMAKE_PREFIX_PATH=/home/robotica-06/ws_moveit/install/moveit_configs_utils:/opt/ros/jazzy:${CMAKE_PREFIX_PATH} DEBUGINFOD_URLS=https://debuginfod.ubuntu.com /usr/bin/cmake --build /home/robotica-06/bender_manipulacion/build/bender_moveit_config -- -j8 -l8
[3.203s] DEBUG:colcon.colcon_core.event_handler.log_command:Invoking command in '/home/robotica-06/bender_manipulacion/build/bender_moveit_config': CMAKE_PREFIX_PATH=/home/robotica-06/ws_moveit/install/moveit_configs_utils:/opt/ros/jazzy:${CMAKE_PREFIX_PATH} DEBUGINFOD_URLS=https://debuginfod.ubuntu.com /usr/bin/cmake --install /home/robotica-06/bender_manipulacion/build/bender_moveit_config
[3.226s] Level 1:colcon.colcon_core.environment:create_environment_scripts_only(bender_moveit_config)
[3.226s] Level 1:colcon.colcon_core.environment:checking '/home/robotica-06/bender_manipulacion/install' for CMake module files
[3.227s] DEBUG:colcon.colcon_core.event_handler.log_command:Invoked command in '/home/robotica-06/bender_manipulacion/build/bender_moveit_config' returned '0': CMAKE_PREFIX_PATH=/home/robotica-06/ws_moveit/install/moveit_configs_utils:/opt/ros/jazzy:${CMAKE_PREFIX_PATH} DEBUGINFOD_URLS=https://debuginfod.ubuntu.com /usr/bin/cmake --install /home/robotica-06/bender_manipulacion/build/bender_moveit_config
[3.227s] Level 1:colcon.colcon_core.environment:checking '/home/robotica-06/bender_manipulacion/install' for CMake config files
[3.227s] Level 1:colcon.colcon_core.shell:create_environment_hook('bender_moveit_config', 'cmake_prefix_path')
[3.228s] INFO:colcon.colcon_core.shell:Creating environment hook '/home/robotica-06/bender_manipulacion/install/share/bender_moveit_config/hook/cmake_prefix_path.ps1'
[3.228s] INFO:colcon.colcon_core.shell:Creating environment descriptor '/home/robotica-06/bender_manipulacion/install/share/bender_moveit_config/hook/cmake_prefix_path.dsv'
[3.228s] INFO:colcon.colcon_core.shell:Creating environment hook '/home/robotica-06/bender_manipulacion/install/share/bender_moveit_config/hook/cmake_prefix_path.sh'
[3.229s] Level 1:colcon.colcon_core.environment:checking '/home/robotica-06/bender_manipulacion/install/lib'
[3.229s] Level 1:colcon.colcon_core.environment:checking '/home/robotica-06/bender_manipulacion/install/bin'
[3.229s] Level 1:colcon.colcon_core.environment:checking '/home/robotica-06/bender_manipulacion/install/lib/pkgconfig/bender_moveit_config.pc'
[3.229s] Level 1:colcon.colcon_core.environment:checking '/home/robotica-06/bender_manipulacion/install/lib/python3.12/site-packages'
[3.230s] Level 1:colcon.colcon_core.shell:create_environment_hook('bender_moveit_config', 'pythonpath')
[3.230s] INFO:colcon.colcon_core.shell:Creating environment hook '/home/robotica-06/bender_manipulacion/install/share/bender_moveit_config/hook/pythonpath.ps1'
[3.230s] INFO:colcon.colcon_core.shell:Creating environment descriptor '/home/robotica-06/bender_manipulacion/install/share/bender_moveit_config/hook/pythonpath.dsv'
[3.231s] INFO:colcon.colcon_core.shell:Creating environment hook '/home/robotica-06/bender_manipulacion/install/share/bender_moveit_config/hook/pythonpath.sh'
[3.231s] Level 1:colcon.colcon_core.environment:checking '/home/robotica-06/bender_manipulacion/install/bin'
[3.231s] INFO:colcon.colcon_core.shell:Creating package script '/home/robotica-06/bender_manipulacion/install/share/bender_moveit_config/package.ps1'
[3.232s] INFO:colcon.colcon_core.shell:Creating package descriptor '/home/robotica-06/bender_manipulacion/install/share/bender_moveit_config/package.dsv'
[3.233s] INFO:colcon.colcon_core.shell:Creating package script '/home/robotica-06/bender_manipulacion/install/share/bender_moveit_config/package.sh'
[3.233s] INFO:colcon.colcon_core.shell:Creating package script '/home/robotica-06/bender_manipulacion/install/share/bender_moveit_config/package.bash'
[3.233s] INFO:colcon.colcon_core.shell:Creating package script '/home/robotica-06/bender_manipulacion/install/share/bender_moveit_config/package.zsh'
[3.234s] Level 1:colcon.colcon_core.environment:create_file_with_runtime_dependencies(/home/robotica-06/bender_manipulacion/install/share/colcon-core/packages/bender_moveit_config)
[3.234s] Level 1:colcon.colcon_core.environment:create_environment_scripts_only(bender_moveit_config)
[3.235s] Level 1:colcon.colcon_core.environment:checking '/home/robotica-06/bender_manipulacion/install' for CMake module files
[3.235s] Level 1:colcon.colcon_core.environment:checking '/home/robotica-06/bender_manipulacion/install' for CMake config files
[3.236s] Level 1:colcon.colcon_core.shell:create_environment_hook('bender_moveit_config', 'cmake_prefix_path')
[3.236s] INFO:colcon.colcon_core.shell:Creating environment hook '/home/robotica-06/bender_manipulacion/install/share/bender_moveit_config/hook/cmake_prefix_path.ps1'
[3.236s] INFO:colcon.colcon_core.shell:Creating environment descriptor '/home/robotica-06/bender_manipulacion/install/share/bender_moveit_config/hook/cmake_prefix_path.dsv'
[3.237s] INFO:colcon.colcon_core.shell:Creating environment hook '/home/robotica-06/bender_manipulacion/install/share/bender_moveit_config/hook/cmake_prefix_path.sh'
[3.237s] Level 1:colcon.colcon_core.environment:checking '/home/robotica-06/bender_manipulacion/install/lib'
[3.238s] Level 1:colcon.colcon_core.environment:checking '/home/robotica-06/bender_manipulacion/install/bin'
[3.238s] Level 1:colcon.colcon_core.environment:checking '/home/robotica-06/bender_manipulacion/install/lib/pkgconfig/bender_moveit_config.pc'
[3.238s] Level 1:colcon.colcon_core.environment:checking '/home/robotica-06/bender_manipulacion/install/lib/python3.12/site-packages'
[3.238s] Level 1:colcon.colcon_core.shell:create_environment_hook('bender_moveit_config', 'pythonpath')
[3.238s] INFO:colcon.colcon_core.shell:Creating environment hook '/home/robotica-06/bender_manipulacion/install/share/bender_moveit_config/hook/pythonpath.ps1'
[3.239s] INFO:colcon.colcon_core.shell:Creating environment descriptor '/home/robotica-06/bender_manipulacion/install/share/bender_moveit_config/hook/pythonpath.dsv'
[3.239s] INFO:colcon.colcon_core.shell:Creating environment hook '/home/robotica-06/bender_manipulacion/install/share/bender_moveit_config/hook/pythonpath.sh'
[3.240s] Level 1:colcon.colcon_core.environment:checking '/home/robotica-06/bender_manipulacion/install/bin'
[3.240s] INFO:colcon.colcon_core.shell:Creating package script '/home/robotica-06/bender_manipulacion/install/share/bender_moveit_config/package.ps1'
[3.241s] INFO:colcon.colcon_core.shell:Creating package descriptor '/home/robotica-06/bender_manipulacion/install/share/bender_moveit_config/package.dsv'
[3.241s] INFO:colcon.colcon_core.shell:Creating package script '/home/robotica-06/bender_manipulacion/install/share/bender_moveit_config/package.sh'
[3.242s] INFO:colcon.colcon_core.shell:Creating package script '/home/robotica-06/bender_manipulacion/install/share/bender_moveit_config/package.bash'
[3.242s] INFO:colcon.colcon_core.shell:Creating package script '/home/robotica-06/bender_manipulacion/install/share/bender_moveit_config/package.zsh'
[3.243s] Level 1:colcon.colcon_core.environment:create_file_with_runtime_dependencies(/home/robotica-06/bender_manipulacion/install/share/colcon-core/packages/bender_moveit_config)
[3.383s] Level 1:colcon.colcon_core.environment:checking '/home/robotica-06/bender_manipulacion/install' for CMake module files
[3.383s] DEBUG:colcon.colcon_core.event_handler.log_command:Invoked command in '/home/robotica-06/bender_manipulacion/src/bender_moveit_scripts' returned '0': DEBUGINFOD_URLS=https://debuginfod.ubuntu.com PYTHONPATH=/home/robotica-06/bender_manipulacion/build/bender_moveit_scripts/prefix_override:/usr/lib/python3/dist-packages/colcon_core/task/python/colcon_distutils_commands:/home/robotica-06/bender_manipulacion/install/lib/python3.12/site-packages:${PYTHONPATH} /usr/bin/python3 -W ignore:setup.py install is deprecated -W ignore:easy_install command is deprecated setup.py egg_info --egg-base ../../build/bender_moveit_scripts build --build-base /home/robotica-06/bender_manipulacion/build/bender_moveit_scripts/build install --record /home/robotica-06/bender_manipulacion/build/bender_moveit_scripts/install.log --single-version-externally-managed install_data
[3.384s] Level 1:colcon.colcon_core.environment:checking '/home/robotica-06/bender_manipulacion/install' for CMake config files
[3.384s] Level 1:colcon.colcon_core.shell:create_environment_hook('bender_moveit_scripts', 'cmake_prefix_path')
[3.385s] INFO:colcon.colcon_core.shell:Creating environment hook '/home/robotica-06/bender_manipulacion/install/share/bender_moveit_scripts/hook/cmake_prefix_path.ps1'
[3.386s] INFO:colcon.colcon_core.shell:Creating environment descriptor '/home/robotica-06/bender_manipulacion/install/share/bender_moveit_scripts/hook/cmake_prefix_path.dsv'
[3.386s] INFO:colcon.colcon_core.shell:Creating environment hook '/home/robotica-06/bender_manipulacion/install/share/bender_moveit_scripts/hook/cmake_prefix_path.sh'
[3.387s] Level 1:colcon.colcon_core.environment:checking '/home/robotica-06/bender_manipulacion/install/lib'
[3.387s] Level 1:colcon.colcon_core.environment:checking '/home/robotica-06/bender_manipulacion/install/bin'
[3.387s] Level 1:colcon.colcon_core.environment:checking '/home/robotica-06/bender_manipulacion/install/lib/pkgconfig/bender_moveit_scripts.pc'
[3.388s] Level 1:colcon.colcon_core.environment:checking '/home/robotica-06/bender_manipulacion/install/lib/python3.12/site-packages'
[3.388s] Level 1:colcon.colcon_core.shell:create_environment_hook('bender_moveit_scripts', 'pythonpath')
[3.388s] INFO:colcon.colcon_core.shell:Creating environment hook '/home/robotica-06/bender_manipulacion/install/share/bender_moveit_scripts/hook/pythonpath.ps1'
[3.389s] INFO:colcon.colcon_core.shell:Creating environment descriptor '/home/robotica-06/bender_manipulacion/install/share/bender_moveit_scripts/hook/pythonpath.dsv'
[3.389s] INFO:colcon.colcon_core.shell:Creating environment hook '/home/robotica-06/bender_manipulacion/install/share/bender_moveit_scripts/hook/pythonpath.sh'
[3.390s] Level 1:colcon.colcon_core.environment:checking '/home/robotica-06/bender_manipulacion/install/bin'
[3.390s] Level 1:colcon.colcon_core.environment:create_environment_scripts_only(bender_moveit_scripts)
[3.390s] INFO:colcon.colcon_core.shell:Creating package script '/home/robotica-06/bender_manipulacion/install/share/bender_moveit_scripts/package.ps1'
[3.391s] INFO:colcon.colcon_core.shell:Creating package descriptor '/home/robotica-06/bender_manipulacion/install/share/bender_moveit_scripts/package.dsv'
[3.391s] INFO:colcon.colcon_core.shell:Creating package script '/home/robotica-06/bender_manipulacion/install/share/bender_moveit_scripts/package.sh'
[3.392s] INFO:colcon.colcon_core.shell:Creating package script '/home/robotica-06/bender_manipulacion/install/share/bender_moveit_scripts/package.bash'
[3.392s] INFO:colcon.colcon_core.shell:Creating package script '/home/robotica-06/bender_manipulacion/install/share/bender_moveit_scripts/package.zsh'
[3.392s] Level 1:colcon.colcon_core.environment:create_file_with_runtime_dependencies(/home/robotica-06/bender_manipulacion/install/share/colcon-core/packages/bender_moveit_scripts)
[7.246s] DEBUG:colcon.colcon_core.event_handler.log_command:Invoked command in '/home/robotica-06/bender_manipulacion/build/bender_pick_place_cpp' returned '0': CMAKE_PREFIX_PATH=${CMAKE_PREFIX_PATH}:/home/robotica-06/ws_moveit/install/moveit_configs_utils:/opt/ros/jazzy DEBUGINFOD_URLS=https://debuginfod.ubuntu.com /usr/bin/cmake /home/robotica-06/bender_manipulacion/src/bender_pick_place_cpp -DCMAKE_INSTALL_PREFIX=/home/robotica-06/bender_manipulacion/install
[7.248s] DEBUG:colcon.colcon_core.event_handler.log_command:Invoking command in '/home/robotica-06/bender_manipulacion/build/bender_pick_place_cpp': CMAKE_PREFIX_PATH=${CMAKE_PREFIX_PATH}:/home/robotica-06/ws_moveit/install/moveit_configs_utils:/opt/ros/jazzy DEBUGINFOD_URLS=https://debuginfod.ubuntu.com /usr/bin/cmake --build /home/robotica-06/bender_manipulacion/build/bender_pick_place_cpp -- -j8 -l8
[19.492s] DEBUG:colcon.colcon_core.event_handler.log_command:Invoked command in '/home/robotica-06/bender_manipulacion/build/bender_pick_place_cpp' returned '0': CMAKE_PREFIX_PATH=${CMAKE_PREFIX_PATH}:/home/robotica-06/ws_moveit/install/moveit_configs_utils:/opt/ros/jazzy DEBUGINFOD_URLS=https://debuginfod.ubuntu.com /usr/bin/cmake --build /home/robotica-06/bender_manipulacion/build/bender_pick_place_cpp -- -j8 -l8
[19.496s] DEBUG:colcon.colcon_core.event_handler.log_command:Invoking command in '/home/robotica-06/bender_manipulacion/build/bender_pick_place_cpp': CMAKE_PREFIX_PATH=${CMAKE_PREFIX_PATH}:/home/robotica-06/ws_moveit/install/moveit_configs_utils:/opt/ros/jazzy DEBUGINFOD_URLS=https://debuginfod.ubuntu.com /usr/bin/cmake --install /home/robotica-06/bender_manipulacion/build/bender_pick_place_cpp
[19.523s] Level 1:colcon.colcon_core.environment:create_environment_scripts_only(bender_pick_place_cpp)
[19.524s] Level 1:colcon.colcon_core.environment:checking '/home/robotica-06/bender_manipulacion/install' for CMake module files
[19.525s] DEBUG:colcon.colcon_core.event_handler.log_command:Invoked command in '/home/robotica-06/bender_manipulacion/build/bender_pick_place_cpp' returned '0': CMAKE_PREFIX_PATH=${CMAKE_PREFIX_PATH}:/home/robotica-06/ws_moveit/install/moveit_configs_utils:/opt/ros/jazzy DEBUGINFOD_URLS=https://debuginfod.ubuntu.com /usr/bin/cmake --install /home/robotica-06/bender_manipulacion/build/bender_pick_place_cpp
[19.526s] Level 1:colcon.colcon_core.environment:checking '/home/robotica-06/bender_manipulacion/install' for CMake config files
[19.527s] Level 1:colcon.colcon_core.shell:create_environment_hook('bender_pick_place_cpp', 'cmake_prefix_path')
[19.528s] INFO:colcon.colcon_core.shell:Creating environment hook '/home/robotica-06/bender_manipulacion/install/share/bender_pick_place_cpp/hook/cmake_prefix_path.ps1'
[19.529s] INFO:colcon.colcon_core.shell:Creating environment descriptor '/home/robotica-06/bender_manipulacion/install/share/bender_pick_place_cpp/hook/cmake_prefix_path.dsv'
[19.529s] INFO:colcon.colcon_core.shell:Creating environment hook '/home/robotica-06/bender_manipulacion/install/share/bender_pick_place_cpp/hook/cmake_prefix_path.sh'
[19.531s] Level 1:colcon.colcon_core.environment:checking '/home/robotica-06/bender_manipulacion/install/lib'
[19.531s] Level 1:colcon.colcon_core.environment:checking '/home/robotica-06/bender_manipulacion/install/bin'
[19.531s] Level 1:colcon.colcon_core.environment:checking '/home/robotica-06/bender_manipulacion/install/lib/pkgconfig/bender_pick_place_cpp.pc'
[19.532s] Level 1:colcon.colcon_core.environment:checking '/home/robotica-06/bender_manipulacion/install/lib/python3.12/site-packages'
[19.532s] Level 1:colcon.colcon_core.shell:create_environment_hook('bender_pick_place_cpp', 'pythonpath')
[19.532s] INFO:colcon.colcon_core.shell:Creating environment hook '/home/robotica-06/bender_manipulacion/install/share/bender_pick_place_cpp/hook/pythonpath.ps1'
[19.533s] INFO:colcon.colcon_core.shell:Creating environment descriptor '/home/robotica-06/bender_manipulacion/install/share/bender_pick_place_cpp/hook/pythonpath.dsv'
[19.534s] INFO:colcon.colcon_core.shell:Creating environment hook '/home/robotica-06/bender_manipulacion/install/share/bender_pick_place_cpp/hook/pythonpath.sh'
[19.536s] Level 1:colcon.colcon_core.environment:checking '/home/robotica-06/bender_manipulacion/install/bin'
[19.536s] INFO:colcon.colcon_core.shell:Creating package script '/home/robotica-06/bender_manipulacion/install/share/bender_pick_place_cpp/package.ps1'
[19.538s] INFO:colcon.colcon_core.shell:Creating package descriptor '/home/robotica-06/bender_manipulacion/install/share/bender_pick_place_cpp/package.dsv'
[19.539s] INFO:colcon.colcon_core.shell:Creating package script '/home/robotica-06/bender_manipulacion/install/share/bender_pick_place_cpp/package.sh'
[19.540s] INFO:colcon.colcon_core.shell:Creating package script '/home/robotica-06/bender_manipulacion/install/share/bender_pick_place_cpp/package.bash'
[19.541s] INFO:colcon.colcon_core.shell:Creating package script '/home/robotica-06/bender_manipulacion/install/share/bender_pick_place_cpp/package.zsh'
[19.542s] Level 1:colcon.colcon_core.environment:create_file_with_runtime_dependencies(/home/robotica-06/bender_manipulacion/install/share/colcon-core/packages/bender_pick_place_cpp)
[19.543s] Level 1:colcon.colcon_core.environment:create_environment_scripts_only(bender_pick_place_cpp)
[19.543s] Level 1:colcon.colcon_core.environment:checking '/home/robotica-06/bender_manipulacion/install' for CMake module files
[19.545s] Level 1:colcon.colcon_core.environment:checking '/home/robotica-06/bender_manipulacion/install' for CMake config files
[19.546s] Level 1:colcon.colcon_core.shell:create_environment_hook('bender_pick_place_cpp', 'cmake_prefix_path')
[19.546s] INFO:colcon.colcon_core.shell:Creating environment hook '/home/robotica-06/bender_manipulacion/install/share/bender_pick_place_cpp/hook/cmake_prefix_path.ps1'
[19.547s] INFO:colcon.colcon_core.shell:Creating environment descriptor '/home/robotica-06/bender_manipulacion/install/share/bender_pick_place_cpp/hook/cmake_prefix_path.dsv'
[19.548s] INFO:colcon.colcon_core.shell:Creating environment hook '/home/robotica-06/bender_manipulacion/install/share/bender_pick_place_cpp/hook/cmake_prefix_path.sh'
[19.550s] Level 1:colcon.colcon_core.environment:checking '/home/robotica-06/bender_manipulacion/install/lib'
[19.550s] Level 1:colcon.colcon_core.environment:checking '/home/robotica-06/bender_manipulacion/install/bin'
[19.550s] Level 1:colcon.colcon_core.environment:checking '/home/robotica-06/bender_manipulacion/install/lib/pkgconfig/bender_pick_place_cpp.pc'
[19.550s] Level 1:colcon.colcon_core.environment:checking '/home/robotica-06/bender_manipulacion/install/lib/python3.12/site-packages'
[19.551s] Level 1:colcon.colcon_core.shell:create_environment_hook('bender_pick_place_cpp', 'pythonpath')
[19.551s] INFO:colcon.colcon_core.shell:Creating environment hook '/home/robotica-06/bender_manipulacion/install/share/bender_pick_place_cpp/hook/pythonpath.ps1'
[19.552s] INFO:colcon.colcon_core.shell:Creating environment descriptor '/home/robotica-06/bender_manipulacion/install/share/bender_pick_place_cpp/hook/pythonpath.dsv'
[19.552s] INFO:colcon.colcon_core.shell:Creating environment hook '/home/robotica-06/bender_manipulacion/install/share/bender_pick_place_cpp/hook/pythonpath.sh'
[19.553s] Level 1:colcon.colcon_core.environment:checking '/home/robotica-06/bender_manipulacion/install/bin'
[19.553s] INFO:colcon.colcon_core.shell:Creating package script '/home/robotica-06/bender_manipulacion/install/share/bender_pick_place_cpp/package.ps1'
[19.555s] INFO:colcon.colcon_core.shell:Creating package descriptor '/home/robotica-06/bender_manipulacion/install/share/bender_pick_place_cpp/package.dsv'
[19.555s] INFO:colcon.colcon_core.shell:Creating package script '/home/robotica-06/bender_manipulacion/install/share/bender_pick_place_cpp/package.sh'
[19.556s] INFO:colcon.colcon_core.shell:Creating package script '/home/robotica-06/bender_manipulacion/install/share/bender_pick_place_cpp/package.bash'
[19.557s] INFO:colcon.colcon_core.shell:Creating package script '/home/robotica-06/bender_manipulacion/install/share/bender_pick_place_cpp/package.zsh'
[19.557s] Level 1:colcon.colcon_core.environment:create_file_with_runtime_dependencies(/home/robotica-06/bender_manipulacion/install/share/colcon-core/packages/bender_pick_place_cpp)
[19.558s] DEBUG:colcon.colcon_parallel_executor.executor.parallel:closing loop
[19.558s] DEBUG:colcon.colcon_parallel_executor.executor.parallel:loop closed
[19.558s] DEBUG:colcon.colcon_parallel_executor.executor.parallel:run_until_complete finished with '0'
[19.559s] DEBUG:colcon.colcon_core.event_reactor:joining thread
[19.568s] INFO:colcon.colcon_core.plugin_system:Skipping extension 'colcon_notification.desktop_notification.terminal_notifier': Not used on non-Darwin systems
[19.568s] INFO:colcon.colcon_core.plugin_system:Skipping extension 'colcon_notification.desktop_notification.win32': Not used on non-Windows systems
[19.568s] INFO:colcon.colcon_notification.desktop_notification:Sending desktop notification using 'notify2'
[19.640s] DEBUG:colcon.colcon_core.event_reactor:joined thread
[19.641s] INFO:colcon.colcon_core.shell:Creating prefix script '/home/robotica-06/bender_manipulacion/install/local_setup.ps1'
[19.643s] INFO:colcon.colcon_core.shell:Creating prefix util module '/home/robotica-06/bender_manipulacion/install/_local_setup_util_ps1.py'
[19.646s] INFO:colcon.colcon_core.shell:Creating prefix chain script '/home/robotica-06/bender_manipulacion/install/setup.ps1'
[19.660s] INFO:colcon.colcon_core.shell:Creating prefix script '/home/robotica-06/bender_manipulacion/install/local_setup.sh'
[19.660s] INFO:colcon.colcon_core.shell:Creating prefix util module '/home/robotica-06/bender_manipulacion/install/_local_setup_util_sh.py'
[19.661s] INFO:colcon.colcon_core.shell:Creating prefix chain script '/home/robotica-06/bender_manipulacion/install/setup.sh'
[19.672s] INFO:colcon.colcon_core.shell:Creating prefix script '/home/robotica-06/bender_manipulacion/install/local_setup.bash'
[19.673s] INFO:colcon.colcon_core.shell:Creating prefix chain script '/home/robotica-06/bender_manipulacion/install/setup.bash'
[19.681s] INFO:colcon.colcon_core.shell:Creating prefix script '/home/robotica-06/bender_manipulacion/install/local_setup.zsh'
[19.682s] INFO:colcon.colcon_core.shell:Creating prefix chain script '/home/robotica-06/bender_manipulacion/install/setup.zsh'
