[0.025s] Invoking command in '/home/robotica-06/bender_manipulacion/build/bender_moveit_config': CMAKE_PREFIX_PATH=/home/robotica-06/ws_moveit/install/moveit_configs_utils:/opt/ros/jazzy:${CMAKE_PREFIX_PATH} DEBUGINFOD_URLS=https://debuginfod.ubuntu.com /usr/bin/cmake /home/robotica-06/bender_manipulacion/src/bender_moveit_config -DCMAKE_INSTALL_PREFIX=/home/robotica-06/bender_manipulacion/install
[0.113s] -- The C compiler identification is GNU 13.3.0
[0.222s] -- The CXX compiler identification is GNU 13.3.0
[0.254s] -- Detecting C compiler ABI info
[0.393s] -- Detecting C compiler ABI info - done
[0.415s] -- Check for working C compiler: /usr/bin/cc - skipped
[0.416s] -- Detecting C compile features
[0.417s] -- Detecting C compile features - done
[0.432s] -- Detecting CXX compiler ABI info
[0.621s] -- Detecting CXX compiler ABI info - done
[0.635s] -- Check for working CXX compiler: /usr/bin/c++ - skipped
[0.636s] -- Detecting CXX compile features
[0.636s] -- Detecting CXX compile features - done
[0.639s] -- Found ament_cmake: 2.5.4 (/opt/ros/jazzy/share/ament_cmake/cmake)
[0.980s] -- Found Python3: /usr/bin/python3 (found version "3.12.3") found components: Interpreter 
[1.386s] -- Configuring done (1.3s)
[1.392s] -- Generating done (0.0s)
[1.395s] -- Build files have been written to: /home/robotica-06/bender_manipulacion/build/bender_moveit_config
[1.414s] Invoked command in '/home/robotica-06/bender_manipulacion/build/bender_moveit_config' returned '0': CMAKE_PREFIX_PATH=/home/robotica-06/ws_moveit/install/moveit_configs_utils:/opt/ros/jazzy:${CMAKE_PREFIX_PATH} DEBUGINFOD_URLS=https://debuginfod.ubuntu.com /usr/bin/cmake /home/robotica-06/bender_manipulacion/src/bender_moveit_config -DCMAKE_INSTALL_PREFIX=/home/robotica-06/bender_manipulacion/install
[1.415s] Invoking command in '/home/robotica-06/bender_manipulacion/build/bender_moveit_config': CMAKE_PREFIX_PATH=/home/robotica-06/ws_moveit/install/moveit_configs_utils:/opt/ros/jazzy:${CMAKE_PREFIX_PATH} DEBUGINFOD_URLS=https://debuginfod.ubuntu.com /usr/bin/cmake --build /home/robotica-06/bender_manipulacion/build/bender_moveit_config -- -j8 -l8
[1.483s] Invoked command in '/home/robotica-06/bender_manipulacion/build/bender_moveit_config' returned '0': CMAKE_PREFIX_PATH=/home/robotica-06/ws_moveit/install/moveit_configs_utils:/opt/ros/jazzy:${CMAKE_PREFIX_PATH} DEBUGINFOD_URLS=https://debuginfod.ubuntu.com /usr/bin/cmake --build /home/robotica-06/bender_manipulacion/build/bender_moveit_config -- -j8 -l8
[1.485s] Invoking command in '/home/robotica-06/bender_manipulacion/build/bender_moveit_config': CMAKE_PREFIX_PATH=/home/robotica-06/ws_moveit/install/moveit_configs_utils:/opt/ros/jazzy:${CMAKE_PREFIX_PATH} DEBUGINFOD_URLS=https://debuginfod.ubuntu.com /usr/bin/cmake --install /home/robotica-06/bender_manipulacion/build/bender_moveit_config
[1.499s] -- Install configuration: ""
[1.500s] -- Installing: /home/robotica-06/bender_manipulacion/install/share/ament_index/resource_index/package_run_dependencies/bender_moveit_config
[1.500s] -- Installing: /home/robotica-06/bender_manipulacion/install/share/ament_index/resource_index/parent_prefix_path/bender_moveit_config
[1.500s] -- Installing: /home/robotica-06/bender_manipulacion/install/share/bender_moveit_config/environment/ament_prefix_path.sh
[1.500s] -- Installing: /home/robotica-06/bender_manipulacion/install/share/bender_moveit_config/environment/ament_prefix_path.dsv
[1.501s] -- Installing: /home/robotica-06/bender_manipulacion/install/share/bender_moveit_config/environment/path.sh
[1.501s] -- Installing: /home/robotica-06/bender_manipulacion/install/share/bender_moveit_config/environment/path.dsv
[1.502s] -- Installing: /home/robotica-06/bender_manipulacion/install/share/bender_moveit_config/local_setup.bash
[1.502s] -- Installing: /home/robotica-06/bender_manipulacion/install/share/bender_moveit_config/local_setup.sh
[1.502s] -- Installing: /home/robotica-06/bender_manipulacion/install/share/bender_moveit_config/local_setup.zsh
[1.502s] -- Installing: /home/robotica-06/bender_manipulacion/install/share/bender_moveit_config/local_setup.dsv
[1.502s] -- Installing: /home/robotica-06/bender_manipulacion/install/share/bender_moveit_config/package.dsv
[1.502s] -- Installing: /home/robotica-06/bender_manipulacion/install/share/ament_index/resource_index/packages/bender_moveit_config
[1.503s] -- Installing: /home/robotica-06/bender_manipulacion/install/share/bender_moveit_config/cmake/bender_moveit_configConfig.cmake
[1.503s] -- Installing: /home/robotica-06/bender_manipulacion/install/share/bender_moveit_config/cmake/bender_moveit_configConfig-version.cmake
[1.503s] -- Installing: /home/robotica-06/bender_manipulacion/install/share/bender_moveit_config/package.xml
[1.503s] -- Installing: /home/robotica-06/bender_manipulacion/install/share/bender_moveit_config/launch
[1.503s] -- Installing: /home/robotica-06/bender_manipulacion/install/share/bender_moveit_config/launch/move_group.launch.py
[1.503s] -- Installing: /home/robotica-06/bender_manipulacion/install/share/bender_moveit_config/launch/setup_assistant.launch.py
[1.504s] -- Installing: /home/robotica-06/bender_manipulacion/install/share/bender_moveit_config/launch/spawn_controllers.launch.py
[1.504s] -- Installing: /home/robotica-06/bender_manipulacion/install/share/bender_moveit_config/launch/static_virtual_joint_tfs.launch.py
[1.504s] -- Installing: /home/robotica-06/bender_manipulacion/install/share/bender_moveit_config/launch/rsp.launch.py
[1.504s] -- Installing: /home/robotica-06/bender_manipulacion/install/share/bender_moveit_config/launch/demo.launch.py
[1.504s] -- Installing: /home/robotica-06/bender_manipulacion/install/share/bender_moveit_config/launch/warehouse_db.launch.py
[1.505s] -- Installing: /home/robotica-06/bender_manipulacion/install/share/bender_moveit_config/launch/moveit_rviz.launch.py
[1.505s] -- Installing: /home/robotica-06/bender_manipulacion/install/share/bender_moveit_config/config
[1.505s] -- Installing: /home/robotica-06/bender_manipulacion/install/share/bender_moveit_config/config/bender.urdf.xacro
[1.505s] -- Installing: /home/robotica-06/bender_manipulacion/install/share/bender_moveit_config/config/moveit_controllers.yaml
[1.505s] -- Installing: /home/robotica-06/bender_manipulacion/install/share/bender_moveit_config/config/initial_positions.yaml
[1.506s] -- Installing: /home/robotica-06/bender_manipulacion/install/share/bender_moveit_config/config/kinematics.yaml
[1.506s] -- Installing: /home/robotica-06/bender_manipulacion/install/share/bender_moveit_config/config/moveit.rviz
[1.506s] -- Installing: /home/robotica-06/bender_manipulacion/install/share/bender_moveit_config/config/pilz_cartesian_limits.yaml
[1.506s] -- Installing: /home/robotica-06/bender_manipulacion/install/share/bender_moveit_config/config/joint_limits.yaml
[1.506s] -- Installing: /home/robotica-06/bender_manipulacion/install/share/bender_moveit_config/config/bender.ros2_control.xacro
[1.506s] -- Installing: /home/robotica-06/bender_manipulacion/install/share/bender_moveit_config/config/bender.srdf
[1.507s] -- Installing: /home/robotica-06/bender_manipulacion/install/share/bender_moveit_config/.setup_assistant
[1.509s] Invoked command in '/home/robotica-06/bender_manipulacion/build/bender_moveit_config' returned '0': CMAKE_PREFIX_PATH=/home/robotica-06/ws_moveit/install/moveit_configs_utils:/opt/ros/jazzy:${CMAKE_PREFIX_PATH} DEBUGINFOD_URLS=https://debuginfod.ubuntu.com /usr/bin/cmake --install /home/robotica-06/bender_manipulacion/build/bender_moveit_config
