[3.631s] Invoking command in '/home/robotica-06/nuevasuper/bender_manipulacion/src/bender_moveit_scripts': DEBUGINFOD_URLS=https://debuginfod.ubuntu.com PYTHONPATH=/home/robotica-06/nuevasuper/bender_manipulacion/build/bender_moveit_scripts/prefix_override:/usr/lib/python3/dist-packages/colcon_core/task/python/colcon_distutils_commands:/home/robotica-06/nuevasuper/bender_manipulacion/install/bender_moveit_scripts/lib/python3.12/site-packages:${PYTHONPATH} /usr/bin/python3 -W ignore:setup.py install is deprecated -W ignore:easy_install command is deprecated setup.py egg_info --egg-base ../../build/bender_moveit_scripts build --build-base /home/robotica-06/nuevasuper/bender_manipulacion/build/bender_moveit_scripts/build install --record /home/robotica-06/nuevasuper/bender_manipulacion/build/bender_moveit_scripts/install.log --single-version-externally-managed install_data
[4.199s] running egg_info
[4.199s] creating ../../build/bender_moveit_scripts/bender_moveit_scripts.egg-info
[4.249s] writing ../../build/bender_moveit_scripts/bender_moveit_scripts.egg-info/PKG-INFO
[4.249s] writing dependency_links to ../../build/bender_moveit_scripts/bender_moveit_scripts.egg-info/dependency_links.txt
[4.250s] writing entry points to ../../build/bender_moveit_scripts/bender_moveit_scripts.egg-info/entry_points.txt
[4.250s] writing requirements to ../../build/bender_moveit_scripts/bender_moveit_scripts.egg-info/requires.txt
[4.250s] writing top-level names to ../../build/bender_moveit_scripts/bender_moveit_scripts.egg-info/top_level.txt
[4.250s] writing manifest file '../../build/bender_moveit_scripts/bender_moveit_scripts.egg-info/SOURCES.txt'
[4.343s] reading manifest file '../../build/bender_moveit_scripts/bender_moveit_scripts.egg-info/SOURCES.txt'
[4.344s] writing manifest file '../../build/bender_moveit_scripts/bender_moveit_scripts.egg-info/SOURCES.txt'
[4.344s] running build
[4.345s] running build_py
[4.345s] creating /home/robotica-06/nuevasuper/bender_manipulacion/build/bender_moveit_scripts/build
[4.345s] creating /home/robotica-06/nuevasuper/bender_manipulacion/build/bender_moveit_scripts/build/lib
[4.345s] creating /home/robotica-06/nuevasuper/bender_manipulacion/build/bender_moveit_scripts/build/lib/bender_moveit_scripts
[4.345s] copying bender_moveit_scripts/move_left_arm.py -> /home/robotica-06/nuevasuper/bender_manipulacion/build/bender_moveit_scripts/build/lib/bender_moveit_scripts
[4.345s] copying bender_moveit_scripts/move_groups_control.py -> /home/robotica-06/nuevasuper/bender_manipulacion/build/bender_moveit_scripts/build/lib/bender_moveit_scripts
[4.345s] copying bender_moveit_scripts/moveit_target_pose.py -> /home/robotica-06/nuevasuper/bender_manipulacion/build/bender_moveit_scripts/build/lib/bender_moveit_scripts
[4.346s] copying bender_moveit_scripts/__init__.py -> /home/robotica-06/nuevasuper/bender_manipulacion/build/bender_moveit_scripts/build/lib/bender_moveit_scripts
[4.346s] running install
[4.354s] running install_lib
[4.398s] creating /home/robotica-06/nuevasuper/bender_manipulacion/install/bender_moveit_scripts/lib/python3.12/site-packages/bender_moveit_scripts
[4.399s] copying /home/robotica-06/nuevasuper/bender_manipulacion/build/bender_moveit_scripts/build/lib/bender_moveit_scripts/move_left_arm.py -> /home/robotica-06/nuevasuper/bender_manipulacion/install/bender_moveit_scripts/lib/python3.12/site-packages/bender_moveit_scripts
[4.399s] copying /home/robotica-06/nuevasuper/bender_manipulacion/build/bender_moveit_scripts/build/lib/bender_moveit_scripts/move_groups_control.py -> /home/robotica-06/nuevasuper/bender_manipulacion/install/bender_moveit_scripts/lib/python3.12/site-packages/bender_moveit_scripts
[4.399s] copying /home/robotica-06/nuevasuper/bender_manipulacion/build/bender_moveit_scripts/build/lib/bender_moveit_scripts/moveit_target_pose.py -> /home/robotica-06/nuevasuper/bender_manipulacion/install/bender_moveit_scripts/lib/python3.12/site-packages/bender_moveit_scripts
[4.399s] copying /home/robotica-06/nuevasuper/bender_manipulacion/build/bender_moveit_scripts/build/lib/bender_moveit_scripts/__init__.py -> /home/robotica-06/nuevasuper/bender_manipulacion/install/bender_moveit_scripts/lib/python3.12/site-packages/bender_moveit_scripts
[4.400s] byte-compiling /home/robotica-06/nuevasuper/bender_manipulacion/install/bender_moveit_scripts/lib/python3.12/site-packages/bender_moveit_scripts/move_left_arm.py to move_left_arm.cpython-312.pyc
[4.401s] byte-compiling /home/robotica-06/nuevasuper/bender_manipulacion/install/bender_moveit_scripts/lib/python3.12/site-packages/bender_moveit_scripts/move_groups_control.py to move_groups_control.cpython-312.pyc
[4.403s] byte-compiling /home/robotica-06/nuevasuper/bender_manipulacion/install/bender_moveit_scripts/lib/python3.12/site-packages/bender_moveit_scripts/moveit_target_pose.py to moveit_target_pose.cpython-312.pyc
[4.404s] byte-compiling /home/robotica-06/nuevasuper/bender_manipulacion/install/bender_moveit_scripts/lib/python3.12/site-packages/bender_moveit_scripts/__init__.py to __init__.cpython-312.pyc
[4.404s] running install_data
[4.404s] creating /home/robotica-06/nuevasuper/bender_manipulacion/install/bender_moveit_scripts/share/ament_index
[4.405s] creating /home/robotica-06/nuevasuper/bender_manipulacion/install/bender_moveit_scripts/share/ament_index/resource_index
[4.405s] creating /home/robotica-06/nuevasuper/bender_manipulacion/install/bender_moveit_scripts/share/ament_index/resource_index/packages
[4.405s] copying resource/bender_moveit_scripts -> /home/robotica-06/nuevasuper/bender_manipulacion/install/bender_moveit_scripts/share/ament_index/resource_index/packages
[4.405s] copying package.xml -> /home/robotica-06/nuevasuper/bender_manipulacion/install/bender_moveit_scripts/share/bender_moveit_scripts
[4.406s] running install_egg_info
[4.456s] Copying ../../build/bender_moveit_scripts/bender_moveit_scripts.egg-info to /home/robotica-06/nuevasuper/bender_manipulacion/install/bender_moveit_scripts/lib/python3.12/site-packages/bender_moveit_scripts-0.0.1-py3.12.egg-info
[4.458s] running install_scripts
[4.799s] Installing move_groups_control script to /home/robotica-06/nuevasuper/bender_manipulacion/install/bender_moveit_scripts/lib/bender_moveit_scripts
[4.799s] Installing move_left_arm script to /home/robotica-06/nuevasuper/bender_manipulacion/install/bender_moveit_scripts/lib/bender_moveit_scripts
[4.799s] Installing moveit_target_pose script to /home/robotica-06/nuevasuper/bender_manipulacion/install/bender_moveit_scripts/lib/bender_moveit_scripts
[4.800s] writing list of installed files to '/home/robotica-06/nuevasuper/bender_manipulacion/build/bender_moveit_scripts/install.log'
[4.841s] Invoked command in '/home/robotica-06/nuevasuper/bender_manipulacion/src/bender_moveit_scripts' returned '0': DEBUGINFOD_URLS=https://debuginfod.ubuntu.com PYTHONPATH=/home/robotica-06/nuevasuper/bender_manipulacion/build/bender_moveit_scripts/prefix_override:/usr/lib/python3/dist-packages/colcon_core/task/python/colcon_distutils_commands:/home/robotica-06/nuevasuper/bender_manipulacion/install/bender_moveit_scripts/lib/python3.12/site-packages:${PYTHONPATH} /usr/bin/python3 -W ignore:setup.py install is deprecated -W ignore:easy_install command is deprecated setup.py egg_info --egg-base ../../build/bender_moveit_scripts build --build-base /home/robotica-06/nuevasuper/bender_manipulacion/build/bender_moveit_scripts/build install --record /home/robotica-06/nuevasuper/bender_manipulacion/build/bender_moveit_scripts/install.log --single-version-externally-managed install_data
