[0.022s] Invoking command in '/home/robotica-06/Downloads/bender_workspace/build/bender_moveit_config': CMAKE_PREFIX_PATH=/home/robotica-06/ws_moveit/install/moveit_configs_utils:/opt/ros/jazzy:${CMAKE_PREFIX_PATH} DEBUGINFOD_URLS=https://debuginfod.ubuntu.com PYTHONPATH=/home/robotica-06/Downloads/bender_workspace/install/lib/python3.12/site-packages:/home/robotica-06/Downloads/bender_workspace/build/bender_moveit_scripts:/home/robotica-06/ws_moveit/install/moveit_task_constructor_core/lib/python3.12/site-packages:/home/robotica-06/ws_moveit/install/moveit_task_constructor_msgs/lib/python3.12/site-packages:/home/robotica-06/ws_moveit/install/moveit_py/lib/python3.12/site-packages:/home/robotica-06/ws_moveit/install/moveit_msgs/lib/python3.12/site-packages:/home/robotica-06/ws_moveit/install/moveit_configs_utils/lib/python3.12/site-packages:/opt/ros/jazzy/lib/python3.12/site-packages /usr/bin/cmake /home/robotica-06/Downloads/bender_workspace/src/bender_moveit_config -DCMAKE_INSTALL_PREFIX=/home/robotica-06/Downloads/bender_workspace/install
[0.100s] -- The C compiler identification is GNU 13.3.0
[0.169s] -- The CXX compiler identification is GNU 13.3.0
[0.189s] -- Detecting C compiler ABI info
[0.312s] -- Detecting C compiler ABI info - done
[0.326s] -- Check for working C compiler: /usr/bin/cc - skipped
[0.326s] -- Detecting C compile features
[0.327s] -- Detecting C compile features - done
[0.339s] -- Detecting CXX compiler ABI info
[0.473s] -- Detecting CXX compiler ABI info - done
[0.488s] -- Check for working CXX compiler: /usr/bin/c++ - skipped
[0.488s] -- Detecting CXX compile features
[0.489s] -- Detecting CXX compile features - done
[0.492s] -- Found ament_cmake: 2.5.4 (/opt/ros/jazzy/share/ament_cmake/cmake)
[0.750s] -- Found Python3: /usr/bin/python3 (found version "3.12.3") found components: Interpreter 
[1.046s] -- Configuring done (1.0s)
[1.050s] -- Generating done (0.0s)
[1.052s] -- Build files have been written to: /home/robotica-06/Downloads/bender_workspace/build/bender_moveit_config
[1.058s] Invoked command in '/home/robotica-06/Downloads/bender_workspace/build/bender_moveit_config' returned '0': CMAKE_PREFIX_PATH=/home/robotica-06/ws_moveit/install/moveit_configs_utils:/opt/ros/jazzy:${CMAKE_PREFIX_PATH} DEBUGINFOD_URLS=https://debuginfod.ubuntu.com PYTHONPATH=/home/robotica-06/Downloads/bender_workspace/install/lib/python3.12/site-packages:/home/robotica-06/Downloads/bender_workspace/build/bender_moveit_scripts:/home/robotica-06/ws_moveit/install/moveit_task_constructor_core/lib/python3.12/site-packages:/home/robotica-06/ws_moveit/install/moveit_task_constructor_msgs/lib/python3.12/site-packages:/home/robotica-06/ws_moveit/install/moveit_py/lib/python3.12/site-packages:/home/robotica-06/ws_moveit/install/moveit_msgs/lib/python3.12/site-packages:/home/robotica-06/ws_moveit/install/moveit_configs_utils/lib/python3.12/site-packages:/opt/ros/jazzy/lib/python3.12/site-packages /usr/bin/cmake /home/robotica-06/Downloads/bender_workspace/src/bender_moveit_config -DCMAKE_INSTALL_PREFIX=/home/robotica-06/Downloads/bender_workspace/install
[1.060s] Invoking command in '/home/robotica-06/Downloads/bender_workspace/build/bender_moveit_config': CMAKE_PREFIX_PATH=/home/robotica-06/ws_moveit/install/moveit_configs_utils:/opt/ros/jazzy:${CMAKE_PREFIX_PATH} DEBUGINFOD_URLS=https://debuginfod.ubuntu.com PYTHONPATH=/home/robotica-06/Downloads/bender_workspace/install/lib/python3.12/site-packages:/home/robotica-06/Downloads/bender_workspace/build/bender_moveit_scripts:/home/robotica-06/ws_moveit/install/moveit_task_constructor_core/lib/python3.12/site-packages:/home/robotica-06/ws_moveit/install/moveit_task_constructor_msgs/lib/python3.12/site-packages:/home/robotica-06/ws_moveit/install/moveit_py/lib/python3.12/site-packages:/home/robotica-06/ws_moveit/install/moveit_msgs/lib/python3.12/site-packages:/home/robotica-06/ws_moveit/install/moveit_configs_utils/lib/python3.12/site-packages:/opt/ros/jazzy/lib/python3.12/site-packages /usr/bin/cmake --build /home/robotica-06/Downloads/bender_workspace/build/bender_moveit_config -- -j8 -l8
[1.124s] Invoked command in '/home/robotica-06/Downloads/bender_workspace/build/bender_moveit_config' returned '0': CMAKE_PREFIX_PATH=/home/robotica-06/ws_moveit/install/moveit_configs_utils:/opt/ros/jazzy:${CMAKE_PREFIX_PATH} DEBUGINFOD_URLS=https://debuginfod.ubuntu.com PYTHONPATH=/home/robotica-06/Downloads/bender_workspace/install/lib/python3.12/site-packages:/home/robotica-06/Downloads/bender_workspace/build/bender_moveit_scripts:/home/robotica-06/ws_moveit/install/moveit_task_constructor_core/lib/python3.12/site-packages:/home/robotica-06/ws_moveit/install/moveit_task_constructor_msgs/lib/python3.12/site-packages:/home/robotica-06/ws_moveit/install/moveit_py/lib/python3.12/site-packages:/home/robotica-06/ws_moveit/install/moveit_msgs/lib/python3.12/site-packages:/home/robotica-06/ws_moveit/install/moveit_configs_utils/lib/python3.12/site-packages:/opt/ros/jazzy/lib/python3.12/site-packages /usr/bin/cmake --build /home/robotica-06/Downloads/bender_workspace/build/bender_moveit_config -- -j8 -l8
[1.125s] Invoking command in '/home/robotica-06/Downloads/bender_workspace/build/bender_moveit_config': CMAKE_PREFIX_PATH=/home/robotica-06/ws_moveit/install/moveit_configs_utils:/opt/ros/jazzy:${CMAKE_PREFIX_PATH} DEBUGINFOD_URLS=https://debuginfod.ubuntu.com PYTHONPATH=/home/robotica-06/Downloads/bender_workspace/install/lib/python3.12/site-packages:/home/robotica-06/Downloads/bender_workspace/build/bender_moveit_scripts:/home/robotica-06/ws_moveit/install/moveit_task_constructor_core/lib/python3.12/site-packages:/home/robotica-06/ws_moveit/install/moveit_task_constructor_msgs/lib/python3.12/site-packages:/home/robotica-06/ws_moveit/install/moveit_py/lib/python3.12/site-packages:/home/robotica-06/ws_moveit/install/moveit_msgs/lib/python3.12/site-packages:/home/robotica-06/ws_moveit/install/moveit_configs_utils/lib/python3.12/site-packages:/opt/ros/jazzy/lib/python3.12/site-packages /usr/bin/cmake --install /home/robotica-06/Downloads/bender_workspace/build/bender_moveit_config
[1.138s] -- Install configuration: ""
[1.138s] -- Installing: /home/robotica-06/Downloads/bender_workspace/install/share/ament_index/resource_index/package_run_dependencies/bender_moveit_config
[1.139s] -- Installing: /home/robotica-06/Downloads/bender_workspace/install/share/ament_index/resource_index/parent_prefix_path/bender_moveit_config
[1.139s] -- Installing: /home/robotica-06/Downloads/bender_workspace/install/share/bender_moveit_config/environment/ament_prefix_path.sh
[1.139s] -- Installing: /home/robotica-06/Downloads/bender_workspace/install/share/bender_moveit_config/environment/ament_prefix_path.dsv
[1.139s] -- Installing: /home/robotica-06/Downloads/bender_workspace/install/share/bender_moveit_config/environment/path.sh
[1.140s] -- Installing: /home/robotica-06/Downloads/bender_workspace/install/share/bender_moveit_config/environment/path.dsv
[1.140s] -- Installing: /home/robotica-06/Downloads/bender_workspace/install/share/bender_moveit_config/local_setup.bash
[1.140s] -- Installing: /home/robotica-06/Downloads/bender_workspace/install/share/bender_moveit_config/local_setup.sh
[1.140s] -- Installing: /home/robotica-06/Downloads/bender_workspace/install/share/bender_moveit_config/local_setup.zsh
[1.140s] -- Installing: /home/robotica-06/Downloads/bender_workspace/install/share/bender_moveit_config/local_setup.dsv
[1.141s] -- Installing: /home/robotica-06/Downloads/bender_workspace/install/share/bender_moveit_config/package.dsv
[1.141s] -- Installing: /home/robotica-06/Downloads/bender_workspace/install/share/ament_index/resource_index/packages/bender_moveit_config
[1.141s] -- Installing: /home/robotica-06/Downloads/bender_workspace/install/share/bender_moveit_config/cmake/bender_moveit_configConfig.cmake
[1.141s] -- Installing: /home/robotica-06/Downloads/bender_workspace/install/share/bender_moveit_config/cmake/bender_moveit_configConfig-version.cmake
[1.142s] -- Installing: /home/robotica-06/Downloads/bender_workspace/install/share/bender_moveit_config/package.xml
[1.142s] -- Installing: /home/robotica-06/Downloads/bender_workspace/install/share/bender_moveit_config/launch
[1.142s] -- Installing: /home/robotica-06/Downloads/bender_workspace/install/share/bender_moveit_config/launch/move_group.launch.py
[1.142s] -- Installing: /home/robotica-06/Downloads/bender_workspace/install/share/bender_moveit_config/launch/setup_assistant.launch.py
[1.142s] -- Installing: /home/robotica-06/Downloads/bender_workspace/install/share/bender_moveit_config/launch/spawn_controllers.launch.py
[1.143s] -- Installing: /home/robotica-06/Downloads/bender_workspace/install/share/bender_moveit_config/launch/static_virtual_joint_tfs.launch.py
[1.143s] -- Installing: /home/robotica-06/Downloads/bender_workspace/install/share/bender_moveit_config/launch/rsp.launch.py
[1.143s] -- Installing: /home/robotica-06/Downloads/bender_workspace/install/share/bender_moveit_config/launch/demo.launch.py
[1.143s] -- Installing: /home/robotica-06/Downloads/bender_workspace/install/share/bender_moveit_config/launch/warehouse_db.launch.py
[1.143s] -- Installing: /home/robotica-06/Downloads/bender_workspace/install/share/bender_moveit_config/launch/moveit_rviz.launch.py
[1.144s] -- Installing: /home/robotica-06/Downloads/bender_workspace/install/share/bender_moveit_config/config
[1.144s] -- Installing: /home/robotica-06/Downloads/bender_workspace/install/share/bender_moveit_config/config/bender.urdf.xacro
[1.144s] -- Installing: /home/robotica-06/Downloads/bender_workspace/install/share/bender_moveit_config/config/moveit_controllers.yaml
[1.144s] -- Installing: /home/robotica-06/Downloads/bender_workspace/install/share/bender_moveit_config/config/initial_positions.yaml
[1.144s] -- Installing: /home/robotica-06/Downloads/bender_workspace/install/share/bender_moveit_config/config/kinematics.yaml
[1.144s] -- Installing: /home/robotica-06/Downloads/bender_workspace/install/share/bender_moveit_config/config/moveit.rviz
[1.145s] -- Installing: /home/robotica-06/Downloads/bender_workspace/install/share/bender_moveit_config/config/pilz_cartesian_limits.yaml
[1.145s] -- Installing: /home/robotica-06/Downloads/bender_workspace/install/share/bender_moveit_config/config/joint_limits.yaml
[1.145s] -- Installing: /home/robotica-06/Downloads/bender_workspace/install/share/bender_moveit_config/config/bender.ros2_control.xacro
[1.145s] -- Installing: /home/robotica-06/Downloads/bender_workspace/install/share/bender_moveit_config/config/bender.srdf
[1.145s] -- Installing: /home/robotica-06/Downloads/bender_workspace/install/share/bender_moveit_config/.setup_assistant
[1.147s] Invoked command in '/home/robotica-06/Downloads/bender_workspace/build/bender_moveit_config' returned '0': CMAKE_PREFIX_PATH=/home/robotica-06/ws_moveit/install/moveit_configs_utils:/opt/ros/jazzy:${CMAKE_PREFIX_PATH} DEBUGINFOD_URLS=https://debuginfod.ubuntu.com PYTHONPATH=/home/robotica-06/Downloads/bender_workspace/install/lib/python3.12/site-packages:/home/robotica-06/Downloads/bender_workspace/build/bender_moveit_scripts:/home/robotica-06/ws_moveit/install/moveit_task_constructor_core/lib/python3.12/site-packages:/home/robotica-06/ws_moveit/install/moveit_task_constructor_msgs/lib/python3.12/site-packages:/home/robotica-06/ws_moveit/install/moveit_py/lib/python3.12/site-packages:/home/robotica-06/ws_moveit/install/moveit_msgs/lib/python3.12/site-packages:/home/robotica-06/ws_moveit/install/moveit_configs_utils/lib/python3.12/site-packages:/opt/ros/jazzy/lib/python3.12/site-packages /usr/bin/cmake --install /home/robotica-06/Downloads/bender_workspace/build/bender_moveit_config
