[0.022s] Invoking command in '/home/robotica-06/bender_manipulacion/build/bender_moveit_config': CMAKE_PREFIX_PATH=/home/robotica-06/ws_moveit/install/moveit_configs_utils:/opt/ros/jazzy:${CMAKE_PREFIX_PATH} DEBUGINFOD_URLS=https://debuginfod.ubuntu.com /usr/bin/cmake /home/robotica-06/bender_manipulacion/src/bender_moveit_config -DCMAKE_INSTALL_PREFIX=/home/robotica-06/bender_manipulacion/install
[0.097s] -- The C compiler identification is GNU 13.3.0
[0.166s] -- The CXX compiler identification is GNU 13.3.0
[0.188s] -- Detecting C compiler ABI info
[0.308s] -- Detecting C compiler ABI info - done
[0.326s] -- Check for working C compiler: /usr/bin/cc - skipped
[0.326s] -- Detecting C compile features
[0.327s] -- Detecting C compile features - done
[0.342s] -- Detecting CXX compiler ABI info
[0.485s] -- Detecting CXX compiler ABI info - done
[0.499s] -- Check for working CXX compiler: /usr/bin/c++ - skipped
[0.499s] -- Detecting CXX compile features
[0.500s] -- Detecting CXX compile features - done
[0.502s] -- Found ament_cmake: 2.5.4 (/opt/ros/jazzy/share/ament_cmake/cmake)
[0.763s] -- Found Python3: /usr/bin/python3 (found version "3.12.3") found components: Interpreter 
[0.998s] -- Configuring done (1.0s)
[1.001s] -- Generating done (0.0s)
[1.003s] -- Build files have been written to: /home/robotica-06/bender_manipulacion/build/bender_moveit_config
[1.010s] Invoked command in '/home/robotica-06/bender_manipulacion/build/bender_moveit_config' returned '0': CMAKE_PREFIX_PATH=/home/robotica-06/ws_moveit/install/moveit_configs_utils:/opt/ros/jazzy:${CMAKE_PREFIX_PATH} DEBUGINFOD_URLS=https://debuginfod.ubuntu.com /usr/bin/cmake /home/robotica-06/bender_manipulacion/src/bender_moveit_config -DCMAKE_INSTALL_PREFIX=/home/robotica-06/bender_manipulacion/install
[1.011s] Invoking command in '/home/robotica-06/bender_manipulacion/build/bender_moveit_config': CMAKE_PREFIX_PATH=/home/robotica-06/ws_moveit/install/moveit_configs_utils:/opt/ros/jazzy:${CMAKE_PREFIX_PATH} DEBUGINFOD_URLS=https://debuginfod.ubuntu.com /usr/bin/cmake --build /home/robotica-06/bender_manipulacion/build/bender_moveit_config -- -j8 -l8
[1.072s] Invoked command in '/home/robotica-06/bender_manipulacion/build/bender_moveit_config' returned '0': CMAKE_PREFIX_PATH=/home/robotica-06/ws_moveit/install/moveit_configs_utils:/opt/ros/jazzy:${CMAKE_PREFIX_PATH} DEBUGINFOD_URLS=https://debuginfod.ubuntu.com /usr/bin/cmake --build /home/robotica-06/bender_manipulacion/build/bender_moveit_config -- -j8 -l8
[1.074s] Invoking command in '/home/robotica-06/bender_manipulacion/build/bender_moveit_config': CMAKE_PREFIX_PATH=/home/robotica-06/ws_moveit/install/moveit_configs_utils:/opt/ros/jazzy:${CMAKE_PREFIX_PATH} DEBUGINFOD_URLS=https://debuginfod.ubuntu.com /usr/bin/cmake --install /home/robotica-06/bender_manipulacion/build/bender_moveit_config
[1.086s] -- Install configuration: ""
[1.087s] -- Installing: /home/robotica-06/bender_manipulacion/install/share/ament_index/resource_index/package_run_dependencies/bender_moveit_config
[1.087s] -- Installing: /home/robotica-06/bender_manipulacion/install/share/ament_index/resource_index/parent_prefix_path/bender_moveit_config
[1.087s] -- Installing: /home/robotica-06/bender_manipulacion/install/share/bender_moveit_config/environment/ament_prefix_path.sh
[1.087s] -- Installing: /home/robotica-06/bender_manipulacion/install/share/bender_moveit_config/environment/ament_prefix_path.dsv
[1.088s] -- Installing: /home/robotica-06/bender_manipulacion/install/share/bender_moveit_config/environment/path.sh
[1.088s] -- Installing: /home/robotica-06/bender_manipulacion/install/share/bender_moveit_config/environment/path.dsv
[1.088s] -- Installing: /home/robotica-06/bender_manipulacion/install/share/bender_moveit_config/local_setup.bash
[1.088s] -- Installing: /home/robotica-06/bender_manipulacion/install/share/bender_moveit_config/local_setup.sh
[1.089s] -- Installing: /home/robotica-06/bender_manipulacion/install/share/bender_moveit_config/local_setup.zsh
[1.089s] -- Installing: /home/robotica-06/bender_manipulacion/install/share/bender_moveit_config/local_setup.dsv
[1.089s] -- Installing: /home/robotica-06/bender_manipulacion/install/share/bender_moveit_config/package.dsv
[1.089s] -- Installing: /home/robotica-06/bender_manipulacion/install/share/ament_index/resource_index/packages/bender_moveit_config
[1.090s] -- Installing: /home/robotica-06/bender_manipulacion/install/share/bender_moveit_config/cmake/bender_moveit_configConfig.cmake
[1.090s] -- Installing: /home/robotica-06/bender_manipulacion/install/share/bender_moveit_config/cmake/bender_moveit_configConfig-version.cmake
[1.090s] -- Installing: /home/robotica-06/bender_manipulacion/install/share/bender_moveit_config/package.xml
[1.090s] -- Installing: /home/robotica-06/bender_manipulacion/install/share/bender_moveit_config/launch
[1.091s] -- Installing: /home/robotica-06/bender_manipulacion/install/share/bender_moveit_config/launch/move_group.launch.py
[1.091s] -- Installing: /home/robotica-06/bender_manipulacion/install/share/bender_moveit_config/launch/setup_assistant.launch.py
[1.091s] -- Installing: /home/robotica-06/bender_manipulacion/install/share/bender_moveit_config/launch/spawn_controllers.launch.py
[1.091s] -- Installing: /home/robotica-06/bender_manipulacion/install/share/bender_moveit_config/launch/static_virtual_joint_tfs.launch.py
[1.091s] -- Installing: /home/robotica-06/bender_manipulacion/install/share/bender_moveit_config/launch/rsp.launch.py
[1.092s] -- Installing: /home/robotica-06/bender_manipulacion/install/share/bender_moveit_config/launch/demo.launch.py
[1.092s] -- Installing: /home/robotica-06/bender_manipulacion/install/share/bender_moveit_config/launch/warehouse_db.launch.py
[1.092s] -- Installing: /home/robotica-06/bender_manipulacion/install/share/bender_moveit_config/launch/moveit_rviz.launch.py
[1.092s] -- Installing: /home/robotica-06/bender_manipulacion/install/share/bender_moveit_config/config
[1.092s] -- Installing: /home/robotica-06/bender_manipulacion/install/share/bender_moveit_config/config/bender.urdf.xacro
[1.093s] -- Installing: /home/robotica-06/bender_manipulacion/install/share/bender_moveit_config/config/moveit_controllers.yaml
[1.093s] -- Installing: /home/robotica-06/bender_manipulacion/install/share/bender_moveit_config/config/initial_positions.yaml
[1.093s] -- Installing: /home/robotica-06/bender_manipulacion/install/share/bender_moveit_config/config/kinematics.yaml
[1.093s] -- Installing: /home/robotica-06/bender_manipulacion/install/share/bender_moveit_config/config/moveit.rviz
[1.094s] -- Installing: /home/robotica-06/bender_manipulacion/install/share/bender_moveit_config/config/pilz_cartesian_limits.yaml
[1.094s] -- Installing: /home/robotica-06/bender_manipulacion/install/share/bender_moveit_config/config/joint_limits.yaml
[1.094s] -- Installing: /home/robotica-06/bender_manipulacion/install/share/bender_moveit_config/config/bender.ros2_control.xacro
[1.094s] -- Installing: /home/robotica-06/bender_manipulacion/install/share/bender_moveit_config/config/bender.srdf
[1.095s] -- Installing: /home/robotica-06/bender_manipulacion/install/share/bender_moveit_config/.setup_assistant
[1.096s] Invoked command in '/home/robotica-06/bender_manipulacion/build/bender_moveit_config' returned '0': CMAKE_PREFIX_PATH=/home/robotica-06/ws_moveit/install/moveit_configs_utils:/opt/ros/jazzy:${CMAKE_PREFIX_PATH} DEBUGINFOD_URLS=https://debuginfod.ubuntu.com /usr/bin/cmake --install /home/robotica-06/bender_manipulacion/build/bender_moveit_config
