[0.414s] Invoking command in '/home/robotica-06/bender_manipulacion/build/bender_pick_place_cpp': CMAKE_PREFIX_PATH=${CMAKE_PREFIX_PATH}:/home/robotica-06/ws_moveit/install/moveit_configs_utils:/opt/ros/jazzy DEBUGINFOD_URLS=https://debuginfod.ubuntu.com /usr/bin/cmake /home/robotica-06/bender_manipulacion/src/bender_pick_place_cpp -DCMAKE_INSTALL_PREFIX=/home/robotica-06/bender_manipulacion/install
[0.493s] -- The C compiler identification is GNU 13.3.0
[0.568s] -- The CXX compiler identification is GNU 13.3.0
[0.591s] -- Detecting C compiler ABI info
[0.716s] -- Detecting C compiler ABI info - done
[0.732s] -- Check for working C compiler: /usr/bin/cc - skipped
[0.733s] -- Detecting C compile features
[0.733s] -- Detecting C compile features - done
[0.746s] -- Detecting CXX compiler ABI info
[0.879s] -- Detecting CXX compiler ABI info - done
[0.897s] -- Check for working CXX compiler: /usr/bin/c++ - skipped
[0.898s] -- Detecting CXX compile features
[0.898s] -- Detecting CXX compile features - done
[0.909s] -- Found ament_cmake: 2.5.4 (/opt/ros/jazzy/share/ament_cmake/cmake)
[1.212s] -- Found Python3: /usr/bin/python3 (found version "3.12.3") found components: Interpreter 
[1.483s] -- Found rclcpp: 28.1.11 (/opt/ros/jazzy/share/rclcpp/cmake)
[1.615s] -- Found rosidl_generator_c: 4.6.6 (/opt/ros/jazzy/share/rosidl_generator_c/cmake)
[1.661s] -- Found rosidl_generator_cpp: 4.6.6 (/opt/ros/jazzy/share/rosidl_generator_cpp/cmake)
[1.724s] -- Using all available rosidl_typesupport_c: rosidl_typesupport_fastrtps_c;rosidl_typesupport_introspection_c
[1.779s] -- Using all available rosidl_typesupport_cpp: rosidl_typesupport_fastrtps_cpp;rosidl_typesupport_introspection_cpp
[2.058s] -- Found rmw_implementation_cmake: 7.3.2 (/opt/ros/jazzy/share/rmw_implementation_cmake/cmake)
[2.085s] -- Found rmw_fastrtps_cpp: 8.4.3 (/opt/ros/jazzy/share/rmw_fastrtps_cpp/cmake)
[2.254s] -- Found OpenSSL: /usr/lib/x86_64-linux-gnu/libcrypto.so (found version "3.0.13")  
[2.294s] -- Found FastRTPS: /opt/ros/jazzy/include (Required is at least version "2.13") 
[2.334s] -- Using RMW implementation 'rmw_fastrtps_cpp' as default
[2.504s] -- Found moveit_ros_planning_interface: 2.14.0 (/home/robotica-06/ws_moveit/install/moveit_ros_planning_interface/share/moveit_ros_planning_interface/cmake)
[2.728s] -- Found Boost: /usr/lib/x86_64-linux-gnu/cmake/Boost-1.83.0/BoostConfig.cmake (found version "1.83.0") found components: date_time filesystem program_options system thread 
[3.265s] -- Found Boost: /usr/lib/x86_64-linux-gnu/cmake/Boost-1.83.0/BoostConfig.cmake (found version "1.83.0") found components: chrono date_time filesystem iostreams program_options regex serialization system thread 
[3.433s] -- Found parameter_traits: 0.5.0 (/opt/ros/jazzy/share/parameter_traits/cmake)
[3.477s] -- Found rclcpp_lifecycle: 28.1.11 (/opt/ros/jazzy/share/rclcpp_lifecycle/cmake)
[3.548s] -- Found Boost: /usr/lib/x86_64-linux-gnu/cmake/Boost-1.83.0/BoostConfig.cmake (found version "1.83.0") found components: filesystem 
[3.687s] -- Found Eigen3: TRUE (found version "3.4.0") 
[3.687s] -- Ensuring Eigen3 include directory is part of orocos-kdl CMake target
[4.053s] -- Found Boost: /usr/lib/x86_64-linux-gnu/cmake/Boost-1.83.0/BoostConfig.cmake (found version "1.83.0") found components: system filesystem date_time program_options thread chrono 
[4.127s] -- Found Boost: /usr/lib/x86_64-linux-gnu/cmake/Boost-1.83.0/BoostConfig.cmake (found version "1.83.0") found components: thread system filesystem regex date_time program_options 
[4.173s] -- Found Boost: /usr/lib/x86_64-linux-gnu/cmake/Boost-1.83.0/BoostConfig.cmake (found version "1.83.0") found components: system filesystem date_time program_options thread 
[4.261s] -- Found moveit_visual_tools: 4.1.2 (/home/robotica-06/ws_moveit/install/moveit_visual_tools/share/moveit_visual_tools/cmake)
[4.721s] -- Setting OGRE_DIR to: '/opt/ros/jazzy/share/rviz_ogre_vendor/cmake/../../../opt/rviz_ogre_vendor/lib/OGRE/cmake'
[4.739s] -- Found OGRE
[4.740s] --   static     : OFF
[4.740s] --   components : MeshLodGenerator;Overlay;Paging;Property;RTShaderSystem;Terrain;Volume
[4.741s] --   plugins    : Plugin_BSPSceneManager;Plugin_OctreeSceneManager;Plugin_PCZSceneManager;Plugin_ParticleFX;RenderSystem_GL;RenderSystem_GL3Plus;Codec_STBI
[4.741s] --   media      : /opt/ros/jazzy/opt/rviz_ogre_vendor/share/OGRE/Media
[4.742s] -- OGRE_LIBRARIES: OgreMeshLodGenerator;OgreOverlay;OgrePaging;OgreProperty;OgreRTShaderSystem;OgreTerrain;OgreVolume;OgreMain
[4.742s] -- OGRE_LIBRARY_DIRS: /opt/ros/jazzy/opt/rviz_ogre_vendor/lib
[4.743s] -- OGRE_PLUGINS: Plugin_BSPSceneManager;Plugin_OctreeSceneManager;Plugin_PCZSceneManager;Plugin_ParticleFX;RenderSystem_GL;RenderSystem_GL3Plus;Codec_STBI
[4.743s] -- OGRE_PLUGIN_DIR: /opt/ros/jazzy/opt/rviz_ogre_vendor/lib/OGRE
[4.744s] -- rviz_ogre_vendor::OgreOverlay for IMPORTED_LOCATION_RELEASE: /opt/ros/jazzy/opt/rviz_ogre_vendor/lib/libOgreOverlay.so
[4.744s] -- rviz_ogre_vendor::OgreOverlay for IMPORTED_LOCATION_DEBUG: /opt/ros/jazzy/opt/rviz_ogre_vendor/lib/libOgreOverlay.so
[4.744s] -- rviz_ogre_vendor::OgreMain for IMPORTED_LOCATION_RELEASE: /opt/ros/jazzy/opt/rviz_ogre_vendor/lib/libOgreMain.so
[4.745s] -- rviz_ogre_vendor::OgreMain for IMPORTED_LOCATION_DEBUG: /opt/ros/jazzy/opt/rviz_ogre_vendor/lib/libOgreMain.so
[4.897s] -- Found ZLIB: /usr/lib/x86_64-linux-gnu/libz.so (found version "1.3")  
[4.977s] -- Found OpenGL: /usr/lib/x86_64-linux-gnu/libOpenGL.so   
[5.556s] -- Found X11: /usr/include   
[5.557s] -- Looking for XOpenDisplay in /usr/lib/x86_64-linux-gnu/libX11.so;/usr/lib/x86_64-linux-gnu/libXext.so
[5.760s] -- Looking for XOpenDisplay in /usr/lib/x86_64-linux-gnu/libX11.so;/usr/lib/x86_64-linux-gnu/libXext.so - found
[5.760s] -- Looking for gethostbyname
[5.907s] -- Looking for gethostbyname - found
[5.907s] -- Looking for connect
[6.049s] -- Looking for connect - found
[6.049s] -- Looking for remove
[6.177s] -- Looking for remove - found
[6.177s] -- Looking for shmat
[6.322s] -- Looking for shmat - found
[6.322s] -- Looking for IceConnectionNumber in ICE
[6.462s] -- Looking for IceConnectionNumber in ICE - found
[6.544s] -- Setting yaml-cpp_DIR to: '/opt/ros/jazzy/share/yaml_cpp_vendor/cmake/../../../opt/yaml_cpp_vendor/share/cmake/yaml-cpp'
[7.266s] -- Configuring done (6.8s)
[7.435s] -- Generating done (0.1s)
[7.455s] -- Build files have been written to: /home/robotica-06/bender_manipulacion/build/bender_pick_place_cpp
[7.483s] Invoked command in '/home/robotica-06/bender_manipulacion/build/bender_pick_place_cpp' returned '0': CMAKE_PREFIX_PATH=${CMAKE_PREFIX_PATH}:/home/robotica-06/ws_moveit/install/moveit_configs_utils:/opt/ros/jazzy DEBUGINFOD_URLS=https://debuginfod.ubuntu.com /usr/bin/cmake /home/robotica-06/bender_manipulacion/src/bender_pick_place_cpp -DCMAKE_INSTALL_PREFIX=/home/robotica-06/bender_manipulacion/install
[7.485s] Invoking command in '/home/robotica-06/bender_manipulacion/build/bender_pick_place_cpp': CMAKE_PREFIX_PATH=${CMAKE_PREFIX_PATH}:/home/robotica-06/ws_moveit/install/moveit_configs_utils:/opt/ros/jazzy DEBUGINFOD_URLS=https://debuginfod.ubuntu.com /usr/bin/cmake --build /home/robotica-06/bender_manipulacion/build/bender_pick_place_cpp -- -j8 -l8
[7.576s] [ 25%] [32mBuilding CXX object CMakeFiles/pick_place_demo.dir/src/bender_pick_and_place.cpp.o[0m
[7.577s] [ 50%] [32mBuilding CXX object CMakeFiles/pick_place_debug.dir/src/pick_place_debug.cpp.o[0m
[11.259s] In file included from [01m[K/home/robotica-06/bender_manipulacion/src/bender_pick_place_cpp/src/bender_pick_and_place.cpp:2[m[K:
[11.259s] [01m[K/home/robotica-06/ws_moveit/install/moveit_ros_planning_interface/include/moveit_ros_planning_interface/moveit/move_group_interface/move_group_interface.h:51:77:[m[K [01;36m[Knote: [m[K‘[01m[K#pragma message: .h header is obsolete. Please use the .hpp header instead.[m[K’
[11.260s]    51 | a message(".h header is obsolete. Please use the .hpp header instead."[01;36m[K)[m[K
[11.260s]       |                                                                       [01;36m[K^[m[K
[11.260s] 
[11.313s] In file included from [01m[K/home/robotica-06/bender_manipulacion/src/bender_pick_place_cpp/src/pick_place_debug.cpp:2[m[K:
[11.314s] [01m[K/home/robotica-06/ws_moveit/install/moveit_ros_planning_interface/include/moveit_ros_planning_interface/moveit/move_group_interface/move_group_interface.h:51:77:[m[K [01;36m[Knote: [m[K‘[01m[K#pragma message: .h header is obsolete. Please use the .hpp header instead.[m[K’
[11.314s]    51 | #pragma message(".h header is obsolete. Please use the .hpp header instead."[01;36m[K)[m[K
[11.314s]       |                                                                             [01;36m[K^[m[K
[13.812s] In file included from [01m[K/home/robotica-06/bender_manipulacion/src/bender_pick_place_cpp/src/bender_pick_and_place.cpp:3[m[K:
[13.812s] [01m[K/home/robotica-06/ws_moveit/install/moveit_ros_planning_interface/include/moveit_ros_planning_interface/moveit/planning_scene_interface/planning_scene_interface.h:50:77:[m[K [01;36m[Knote: [m[K‘[01m[K#pragma message: .h header is obsolete. Please use the .hpp header instead.[m[K’
[13.812s]    50 | a message(".h header is obsolete. Please use the .hpp header instead."[01;36m[K)[m[K
[13.812s]       |                                                                       [01;36m[K^[m[K
[13.812s] 
[13.883s] In file included from [01m[K/home/robotica-06/bender_manipulacion/src/bender_pick_place_cpp/src/pick_place_debug.cpp:3[m[K:
[13.884s] [01m[K/home/robotica-06/ws_moveit/install/moveit_ros_planning_interface/include/moveit_ros_planning_interface/moveit/planning_scene_interface/planning_scene_interface.h:50:77:[m[K [01;36m[Knote: [m[K‘[01m[K#pragma message: .h header is obsolete. Please use the .hpp header instead.[m[K’
[13.884s]    50 | #pragma message(".h header is obsolete. Please use the .hpp header instead."[01;36m[K)[m[K
[13.884s]       |                                                                             [01;36m[K^[m[K
[16.971s] [ 75%] [32m[1mLinking CXX executable pick_place_debug[0m
[18.600s] [100%] [32m[1mLinking CXX executable pick_place_demo[0m
[19.036s] [100%] Built target pick_place_debug
[19.251s] [100%] Built target pick_place_demo
[19.270s] Invoked command in '/home/robotica-06/bender_manipulacion/build/bender_pick_place_cpp' returned '0': CMAKE_PREFIX_PATH=${CMAKE_PREFIX_PATH}:/home/robotica-06/ws_moveit/install/moveit_configs_utils:/opt/ros/jazzy DEBUGINFOD_URLS=https://debuginfod.ubuntu.com /usr/bin/cmake --build /home/robotica-06/bender_manipulacion/build/bender_pick_place_cpp -- -j8 -l8
[19.274s] Invoking command in '/home/robotica-06/bender_manipulacion/build/bender_pick_place_cpp': CMAKE_PREFIX_PATH=${CMAKE_PREFIX_PATH}:/home/robotica-06/ws_moveit/install/moveit_configs_utils:/opt/ros/jazzy DEBUGINFOD_URLS=https://debuginfod.ubuntu.com /usr/bin/cmake --install /home/robotica-06/bender_manipulacion/build/bender_pick_place_cpp
[19.290s] -- Install configuration: ""
[19.290s] -- Installing: /home/robotica-06/bender_manipulacion/install/lib/bender_pick_place_cpp/pick_place_demo
[19.293s] -- Set non-toolchain portion of runtime path of "/home/robotica-06/bender_manipulacion/install/lib/bender_pick_place_cpp/pick_place_demo" to ""
[19.293s] -- Installing: /home/robotica-06/bender_manipulacion/install/lib/bender_pick_place_cpp/pick_place_debug
[19.294s] -- Set non-toolchain portion of runtime path of "/home/robotica-06/bender_manipulacion/install/lib/bender_pick_place_cpp/pick_place_debug" to ""
[19.294s] -- Installing: /home/robotica-06/bender_manipulacion/install/share/ament_index/resource_index/package_run_dependencies/bender_pick_place_cpp
[19.295s] -- Installing: /home/robotica-06/bender_manipulacion/install/share/ament_index/resource_index/parent_prefix_path/bender_pick_place_cpp
[19.295s] -- Installing: /home/robotica-06/bender_manipulacion/install/share/bender_pick_place_cpp/environment/ament_prefix_path.sh
[19.295s] -- Installing: /home/robotica-06/bender_manipulacion/install/share/bender_pick_place_cpp/environment/ament_prefix_path.dsv
[19.295s] -- Installing: /home/robotica-06/bender_manipulacion/install/share/bender_pick_place_cpp/environment/path.sh
[19.296s] -- Installing: /home/robotica-06/bender_manipulacion/install/share/bender_pick_place_cpp/environment/path.dsv
[19.296s] -- Installing: /home/robotica-06/bender_manipulacion/install/share/bender_pick_place_cpp/local_setup.bash
[19.296s] -- Installing: /home/robotica-06/bender_manipulacion/install/share/bender_pick_place_cpp/local_setup.sh
[19.296s] -- Installing: /home/robotica-06/bender_manipulacion/install/share/bender_pick_place_cpp/local_setup.zsh
[19.296s] -- Installing: /home/robotica-06/bender_manipulacion/install/share/bender_pick_place_cpp/local_setup.dsv
[19.297s] -- Installing: /home/robotica-06/bender_manipulacion/install/share/bender_pick_place_cpp/package.dsv
[19.297s] -- Installing: /home/robotica-06/bender_manipulacion/install/share/ament_index/resource_index/packages/bender_pick_place_cpp
[19.297s] -- Installing: /home/robotica-06/bender_manipulacion/install/share/bender_pick_place_cpp/cmake/bender_pick_place_cppConfig.cmake
[19.297s] -- Installing: /home/robotica-06/bender_manipulacion/install/share/bender_pick_place_cpp/cmake/bender_pick_place_cppConfig-version.cmake
[19.297s] -- Installing: /home/robotica-06/bender_manipulacion/install/share/bender_pick_place_cpp/package.xml
[19.300s] Invoked command in '/home/robotica-06/bender_manipulacion/build/bender_pick_place_cpp' returned '0': CMAKE_PREFIX_PATH=${CMAKE_PREFIX_PATH}:/home/robotica-06/ws_moveit/install/moveit_configs_utils:/opt/ros/jazzy DEBUGINFOD_URLS=https://debuginfod.ubuntu.com /usr/bin/cmake --install /home/robotica-06/bender_manipulacion/build/bender_pick_place_cpp
