[1.879s] Invoking command in '/home/robotica-06/bender_manipulacion/src/bender_moveit_scripts': DEBUGINFOD_URLS=https://debuginfod.ubuntu.com PYTHONPATH=/home/robotica-06/bender_manipulacion/build/bender_moveit_scripts/prefix_override:/usr/lib/python3/dist-packages/colcon_core/task/python/colcon_distutils_commands:/home/robotica-06/bender_manipulacion/install/lib/python3.12/site-packages:${PYTHONPATH} /usr/bin/python3 -W ignore:setup.py install is deprecated -W ignore:easy_install command is deprecated setup.py egg_info --egg-base ../../build/bender_moveit_scripts build --build-base /home/robotica-06/bender_manipulacion/build/bender_moveit_scripts/build install --record /home/robotica-06/bender_manipulacion/build/bender_moveit_scripts/install.log --single-version-externally-managed install_data
[2.418s] running egg_info
[2.419s] creating ../../build/bender_moveit_scripts/bender_moveit_scripts.egg-info
[2.462s] writing ../../build/bender_moveit_scripts/bender_moveit_scripts.egg-info/PKG-INFO
[2.462s] writing dependency_links to ../../build/bender_moveit_scripts/bender_moveit_scripts.egg-info/dependency_links.txt
[2.462s] writing entry points to ../../build/bender_moveit_scripts/bender_moveit_scripts.egg-info/entry_points.txt
[2.462s] writing requirements to ../../build/bender_moveit_scripts/bender_moveit_scripts.egg-info/requires.txt
[2.463s] writing top-level names to ../../build/bender_moveit_scripts/bender_moveit_scripts.egg-info/top_level.txt
[2.463s] writing manifest file '../../build/bender_moveit_scripts/bender_moveit_scripts.egg-info/SOURCES.txt'
[2.552s] reading manifest file '../../build/bender_moveit_scripts/bender_moveit_scripts.egg-info/SOURCES.txt'
[2.553s] writing manifest file '../../build/bender_moveit_scripts/bender_moveit_scripts.egg-info/SOURCES.txt'
[2.553s] running build
[2.553s] running build_py
[2.553s] creating /home/robotica-06/bender_manipulacion/build/bender_moveit_scripts/build
[2.554s] creating /home/robotica-06/bender_manipulacion/build/bender_moveit_scripts/build/lib
[2.554s] creating /home/robotica-06/bender_manipulacion/build/bender_moveit_scripts/build/lib/bender_moveit_scripts
[2.554s] copying bender_moveit_scripts/publish_target_pose.py -> /home/robotica-06/bender_manipulacion/build/bender_moveit_scripts/build/lib/bender_moveit_scripts
[2.554s] copying bender_moveit_scripts/move_left_arm.py -> /home/robotica-06/bender_manipulacion/build/bender_moveit_scripts/build/lib/bender_moveit_scripts
[2.554s] copying bender_moveit_scripts/skills.py -> /home/robotica-06/bender_manipulacion/build/bender_moveit_scripts/build/lib/bender_moveit_scripts
[2.554s] copying bender_moveit_scripts/move_right_arm.py -> /home/robotica-06/bender_manipulacion/build/bender_moveit_scripts/build/lib/bender_moveit_scripts
[2.555s] copying bender_moveit_scripts/move_groups_control.py -> /home/robotica-06/bender_manipulacion/build/bender_moveit_scripts/build/lib/bender_moveit_scripts
[2.555s] copying bender_moveit_scripts/moveit_target_pose.py -> /home/robotica-06/bender_manipulacion/build/bender_moveit_scripts/build/lib/bender_moveit_scripts
[2.555s] copying bender_moveit_scripts/__init__.py -> /home/robotica-06/bender_manipulacion/build/bender_moveit_scripts/build/lib/bender_moveit_scripts
[2.555s] running install
[2.564s] running install_lib
[2.609s] creating /home/robotica-06/bender_manipulacion/install/lib/python3.12/site-packages/bender_moveit_scripts
[2.610s] copying /home/robotica-06/bender_manipulacion/build/bender_moveit_scripts/build/lib/bender_moveit_scripts/publish_target_pose.py -> /home/robotica-06/bender_manipulacion/install/lib/python3.12/site-packages/bender_moveit_scripts
[2.610s] copying /home/robotica-06/bender_manipulacion/build/bender_moveit_scripts/build/lib/bender_moveit_scripts/move_left_arm.py -> /home/robotica-06/bender_manipulacion/install/lib/python3.12/site-packages/bender_moveit_scripts
[2.610s] copying /home/robotica-06/bender_manipulacion/build/bender_moveit_scripts/build/lib/bender_moveit_scripts/skills.py -> /home/robotica-06/bender_manipulacion/install/lib/python3.12/site-packages/bender_moveit_scripts
[2.610s] copying /home/robotica-06/bender_manipulacion/build/bender_moveit_scripts/build/lib/bender_moveit_scripts/move_right_arm.py -> /home/robotica-06/bender_manipulacion/install/lib/python3.12/site-packages/bender_moveit_scripts
[2.610s] copying /home/robotica-06/bender_manipulacion/build/bender_moveit_scripts/build/lib/bender_moveit_scripts/move_groups_control.py -> /home/robotica-06/bender_manipulacion/install/lib/python3.12/site-packages/bender_moveit_scripts
[2.610s] copying /home/robotica-06/bender_manipulacion/build/bender_moveit_scripts/build/lib/bender_moveit_scripts/moveit_target_pose.py -> /home/robotica-06/bender_manipulacion/install/lib/python3.12/site-packages/bender_moveit_scripts
[2.611s] copying /home/robotica-06/bender_manipulacion/build/bender_moveit_scripts/build/lib/bender_moveit_scripts/__init__.py -> /home/robotica-06/bender_manipulacion/install/lib/python3.12/site-packages/bender_moveit_scripts
[2.611s] byte-compiling /home/robotica-06/bender_manipulacion/install/lib/python3.12/site-packages/bender_moveit_scripts/publish_target_pose.py to publish_target_pose.cpython-312.pyc
[2.611s] byte-compiling /home/robotica-06/bender_manipulacion/install/lib/python3.12/site-packages/bender_moveit_scripts/move_left_arm.py to move_left_arm.cpython-312.pyc
[2.612s] byte-compiling /home/robotica-06/bender_manipulacion/install/lib/python3.12/site-packages/bender_moveit_scripts/skills.py to skills.cpython-312.pyc
[2.613s] byte-compiling /home/robotica-06/bender_manipulacion/install/lib/python3.12/site-packages/bender_moveit_scripts/move_right_arm.py to move_right_arm.cpython-312.pyc
[2.614s] byte-compiling /home/robotica-06/bender_manipulacion/install/lib/python3.12/site-packages/bender_moveit_scripts/move_groups_control.py to move_groups_control.cpython-312.pyc
[2.616s] byte-compiling /home/robotica-06/bender_manipulacion/install/lib/python3.12/site-packages/bender_moveit_scripts/moveit_target_pose.py to moveit_target_pose.cpython-312.pyc
[2.616s] byte-compiling /home/robotica-06/bender_manipulacion/install/lib/python3.12/site-packages/bender_moveit_scripts/__init__.py to __init__.cpython-312.pyc
[2.617s] running install_data
[2.617s] copying resource/bender_moveit_scripts -> /home/robotica-06/bender_manipulacion/install/share/ament_index/resource_index/packages
[2.617s] copying package.xml -> /home/robotica-06/bender_manipulacion/install/share/bender_moveit_scripts
[2.617s] running install_egg_info
[2.661s] Copying ../../build/bender_moveit_scripts/bender_moveit_scripts.egg-info to /home/robotica-06/bender_manipulacion/install/lib/python3.12/site-packages/bender_moveit_scripts-0.0.1-py3.12.egg-info
[2.662s] running install_scripts
[2.944s] Installing move_groups_control script to /home/robotica-06/bender_manipulacion/install/lib/bender_moveit_scripts
[2.944s] Installing move_left_arm script to /home/robotica-06/bender_manipulacion/install/lib/bender_moveit_scripts
[2.945s] Installing move_right_arm script to /home/robotica-06/bender_manipulacion/install/lib/bender_moveit_scripts
[2.945s] Installing moveit_target_pose script to /home/robotica-06/bender_manipulacion/install/lib/bender_moveit_scripts
[2.945s] Installing publish_target_pose script to /home/robotica-06/bender_manipulacion/install/lib/bender_moveit_scripts
[2.945s] Installing skills script to /home/robotica-06/bender_manipulacion/install/lib/bender_moveit_scripts
[2.946s] writing list of installed files to '/home/robotica-06/bender_manipulacion/build/bender_moveit_scripts/install.log'
[2.978s] Invoked command in '/home/robotica-06/bender_manipulacion/src/bender_moveit_scripts' returned '0': DEBUGINFOD_URLS=https://debuginfod.ubuntu.com PYTHONPATH=/home/robotica-06/bender_manipulacion/build/bender_moveit_scripts/prefix_override:/usr/lib/python3/dist-packages/colcon_core/task/python/colcon_distutils_commands:/home/robotica-06/bender_manipulacion/install/lib/python3.12/site-packages:${PYTHONPATH} /usr/bin/python3 -W ignore:setup.py install is deprecated -W ignore:easy_install command is deprecated setup.py egg_info --egg-base ../../build/bender_moveit_scripts build --build-base /home/robotica-06/bender_manipulacion/build/bender_moveit_scripts/build install --record /home/robotica-06/bender_manipulacion/build/bender_moveit_scripts/install.log --single-version-externally-managed install_data
