[0.037s] Invoking command in '/home/robotica-06/Downloads/bender_workspace/build/bender_description': DEBUGINFOD_URLS=https://debuginfod.ubuntu.com /usr/bin/cmake /home/robotica-06/Downloads/bender_workspace/src/bender_description -DCATKIN_INSTALL_INTO_PREFIX_ROOT=0 -DCMAKE_INSTALL_PREFIX=/home/robotica-06/Downloads/bender_workspace/install
[0.115s] -- The C compiler identification is GNU 13.3.0
[0.182s] -- The CXX compiler identification is GNU 13.3.0
[0.202s] -- Detecting C compiler ABI info
[0.326s] -- Detecting C compiler ABI info - done
[0.340s] -- Check for working C compiler: /usr/bin/cc - skipped
[0.340s] -- Detecting C compile features
[0.340s] -- Detecting C compile features - done
[0.353s] -- Detecting CXX compiler ABI info
[0.492s] -- Detecting CXX compiler ABI info - done
[0.507s] -- Check for working CXX compiler: /usr/bin/c++ - skipped
[0.507s] -- Detecting CXX compile features
[0.508s] -- Detecting CXX compile features - done
[0.519s] -- Found ament_cmake: 2.5.4 (/opt/ros/jazzy/share/ament_cmake/cmake)
[0.780s] -- Found Python3: /usr/bin/python3 (found version "3.12.3") found components: Interpreter 
[1.014s] -- Found ament_lint_auto: 0.17.2 (/opt/ros/jazzy/share/ament_lint_auto/cmake)
[1.220s] -- Added test 'flake8' to check Python code syntax and style conventions
[1.220s] -- Configured 'flake8' exclude dirs and/or files: 
[1.223s] -- Added test 'lint_cmake' to check CMake code style
[1.225s] -- Added test 'pep257' to check Python code against some of the docstring style conventions in PEP 257
[1.232s] -- Added test 'xmllint' to check XML markup files
[1.237s] -- Configuring done (1.2s)
[1.241s] -- Generating done (0.0s)
[1.241s] [33mCMake Warning:
[1.242s]   Manually-specified variables were not used by the project:
[1.242s] 
[1.242s]     CATKIN_INSTALL_INTO_PREFIX_ROOT
[1.242s] 
[1.242s] [0m
[1.243s] -- Build files have been written to: /home/robotica-06/Downloads/bender_workspace/build/bender_description
[1.250s] Invoked command in '/home/robotica-06/Downloads/bender_workspace/build/bender_description' returned '0': DEBUGINFOD_URLS=https://debuginfod.ubuntu.com /usr/bin/cmake /home/robotica-06/Downloads/bender_workspace/src/bender_description -DCATKIN_INSTALL_INTO_PREFIX_ROOT=0 -DCMAKE_INSTALL_PREFIX=/home/robotica-06/Downloads/bender_workspace/install
[1.251s] Invoking command in '/home/robotica-06/Downloads/bender_workspace/build/bender_description': DEBUGINFOD_URLS=https://debuginfod.ubuntu.com /usr/bin/cmake --build /home/robotica-06/Downloads/bender_workspace/build/bender_description -- -j8 -l8
[1.318s] Invoked command in '/home/robotica-06/Downloads/bender_workspace/build/bender_description' returned '0': DEBUGINFOD_URLS=https://debuginfod.ubuntu.com /usr/bin/cmake --build /home/robotica-06/Downloads/bender_workspace/build/bender_description -- -j8 -l8
[1.334s] Invoking command in '/home/robotica-06/Downloads/bender_workspace/build/bender_description': DEBUGINFOD_URLS=https://debuginfod.ubuntu.com /usr/bin/cmake --install /home/robotica-06/Downloads/bender_workspace/build/bender_description
[1.348s] -- Install configuration: ""
[1.348s] -- Installing: /home/robotica-06/Downloads/bender_workspace/install/share/bender_description/launch
[1.349s] -- Installing: /home/robotica-06/Downloads/bender_workspace/install/share/bender_description/launch/gazebo.launch.py
[1.349s] -- Installing: /home/robotica-06/Downloads/bender_workspace/install/share/bender_description/launch/bender_moveit_rviz.launch.py
[1.349s] -- Installing: /home/robotica-06/Downloads/bender_workspace/install/share/bender_description/launch/bender_moveit.launch.py
[1.349s] -- Installing: /home/robotica-06/Downloads/bender_workspace/install/share/bender_description/launch/display.launch.py
[1.350s] -- Installing: /home/robotica-06/Downloads/bender_workspace/install/share/bender_description/launch/rsp.launch.py
[1.350s] -- Installing: /home/robotica-06/Downloads/bender_workspace/install/share/bender_description/launch/bender_move_group.launch.py
[1.350s] -- Installing: /home/robotica-06/Downloads/bender_workspace/install/share/bender_description/urdf
[1.350s] -- Installing: /home/robotica-06/Downloads/bender_workspace/install/share/bender_description/urdf/rgbd_camera.xacro
[1.350s] -- Installing: /home/robotica-06/Downloads/bender_workspace/install/share/bender_description/urdf/ros2_control.xacro
[1.350s] -- Installing: /home/robotica-06/Downloads/bender_workspace/install/share/bender_description/urdf/bender.xacro
[1.350s] -- Installing: /home/robotica-06/Downloads/bender_workspace/install/share/bender_description/urdf/materials.xacro
[1.351s] -- Installing: /home/robotica-06/Downloads/bender_workspace/install/share/bender_description/urdf/bender.xml
[1.351s] -- Installing: /home/robotica-06/Downloads/bender_workspace/install/share/bender_description/config
[1.351s] -- Installing: /home/robotica-06/Downloads/bender_workspace/install/share/bender_description/config/gz_bridge.yaml
[1.351s] -- Installing: /home/robotica-06/Downloads/bender_workspace/install/share/bender_description/config/ompl_planning.yaml
[1.351s] -- Installing: /home/robotica-06/Downloads/bender_workspace/install/share/bender_description/config/controllers
[1.351s] -- Installing: /home/robotica-06/Downloads/bender_workspace/install/share/bender_description/config/controllers/joint_state_broadcaster.yaml
[1.351s] -- Installing: /home/robotica-06/Downloads/bender_workspace/install/share/bender_description/config/controllers/moveit_controllers
[1.352s] -- Installing: /home/robotica-06/Downloads/bender_workspace/install/share/bender_description/config/controllers/moveit_controllers/left_arm_controller.yaml
[1.352s] -- Installing: /home/robotica-06/Downloads/bender_workspace/install/share/bender_description/config/controllers/moveit_controllers/right_arm_controller.yaml
[1.352s] -- Installing: /home/robotica-06/Downloads/bender_workspace/install/share/bender_description/config/controllers/moveit_controllers/left_gripper_controller.yaml
[1.352s] -- Installing: /home/robotica-06/Downloads/bender_workspace/install/share/bender_description/config/controllers/moveit_controllers/head_controller.yaml
[1.352s] -- Installing: /home/robotica-06/Downloads/bender_workspace/install/share/bender_description/config/controllers/moveit_controllers/right_gripper_controller.yaml
[1.352s] -- Installing: /home/robotica-06/Downloads/bender_workspace/install/share/bender_description/config/controllers/gazebo_controllers
[1.352s] -- Installing: /home/robotica-06/Downloads/bender_workspace/install/share/bender_description/config/controllers/gazebo_controllers/right_arm.yaml
[1.353s] -- Installing: /home/robotica-06/Downloads/bender_workspace/install/share/bender_description/config/controllers/gazebo_controllers/left_gripper.yaml
[1.353s] -- Installing: /home/robotica-06/Downloads/bender_workspace/install/share/bender_description/config/controllers/gazebo_controllers/head.yaml
[1.353s] -- Installing: /home/robotica-06/Downloads/bender_workspace/install/share/bender_description/config/controllers/gazebo_controllers/right_gripper.yaml
[1.353s] -- Installing: /home/robotica-06/Downloads/bender_workspace/install/share/bender_description/config/controllers/gazebo_controllers/left_arm.yaml
[1.353s] -- Installing: /home/robotica-06/Downloads/bender_workspace/install/share/bender_description/config/controllers/controllers.yaml
[1.354s] -- Installing: /home/robotica-06/Downloads/bender_workspace/install/share/bender_description/config/controllers/initial_position.yaml
[1.354s] -- Installing: /home/robotica-06/Downloads/bender_workspace/install/share/bender_description/config/ros2_controllers.yaml
[1.354s] -- Installing: /home/robotica-06/Downloads/bender_workspace/install/share/bender_description/config/colors.yaml
[1.354s] -- Installing: /home/robotica-06/Downloads/bender_workspace/install/share/bender_description/rviz
[1.354s] -- Installing: /home/robotica-06/Downloads/bender_workspace/install/share/bender_description/rviz/rviz.rviz
[1.355s] -- Installing: /home/robotica-06/Downloads/bender_workspace/install/share/bender_description/meshes
[1.355s] -- Installing: /home/robotica-06/Downloads/bender_workspace/install/share/bender_description/meshes/g2la_1.stl
[1.355s] -- Installing: /home/robotica-06/Downloads/bender_workspace/install/share/bender_description/meshes/l3l_1.stl
[1.355s] -- Installing: /home/robotica-06/Downloads/bender_workspace/install/share/bender_description/meshes/l6l_1.stl
[1.355s] -- Installing: /home/robotica-06/Downloads/bender_workspace/install/share/bender_description/meshes/l2h_1.stl
[1.356s] -- Installing: /home/robotica-06/Downloads/bender_workspace/install/share/bender_description/meshes/laser_1.stl
[1.356s] -- Installing: /home/robotica-06/Downloads/bender_workspace/install/share/bender_description/meshes/wfr_1.stl
[1.356s] -- Installing: /home/robotica-06/Downloads/bender_workspace/install/share/bender_description/meshes/l5l_1.stl
[1.356s] -- Installing: /home/robotica-06/Downloads/bender_workspace/install/share/bender_description/meshes/wfl_1.stl
[1.357s] -- Installing: /home/robotica-06/Downloads/bender_workspace/install/share/bender_description/meshes/d435.stl
[1.371s] -- Installing: /home/robotica-06/Downloads/bender_workspace/install/share/bender_description/meshes/g2ra_1.stl
[1.372s] -- Installing: /home/robotica-06/Downloads/bender_workspace/install/share/bender_description/meshes/l4l_1.stl
[1.372s] -- Installing: /home/robotica-06/Downloads/bender_workspace/install/share/bender_description/meshes/real_sense_1.stl
[1.373s] -- Installing: /home/robotica-06/Downloads/bender_workspace/install/share/bender_description/meshes/l2r_1.stl
[1.373s] -- Installing: /home/robotica-06/Downloads/bender_workspace/install/share/bender_description/meshes/l1r_1.stl
[1.374s] -- Installing: /home/robotica-06/Downloads/bender_workspace/install/share/bender_description/meshes/base_link.stl
[1.374s] -- Installing: /home/robotica-06/Downloads/bender_workspace/install/share/bender_description/meshes/g1l_1.stl
[1.375s] -- Installing: /home/robotica-06/Downloads/bender_workspace/install/share/bender_description/meshes/l1h_1.stl
[1.375s] -- Installing: /home/robotica-06/Downloads/bender_workspace/install/share/bender_description/meshes/l4r_1.stl
[1.376s] -- Installing: /home/robotica-06/Downloads/bender_workspace/install/share/bender_description/meshes/g1r_1.stl
[1.376s] -- Installing: /home/robotica-06/Downloads/bender_workspace/install/share/bender_description/meshes/wrl_1.stl
[1.378s] -- Installing: /home/robotica-06/Downloads/bender_workspace/install/share/bender_description/meshes/l1l_1.stl
[1.378s] -- Installing: /home/robotica-06/Downloads/bender_workspace/install/share/bender_description/meshes/l2l_1.stl
[1.378s] -- Installing: /home/robotica-06/Downloads/bender_workspace/install/share/bender_description/meshes/l3r_1.stl
[1.379s] -- Installing: /home/robotica-06/Downloads/bender_workspace/install/share/bender_description/meshes/l6r_1.stl
[1.379s] -- Installing: /home/robotica-06/Downloads/bender_workspace/install/share/bender_description/meshes/g2lb_1.stl
[1.380s] -- Installing: /home/robotica-06/Downloads/bender_workspace/install/share/bender_description/meshes/wrr_1.stl
[1.381s] -- Installing: /home/robotica-06/Downloads/bender_workspace/install/share/bender_description/meshes/l5r_1.stl
[1.381s] -- Installing: /home/robotica-06/Downloads/bender_workspace/install/share/bender_description/meshes/g2rb_1.stl
[1.382s] -- Installing: /home/robotica-06/Downloads/bender_workspace/install/share/bender_description/worlds
[1.382s] -- Installing: /home/robotica-06/Downloads/bender_workspace/install/share/bender_description/worlds/empty.world
[1.382s] -- Installing: /home/robotica-06/Downloads/bender_workspace/install/share/ament_index/resource_index/package_run_dependencies/bender_description
[1.383s] -- Installing: /home/robotica-06/Downloads/bender_workspace/install/share/ament_index/resource_index/parent_prefix_path/bender_description
[1.383s] -- Installing: /home/robotica-06/Downloads/bender_workspace/install/share/bender_description/environment/ament_prefix_path.sh
[1.383s] -- Installing: /home/robotica-06/Downloads/bender_workspace/install/share/bender_description/environment/ament_prefix_path.dsv
[1.384s] -- Installing: /home/robotica-06/Downloads/bender_workspace/install/share/bender_description/environment/path.sh
[1.384s] -- Installing: /home/robotica-06/Downloads/bender_workspace/install/share/bender_description/environment/path.dsv
[1.384s] -- Installing: /home/robotica-06/Downloads/bender_workspace/install/share/bender_description/local_setup.bash
[1.384s] -- Installing: /home/robotica-06/Downloads/bender_workspace/install/share/bender_description/local_setup.sh
[1.385s] -- Installing: /home/robotica-06/Downloads/bender_workspace/install/share/bender_description/local_setup.zsh
[1.385s] -- Installing: /home/robotica-06/Downloads/bender_workspace/install/share/bender_description/local_setup.dsv
[1.385s] -- Installing: /home/robotica-06/Downloads/bender_workspace/install/share/bender_description/package.dsv
[1.385s] -- Installing: /home/robotica-06/Downloads/bender_workspace/install/share/ament_index/resource_index/packages/bender_description
[1.386s] -- Installing: /home/robotica-06/Downloads/bender_workspace/install/share/bender_description/cmake/bender_descriptionConfig.cmake
[1.386s] -- Installing: /home/robotica-06/Downloads/bender_workspace/install/share/bender_description/cmake/bender_descriptionConfig-version.cmake
[1.386s] -- Installing: /home/robotica-06/Downloads/bender_workspace/install/share/bender_description/package.xml
[1.388s] Invoked command in '/home/robotica-06/Downloads/bender_workspace/build/bender_description' returned '0': DEBUGINFOD_URLS=https://debuginfod.ubuntu.com /usr/bin/cmake --install /home/robotica-06/Downloads/bender_workspace/build/bender_description
