/home/robotica-06/bender_manipulacion/install/lib/python3.12/site-packages/bender_moveit_scripts/publish_target_pose.py
/home/robotica-06/bender_manipulacion/install/lib/python3.12/site-packages/bender_moveit_scripts/move_left_arm.py
/home/robotica-06/bender_manipulacion/install/lib/python3.12/site-packages/bender_moveit_scripts/bender_skills.py
/home/robotica-06/bender_manipulacion/install/lib/python3.12/site-packages/bender_moveit_scripts/move_groups_control.py
/home/robotica-06/bender_manipulacion/install/lib/python3.12/site-packages/bender_moveit_scripts/moveit_target_pose.py
/home/robotica-06/bender_manipulacion/install/lib/python3.12/site-packages/bender_moveit_scripts/__init__.py
/home/robotica-06/bender_manipulacion/install/lib/python3.12/site-packages/bender_moveit_scripts/__pycache__/publish_target_pose.cpython-312.pyc
/home/robotica-06/bender_manipulacion/install/lib/python3.12/site-packages/bender_moveit_scripts/__pycache__/move_left_arm.cpython-312.pyc
/home/robotica-06/bender_manipulacion/install/lib/python3.12/site-packages/bender_moveit_scripts/__pycache__/bender_skills.cpython-312.pyc
/home/robotica-06/bender_manipulacion/install/lib/python3.12/site-packages/bender_moveit_scripts/__pycache__/move_groups_control.cpython-312.pyc
/home/robotica-06/bender_manipulacion/install/lib/python3.12/site-packages/bender_moveit_scripts/__pycache__/moveit_target_pose.cpython-312.pyc
/home/robotica-06/bender_manipulacion/install/lib/python3.12/site-packages/bender_moveit_scripts/__pycache__/__init__.cpython-312.pyc
/home/robotica-06/bender_manipulacion/install/share/ament_index/resource_index/packages/bender_moveit_scripts
/home/robotica-06/bender_manipulacion/install/share/bender_moveit_scripts/package.xml
/home/robotica-06/bender_manipulacion/install/lib/python3.12/site-packages/bender_moveit_scripts-0.0.1-py3.12.egg-info/top_level.txt
/home/robotica-06/bender_manipulacion/install/lib/python3.12/site-packages/bender_moveit_scripts-0.0.1-py3.12.egg-info/PKG-INFO
/home/robotica-06/bender_manipulacion/install/lib/python3.12/site-packages/bender_moveit_scripts-0.0.1-py3.12.egg-info/SOURCES.txt
/home/robotica-06/bender_manipulacion/install/lib/python3.12/site-packages/bender_moveit_scripts-0.0.1-py3.12.egg-info/entry_points.txt
/home/robotica-06/bender_manipulacion/install/lib/python3.12/site-packages/bender_moveit_scripts-0.0.1-py3.12.egg-info/dependency_links.txt
/home/robotica-06/bender_manipulacion/install/lib/python3.12/site-packages/bender_moveit_scripts-0.0.1-py3.12.egg-info/zip-safe
/home/robotica-06/bender_manipulacion/install/lib/python3.12/site-packages/bender_moveit_scripts-0.0.1-py3.12.egg-info/requires.txt
/home/robotica-06/bender_manipulacion/install/lib/bender_moveit_scripts/move_groups_control
/home/robotica-06/bender_manipulacion/install/lib/bender_moveit_scripts/move_left_arm
/home/robotica-06/bender_manipulacion/install/lib/bender_moveit_scripts/moveit_target_pose
/home/robotica-06/bender_manipulacion/install/lib/bender_moveit_scripts/publish_target_pose
