[0.480s] DEBUG:colcon:Command line arguments: ['/usr/bin/colcon', 'build', '--merge-install']
[0.480s] DEBUG:colcon:Parsed command line arguments: Namespace(log_base=None, log_level=None, verb_name='build', build_base='build', install_base='install', merge_install=True, symlink_install=False, test_result_base=None, continue_on_error=False, executor='parallel', parallel_workers=8, event_handlers=None, ignore_user_meta=False, metas=['./colcon.meta'], base_paths=['.'], packages_ignore=None, packages_ignore_regex=None, paths=None, packages_up_to=None, packages_up_to_regex=None, packages_above=None, packages_above_and_dependencies=None, packages_above_depth=None, packages_select_by_dep=None, packages_skip_by_dep=None, packages_skip_up_to=None, packages_select_build_failed=False, packages_skip_build_finished=False, packages_select_test_failures=False, packages_skip_test_passed=False, packages_select=None, packages_skip=None, packages_select_regex=None, packages_skip_regex=None, packages_start=None, packages_end=None, allow_overriding=[], cmake_args=None, cmake_target=None, cmake_target_skip_unavailable=False, cmake_clean_cache=False, cmake_clean_first=False, cmake_force_configure=False, ament_cmake_args=None, catkin_cmake_args=None, catkin_skip_building_tests=False, mixin_files=None, mixin=None, verb_parser=<colcon_mixin.mixin.mixin_argument.MixinArgumentDecorator object at 0x7c41212be6f0>, verb_extension=<colcon_core.verb.build.BuildVerb object at 0x7c41212be270>, main=<bound method BuildVerb.main of <colcon_core.verb.build.BuildVerb object at 0x7c41212be270>>, mixin_verb=('build',))
[0.583s] Level 1:colcon.colcon_core.package_discovery:discover_packages(colcon_meta) check parameters
[0.583s] Level 1:colcon.colcon_core.package_discovery:discover_packages(recursive) check parameters
[0.583s] Level 1:colcon.colcon_core.package_discovery:discover_packages(ignore) check parameters
[0.583s] Level 1:colcon.colcon_core.package_discovery:discover_packages(path) check parameters
[0.584s] Level 1:colcon.colcon_core.package_discovery:discover_packages(colcon_meta) discover
[0.584s] Level 1:colcon.colcon_core.package_discovery:discover_packages(recursive) discover
[0.584s] INFO:colcon.colcon_core.package_discovery:Crawling recursively for packages in '/home/robotica-06/bender_manipulacion'
[0.584s] Level 1:colcon.colcon_core.package_identification:_identify(.) by extensions ['ignore', 'ignore_ament_install']
[0.584s] Level 1:colcon.colcon_core.package_identification:_identify(.) by extension 'ignore'
[0.584s] Level 1:colcon.colcon_core.package_identification:_identify(.) by extension 'ignore_ament_install'
[0.584s] Level 1:colcon.colcon_core.package_identification:_identify(.) by extensions ['colcon_pkg']
[0.584s] Level 1:colcon.colcon_core.package_identification:_identify(.) by extension 'colcon_pkg'
[0.584s] Level 1:colcon.colcon_core.package_identification:_identify(.) by extensions ['colcon_meta']
[0.584s] Level 1:colcon.colcon_core.package_identification:_identify(.) by extension 'colcon_meta'
[0.584s] Level 1:colcon.colcon_core.package_identification:_identify(.) by extensions ['ros']
[0.584s] Level 1:colcon.colcon_core.package_identification:_identify(.) by extension 'ros'
[0.618s] Level 1:colcon.colcon_core.package_identification:_identify(.) by extensions ['cmake', 'python']
[0.618s] Level 1:colcon.colcon_core.package_identification:_identify(.) by extension 'cmake'
[0.618s] Level 1:colcon.colcon_core.package_identification:_identify(.) by extension 'python'
[0.618s] Level 1:colcon.colcon_core.package_identification:_identify(.) by extensions ['python_setup_py']
[0.618s] Level 1:colcon.colcon_core.package_identification:_identify(.) by extension 'python_setup_py'
[0.619s] Level 1:colcon.colcon_core.package_identification:_identify(build) by extensions ['ignore', 'ignore_ament_install']
[0.619s] Level 1:colcon.colcon_core.package_identification:_identify(build) by extension 'ignore'
[0.619s] Level 1:colcon.colcon_core.package_identification:_identify(build) ignored
[0.619s] Level 1:colcon.colcon_core.package_identification:_identify(install) by extensions ['ignore', 'ignore_ament_install']
[0.619s] Level 1:colcon.colcon_core.package_identification:_identify(install) by extension 'ignore'
[0.619s] Level 1:colcon.colcon_core.package_identification:_identify(install) ignored
[0.619s] Level 1:colcon.colcon_core.package_identification:_identify(log) by extensions ['ignore', 'ignore_ament_install']
[0.619s] Level 1:colcon.colcon_core.package_identification:_identify(log) by extension 'ignore'
[0.619s] Level 1:colcon.colcon_core.package_identification:_identify(log) ignored
[0.619s] Level 1:colcon.colcon_core.package_identification:_identify(src) by extensions ['ignore', 'ignore_ament_install']
[0.619s] Level 1:colcon.colcon_core.package_identification:_identify(src) by extension 'ignore'
[0.620s] Level 1:colcon.colcon_core.package_identification:_identify(src) by extension 'ignore_ament_install'
[0.620s] Level 1:colcon.colcon_core.package_identification:_identify(src) by extensions ['colcon_pkg']
[0.620s] Level 1:colcon.colcon_core.package_identification:_identify(src) by extension 'colcon_pkg'
[0.620s] Level 1:colcon.colcon_core.package_identification:_identify(src) by extensions ['colcon_meta']
[0.620s] Level 1:colcon.colcon_core.package_identification:_identify(src) by extension 'colcon_meta'
[0.620s] Level 1:colcon.colcon_core.package_identification:_identify(src) by extensions ['ros']
[0.620s] Level 1:colcon.colcon_core.package_identification:_identify(src) by extension 'ros'
[0.620s] Level 1:colcon.colcon_core.package_identification:_identify(src) by extensions ['cmake', 'python']
[0.620s] Level 1:colcon.colcon_core.package_identification:_identify(src) by extension 'cmake'
[0.620s] Level 1:colcon.colcon_core.package_identification:_identify(src) by extension 'python'
[0.620s] Level 1:colcon.colcon_core.package_identification:_identify(src) by extensions ['python_setup_py']
[0.620s] Level 1:colcon.colcon_core.package_identification:_identify(src) by extension 'python_setup_py'
[0.620s] Level 1:colcon.colcon_core.package_identification:_identify(src/bender_description) by extensions ['ignore', 'ignore_ament_install']
[0.620s] Level 1:colcon.colcon_core.package_identification:_identify(src/bender_description) by extension 'ignore'
[0.621s] Level 1:colcon.colcon_core.package_identification:_identify(src/bender_description) by extension 'ignore_ament_install'
[0.621s] Level 1:colcon.colcon_core.package_identification:_identify(src/bender_description) by extensions ['colcon_pkg']
[0.621s] Level 1:colcon.colcon_core.package_identification:_identify(src/bender_description) by extension 'colcon_pkg'
[0.621s] Level 1:colcon.colcon_core.package_identification:_identify(src/bender_description) by extensions ['colcon_meta']
[0.621s] Level 1:colcon.colcon_core.package_identification:_identify(src/bender_description) by extension 'colcon_meta'
[0.621s] Level 1:colcon.colcon_core.package_identification:_identify(src/bender_description) by extensions ['ros']
[0.621s] Level 1:colcon.colcon_core.package_identification:_identify(src/bender_description) by extension 'ros'
[0.624s] DEBUG:colcon.colcon_core.package_identification:Package 'src/bender_description' with type 'ros.catkin' and name 'bender_description'
[0.624s] Level 1:colcon.colcon_core.package_identification:_identify(src/bender_moveit_config) by extensions ['ignore', 'ignore_ament_install']
[0.624s] Level 1:colcon.colcon_core.package_identification:_identify(src/bender_moveit_config) by extension 'ignore'
[0.624s] Level 1:colcon.colcon_core.package_identification:_identify(src/bender_moveit_config) by extension 'ignore_ament_install'
[0.625s] Level 1:colcon.colcon_core.package_identification:_identify(src/bender_moveit_config) by extensions ['colcon_pkg']
[0.625s] Level 1:colcon.colcon_core.package_identification:_identify(src/bender_moveit_config) by extension 'colcon_pkg'
[0.625s] Level 1:colcon.colcon_core.package_identification:_identify(src/bender_moveit_config) by extensions ['colcon_meta']
[0.625s] Level 1:colcon.colcon_core.package_identification:_identify(src/bender_moveit_config) by extension 'colcon_meta'
[0.625s] Level 1:colcon.colcon_core.package_identification:_identify(src/bender_moveit_config) by extensions ['ros']
[0.625s] Level 1:colcon.colcon_core.package_identification:_identify(src/bender_moveit_config) by extension 'ros'
[0.626s] DEBUG:colcon.colcon_core.package_identification:Package 'src/bender_moveit_config' with type 'ros.ament_cmake' and name 'bender_moveit_config'
[0.626s] Level 1:colcon.colcon_core.package_identification:_identify(src/bender_moveit_scripts) by extensions ['ignore', 'ignore_ament_install']
[0.626s] Level 1:colcon.colcon_core.package_identification:_identify(src/bender_moveit_scripts) by extension 'ignore'
[0.626s] Level 1:colcon.colcon_core.package_identification:_identify(src/bender_moveit_scripts) by extension 'ignore_ament_install'
[0.626s] Level 1:colcon.colcon_core.package_identification:_identify(src/bender_moveit_scripts) by extensions ['colcon_pkg']
[0.626s] Level 1:colcon.colcon_core.package_identification:_identify(src/bender_moveit_scripts) by extension 'colcon_pkg'
[0.626s] Level 1:colcon.colcon_core.package_identification:_identify(src/bender_moveit_scripts) by extensions ['colcon_meta']
[0.626s] Level 1:colcon.colcon_core.package_identification:_identify(src/bender_moveit_scripts) by extension 'colcon_meta'
[0.626s] Level 1:colcon.colcon_core.package_identification:_identify(src/bender_moveit_scripts) by extensions ['ros']
[0.626s] Level 1:colcon.colcon_core.package_identification:_identify(src/bender_moveit_scripts) by extension 'ros'
[0.627s] DEBUG:colcon.colcon_core.package_identification:Package 'src/bender_moveit_scripts' with type 'ros.ament_python' and name 'bender_moveit_scripts'
[0.627s] Level 1:colcon.colcon_core.package_identification:_identify(src/bender_pick_place_cpp) by extensions ['ignore', 'ignore_ament_install']
[0.627s] Level 1:colcon.colcon_core.package_identification:_identify(src/bender_pick_place_cpp) by extension 'ignore'
[0.628s] Level 1:colcon.colcon_core.package_identification:_identify(src/bender_pick_place_cpp) by extension 'ignore_ament_install'
[0.628s] Level 1:colcon.colcon_core.package_identification:_identify(src/bender_pick_place_cpp) by extensions ['colcon_pkg']
[0.628s] Level 1:colcon.colcon_core.package_identification:_identify(src/bender_pick_place_cpp) by extension 'colcon_pkg'
[0.628s] Level 1:colcon.colcon_core.package_identification:_identify(src/bender_pick_place_cpp) by extensions ['colcon_meta']
[0.628s] Level 1:colcon.colcon_core.package_identification:_identify(src/bender_pick_place_cpp) by extension 'colcon_meta'
[0.628s] Level 1:colcon.colcon_core.package_identification:_identify(src/bender_pick_place_cpp) by extensions ['ros']
[0.628s] Level 1:colcon.colcon_core.package_identification:_identify(src/bender_pick_place_cpp) by extension 'ros'
[0.629s] DEBUG:colcon.colcon_core.package_identification:Package 'src/bender_pick_place_cpp' with type 'ros.ament_cmake' and name 'bender_pick_place_cpp'
[0.629s] Level 1:colcon.colcon_core.package_discovery:discover_packages(recursive) using defaults
[0.629s] Level 1:colcon.colcon_core.package_discovery:discover_packages(ignore) discover
[0.629s] Level 1:colcon.colcon_core.package_discovery:discover_packages(ignore) using defaults
[0.629s] Level 1:colcon.colcon_core.package_discovery:discover_packages(path) discover
[0.629s] Level 1:colcon.colcon_core.package_discovery:discover_packages(path) using defaults
[0.764s] Level 1:colcon.colcon_core.package_discovery:discover_packages(prefix_path) check parameters
[0.764s] Level 1:colcon.colcon_core.package_discovery:discover_packages(prefix_path) discover
[0.766s] WARNING:colcon.colcon_ros.prefix_path.ament:The path '/home/robotica-06/bender_manipulacion/install' in the environment variable AMENT_PREFIX_PATH doesn't contain any 'local_setup.*' files.
[0.773s] DEBUG:colcon.colcon_installed_package_information.package_discovery:Found 0 installed packages in /home/robotica-06/bender_manipulacion/install
[1.070s] DEBUG:colcon.colcon_installed_package_information.package_discovery:Found 71 installed packages in /home/robotica-06/ws_moveit/install
[1.073s] DEBUG:colcon.colcon_installed_package_information.package_discovery:Found 398 installed packages in /opt/ros/jazzy
[1.076s] Level 1:colcon.colcon_core.package_discovery:discover_packages(prefix_path) using defaults
[3.978s] Level 5:colcon.colcon_core.verb:set package 'bender_description' build argument 'cmake_args' from command line to 'None'
[3.978s] Level 5:colcon.colcon_core.verb:set package 'bender_description' build argument 'cmake_target' from command line to 'None'
[3.979s] Level 5:colcon.colcon_core.verb:set package 'bender_description' build argument 'cmake_target_skip_unavailable' from command line to 'False'
[3.979s] Level 5:colcon.colcon_core.verb:set package 'bender_description' build argument 'cmake_clean_cache' from command line to 'False'
[3.979s] Level 5:colcon.colcon_core.verb:set package 'bender_description' build argument 'cmake_clean_first' from command line to 'False'
[3.979s] Level 5:colcon.colcon_core.verb:set package 'bender_description' build argument 'cmake_force_configure' from command line to 'False'
[3.979s] Level 5:colcon.colcon_core.verb:set package 'bender_description' build argument 'ament_cmake_args' from command line to 'None'
[3.979s] Level 5:colcon.colcon_core.verb:set package 'bender_description' build argument 'catkin_cmake_args' from command line to 'None'
[3.979s] Level 5:colcon.colcon_core.verb:set package 'bender_description' build argument 'catkin_skip_building_tests' from command line to 'False'
[3.979s] DEBUG:colcon.colcon_core.verb:Building package 'bender_description' with the following arguments: {'ament_cmake_args': None, 'build_base': '/home/robotica-06/bender_manipulacion/build/bender_description', 'catkin_cmake_args': None, 'catkin_skip_building_tests': False, 'cmake_args': None, 'cmake_clean_cache': False, 'cmake_clean_first': False, 'cmake_force_configure': False, 'cmake_target': None, 'cmake_target_skip_unavailable': False, 'install_base': '/home/robotica-06/bender_manipulacion/install', 'merge_install': True, 'path': '/home/robotica-06/bender_manipulacion/src/bender_description', 'symlink_install': False, 'test_result_base': None}
[3.979s] Level 5:colcon.colcon_core.verb:set package 'bender_moveit_scripts' build argument 'cmake_args' from command line to 'None'
[3.979s] Level 5:colcon.colcon_core.verb:set package 'bender_moveit_scripts' build argument 'cmake_target' from command line to 'None'
[3.979s] Level 5:colcon.colcon_core.verb:set package 'bender_moveit_scripts' build argument 'cmake_target_skip_unavailable' from command line to 'False'
[3.979s] Level 5:colcon.colcon_core.verb:set package 'bender_moveit_scripts' build argument 'cmake_clean_cache' from command line to 'False'
[3.979s] Level 5:colcon.colcon_core.verb:set package 'bender_moveit_scripts' build argument 'cmake_clean_first' from command line to 'False'
[3.979s] Level 5:colcon.colcon_core.verb:set package 'bender_moveit_scripts' build argument 'cmake_force_configure' from command line to 'False'
[3.979s] Level 5:colcon.colcon_core.verb:set package 'bender_moveit_scripts' build argument 'ament_cmake_args' from command line to 'None'
[3.979s] Level 5:colcon.colcon_core.verb:set package 'bender_moveit_scripts' build argument 'catkin_cmake_args' from command line to 'None'
[3.979s] Level 5:colcon.colcon_core.verb:set package 'bender_moveit_scripts' build argument 'catkin_skip_building_tests' from command line to 'False'
[3.980s] DEBUG:colcon.colcon_core.verb:Building package 'bender_moveit_scripts' with the following arguments: {'ament_cmake_args': None, 'build_base': '/home/robotica-06/bender_manipulacion/build/bender_moveit_scripts', 'catkin_cmake_args': None, 'catkin_skip_building_tests': False, 'cmake_args': None, 'cmake_clean_cache': False, 'cmake_clean_first': False, 'cmake_force_configure': False, 'cmake_target': None, 'cmake_target_skip_unavailable': False, 'install_base': '/home/robotica-06/bender_manipulacion/install', 'merge_install': True, 'path': '/home/robotica-06/bender_manipulacion/src/bender_moveit_scripts', 'symlink_install': False, 'test_result_base': None}
[3.980s] Level 5:colcon.colcon_core.verb:set package 'bender_pick_place_cpp' build argument 'cmake_args' from command line to 'None'
[3.980s] Level 5:colcon.colcon_core.verb:set package 'bender_pick_place_cpp' build argument 'cmake_target' from command line to 'None'
[3.980s] Level 5:colcon.colcon_core.verb:set package 'bender_pick_place_cpp' build argument 'cmake_target_skip_unavailable' from command line to 'False'
[3.980s] Level 5:colcon.colcon_core.verb:set package 'bender_pick_place_cpp' build argument 'cmake_clean_cache' from command line to 'False'
[3.980s] Level 5:colcon.colcon_core.verb:set package 'bender_pick_place_cpp' build argument 'cmake_clean_first' from command line to 'False'
[3.980s] Level 5:colcon.colcon_core.verb:set package 'bender_pick_place_cpp' build argument 'cmake_force_configure' from command line to 'False'
[3.980s] Level 5:colcon.colcon_core.verb:set package 'bender_pick_place_cpp' build argument 'ament_cmake_args' from command line to 'None'
[3.980s] Level 5:colcon.colcon_core.verb:set package 'bender_pick_place_cpp' build argument 'catkin_cmake_args' from command line to 'None'
[3.980s] Level 5:colcon.colcon_core.verb:set package 'bender_pick_place_cpp' build argument 'catkin_skip_building_tests' from command line to 'False'
[3.980s] DEBUG:colcon.colcon_core.verb:Building package 'bender_pick_place_cpp' with the following arguments: {'ament_cmake_args': None, 'build_base': '/home/robotica-06/bender_manipulacion/build/bender_pick_place_cpp', 'catkin_cmake_args': None, 'catkin_skip_building_tests': False, 'cmake_args': None, 'cmake_clean_cache': False, 'cmake_clean_first': False, 'cmake_force_configure': False, 'cmake_target': None, 'cmake_target_skip_unavailable': False, 'install_base': '/home/robotica-06/bender_manipulacion/install', 'merge_install': True, 'path': '/home/robotica-06/bender_manipulacion/src/bender_pick_place_cpp', 'symlink_install': False, 'test_result_base': None}
[3.981s] Level 5:colcon.colcon_core.verb:set package 'bender_moveit_config' build argument 'cmake_args' from command line to 'None'
[3.981s] Level 5:colcon.colcon_core.verb:set package 'bender_moveit_config' build argument 'cmake_target' from command line to 'None'
[3.981s] Level 5:colcon.colcon_core.verb:set package 'bender_moveit_config' build argument 'cmake_target_skip_unavailable' from command line to 'False'
[3.981s] Level 5:colcon.colcon_core.verb:set package 'bender_moveit_config' build argument 'cmake_clean_cache' from command line to 'False'
[3.981s] Level 5:colcon.colcon_core.verb:set package 'bender_moveit_config' build argument 'cmake_clean_first' from command line to 'False'
[3.981s] Level 5:colcon.colcon_core.verb:set package 'bender_moveit_config' build argument 'cmake_force_configure' from command line to 'False'
[3.981s] Level 5:colcon.colcon_core.verb:set package 'bender_moveit_config' build argument 'ament_cmake_args' from command line to 'None'
[3.981s] Level 5:colcon.colcon_core.verb:set package 'bender_moveit_config' build argument 'catkin_cmake_args' from command line to 'None'
[3.981s] Level 5:colcon.colcon_core.verb:set package 'bender_moveit_config' build argument 'catkin_skip_building_tests' from command line to 'False'
[3.981s] DEBUG:colcon.colcon_core.verb:Building package 'bender_moveit_config' with the following arguments: {'ament_cmake_args': None, 'build_base': '/home/robotica-06/bender_manipulacion/build/bender_moveit_config', 'catkin_cmake_args': None, 'catkin_skip_building_tests': False, 'cmake_args': None, 'cmake_clean_cache': False, 'cmake_clean_first': False, 'cmake_force_configure': False, 'cmake_target': None, 'cmake_target_skip_unavailable': False, 'install_base': '/home/robotica-06/bender_manipulacion/install', 'merge_install': True, 'path': '/home/robotica-06/bender_manipulacion/src/bender_moveit_config', 'symlink_install': False, 'test_result_base': None}
[3.981s] INFO:colcon.colcon_core.executor:Executing jobs using 'parallel' executor
[3.982s] DEBUG:colcon.colcon_parallel_executor.executor.parallel:run_until_complete
[3.982s] INFO:colcon.colcon_ros.task.catkin.build:Building ROS package in '/home/robotica-06/bender_manipulacion/src/bender_description' with build type 'catkin'
[3.983s] INFO:colcon.colcon_cmake.task.cmake.build:Building CMake package in '/home/robotica-06/bender_manipulacion/src/bender_description'
[4.030s] INFO:colcon.colcon_core.plugin_system:Skipping extension 'colcon_core.shell.bat': Not used on non-Windows systems
[4.030s] INFO:colcon.colcon_core.shell:Skip shell extension 'powershell' for command environment: Not usable outside of PowerShell
[4.030s] DEBUG:colcon.colcon_core.shell:Skip shell extension 'dsv' for command environment
[4.057s] INFO:colcon.colcon_ros.task.ament_python.build:Building ROS package in '/home/robotica-06/bender_manipulacion/src/bender_moveit_scripts' with build type 'ament_python'
[4.057s] Level 1:colcon.colcon_core.shell:create_environment_hook('bender_moveit_scripts', 'ament_prefix_path')
[4.057s] INFO:colcon.colcon_core.shell:Creating environment hook '/home/robotica-06/bender_manipulacion/install/share/bender_moveit_scripts/hook/ament_prefix_path.ps1'
[4.058s] INFO:colcon.colcon_core.shell:Creating environment descriptor '/home/robotica-06/bender_manipulacion/install/share/bender_moveit_scripts/hook/ament_prefix_path.dsv'
[4.059s] INFO:colcon.colcon_core.shell:Creating environment hook '/home/robotica-06/bender_manipulacion/install/share/bender_moveit_scripts/hook/ament_prefix_path.sh'
[4.061s] INFO:colcon.colcon_core.shell:Skip shell extension 'powershell' for command environment: Not usable outside of PowerShell
[4.061s] DEBUG:colcon.colcon_core.shell:Skip shell extension 'dsv' for command environment
[4.083s] INFO:colcon.colcon_ros.task.ament_cmake.build:Building ROS package in '/home/robotica-06/bender_manipulacion/src/bender_pick_place_cpp' with build type 'ament_cmake'
[4.083s] INFO:colcon.colcon_cmake.task.cmake.build:Building CMake package in '/home/robotica-06/bender_manipulacion/src/bender_pick_place_cpp'
[4.084s] INFO:colcon.colcon_core.shell:Skip shell extension 'powershell' for command environment: Not usable outside of PowerShell
[4.084s] DEBUG:colcon.colcon_core.shell:Skip shell extension 'dsv' for command environment
[4.110s] DEBUG:colcon.colcon_core.event_handler.log_command:Invoking command in '/home/robotica-06/bender_manipulacion/build/bender_description': DEBUGINFOD_URLS=https://debuginfod.ubuntu.com /usr/bin/cmake /home/robotica-06/bender_manipulacion/src/bender_description -DCATKIN_INSTALL_INTO_PREFIX_ROOT=0 -DCMAKE_INSTALL_PREFIX=/home/robotica-06/bender_manipulacion/install
[4.484s] INFO:colcon.colcon_core.task.python.build:Building Python package in '/home/robotica-06/bender_manipulacion/src/bender_moveit_scripts'
[4.484s] INFO:colcon.colcon_core.shell:Skip shell extension 'powershell' for command environment: Not usable outside of PowerShell
[4.484s] DEBUG:colcon.colcon_core.shell:Skip shell extension 'dsv' for command environment
[4.504s] DEBUG:colcon.colcon_core.event_handler.log_command:Invoking command in '/home/robotica-06/bender_manipulacion/build/bender_pick_place_cpp': CMAKE_PREFIX_PATH=${CMAKE_PREFIX_PATH}:/home/robotica-06/ws_moveit/install/moveit_configs_utils:/opt/ros/jazzy DEBUGINFOD_URLS=https://debuginfod.ubuntu.com /usr/bin/cmake /home/robotica-06/bender_manipulacion/src/bender_pick_place_cpp -DCMAKE_INSTALL_PREFIX=/home/robotica-06/bender_manipulacion/install
[5.880s] DEBUG:colcon.colcon_core.event_handler.log_command:Invoked command in '/home/robotica-06/bender_manipulacion/build/bender_description' returned '0': DEBUGINFOD_URLS=https://debuginfod.ubuntu.com /usr/bin/cmake /home/robotica-06/bender_manipulacion/src/bender_description -DCATKIN_INSTALL_INTO_PREFIX_ROOT=0 -DCMAKE_INSTALL_PREFIX=/home/robotica-06/bender_manipulacion/install
[5.882s] DEBUG:colcon.colcon_core.event_handler.log_command:Invoking command in '/home/robotica-06/bender_manipulacion/build/bender_description': DEBUGINFOD_URLS=https://debuginfod.ubuntu.com /usr/bin/cmake --build /home/robotica-06/bender_manipulacion/build/bender_description -- -j8 -l8
[5.944s] DEBUG:colcon.colcon_core.event_handler.log_command:Invoked command in '/home/robotica-06/bender_manipulacion/build/bender_description' returned '0': DEBUGINFOD_URLS=https://debuginfod.ubuntu.com /usr/bin/cmake --build /home/robotica-06/bender_manipulacion/build/bender_description -- -j8 -l8
[5.959s] DEBUG:colcon.colcon_core.event_handler.log_command:Invoking command in '/home/robotica-06/bender_manipulacion/build/bender_description': DEBUGINFOD_URLS=https://debuginfod.ubuntu.com /usr/bin/cmake --install /home/robotica-06/bender_manipulacion/build/bender_description
[6.353s] DEBUG:colcon.colcon_core.event_handler.log_command:Invoked command in '/home/robotica-06/bender_manipulacion/build/bender_description' returned '0': DEBUGINFOD_URLS=https://debuginfod.ubuntu.com /usr/bin/cmake --install /home/robotica-06/bender_manipulacion/build/bender_description
[6.353s] Level 1:colcon.colcon_core.shell:create_environment_hook('bender_description', 'ros_package_path')
[6.353s] INFO:colcon.colcon_core.shell:Creating environment hook '/home/robotica-06/bender_manipulacion/install/share/bender_description/hook/ros_package_path.ps1'
[6.355s] INFO:colcon.colcon_core.shell:Creating environment descriptor '/home/robotica-06/bender_manipulacion/install/share/bender_description/hook/ros_package_path.dsv'
[6.355s] INFO:colcon.colcon_core.shell:Creating environment hook '/home/robotica-06/bender_manipulacion/install/share/bender_description/hook/ros_package_path.sh'
[6.357s] Level 1:colcon.colcon_core.shell:create_environment_hook('bender_description', 'pkg_config_path')
[6.357s] INFO:colcon.colcon_core.shell:Creating environment hook '/home/robotica-06/bender_manipulacion/install/share/bender_description/hook/pkg_config_path.ps1'
[6.358s] INFO:colcon.colcon_core.shell:Creating environment descriptor '/home/robotica-06/bender_manipulacion/install/share/bender_description/hook/pkg_config_path.dsv'
[6.359s] INFO:colcon.colcon_core.shell:Creating environment hook '/home/robotica-06/bender_manipulacion/install/share/bender_description/hook/pkg_config_path.sh'
[6.362s] Level 1:colcon.colcon_core.shell:create_environment_hook('bender_description', 'pkg_config_path_multiarch')
[6.362s] INFO:colcon.colcon_core.shell:Creating environment hook '/home/robotica-06/bender_manipulacion/install/share/bender_description/hook/pkg_config_path_multiarch.ps1'
[6.363s] INFO:colcon.colcon_core.shell:Creating environment descriptor '/home/robotica-06/bender_manipulacion/install/share/bender_description/hook/pkg_config_path_multiarch.dsv'
[6.364s] INFO:colcon.colcon_core.shell:Creating environment hook '/home/robotica-06/bender_manipulacion/install/share/bender_description/hook/pkg_config_path_multiarch.sh'
[6.366s] Level 1:colcon.colcon_core.environment:create_environment_scripts_only(bender_description)
[6.511s] Level 1:colcon.colcon_core.environment:checking '/home/robotica-06/bender_manipulacion/install' for CMake module files
[6.513s] Level 1:colcon.colcon_core.environment:checking '/home/robotica-06/bender_manipulacion/install' for CMake config files
[6.514s] Level 1:colcon.colcon_core.shell:create_environment_hook('bender_description', 'cmake_prefix_path')
[6.514s] INFO:colcon.colcon_core.shell:Creating environment hook '/home/robotica-06/bender_manipulacion/install/share/bender_description/hook/cmake_prefix_path.ps1'
[6.515s] INFO:colcon.colcon_core.shell:Creating environment descriptor '/home/robotica-06/bender_manipulacion/install/share/bender_description/hook/cmake_prefix_path.dsv'
[6.516s] INFO:colcon.colcon_core.shell:Creating environment hook '/home/robotica-06/bender_manipulacion/install/share/bender_description/hook/cmake_prefix_path.sh'
[6.517s] Level 1:colcon.colcon_core.environment:checking '/home/robotica-06/bender_manipulacion/install/lib'
[6.517s] Level 1:colcon.colcon_core.environment:checking '/home/robotica-06/bender_manipulacion/install/bin'
[6.518s] Level 1:colcon.colcon_core.environment:checking '/home/robotica-06/bender_manipulacion/install/lib/pkgconfig/bender_description.pc'
[6.518s] Level 1:colcon.colcon_core.environment:checking '/home/robotica-06/bender_manipulacion/install/lib/python3.12/site-packages'
[6.518s] Level 1:colcon.colcon_core.shell:create_environment_hook('bender_description', 'pythonpath')
[6.519s] INFO:colcon.colcon_core.shell:Creating environment hook '/home/robotica-06/bender_manipulacion/install/share/bender_description/hook/pythonpath.ps1'
[6.519s] INFO:colcon.colcon_core.shell:Creating environment descriptor '/home/robotica-06/bender_manipulacion/install/share/bender_description/hook/pythonpath.dsv'
[6.520s] INFO:colcon.colcon_core.shell:Creating environment hook '/home/robotica-06/bender_manipulacion/install/share/bender_description/hook/pythonpath.sh'
[6.521s] Level 1:colcon.colcon_core.environment:checking '/home/robotica-06/bender_manipulacion/install/bin'
[6.521s] INFO:colcon.colcon_core.shell:Creating package script '/home/robotica-06/bender_manipulacion/install/share/bender_description/package.ps1'
[6.523s] INFO:colcon.colcon_core.shell:Creating package descriptor '/home/robotica-06/bender_manipulacion/install/share/bender_description/package.dsv'
[6.525s] INFO:colcon.colcon_core.shell:Creating package script '/home/robotica-06/bender_manipulacion/install/share/bender_description/package.sh'
[6.526s] INFO:colcon.colcon_core.shell:Creating package script '/home/robotica-06/bender_manipulacion/install/share/bender_description/package.bash'
[6.527s] INFO:colcon.colcon_core.shell:Creating package script '/home/robotica-06/bender_manipulacion/install/share/bender_description/package.zsh'
[6.545s] Level 1:colcon.colcon_core.environment:create_file_with_runtime_dependencies(/home/robotica-06/bender_manipulacion/install/share/colcon-core/packages/bender_description)
[6.545s] INFO:colcon.colcon_ros.task.ament_cmake.build:Building ROS package in '/home/robotica-06/bender_manipulacion/src/bender_moveit_config' with build type 'ament_cmake'
[6.546s] INFO:colcon.colcon_cmake.task.cmake.build:Building CMake package in '/home/robotica-06/bender_manipulacion/src/bender_moveit_config'
[6.546s] INFO:colcon.colcon_core.shell:Skip shell extension 'powershell' for command environment: Not usable outside of PowerShell
[6.546s] DEBUG:colcon.colcon_core.shell:Skip shell extension 'dsv' for command environment
[6.551s] WARNING:colcon.colcon_ros.prefix_path.catkin:The path '/home/robotica-06/bender_manipulacion/install' in the environment variable CMAKE_PREFIX_PATH seems to be a catkin workspace but it doesn't contain any 'local_setup.*' files. Maybe the catkin version is not up-to-date?
[6.571s] DEBUG:colcon.colcon_core.event_handler.log_command:Invoking command in '/home/robotica-06/bender_manipulacion/build/bender_moveit_config': CMAKE_PREFIX_PATH=/home/robotica-06/ws_moveit/install/moveit_configs_utils:/opt/ros/jazzy:${CMAKE_PREFIX_PATH} DEBUGINFOD_URLS=https://debuginfod.ubuntu.com /usr/bin/cmake /home/robotica-06/bender_manipulacion/src/bender_moveit_config -DCMAKE_INSTALL_PREFIX=/home/robotica-06/bender_manipulacion/install
[6.618s] DEBUG:colcon.colcon_core.event_handler.log_command:Invoking command in '/home/robotica-06/bender_manipulacion/src/bender_moveit_scripts': DEBUGINFOD_URLS=https://debuginfod.ubuntu.com PYTHONPATH=/home/robotica-06/bender_manipulacion/build/bender_moveit_scripts/prefix_override:/usr/lib/python3/dist-packages/colcon_core/task/python/colcon_distutils_commands:/home/robotica-06/bender_manipulacion/install/lib/python3.12/site-packages:${PYTHONPATH} /usr/bin/python3 -W ignore:setup.py install is deprecated -W ignore:easy_install command is deprecated setup.py egg_info --egg-base ../../build/bender_moveit_scripts build --build-base /home/robotica-06/bender_manipulacion/build/bender_moveit_scripts/build install --record /home/robotica-06/bender_manipulacion/build/bender_moveit_scripts/install.log --single-version-externally-managed install_data
[7.611s] DEBUG:colcon.colcon_core.event_handler.log_command:Invoked command in '/home/robotica-06/bender_manipulacion/build/bender_moveit_config' returned '0': CMAKE_PREFIX_PATH=/home/robotica-06/ws_moveit/install/moveit_configs_utils:/opt/ros/jazzy:${CMAKE_PREFIX_PATH} DEBUGINFOD_URLS=https://debuginfod.ubuntu.com /usr/bin/cmake /home/robotica-06/bender_manipulacion/src/bender_moveit_config -DCMAKE_INSTALL_PREFIX=/home/robotica-06/bender_manipulacion/install
[7.612s] DEBUG:colcon.colcon_core.event_handler.log_command:Invoking command in '/home/robotica-06/bender_manipulacion/build/bender_moveit_config': CMAKE_PREFIX_PATH=/home/robotica-06/ws_moveit/install/moveit_configs_utils:/opt/ros/jazzy:${CMAKE_PREFIX_PATH} DEBUGINFOD_URLS=https://debuginfod.ubuntu.com /usr/bin/cmake --build /home/robotica-06/bender_manipulacion/build/bender_moveit_config -- -j8 -l8
[7.671s] DEBUG:colcon.colcon_core.event_handler.log_command:Invoked command in '/home/robotica-06/bender_manipulacion/build/bender_moveit_config' returned '0': CMAKE_PREFIX_PATH=/home/robotica-06/ws_moveit/install/moveit_configs_utils:/opt/ros/jazzy:${CMAKE_PREFIX_PATH} DEBUGINFOD_URLS=https://debuginfod.ubuntu.com /usr/bin/cmake --build /home/robotica-06/bender_manipulacion/build/bender_moveit_config -- -j8 -l8
[7.672s] DEBUG:colcon.colcon_core.event_handler.log_command:Invoking command in '/home/robotica-06/bender_manipulacion/build/bender_moveit_config': CMAKE_PREFIX_PATH=/home/robotica-06/ws_moveit/install/moveit_configs_utils:/opt/ros/jazzy:${CMAKE_PREFIX_PATH} DEBUGINFOD_URLS=https://debuginfod.ubuntu.com /usr/bin/cmake --install /home/robotica-06/bender_manipulacion/build/bender_moveit_config
[7.734s] Level 1:colcon.colcon_core.environment:create_environment_scripts_only(bender_moveit_config)
[7.734s] Level 1:colcon.colcon_core.environment:checking '/home/robotica-06/bender_manipulacion/install' for CMake module files
[7.735s] DEBUG:colcon.colcon_core.event_handler.log_command:Invoked command in '/home/robotica-06/bender_manipulacion/build/bender_moveit_config' returned '0': CMAKE_PREFIX_PATH=/home/robotica-06/ws_moveit/install/moveit_configs_utils:/opt/ros/jazzy:${CMAKE_PREFIX_PATH} DEBUGINFOD_URLS=https://debuginfod.ubuntu.com /usr/bin/cmake --install /home/robotica-06/bender_manipulacion/build/bender_moveit_config
[7.736s] Level 1:colcon.colcon_core.environment:checking '/home/robotica-06/bender_manipulacion/install' for CMake config files
[7.736s] Level 1:colcon.colcon_core.shell:create_environment_hook('bender_moveit_config', 'cmake_prefix_path')
[7.736s] INFO:colcon.colcon_core.shell:Creating environment hook '/home/robotica-06/bender_manipulacion/install/share/bender_moveit_config/hook/cmake_prefix_path.ps1'
[7.737s] INFO:colcon.colcon_core.shell:Creating environment descriptor '/home/robotica-06/bender_manipulacion/install/share/bender_moveit_config/hook/cmake_prefix_path.dsv'
[7.737s] INFO:colcon.colcon_core.shell:Creating environment hook '/home/robotica-06/bender_manipulacion/install/share/bender_moveit_config/hook/cmake_prefix_path.sh'
[7.738s] Level 1:colcon.colcon_core.environment:checking '/home/robotica-06/bender_manipulacion/install/lib'
[7.738s] Level 1:colcon.colcon_core.environment:checking '/home/robotica-06/bender_manipulacion/install/bin'
[7.738s] Level 1:colcon.colcon_core.environment:checking '/home/robotica-06/bender_manipulacion/install/lib/pkgconfig/bender_moveit_config.pc'
[7.738s] Level 1:colcon.colcon_core.environment:checking '/home/robotica-06/bender_manipulacion/install/lib/python3.12/site-packages'
[7.738s] Level 1:colcon.colcon_core.shell:create_environment_hook('bender_moveit_config', 'pythonpath')
[7.738s] INFO:colcon.colcon_core.shell:Creating environment hook '/home/robotica-06/bender_manipulacion/install/share/bender_moveit_config/hook/pythonpath.ps1'
[7.739s] INFO:colcon.colcon_core.shell:Creating environment descriptor '/home/robotica-06/bender_manipulacion/install/share/bender_moveit_config/hook/pythonpath.dsv'
[7.739s] INFO:colcon.colcon_core.shell:Creating environment hook '/home/robotica-06/bender_manipulacion/install/share/bender_moveit_config/hook/pythonpath.sh'
[7.740s] Level 1:colcon.colcon_core.environment:checking '/home/robotica-06/bender_manipulacion/install/bin'
[7.740s] INFO:colcon.colcon_core.shell:Creating package script '/home/robotica-06/bender_manipulacion/install/share/bender_moveit_config/package.ps1'
[7.741s] INFO:colcon.colcon_core.shell:Creating package descriptor '/home/robotica-06/bender_manipulacion/install/share/bender_moveit_config/package.dsv'
[7.741s] INFO:colcon.colcon_core.shell:Creating package script '/home/robotica-06/bender_manipulacion/install/share/bender_moveit_config/package.sh'
[7.742s] INFO:colcon.colcon_core.shell:Creating package script '/home/robotica-06/bender_manipulacion/install/share/bender_moveit_config/package.bash'
[7.742s] INFO:colcon.colcon_core.shell:Creating package script '/home/robotica-06/bender_manipulacion/install/share/bender_moveit_config/package.zsh'
[7.742s] Level 1:colcon.colcon_core.environment:create_file_with_runtime_dependencies(/home/robotica-06/bender_manipulacion/install/share/colcon-core/packages/bender_moveit_config)
[7.743s] Level 1:colcon.colcon_core.environment:create_environment_scripts_only(bender_moveit_config)
[7.743s] Level 1:colcon.colcon_core.environment:checking '/home/robotica-06/bender_manipulacion/install' for CMake module files
[7.744s] Level 1:colcon.colcon_core.environment:checking '/home/robotica-06/bender_manipulacion/install' for CMake config files
[7.744s] Level 1:colcon.colcon_core.shell:create_environment_hook('bender_moveit_config', 'cmake_prefix_path')
[7.745s] INFO:colcon.colcon_core.shell:Creating environment hook '/home/robotica-06/bender_manipulacion/install/share/bender_moveit_config/hook/cmake_prefix_path.ps1'
[7.745s] INFO:colcon.colcon_core.shell:Creating environment descriptor '/home/robotica-06/bender_manipulacion/install/share/bender_moveit_config/hook/cmake_prefix_path.dsv'
[7.745s] INFO:colcon.colcon_core.shell:Creating environment hook '/home/robotica-06/bender_manipulacion/install/share/bender_moveit_config/hook/cmake_prefix_path.sh'
[7.746s] Level 1:colcon.colcon_core.environment:checking '/home/robotica-06/bender_manipulacion/install/lib'
[7.746s] Level 1:colcon.colcon_core.environment:checking '/home/robotica-06/bender_manipulacion/install/bin'
[7.746s] Level 1:colcon.colcon_core.environment:checking '/home/robotica-06/bender_manipulacion/install/lib/pkgconfig/bender_moveit_config.pc'
[7.746s] Level 1:colcon.colcon_core.environment:checking '/home/robotica-06/bender_manipulacion/install/lib/python3.12/site-packages'
[7.747s] Level 1:colcon.colcon_core.shell:create_environment_hook('bender_moveit_config', 'pythonpath')
[7.747s] INFO:colcon.colcon_core.shell:Creating environment hook '/home/robotica-06/bender_manipulacion/install/share/bender_moveit_config/hook/pythonpath.ps1'
[7.747s] INFO:colcon.colcon_core.shell:Creating environment descriptor '/home/robotica-06/bender_manipulacion/install/share/bender_moveit_config/hook/pythonpath.dsv'
[7.748s] INFO:colcon.colcon_core.shell:Creating environment hook '/home/robotica-06/bender_manipulacion/install/share/bender_moveit_config/hook/pythonpath.sh'
[7.748s] Level 1:colcon.colcon_core.environment:checking '/home/robotica-06/bender_manipulacion/install/bin'
[7.748s] INFO:colcon.colcon_core.shell:Creating package script '/home/robotica-06/bender_manipulacion/install/share/bender_moveit_config/package.ps1'
[7.749s] INFO:colcon.colcon_core.shell:Creating package descriptor '/home/robotica-06/bender_manipulacion/install/share/bender_moveit_config/package.dsv'
[7.750s] INFO:colcon.colcon_core.shell:Creating package script '/home/robotica-06/bender_manipulacion/install/share/bender_moveit_config/package.sh'
[7.750s] INFO:colcon.colcon_core.shell:Creating package script '/home/robotica-06/bender_manipulacion/install/share/bender_moveit_config/package.bash'
[7.751s] INFO:colcon.colcon_core.shell:Creating package script '/home/robotica-06/bender_manipulacion/install/share/bender_moveit_config/package.zsh'
[7.751s] Level 1:colcon.colcon_core.environment:create_file_with_runtime_dependencies(/home/robotica-06/bender_manipulacion/install/share/colcon-core/packages/bender_moveit_config)
[7.825s] Level 1:colcon.colcon_core.environment:checking '/home/robotica-06/bender_manipulacion/install' for CMake module files
[7.826s] DEBUG:colcon.colcon_core.event_handler.log_command:Invoked command in '/home/robotica-06/bender_manipulacion/src/bender_moveit_scripts' returned '0': DEBUGINFOD_URLS=https://debuginfod.ubuntu.com PYTHONPATH=/home/robotica-06/bender_manipulacion/build/bender_moveit_scripts/prefix_override:/usr/lib/python3/dist-packages/colcon_core/task/python/colcon_distutils_commands:/home/robotica-06/bender_manipulacion/install/lib/python3.12/site-packages:${PYTHONPATH} /usr/bin/python3 -W ignore:setup.py install is deprecated -W ignore:easy_install command is deprecated setup.py egg_info --egg-base ../../build/bender_moveit_scripts build --build-base /home/robotica-06/bender_manipulacion/build/bender_moveit_scripts/build install --record /home/robotica-06/bender_manipulacion/build/bender_moveit_scripts/install.log --single-version-externally-managed install_data
[7.827s] Level 1:colcon.colcon_core.environment:checking '/home/robotica-06/bender_manipulacion/install' for CMake config files
[7.827s] Level 1:colcon.colcon_core.shell:create_environment_hook('bender_moveit_scripts', 'cmake_prefix_path')
[7.827s] INFO:colcon.colcon_core.shell:Creating environment hook '/home/robotica-06/bender_manipulacion/install/share/bender_moveit_scripts/hook/cmake_prefix_path.ps1'
[7.828s] INFO:colcon.colcon_core.shell:Creating environment descriptor '/home/robotica-06/bender_manipulacion/install/share/bender_moveit_scripts/hook/cmake_prefix_path.dsv'
[7.828s] INFO:colcon.colcon_core.shell:Creating environment hook '/home/robotica-06/bender_manipulacion/install/share/bender_moveit_scripts/hook/cmake_prefix_path.sh'
[7.828s] Level 1:colcon.colcon_core.environment:checking '/home/robotica-06/bender_manipulacion/install/lib'
[7.829s] Level 1:colcon.colcon_core.environment:checking '/home/robotica-06/bender_manipulacion/install/bin'
[7.829s] Level 1:colcon.colcon_core.environment:checking '/home/robotica-06/bender_manipulacion/install/lib/pkgconfig/bender_moveit_scripts.pc'
[7.829s] Level 1:colcon.colcon_core.environment:checking '/home/robotica-06/bender_manipulacion/install/lib/python3.12/site-packages'
[7.829s] Level 1:colcon.colcon_core.shell:create_environment_hook('bender_moveit_scripts', 'pythonpath')
[7.829s] INFO:colcon.colcon_core.shell:Creating environment hook '/home/robotica-06/bender_manipulacion/install/share/bender_moveit_scripts/hook/pythonpath.ps1'
[7.830s] INFO:colcon.colcon_core.shell:Creating environment descriptor '/home/robotica-06/bender_manipulacion/install/share/bender_moveit_scripts/hook/pythonpath.dsv'
[7.830s] INFO:colcon.colcon_core.shell:Creating environment hook '/home/robotica-06/bender_manipulacion/install/share/bender_moveit_scripts/hook/pythonpath.sh'
[7.830s] Level 1:colcon.colcon_core.environment:checking '/home/robotica-06/bender_manipulacion/install/bin'
[7.830s] Level 1:colcon.colcon_core.environment:create_environment_scripts_only(bender_moveit_scripts)
[7.831s] INFO:colcon.colcon_core.shell:Creating package script '/home/robotica-06/bender_manipulacion/install/share/bender_moveit_scripts/package.ps1'
[7.832s] INFO:colcon.colcon_core.shell:Creating package descriptor '/home/robotica-06/bender_manipulacion/install/share/bender_moveit_scripts/package.dsv'
[7.832s] INFO:colcon.colcon_core.shell:Creating package script '/home/robotica-06/bender_manipulacion/install/share/bender_moveit_scripts/package.sh'
[7.833s] INFO:colcon.colcon_core.shell:Creating package script '/home/robotica-06/bender_manipulacion/install/share/bender_moveit_scripts/package.bash'
[7.833s] INFO:colcon.colcon_core.shell:Creating package script '/home/robotica-06/bender_manipulacion/install/share/bender_moveit_scripts/package.zsh'
[7.834s] Level 1:colcon.colcon_core.environment:create_file_with_runtime_dependencies(/home/robotica-06/bender_manipulacion/install/share/colcon-core/packages/bender_moveit_scripts)
[13.243s] DEBUG:colcon.colcon_core.event_handler.log_command:Invoked command in '/home/robotica-06/bender_manipulacion/build/bender_pick_place_cpp' returned '0': CMAKE_PREFIX_PATH=${CMAKE_PREFIX_PATH}:/home/robotica-06/ws_moveit/install/moveit_configs_utils:/opt/ros/jazzy DEBUGINFOD_URLS=https://debuginfod.ubuntu.com /usr/bin/cmake /home/robotica-06/bender_manipulacion/src/bender_pick_place_cpp -DCMAKE_INSTALL_PREFIX=/home/robotica-06/bender_manipulacion/install
[13.247s] DEBUG:colcon.colcon_core.event_handler.log_command:Invoking command in '/home/robotica-06/bender_manipulacion/build/bender_pick_place_cpp': CMAKE_PREFIX_PATH=${CMAKE_PREFIX_PATH}:/home/robotica-06/ws_moveit/install/moveit_configs_utils:/opt/ros/jazzy DEBUGINFOD_URLS=https://debuginfod.ubuntu.com /usr/bin/cmake --build /home/robotica-06/bender_manipulacion/build/bender_pick_place_cpp -- -j8 -l8
[33.033s] DEBUG:colcon.colcon_core.event_handler.log_command:Invoked command in '/home/robotica-06/bender_manipulacion/build/bender_pick_place_cpp' returned '0': CMAKE_PREFIX_PATH=${CMAKE_PREFIX_PATH}:/home/robotica-06/ws_moveit/install/moveit_configs_utils:/opt/ros/jazzy DEBUGINFOD_URLS=https://debuginfod.ubuntu.com /usr/bin/cmake --build /home/robotica-06/bender_manipulacion/build/bender_pick_place_cpp -- -j8 -l8
[33.035s] DEBUG:colcon.colcon_core.event_handler.log_command:Invoking command in '/home/robotica-06/bender_manipulacion/build/bender_pick_place_cpp': CMAKE_PREFIX_PATH=${CMAKE_PREFIX_PATH}:/home/robotica-06/ws_moveit/install/moveit_configs_utils:/opt/ros/jazzy DEBUGINFOD_URLS=https://debuginfod.ubuntu.com /usr/bin/cmake --install /home/robotica-06/bender_manipulacion/build/bender_pick_place_cpp
[33.061s] Level 1:colcon.colcon_core.environment:create_environment_scripts_only(bender_pick_place_cpp)
[33.061s] Level 1:colcon.colcon_core.environment:checking '/home/robotica-06/bender_manipulacion/install' for CMake module files
[33.062s] DEBUG:colcon.colcon_core.event_handler.log_command:Invoked command in '/home/robotica-06/bender_manipulacion/build/bender_pick_place_cpp' returned '0': CMAKE_PREFIX_PATH=${CMAKE_PREFIX_PATH}:/home/robotica-06/ws_moveit/install/moveit_configs_utils:/opt/ros/jazzy DEBUGINFOD_URLS=https://debuginfod.ubuntu.com /usr/bin/cmake --install /home/robotica-06/bender_manipulacion/build/bender_pick_place_cpp
[33.064s] Level 1:colcon.colcon_core.environment:checking '/home/robotica-06/bender_manipulacion/install' for CMake config files
[33.064s] Level 1:colcon.colcon_core.shell:create_environment_hook('bender_pick_place_cpp', 'cmake_prefix_path')
[33.065s] INFO:colcon.colcon_core.shell:Creating environment hook '/home/robotica-06/bender_manipulacion/install/share/bender_pick_place_cpp/hook/cmake_prefix_path.ps1'
[33.066s] INFO:colcon.colcon_core.shell:Creating environment descriptor '/home/robotica-06/bender_manipulacion/install/share/bender_pick_place_cpp/hook/cmake_prefix_path.dsv'
[33.067s] INFO:colcon.colcon_core.shell:Creating environment hook '/home/robotica-06/bender_manipulacion/install/share/bender_pick_place_cpp/hook/cmake_prefix_path.sh'
[33.068s] Level 1:colcon.colcon_core.environment:checking '/home/robotica-06/bender_manipulacion/install/lib'
[33.068s] Level 1:colcon.colcon_core.environment:checking '/home/robotica-06/bender_manipulacion/install/bin'
[33.069s] Level 1:colcon.colcon_core.environment:checking '/home/robotica-06/bender_manipulacion/install/lib/pkgconfig/bender_pick_place_cpp.pc'
[33.069s] Level 1:colcon.colcon_core.environment:checking '/home/robotica-06/bender_manipulacion/install/lib/python3.12/site-packages'
[33.070s] Level 1:colcon.colcon_core.shell:create_environment_hook('bender_pick_place_cpp', 'pythonpath')
[33.070s] INFO:colcon.colcon_core.shell:Creating environment hook '/home/robotica-06/bender_manipulacion/install/share/bender_pick_place_cpp/hook/pythonpath.ps1'
[33.071s] INFO:colcon.colcon_core.shell:Creating environment descriptor '/home/robotica-06/bender_manipulacion/install/share/bender_pick_place_cpp/hook/pythonpath.dsv'
[33.072s] INFO:colcon.colcon_core.shell:Creating environment hook '/home/robotica-06/bender_manipulacion/install/share/bender_pick_place_cpp/hook/pythonpath.sh'
[33.073s] Level 1:colcon.colcon_core.environment:checking '/home/robotica-06/bender_manipulacion/install/bin'
[33.074s] INFO:colcon.colcon_core.shell:Creating package script '/home/robotica-06/bender_manipulacion/install/share/bender_pick_place_cpp/package.ps1'
[33.075s] INFO:colcon.colcon_core.shell:Creating package descriptor '/home/robotica-06/bender_manipulacion/install/share/bender_pick_place_cpp/package.dsv'
[33.076s] INFO:colcon.colcon_core.shell:Creating package script '/home/robotica-06/bender_manipulacion/install/share/bender_pick_place_cpp/package.sh'
[33.077s] INFO:colcon.colcon_core.shell:Creating package script '/home/robotica-06/bender_manipulacion/install/share/bender_pick_place_cpp/package.bash'
[33.078s] INFO:colcon.colcon_core.shell:Creating package script '/home/robotica-06/bender_manipulacion/install/share/bender_pick_place_cpp/package.zsh'
[33.079s] Level 1:colcon.colcon_core.environment:create_file_with_runtime_dependencies(/home/robotica-06/bender_manipulacion/install/share/colcon-core/packages/bender_pick_place_cpp)
[33.080s] Level 1:colcon.colcon_core.environment:create_environment_scripts_only(bender_pick_place_cpp)
[33.080s] Level 1:colcon.colcon_core.environment:checking '/home/robotica-06/bender_manipulacion/install' for CMake module files
[33.083s] Level 1:colcon.colcon_core.environment:checking '/home/robotica-06/bender_manipulacion/install' for CMake config files
[33.084s] Level 1:colcon.colcon_core.shell:create_environment_hook('bender_pick_place_cpp', 'cmake_prefix_path')
[33.084s] INFO:colcon.colcon_core.shell:Creating environment hook '/home/robotica-06/bender_manipulacion/install/share/bender_pick_place_cpp/hook/cmake_prefix_path.ps1'
[33.085s] INFO:colcon.colcon_core.shell:Creating environment descriptor '/home/robotica-06/bender_manipulacion/install/share/bender_pick_place_cpp/hook/cmake_prefix_path.dsv'
[33.086s] INFO:colcon.colcon_core.shell:Creating environment hook '/home/robotica-06/bender_manipulacion/install/share/bender_pick_place_cpp/hook/cmake_prefix_path.sh'
[33.087s] Level 1:colcon.colcon_core.environment:checking '/home/robotica-06/bender_manipulacion/install/lib'
[33.087s] Level 1:colcon.colcon_core.environment:checking '/home/robotica-06/bender_manipulacion/install/bin'
[33.088s] Level 1:colcon.colcon_core.environment:checking '/home/robotica-06/bender_manipulacion/install/lib/pkgconfig/bender_pick_place_cpp.pc'
[33.088s] Level 1:colcon.colcon_core.environment:checking '/home/robotica-06/bender_manipulacion/install/lib/python3.12/site-packages'
[33.088s] Level 1:colcon.colcon_core.shell:create_environment_hook('bender_pick_place_cpp', 'pythonpath')
[33.089s] INFO:colcon.colcon_core.shell:Creating environment hook '/home/robotica-06/bender_manipulacion/install/share/bender_pick_place_cpp/hook/pythonpath.ps1'
[33.090s] INFO:colcon.colcon_core.shell:Creating environment descriptor '/home/robotica-06/bender_manipulacion/install/share/bender_pick_place_cpp/hook/pythonpath.dsv'
[33.091s] INFO:colcon.colcon_core.shell:Creating environment hook '/home/robotica-06/bender_manipulacion/install/share/bender_pick_place_cpp/hook/pythonpath.sh'
[33.092s] Level 1:colcon.colcon_core.environment:checking '/home/robotica-06/bender_manipulacion/install/bin'
[33.092s] INFO:colcon.colcon_core.shell:Creating package script '/home/robotica-06/bender_manipulacion/install/share/bender_pick_place_cpp/package.ps1'
[33.094s] INFO:colcon.colcon_core.shell:Creating package descriptor '/home/robotica-06/bender_manipulacion/install/share/bender_pick_place_cpp/package.dsv'
[33.095s] INFO:colcon.colcon_core.shell:Creating package script '/home/robotica-06/bender_manipulacion/install/share/bender_pick_place_cpp/package.sh'
[33.097s] INFO:colcon.colcon_core.shell:Creating package script '/home/robotica-06/bender_manipulacion/install/share/bender_pick_place_cpp/package.bash'
[33.098s] INFO:colcon.colcon_core.shell:Creating package script '/home/robotica-06/bender_manipulacion/install/share/bender_pick_place_cpp/package.zsh'
[33.099s] Level 1:colcon.colcon_core.environment:create_file_with_runtime_dependencies(/home/robotica-06/bender_manipulacion/install/share/colcon-core/packages/bender_pick_place_cpp)
[33.099s] DEBUG:colcon.colcon_parallel_executor.executor.parallel:closing loop
[33.100s] DEBUG:colcon.colcon_parallel_executor.executor.parallel:loop closed
[33.100s] DEBUG:colcon.colcon_parallel_executor.executor.parallel:run_until_complete finished with '0'
[33.101s] DEBUG:colcon.colcon_core.event_reactor:joining thread
[33.115s] INFO:colcon.colcon_core.plugin_system:Skipping extension 'colcon_notification.desktop_notification.terminal_notifier': Not used on non-Darwin systems
[33.115s] INFO:colcon.colcon_core.plugin_system:Skipping extension 'colcon_notification.desktop_notification.win32': Not used on non-Windows systems
[33.115s] INFO:colcon.colcon_notification.desktop_notification:Sending desktop notification using 'notify2'
[33.164s] DEBUG:colcon.colcon_core.event_reactor:joined thread
[33.165s] INFO:colcon.colcon_core.shell:Creating prefix script '/home/robotica-06/bender_manipulacion/install/local_setup.ps1'
[33.167s] INFO:colcon.colcon_core.shell:Creating prefix util module '/home/robotica-06/bender_manipulacion/install/_local_setup_util_ps1.py'
[33.170s] INFO:colcon.colcon_core.shell:Creating prefix chain script '/home/robotica-06/bender_manipulacion/install/setup.ps1'
[33.182s] INFO:colcon.colcon_core.shell:Creating prefix script '/home/robotica-06/bender_manipulacion/install/local_setup.sh'
[33.183s] INFO:colcon.colcon_core.shell:Creating prefix util module '/home/robotica-06/bender_manipulacion/install/_local_setup_util_sh.py'
[33.184s] INFO:colcon.colcon_core.shell:Creating prefix chain script '/home/robotica-06/bender_manipulacion/install/setup.sh'
[33.196s] INFO:colcon.colcon_core.shell:Creating prefix script '/home/robotica-06/bender_manipulacion/install/local_setup.bash'
[33.197s] INFO:colcon.colcon_core.shell:Creating prefix chain script '/home/robotica-06/bender_manipulacion/install/setup.bash'
[33.207s] INFO:colcon.colcon_core.shell:Creating prefix script '/home/robotica-06/bender_manipulacion/install/local_setup.zsh'
[33.207s] INFO:colcon.colcon_core.shell:Creating prefix chain script '/home/robotica-06/bender_manipulacion/install/setup.zsh'
