[0.263s] DEBUG:colcon:Command line arguments: ['/usr/bin/colcon', 'build', '--packages-select', 'bender_description', '--merge-install']
[0.263s] DEBUG:colcon:Parsed command line arguments: Namespace(log_base=None, log_level=None, verb_name='build', build_base='build', install_base='install', merge_install=True, symlink_install=False, test_result_base=None, continue_on_error=False, executor='parallel', parallel_workers=8, event_handlers=None, ignore_user_meta=False, metas=['./colcon.meta'], base_paths=['.'], packages_ignore=None, packages_ignore_regex=None, paths=None, packages_up_to=None, packages_up_to_regex=None, packages_above=None, packages_above_and_dependencies=None, packages_above_depth=None, packages_select_by_dep=None, packages_skip_by_dep=None, packages_skip_up_to=None, packages_select_build_failed=False, packages_skip_build_finished=False, packages_select_test_failures=False, packages_skip_test_passed=False, packages_select=['bender_description'], packages_skip=None, packages_select_regex=None, packages_skip_regex=None, packages_start=None, packages_end=None, allow_overriding=[], cmake_args=None, cmake_target=None, cmake_target_skip_unavailable=False, cmake_clean_cache=False, cmake_clean_first=False, cmake_force_configure=False, ament_cmake_args=None, catkin_cmake_args=None, catkin_skip_building_tests=False, mixin_files=None, mixin=None, verb_parser=<colcon_mixin.mixin.mixin_argument.MixinArgumentDecorator object at 0x7948eebbf230>, verb_extension=<colcon_core.verb.build.BuildVerb object at 0x7948eebbef60>, main=<bound method BuildVerb.main of <colcon_core.verb.build.BuildVerb object at 0x7948eebbef60>>, mixin_verb=('build',))
[0.325s] Level 1:colcon.colcon_core.package_discovery:discover_packages(colcon_meta) check parameters
[0.325s] Level 1:colcon.colcon_core.package_discovery:discover_packages(recursive) check parameters
[0.325s] Level 1:colcon.colcon_core.package_discovery:discover_packages(ignore) check parameters
[0.325s] Level 1:colcon.colcon_core.package_discovery:discover_packages(path) check parameters
[0.325s] Level 1:colcon.colcon_core.package_discovery:discover_packages(colcon_meta) discover
[0.326s] Level 1:colcon.colcon_core.package_discovery:discover_packages(recursive) discover
[0.326s] INFO:colcon.colcon_core.package_discovery:Crawling recursively for packages in '/home/robotica-06/nuevasuper/bender_manipulacion'
[0.326s] Level 1:colcon.colcon_core.package_identification:_identify(.) by extensions ['ignore', 'ignore_ament_install']
[0.327s] Level 1:colcon.colcon_core.package_identification:_identify(.) by extension 'ignore'
[0.327s] Level 1:colcon.colcon_core.package_identification:_identify(.) by extension 'ignore_ament_install'
[0.327s] Level 1:colcon.colcon_core.package_identification:_identify(.) by extensions ['colcon_pkg']
[0.327s] Level 1:colcon.colcon_core.package_identification:_identify(.) by extension 'colcon_pkg'
[0.327s] Level 1:colcon.colcon_core.package_identification:_identify(.) by extensions ['colcon_meta']
[0.327s] Level 1:colcon.colcon_core.package_identification:_identify(.) by extension 'colcon_meta'
[0.327s] Level 1:colcon.colcon_core.package_identification:_identify(.) by extensions ['ros']
[0.327s] Level 1:colcon.colcon_core.package_identification:_identify(.) by extension 'ros'
[0.370s] Level 1:colcon.colcon_core.package_identification:_identify(.) by extensions ['cmake', 'python']
[0.370s] Level 1:colcon.colcon_core.package_identification:_identify(.) by extension 'cmake'
[0.370s] Level 1:colcon.colcon_core.package_identification:_identify(.) by extension 'python'
[0.370s] Level 1:colcon.colcon_core.package_identification:_identify(.) by extensions ['python_setup_py']
[0.370s] Level 1:colcon.colcon_core.package_identification:_identify(.) by extension 'python_setup_py'
[0.370s] Level 1:colcon.colcon_core.package_identification:_identify(build) by extensions ['ignore', 'ignore_ament_install']
[0.371s] Level 1:colcon.colcon_core.package_identification:_identify(build) by extension 'ignore'
[0.371s] Level 1:colcon.colcon_core.package_identification:_identify(build) ignored
[0.371s] Level 1:colcon.colcon_core.package_identification:_identify(install) by extensions ['ignore', 'ignore_ament_install']
[0.371s] Level 1:colcon.colcon_core.package_identification:_identify(install) by extension 'ignore'
[0.371s] Level 1:colcon.colcon_core.package_identification:_identify(install) ignored
[0.371s] Level 1:colcon.colcon_core.package_identification:_identify(log) by extensions ['ignore', 'ignore_ament_install']
[0.371s] Level 1:colcon.colcon_core.package_identification:_identify(log) by extension 'ignore'
[0.371s] Level 1:colcon.colcon_core.package_identification:_identify(log) ignored
[0.371s] Level 1:colcon.colcon_core.package_identification:_identify(src) by extensions ['ignore', 'ignore_ament_install']
[0.371s] Level 1:colcon.colcon_core.package_identification:_identify(src) by extension 'ignore'
[0.372s] Level 1:colcon.colcon_core.package_identification:_identify(src) by extension 'ignore_ament_install'
[0.372s] Level 1:colcon.colcon_core.package_identification:_identify(src) by extensions ['colcon_pkg']
[0.372s] Level 1:colcon.colcon_core.package_identification:_identify(src) by extension 'colcon_pkg'
[0.372s] Level 1:colcon.colcon_core.package_identification:_identify(src) by extensions ['colcon_meta']
[0.372s] Level 1:colcon.colcon_core.package_identification:_identify(src) by extension 'colcon_meta'
[0.372s] Level 1:colcon.colcon_core.package_identification:_identify(src) by extensions ['ros']
[0.372s] Level 1:colcon.colcon_core.package_identification:_identify(src) by extension 'ros'
[0.372s] Level 1:colcon.colcon_core.package_identification:_identify(src) by extensions ['cmake', 'python']
[0.372s] Level 1:colcon.colcon_core.package_identification:_identify(src) by extension 'cmake'
[0.372s] Level 1:colcon.colcon_core.package_identification:_identify(src) by extension 'python'
[0.372s] Level 1:colcon.colcon_core.package_identification:_identify(src) by extensions ['python_setup_py']
[0.372s] Level 1:colcon.colcon_core.package_identification:_identify(src) by extension 'python_setup_py'
[0.373s] Level 1:colcon.colcon_core.package_identification:_identify(src/bender_description) by extensions ['ignore', 'ignore_ament_install']
[0.373s] Level 1:colcon.colcon_core.package_identification:_identify(src/bender_description) by extension 'ignore'
[0.373s] Level 1:colcon.colcon_core.package_identification:_identify(src/bender_description) by extension 'ignore_ament_install'
[0.373s] Level 1:colcon.colcon_core.package_identification:_identify(src/bender_description) by extensions ['colcon_pkg']
[0.373s] Level 1:colcon.colcon_core.package_identification:_identify(src/bender_description) by extension 'colcon_pkg'
[0.373s] Level 1:colcon.colcon_core.package_identification:_identify(src/bender_description) by extensions ['colcon_meta']
[0.373s] Level 1:colcon.colcon_core.package_identification:_identify(src/bender_description) by extension 'colcon_meta'
[0.373s] Level 1:colcon.colcon_core.package_identification:_identify(src/bender_description) by extensions ['ros']
[0.373s] Level 1:colcon.colcon_core.package_identification:_identify(src/bender_description) by extension 'ros'
[0.376s] DEBUG:colcon.colcon_core.package_identification:Package 'src/bender_description' with type 'ros.catkin' and name 'bender_description'
[0.376s] Level 1:colcon.colcon_core.package_identification:_identify(src/bender_moveit_config) by extensions ['ignore', 'ignore_ament_install']
[0.376s] Level 1:colcon.colcon_core.package_identification:_identify(src/bender_moveit_config) by extension 'ignore'
[0.376s] Level 1:colcon.colcon_core.package_identification:_identify(src/bender_moveit_config) by extension 'ignore_ament_install'
[0.377s] Level 1:colcon.colcon_core.package_identification:_identify(src/bender_moveit_config) by extensions ['colcon_pkg']
[0.377s] Level 1:colcon.colcon_core.package_identification:_identify(src/bender_moveit_config) by extension 'colcon_pkg'
[0.377s] Level 1:colcon.colcon_core.package_identification:_identify(src/bender_moveit_config) by extensions ['colcon_meta']
[0.377s] Level 1:colcon.colcon_core.package_identification:_identify(src/bender_moveit_config) by extension 'colcon_meta'
[0.377s] Level 1:colcon.colcon_core.package_identification:_identify(src/bender_moveit_config) by extensions ['ros']
[0.377s] Level 1:colcon.colcon_core.package_identification:_identify(src/bender_moveit_config) by extension 'ros'
[0.378s] DEBUG:colcon.colcon_core.package_identification:Package 'src/bender_moveit_config' with type 'ros.ament_cmake' and name 'bender_moveit_config'
[0.378s] Level 1:colcon.colcon_core.package_identification:_identify(src/bender_moveit_scripts) by extensions ['ignore', 'ignore_ament_install']
[0.378s] Level 1:colcon.colcon_core.package_identification:_identify(src/bender_moveit_scripts) by extension 'ignore'
[0.378s] Level 1:colcon.colcon_core.package_identification:_identify(src/bender_moveit_scripts) by extension 'ignore_ament_install'
[0.378s] Level 1:colcon.colcon_core.package_identification:_identify(src/bender_moveit_scripts) by extensions ['colcon_pkg']
[0.378s] Level 1:colcon.colcon_core.package_identification:_identify(src/bender_moveit_scripts) by extension 'colcon_pkg'
[0.378s] Level 1:colcon.colcon_core.package_identification:_identify(src/bender_moveit_scripts) by extensions ['colcon_meta']
[0.378s] Level 1:colcon.colcon_core.package_identification:_identify(src/bender_moveit_scripts) by extension 'colcon_meta'
[0.378s] Level 1:colcon.colcon_core.package_identification:_identify(src/bender_moveit_scripts) by extensions ['ros']
[0.378s] Level 1:colcon.colcon_core.package_identification:_identify(src/bender_moveit_scripts) by extension 'ros'
[0.380s] DEBUG:colcon.colcon_core.package_identification:Package 'src/bender_moveit_scripts' with type 'ros.ament_python' and name 'bender_moveit_scripts'
[0.380s] Level 1:colcon.colcon_core.package_identification:_identify(src/shoulder_interface) by extensions ['ignore', 'ignore_ament_install']
[0.380s] Level 1:colcon.colcon_core.package_identification:_identify(src/shoulder_interface) by extension 'ignore'
[0.380s] Level 1:colcon.colcon_core.package_identification:_identify(src/shoulder_interface) by extension 'ignore_ament_install'
[0.380s] Level 1:colcon.colcon_core.package_identification:_identify(src/shoulder_interface) by extensions ['colcon_pkg']
[0.380s] Level 1:colcon.colcon_core.package_identification:_identify(src/shoulder_interface) by extension 'colcon_pkg'
[0.380s] Level 1:colcon.colcon_core.package_identification:_identify(src/shoulder_interface) by extensions ['colcon_meta']
[0.380s] Level 1:colcon.colcon_core.package_identification:_identify(src/shoulder_interface) by extension 'colcon_meta'
[0.380s] Level 1:colcon.colcon_core.package_identification:_identify(src/shoulder_interface) by extensions ['ros']
[0.380s] Level 1:colcon.colcon_core.package_identification:_identify(src/shoulder_interface) by extension 'ros'
[0.381s] DEBUG:colcon.colcon_core.package_identification:Package 'src/shoulder_interface' with type 'ros.ament_python' and name 'shoulder_interface'
[0.381s] Level 1:colcon.colcon_core.package_discovery:discover_packages(recursive) using defaults
[0.381s] Level 1:colcon.colcon_core.package_discovery:discover_packages(ignore) discover
[0.381s] Level 1:colcon.colcon_core.package_discovery:discover_packages(ignore) using defaults
[0.381s] Level 1:colcon.colcon_core.package_discovery:discover_packages(path) discover
[0.381s] Level 1:colcon.colcon_core.package_discovery:discover_packages(path) using defaults
[0.407s] INFO:colcon.colcon_core.package_selection:Skipping not selected package 'bender_moveit_scripts' in 'src/bender_moveit_scripts'
[0.407s] INFO:colcon.colcon_core.package_selection:Skipping not selected package 'shoulder_interface' in 'src/shoulder_interface'
[0.407s] INFO:colcon.colcon_core.package_selection:Skipping not selected package 'bender_moveit_config' in 'src/bender_moveit_config'
[0.408s] Level 1:colcon.colcon_core.package_discovery:discover_packages(prefix_path) check parameters
[0.408s] Level 1:colcon.colcon_core.package_discovery:discover_packages(prefix_path) discover
[0.418s] DEBUG:colcon.colcon_installed_package_information.package_discovery:Found 4 installed packages in /home/robotica-06/nuevasuper/bender_manipulacion/install
[0.422s] DEBUG:colcon.colcon_installed_package_information.package_discovery:Found 70 installed packages in /home/robotica-06/ws_moveit/install
[0.426s] DEBUG:colcon.colcon_installed_package_information.package_discovery:Found 394 installed packages in /opt/ros/jazzy
[0.427s] Level 1:colcon.colcon_core.package_discovery:discover_packages(prefix_path) using defaults
[0.525s] Level 5:colcon.colcon_core.verb:set package 'bender_description' build argument 'cmake_args' from command line to 'None'
[0.525s] Level 5:colcon.colcon_core.verb:set package 'bender_description' build argument 'cmake_target' from command line to 'None'
[0.525s] Level 5:colcon.colcon_core.verb:set package 'bender_description' build argument 'cmake_target_skip_unavailable' from command line to 'False'
[0.525s] Level 5:colcon.colcon_core.verb:set package 'bender_description' build argument 'cmake_clean_cache' from command line to 'False'
[0.525s] Level 5:colcon.colcon_core.verb:set package 'bender_description' build argument 'cmake_clean_first' from command line to 'False'
[0.525s] Level 5:colcon.colcon_core.verb:set package 'bender_description' build argument 'cmake_force_configure' from command line to 'False'
[0.525s] Level 5:colcon.colcon_core.verb:set package 'bender_description' build argument 'ament_cmake_args' from command line to 'None'
[0.525s] Level 5:colcon.colcon_core.verb:set package 'bender_description' build argument 'catkin_cmake_args' from command line to 'None'
[0.525s] Level 5:colcon.colcon_core.verb:set package 'bender_description' build argument 'catkin_skip_building_tests' from command line to 'False'
[0.525s] DEBUG:colcon.colcon_core.verb:Building package 'bender_description' with the following arguments: {'ament_cmake_args': None, 'build_base': '/home/robotica-06/nuevasuper/bender_manipulacion/build/bender_description', 'catkin_cmake_args': None, 'catkin_skip_building_tests': False, 'cmake_args': None, 'cmake_clean_cache': False, 'cmake_clean_first': False, 'cmake_force_configure': False, 'cmake_target': None, 'cmake_target_skip_unavailable': False, 'install_base': '/home/robotica-06/nuevasuper/bender_manipulacion/install', 'merge_install': True, 'path': '/home/robotica-06/nuevasuper/bender_manipulacion/src/bender_description', 'symlink_install': False, 'test_result_base': None}
[0.525s] INFO:colcon.colcon_core.executor:Executing jobs using 'parallel' executor
[0.526s] DEBUG:colcon.colcon_parallel_executor.executor.parallel:run_until_complete
[0.527s] INFO:colcon.colcon_ros.task.catkin.build:Building ROS package in '/home/robotica-06/nuevasuper/bender_manipulacion/src/bender_description' with build type 'catkin'
[0.527s] INFO:colcon.colcon_cmake.task.cmake.build:Building CMake package in '/home/robotica-06/nuevasuper/bender_manipulacion/src/bender_description'
[0.530s] INFO:colcon.colcon_core.plugin_system:Skipping extension 'colcon_core.shell.bat': Not used on non-Windows systems
[0.530s] INFO:colcon.colcon_core.shell:Skip shell extension 'powershell' for command environment: Not usable outside of PowerShell
[0.530s] DEBUG:colcon.colcon_core.shell:Skip shell extension 'dsv' for command environment
[0.551s] DEBUG:colcon.colcon_core.event_handler.log_command:Invoking command in '/home/robotica-06/nuevasuper/bender_manipulacion/build/bender_description': DEBUGINFOD_URLS=https://debuginfod.ubuntu.com /usr/bin/cmake --build /home/robotica-06/nuevasuper/bender_manipulacion/build/bender_description -- -j8 -l8
[1.393s] DEBUG:colcon.colcon_core.event_handler.log_command:Invoked command in '/home/robotica-06/nuevasuper/bender_manipulacion/build/bender_description' returned '0': DEBUGINFOD_URLS=https://debuginfod.ubuntu.com /usr/bin/cmake --build /home/robotica-06/nuevasuper/bender_manipulacion/build/bender_description -- -j8 -l8
[1.414s] DEBUG:colcon.colcon_core.event_handler.log_command:Invoking command in '/home/robotica-06/nuevasuper/bender_manipulacion/build/bender_description': DEBUGINFOD_URLS=https://debuginfod.ubuntu.com /usr/bin/cmake --install /home/robotica-06/nuevasuper/bender_manipulacion/build/bender_description
[1.504s] DEBUG:colcon.colcon_core.event_handler.log_command:Invoked command in '/home/robotica-06/nuevasuper/bender_manipulacion/build/bender_description' returned '0': DEBUGINFOD_URLS=https://debuginfod.ubuntu.com /usr/bin/cmake --install /home/robotica-06/nuevasuper/bender_manipulacion/build/bender_description
[1.504s] Level 1:colcon.colcon_core.shell:create_environment_hook('bender_description', 'ros_package_path')
[1.504s] INFO:colcon.colcon_core.shell:Creating environment hook '/home/robotica-06/nuevasuper/bender_manipulacion/install/share/bender_description/hook/ros_package_path.ps1'
[1.505s] INFO:colcon.colcon_core.shell:Creating environment descriptor '/home/robotica-06/nuevasuper/bender_manipulacion/install/share/bender_description/hook/ros_package_path.dsv'
[1.506s] INFO:colcon.colcon_core.shell:Creating environment hook '/home/robotica-06/nuevasuper/bender_manipulacion/install/share/bender_description/hook/ros_package_path.sh'
[1.506s] Level 1:colcon.colcon_ros.task.catkin:checking '/home/robotica-06/nuevasuper/bender_manipulacion/install/lib/python3.12/site-packages'
[1.506s] Level 1:colcon.colcon_core.shell:create_environment_hook('bender_description', 'catkin_pythonpath')
[1.506s] INFO:colcon.colcon_core.shell:Creating environment hook '/home/robotica-06/nuevasuper/bender_manipulacion/install/share/bender_description/hook/catkin_pythonpath.ps1'
[1.507s] INFO:colcon.colcon_core.shell:Creating environment descriptor '/home/robotica-06/nuevasuper/bender_manipulacion/install/share/bender_description/hook/catkin_pythonpath.dsv'
[1.507s] INFO:colcon.colcon_core.shell:Creating environment hook '/home/robotica-06/nuevasuper/bender_manipulacion/install/share/bender_description/hook/catkin_pythonpath.sh'
[1.508s] Level 1:colcon.colcon_core.shell:create_environment_hook('bender_description', 'pkg_config_path')
[1.508s] INFO:colcon.colcon_core.shell:Creating environment hook '/home/robotica-06/nuevasuper/bender_manipulacion/install/share/bender_description/hook/pkg_config_path.ps1'
[1.508s] INFO:colcon.colcon_core.shell:Creating environment descriptor '/home/robotica-06/nuevasuper/bender_manipulacion/install/share/bender_description/hook/pkg_config_path.dsv'
[1.509s] INFO:colcon.colcon_core.shell:Creating environment hook '/home/robotica-06/nuevasuper/bender_manipulacion/install/share/bender_description/hook/pkg_config_path.sh'
[1.512s] Level 1:colcon.colcon_core.shell:create_environment_hook('bender_description', 'pkg_config_path_multiarch')
[1.512s] INFO:colcon.colcon_core.shell:Creating environment hook '/home/robotica-06/nuevasuper/bender_manipulacion/install/share/bender_description/hook/pkg_config_path_multiarch.ps1'
[1.512s] INFO:colcon.colcon_core.shell:Creating environment descriptor '/home/robotica-06/nuevasuper/bender_manipulacion/install/share/bender_description/hook/pkg_config_path_multiarch.dsv'
[1.513s] INFO:colcon.colcon_core.shell:Creating environment hook '/home/robotica-06/nuevasuper/bender_manipulacion/install/share/bender_description/hook/pkg_config_path_multiarch.sh'
[1.514s] Level 1:colcon.colcon_core.environment:create_environment_scripts_only(bender_description)
[1.517s] Level 1:colcon.colcon_core.environment:checking '/home/robotica-06/nuevasuper/bender_manipulacion/install' for CMake module files
[1.518s] Level 1:colcon.colcon_core.environment:checking '/home/robotica-06/nuevasuper/bender_manipulacion/install' for CMake config files
[1.518s] Level 1:colcon.colcon_core.shell:create_environment_hook('bender_description', 'cmake_prefix_path')
[1.518s] INFO:colcon.colcon_core.shell:Creating environment hook '/home/robotica-06/nuevasuper/bender_manipulacion/install/share/bender_description/hook/cmake_prefix_path.ps1'
[1.519s] INFO:colcon.colcon_core.shell:Creating environment descriptor '/home/robotica-06/nuevasuper/bender_manipulacion/install/share/bender_description/hook/cmake_prefix_path.dsv'
[1.519s] INFO:colcon.colcon_core.shell:Creating environment hook '/home/robotica-06/nuevasuper/bender_manipulacion/install/share/bender_description/hook/cmake_prefix_path.sh'
[1.520s] Level 1:colcon.colcon_core.environment:checking '/home/robotica-06/nuevasuper/bender_manipulacion/install/lib'
[1.520s] Level 1:colcon.colcon_core.environment:checking '/home/robotica-06/nuevasuper/bender_manipulacion/install/bin'
[1.520s] Level 1:colcon.colcon_core.environment:checking '/home/robotica-06/nuevasuper/bender_manipulacion/install/lib/pkgconfig/bender_description.pc'
[1.520s] Level 1:colcon.colcon_core.environment:checking '/home/robotica-06/nuevasuper/bender_manipulacion/install/lib/python3.12/site-packages'
[1.521s] Level 1:colcon.colcon_core.shell:create_environment_hook('bender_description', 'pythonpath')
[1.521s] INFO:colcon.colcon_core.shell:Creating environment hook '/home/robotica-06/nuevasuper/bender_manipulacion/install/share/bender_description/hook/pythonpath.ps1'
[1.521s] INFO:colcon.colcon_core.shell:Creating environment descriptor '/home/robotica-06/nuevasuper/bender_manipulacion/install/share/bender_description/hook/pythonpath.dsv'
[1.522s] INFO:colcon.colcon_core.shell:Creating environment hook '/home/robotica-06/nuevasuper/bender_manipulacion/install/share/bender_description/hook/pythonpath.sh'
[1.522s] Level 1:colcon.colcon_core.environment:checking '/home/robotica-06/nuevasuper/bender_manipulacion/install/bin'
[1.523s] INFO:colcon.colcon_core.shell:Creating package script '/home/robotica-06/nuevasuper/bender_manipulacion/install/share/bender_description/package.ps1'
[1.524s] INFO:colcon.colcon_core.shell:Creating package descriptor '/home/robotica-06/nuevasuper/bender_manipulacion/install/share/bender_description/package.dsv'
[1.525s] INFO:colcon.colcon_core.shell:Creating package script '/home/robotica-06/nuevasuper/bender_manipulacion/install/share/bender_description/package.sh'
[1.525s] INFO:colcon.colcon_core.shell:Creating package script '/home/robotica-06/nuevasuper/bender_manipulacion/install/share/bender_description/package.bash'
[1.540s] INFO:colcon.colcon_core.shell:Creating package script '/home/robotica-06/nuevasuper/bender_manipulacion/install/share/bender_description/package.zsh'
[1.541s] Level 1:colcon.colcon_core.environment:create_file_with_runtime_dependencies(/home/robotica-06/nuevasuper/bender_manipulacion/install/share/colcon-core/packages/bender_description)
[1.542s] DEBUG:colcon.colcon_parallel_executor.executor.parallel:closing loop
[1.543s] DEBUG:colcon.colcon_parallel_executor.executor.parallel:loop closed
[1.544s] DEBUG:colcon.colcon_parallel_executor.executor.parallel:run_until_complete finished with '0'
[1.544s] DEBUG:colcon.colcon_core.event_reactor:joining thread
[1.592s] INFO:colcon.colcon_core.plugin_system:Skipping extension 'colcon_notification.desktop_notification.terminal_notifier': Not used on non-Darwin systems
[1.592s] INFO:colcon.colcon_core.plugin_system:Skipping extension 'colcon_notification.desktop_notification.win32': Not used on non-Windows systems
[1.592s] INFO:colcon.colcon_notification.desktop_notification:Sending desktop notification using 'notify2'
[1.615s] DEBUG:colcon.colcon_core.event_reactor:joined thread
[1.616s] INFO:colcon.colcon_core.shell:Creating prefix script '/home/robotica-06/nuevasuper/bender_manipulacion/install/local_setup.ps1'
[1.618s] INFO:colcon.colcon_core.shell:Creating prefix util module '/home/robotica-06/nuevasuper/bender_manipulacion/install/_local_setup_util_ps1.py'
[1.620s] INFO:colcon.colcon_core.shell:Creating prefix chain script '/home/robotica-06/nuevasuper/bender_manipulacion/install/setup.ps1'
[1.632s] INFO:colcon.colcon_core.shell:Creating prefix script '/home/robotica-06/nuevasuper/bender_manipulacion/install/local_setup.sh'
[1.633s] INFO:colcon.colcon_core.shell:Creating prefix util module '/home/robotica-06/nuevasuper/bender_manipulacion/install/_local_setup_util_sh.py'
[1.634s] INFO:colcon.colcon_core.shell:Creating prefix chain script '/home/robotica-06/nuevasuper/bender_manipulacion/install/setup.sh'
[1.641s] INFO:colcon.colcon_core.shell:Creating prefix script '/home/robotica-06/nuevasuper/bender_manipulacion/install/local_setup.bash'
[1.642s] INFO:colcon.colcon_core.shell:Creating prefix chain script '/home/robotica-06/nuevasuper/bender_manipulacion/install/setup.bash'
[1.647s] INFO:colcon.colcon_core.shell:Creating prefix script '/home/robotica-06/nuevasuper/bender_manipulacion/install/local_setup.zsh'
[1.647s] INFO:colcon.colcon_core.shell:Creating prefix chain script '/home/robotica-06/nuevasuper/bender_manipulacion/install/setup.zsh'
