[0.154s] DEBUG:colcon:Command line arguments: ['/usr/bin/colcon', 'build', '--symlink-install', '--merge-install']
[0.154s] DEBUG:colcon:Parsed command line arguments: Namespace(log_base=None, log_level=None, verb_name='build', build_base='build', install_base='install', merge_install=True, symlink_install=True, test_result_base=None, continue_on_error=False, executor='parallel', parallel_workers=8, event_handlers=None, ignore_user_meta=False, metas=['./colcon.meta'], base_paths=['.'], packages_ignore=None, packages_ignore_regex=None, paths=None, packages_up_to=None, packages_up_to_regex=None, packages_above=None, packages_above_and_dependencies=None, packages_above_depth=None, packages_select_by_dep=None, packages_skip_by_dep=None, packages_skip_up_to=None, packages_select_build_failed=False, packages_skip_build_finished=False, packages_select_test_failures=False, packages_skip_test_passed=False, packages_select=None, packages_skip=None, packages_select_regex=None, packages_skip_regex=None, packages_start=None, packages_end=None, allow_overriding=[], cmake_args=None, cmake_target=None, cmake_target_skip_unavailable=False, cmake_clean_cache=False, cmake_clean_first=False, cmake_force_configure=False, ament_cmake_args=None, catkin_cmake_args=None, catkin_skip_building_tests=False, mixin_files=None, mixin=None, verb_parser=<colcon_mixin.mixin.mixin_argument.MixinArgumentDecorator object at 0x72254e4c2840>, verb_extension=<colcon_core.verb.build.BuildVerb object at 0x72254e4c2570>, main=<bound method BuildVerb.main of <colcon_core.verb.build.BuildVerb object at 0x72254e4c2570>>, mixin_verb=('build',))
[0.198s] Level 1:colcon.colcon_core.package_discovery:discover_packages(colcon_meta) check parameters
[0.198s] Level 1:colcon.colcon_core.package_discovery:discover_packages(recursive) check parameters
[0.198s] Level 1:colcon.colcon_core.package_discovery:discover_packages(ignore) check parameters
[0.198s] Level 1:colcon.colcon_core.package_discovery:discover_packages(path) check parameters
[0.198s] Level 1:colcon.colcon_core.package_discovery:discover_packages(colcon_meta) discover
[0.198s] Level 1:colcon.colcon_core.package_discovery:discover_packages(recursive) discover
[0.198s] INFO:colcon.colcon_core.package_discovery:Crawling recursively for packages in '/home/robotica-06/bender_manipulacion'
[0.198s] Level 1:colcon.colcon_core.package_identification:_identify(.) by extensions ['ignore', 'ignore_ament_install']
[0.199s] Level 1:colcon.colcon_core.package_identification:_identify(.) by extension 'ignore'
[0.199s] Level 1:colcon.colcon_core.package_identification:_identify(.) by extension 'ignore_ament_install'
[0.199s] Level 1:colcon.colcon_core.package_identification:_identify(.) by extensions ['colcon_pkg']
[0.199s] Level 1:colcon.colcon_core.package_identification:_identify(.) by extension 'colcon_pkg'
[0.199s] Level 1:colcon.colcon_core.package_identification:_identify(.) by extensions ['colcon_meta']
[0.199s] Level 1:colcon.colcon_core.package_identification:_identify(.) by extension 'colcon_meta'
[0.199s] Level 1:colcon.colcon_core.package_identification:_identify(.) by extensions ['ros']
[0.199s] Level 1:colcon.colcon_core.package_identification:_identify(.) by extension 'ros'
[0.228s] Level 1:colcon.colcon_core.package_identification:_identify(.) by extensions ['cmake', 'python']
[0.228s] Level 1:colcon.colcon_core.package_identification:_identify(.) by extension 'cmake'
[0.228s] Level 1:colcon.colcon_core.package_identification:_identify(.) by extension 'python'
[0.228s] Level 1:colcon.colcon_core.package_identification:_identify(.) by extensions ['python_setup_py']
[0.228s] Level 1:colcon.colcon_core.package_identification:_identify(.) by extension 'python_setup_py'
[0.228s] Level 1:colcon.colcon_core.package_identification:_identify(build) by extensions ['ignore', 'ignore_ament_install']
[0.228s] Level 1:colcon.colcon_core.package_identification:_identify(build) by extension 'ignore'
[0.228s] Level 1:colcon.colcon_core.package_identification:_identify(build) ignored
[0.228s] Level 1:colcon.colcon_core.package_identification:_identify(install) by extensions ['ignore', 'ignore_ament_install']
[0.228s] Level 1:colcon.colcon_core.package_identification:_identify(install) by extension 'ignore'
[0.228s] Level 1:colcon.colcon_core.package_identification:_identify(install) ignored
[0.228s] Level 1:colcon.colcon_core.package_identification:_identify(log) by extensions ['ignore', 'ignore_ament_install']
[0.229s] Level 1:colcon.colcon_core.package_identification:_identify(log) by extension 'ignore'
[0.229s] Level 1:colcon.colcon_core.package_identification:_identify(log) ignored
[0.229s] Level 1:colcon.colcon_core.package_identification:_identify(src) by extensions ['ignore', 'ignore_ament_install']
[0.229s] Level 1:colcon.colcon_core.package_identification:_identify(src) by extension 'ignore'
[0.229s] Level 1:colcon.colcon_core.package_identification:_identify(src) by extension 'ignore_ament_install'
[0.229s] Level 1:colcon.colcon_core.package_identification:_identify(src) by extensions ['colcon_pkg']
[0.229s] Level 1:colcon.colcon_core.package_identification:_identify(src) by extension 'colcon_pkg'
[0.229s] Level 1:colcon.colcon_core.package_identification:_identify(src) by extensions ['colcon_meta']
[0.229s] Level 1:colcon.colcon_core.package_identification:_identify(src) by extension 'colcon_meta'
[0.229s] Level 1:colcon.colcon_core.package_identification:_identify(src) by extensions ['ros']
[0.229s] Level 1:colcon.colcon_core.package_identification:_identify(src) by extension 'ros'
[0.229s] Level 1:colcon.colcon_core.package_identification:_identify(src) by extensions ['cmake', 'python']
[0.229s] Level 1:colcon.colcon_core.package_identification:_identify(src) by extension 'cmake'
[0.229s] Level 1:colcon.colcon_core.package_identification:_identify(src) by extension 'python'
[0.230s] Level 1:colcon.colcon_core.package_identification:_identify(src) by extensions ['python_setup_py']
[0.230s] Level 1:colcon.colcon_core.package_identification:_identify(src) by extension 'python_setup_py'
[0.230s] Level 1:colcon.colcon_core.package_identification:_identify(src/bender_description) by extensions ['ignore', 'ignore_ament_install']
[0.230s] Level 1:colcon.colcon_core.package_identification:_identify(src/bender_description) by extension 'ignore'
[0.230s] Level 1:colcon.colcon_core.package_identification:_identify(src/bender_description) by extension 'ignore_ament_install'
[0.230s] Level 1:colcon.colcon_core.package_identification:_identify(src/bender_description) by extensions ['colcon_pkg']
[0.230s] Level 1:colcon.colcon_core.package_identification:_identify(src/bender_description) by extension 'colcon_pkg'
[0.230s] Level 1:colcon.colcon_core.package_identification:_identify(src/bender_description) by extensions ['colcon_meta']
[0.230s] Level 1:colcon.colcon_core.package_identification:_identify(src/bender_description) by extension 'colcon_meta'
[0.230s] Level 1:colcon.colcon_core.package_identification:_identify(src/bender_description) by extensions ['ros']
[0.230s] Level 1:colcon.colcon_core.package_identification:_identify(src/bender_description) by extension 'ros'
[0.233s] DEBUG:colcon.colcon_core.package_identification:Package 'src/bender_description' with type 'ros.catkin' and name 'bender_description'
[0.233s] Level 1:colcon.colcon_core.package_identification:_identify(src/bender_moveit_config) by extensions ['ignore', 'ignore_ament_install']
[0.233s] Level 1:colcon.colcon_core.package_identification:_identify(src/bender_moveit_config) by extension 'ignore'
[0.233s] Level 1:colcon.colcon_core.package_identification:_identify(src/bender_moveit_config) by extension 'ignore_ament_install'
[0.233s] Level 1:colcon.colcon_core.package_identification:_identify(src/bender_moveit_config) by extensions ['colcon_pkg']
[0.233s] Level 1:colcon.colcon_core.package_identification:_identify(src/bender_moveit_config) by extension 'colcon_pkg'
[0.233s] Level 1:colcon.colcon_core.package_identification:_identify(src/bender_moveit_config) by extensions ['colcon_meta']
[0.233s] Level 1:colcon.colcon_core.package_identification:_identify(src/bender_moveit_config) by extension 'colcon_meta'
[0.233s] Level 1:colcon.colcon_core.package_identification:_identify(src/bender_moveit_config) by extensions ['ros']
[0.233s] Level 1:colcon.colcon_core.package_identification:_identify(src/bender_moveit_config) by extension 'ros'
[0.234s] DEBUG:colcon.colcon_core.package_identification:Package 'src/bender_moveit_config' with type 'ros.ament_cmake' and name 'bender_moveit_config'
[0.234s] Level 1:colcon.colcon_core.package_identification:_identify(src/bender_moveit_scripts) by extensions ['ignore', 'ignore_ament_install']
[0.234s] Level 1:colcon.colcon_core.package_identification:_identify(src/bender_moveit_scripts) by extension 'ignore'
[0.234s] Level 1:colcon.colcon_core.package_identification:_identify(src/bender_moveit_scripts) by extension 'ignore_ament_install'
[0.234s] Level 1:colcon.colcon_core.package_identification:_identify(src/bender_moveit_scripts) by extensions ['colcon_pkg']
[0.234s] Level 1:colcon.colcon_core.package_identification:_identify(src/bender_moveit_scripts) by extension 'colcon_pkg'
[0.234s] Level 1:colcon.colcon_core.package_identification:_identify(src/bender_moveit_scripts) by extensions ['colcon_meta']
[0.234s] Level 1:colcon.colcon_core.package_identification:_identify(src/bender_moveit_scripts) by extension 'colcon_meta'
[0.234s] Level 1:colcon.colcon_core.package_identification:_identify(src/bender_moveit_scripts) by extensions ['ros']
[0.235s] Level 1:colcon.colcon_core.package_identification:_identify(src/bender_moveit_scripts) by extension 'ros'
[0.235s] DEBUG:colcon.colcon_core.package_identification:Package 'src/bender_moveit_scripts' with type 'ros.ament_python' and name 'bender_moveit_scripts'
[0.235s] Level 1:colcon.colcon_core.package_identification:_identify(src/shoulder_interface) by extensions ['ignore', 'ignore_ament_install']
[0.235s] Level 1:colcon.colcon_core.package_identification:_identify(src/shoulder_interface) by extension 'ignore'
[0.236s] Level 1:colcon.colcon_core.package_identification:_identify(src/shoulder_interface) by extension 'ignore_ament_install'
[0.236s] Level 1:colcon.colcon_core.package_identification:_identify(src/shoulder_interface) by extensions ['colcon_pkg']
[0.236s] Level 1:colcon.colcon_core.package_identification:_identify(src/shoulder_interface) by extension 'colcon_pkg'
[0.236s] Level 1:colcon.colcon_core.package_identification:_identify(src/shoulder_interface) by extensions ['colcon_meta']
[0.236s] Level 1:colcon.colcon_core.package_identification:_identify(src/shoulder_interface) by extension 'colcon_meta'
[0.236s] Level 1:colcon.colcon_core.package_identification:_identify(src/shoulder_interface) by extensions ['ros']
[0.236s] Level 1:colcon.colcon_core.package_identification:_identify(src/shoulder_interface) by extension 'ros'
[0.236s] DEBUG:colcon.colcon_core.package_identification:Package 'src/shoulder_interface' with type 'ros.ament_python' and name 'shoulder_interface'
[0.237s] Level 1:colcon.colcon_core.package_discovery:discover_packages(recursive) using defaults
[0.237s] Level 1:colcon.colcon_core.package_discovery:discover_packages(ignore) discover
[0.237s] Level 1:colcon.colcon_core.package_discovery:discover_packages(ignore) using defaults
[0.237s] Level 1:colcon.colcon_core.package_discovery:discover_packages(path) discover
[0.237s] Level 1:colcon.colcon_core.package_discovery:discover_packages(path) using defaults
[0.256s] Level 1:colcon.colcon_core.package_discovery:discover_packages(prefix_path) check parameters
[0.256s] Level 1:colcon.colcon_core.package_discovery:discover_packages(prefix_path) discover
[0.257s] WARNING:colcon.colcon_ros.prefix_path.ament:The path '/home/robotica-06/bender_manipulacion/install' in the environment variable AMENT_PREFIX_PATH doesn't contain any 'local_setup.*' files.
[0.262s] DEBUG:colcon.colcon_installed_package_information.package_discovery:Found 0 installed packages in /home/robotica-06/bender_manipulacion/install
[0.265s] DEBUG:colcon.colcon_installed_package_information.package_discovery:Found 70 installed packages in /home/robotica-06/ws_moveit/install
[0.268s] DEBUG:colcon.colcon_installed_package_information.package_discovery:Found 394 installed packages in /opt/ros/jazzy
[0.271s] Level 1:colcon.colcon_core.package_discovery:discover_packages(prefix_path) using defaults
[0.351s] Level 5:colcon.colcon_core.verb:set package 'bender_description' build argument 'cmake_args' from command line to 'None'
[0.351s] Level 5:colcon.colcon_core.verb:set package 'bender_description' build argument 'cmake_target' from command line to 'None'
[0.351s] Level 5:colcon.colcon_core.verb:set package 'bender_description' build argument 'cmake_target_skip_unavailable' from command line to 'False'
[0.351s] Level 5:colcon.colcon_core.verb:set package 'bender_description' build argument 'cmake_clean_cache' from command line to 'False'
[0.351s] Level 5:colcon.colcon_core.verb:set package 'bender_description' build argument 'cmake_clean_first' from command line to 'False'
[0.351s] Level 5:colcon.colcon_core.verb:set package 'bender_description' build argument 'cmake_force_configure' from command line to 'False'
[0.351s] Level 5:colcon.colcon_core.verb:set package 'bender_description' build argument 'ament_cmake_args' from command line to 'None'
[0.351s] Level 5:colcon.colcon_core.verb:set package 'bender_description' build argument 'catkin_cmake_args' from command line to 'None'
[0.351s] Level 5:colcon.colcon_core.verb:set package 'bender_description' build argument 'catkin_skip_building_tests' from command line to 'False'
[0.352s] DEBUG:colcon.colcon_core.verb:Building package 'bender_description' with the following arguments: {'ament_cmake_args': None, 'build_base': '/home/robotica-06/bender_manipulacion/build/bender_description', 'catkin_cmake_args': None, 'catkin_skip_building_tests': False, 'cmake_args': None, 'cmake_clean_cache': False, 'cmake_clean_first': False, 'cmake_force_configure': False, 'cmake_target': None, 'cmake_target_skip_unavailable': False, 'install_base': '/home/robotica-06/bender_manipulacion/install', 'merge_install': True, 'path': '/home/robotica-06/bender_manipulacion/src/bender_description', 'symlink_install': True, 'test_result_base': None}
[0.352s] Level 5:colcon.colcon_core.verb:set package 'bender_moveit_scripts' build argument 'cmake_args' from command line to 'None'
[0.352s] Level 5:colcon.colcon_core.verb:set package 'bender_moveit_scripts' build argument 'cmake_target' from command line to 'None'
[0.352s] Level 5:colcon.colcon_core.verb:set package 'bender_moveit_scripts' build argument 'cmake_target_skip_unavailable' from command line to 'False'
[0.352s] Level 5:colcon.colcon_core.verb:set package 'bender_moveit_scripts' build argument 'cmake_clean_cache' from command line to 'False'
[0.352s] Level 5:colcon.colcon_core.verb:set package 'bender_moveit_scripts' build argument 'cmake_clean_first' from command line to 'False'
[0.352s] Level 5:colcon.colcon_core.verb:set package 'bender_moveit_scripts' build argument 'cmake_force_configure' from command line to 'False'
[0.352s] Level 5:colcon.colcon_core.verb:set package 'bender_moveit_scripts' build argument 'ament_cmake_args' from command line to 'None'
[0.352s] Level 5:colcon.colcon_core.verb:set package 'bender_moveit_scripts' build argument 'catkin_cmake_args' from command line to 'None'
[0.352s] Level 5:colcon.colcon_core.verb:set package 'bender_moveit_scripts' build argument 'catkin_skip_building_tests' from command line to 'False'
[0.352s] DEBUG:colcon.colcon_core.verb:Building package 'bender_moveit_scripts' with the following arguments: {'ament_cmake_args': None, 'build_base': '/home/robotica-06/bender_manipulacion/build/bender_moveit_scripts', 'catkin_cmake_args': None, 'catkin_skip_building_tests': False, 'cmake_args': None, 'cmake_clean_cache': False, 'cmake_clean_first': False, 'cmake_force_configure': False, 'cmake_target': None, 'cmake_target_skip_unavailable': False, 'install_base': '/home/robotica-06/bender_manipulacion/install', 'merge_install': True, 'path': '/home/robotica-06/bender_manipulacion/src/bender_moveit_scripts', 'symlink_install': True, 'test_result_base': None}
[0.352s] Level 5:colcon.colcon_core.verb:set package 'shoulder_interface' build argument 'cmake_args' from command line to 'None'
[0.353s] Level 5:colcon.colcon_core.verb:set package 'shoulder_interface' build argument 'cmake_target' from command line to 'None'
[0.353s] Level 5:colcon.colcon_core.verb:set package 'shoulder_interface' build argument 'cmake_target_skip_unavailable' from command line to 'False'
[0.353s] Level 5:colcon.colcon_core.verb:set package 'shoulder_interface' build argument 'cmake_clean_cache' from command line to 'False'
[0.353s] Level 5:colcon.colcon_core.verb:set package 'shoulder_interface' build argument 'cmake_clean_first' from command line to 'False'
[0.353s] Level 5:colcon.colcon_core.verb:set package 'shoulder_interface' build argument 'cmake_force_configure' from command line to 'False'
[0.353s] Level 5:colcon.colcon_core.verb:set package 'shoulder_interface' build argument 'ament_cmake_args' from command line to 'None'
[0.353s] Level 5:colcon.colcon_core.verb:set package 'shoulder_interface' build argument 'catkin_cmake_args' from command line to 'None'
[0.353s] Level 5:colcon.colcon_core.verb:set package 'shoulder_interface' build argument 'catkin_skip_building_tests' from command line to 'False'
[0.353s] DEBUG:colcon.colcon_core.verb:Building package 'shoulder_interface' with the following arguments: {'ament_cmake_args': None, 'build_base': '/home/robotica-06/bender_manipulacion/build/shoulder_interface', 'catkin_cmake_args': None, 'catkin_skip_building_tests': False, 'cmake_args': None, 'cmake_clean_cache': False, 'cmake_clean_first': False, 'cmake_force_configure': False, 'cmake_target': None, 'cmake_target_skip_unavailable': False, 'install_base': '/home/robotica-06/bender_manipulacion/install', 'merge_install': True, 'path': '/home/robotica-06/bender_manipulacion/src/shoulder_interface', 'symlink_install': True, 'test_result_base': None}
[0.353s] Level 5:colcon.colcon_core.verb:set package 'bender_moveit_config' build argument 'cmake_args' from command line to 'None'
[0.353s] Level 5:colcon.colcon_core.verb:set package 'bender_moveit_config' build argument 'cmake_target' from command line to 'None'
[0.353s] Level 5:colcon.colcon_core.verb:set package 'bender_moveit_config' build argument 'cmake_target_skip_unavailable' from command line to 'False'
[0.353s] Level 5:colcon.colcon_core.verb:set package 'bender_moveit_config' build argument 'cmake_clean_cache' from command line to 'False'
[0.353s] Level 5:colcon.colcon_core.verb:set package 'bender_moveit_config' build argument 'cmake_clean_first' from command line to 'False'
[0.353s] Level 5:colcon.colcon_core.verb:set package 'bender_moveit_config' build argument 'cmake_force_configure' from command line to 'False'
[0.353s] Level 5:colcon.colcon_core.verb:set package 'bender_moveit_config' build argument 'ament_cmake_args' from command line to 'None'
[0.353s] Level 5:colcon.colcon_core.verb:set package 'bender_moveit_config' build argument 'catkin_cmake_args' from command line to 'None'
[0.353s] Level 5:colcon.colcon_core.verb:set package 'bender_moveit_config' build argument 'catkin_skip_building_tests' from command line to 'False'
[0.353s] DEBUG:colcon.colcon_core.verb:Building package 'bender_moveit_config' with the following arguments: {'ament_cmake_args': None, 'build_base': '/home/robotica-06/bender_manipulacion/build/bender_moveit_config', 'catkin_cmake_args': None, 'catkin_skip_building_tests': False, 'cmake_args': None, 'cmake_clean_cache': False, 'cmake_clean_first': False, 'cmake_force_configure': False, 'cmake_target': None, 'cmake_target_skip_unavailable': False, 'install_base': '/home/robotica-06/bender_manipulacion/install', 'merge_install': True, 'path': '/home/robotica-06/bender_manipulacion/src/bender_moveit_config', 'symlink_install': True, 'test_result_base': None}
[0.354s] INFO:colcon.colcon_core.executor:Executing jobs using 'parallel' executor
[0.355s] DEBUG:colcon.colcon_parallel_executor.executor.parallel:run_until_complete
[0.355s] INFO:colcon.colcon_ros.task.catkin.build:Building ROS package in '/home/robotica-06/bender_manipulacion/src/bender_description' with build type 'catkin'
[0.356s] INFO:colcon.colcon_cmake.task.cmake.build:Building CMake package in '/home/robotica-06/bender_manipulacion/src/bender_description'
[0.358s] INFO:colcon.colcon_core.plugin_system:Skipping extension 'colcon_core.shell.bat': Not used on non-Windows systems
[0.358s] INFO:colcon.colcon_core.shell:Skip shell extension 'powershell' for command environment: Not usable outside of PowerShell
[0.358s] DEBUG:colcon.colcon_core.shell:Skip shell extension 'dsv' for command environment
[0.370s] INFO:colcon.colcon_ros.task.ament_python.build:Building ROS package in '/home/robotica-06/bender_manipulacion/src/bender_moveit_scripts' with build type 'ament_python'
[0.370s] Level 1:colcon.colcon_core.shell:create_environment_hook('bender_moveit_scripts', 'ament_prefix_path')
[0.370s] INFO:colcon.colcon_core.shell:Creating environment hook '/home/robotica-06/bender_manipulacion/install/share/bender_moveit_scripts/hook/ament_prefix_path.ps1'
[0.371s] INFO:colcon.colcon_core.shell:Creating environment descriptor '/home/robotica-06/bender_manipulacion/install/share/bender_moveit_scripts/hook/ament_prefix_path.dsv'
[0.371s] INFO:colcon.colcon_core.shell:Creating environment hook '/home/robotica-06/bender_manipulacion/install/share/bender_moveit_scripts/hook/ament_prefix_path.sh'
[0.372s] INFO:colcon.colcon_core.shell:Skip shell extension 'powershell' for command environment: Not usable outside of PowerShell
[0.372s] DEBUG:colcon.colcon_core.shell:Skip shell extension 'dsv' for command environment
[0.383s] INFO:colcon.colcon_ros.task.ament_python.build:Building ROS package in '/home/robotica-06/bender_manipulacion/src/shoulder_interface' with build type 'ament_python'
[0.384s] Level 1:colcon.colcon_core.shell:create_environment_hook('shoulder_interface', 'ament_prefix_path')
[0.384s] INFO:colcon.colcon_core.shell:Creating environment hook '/home/robotica-06/bender_manipulacion/install/share/shoulder_interface/hook/ament_prefix_path.ps1'
[0.384s] INFO:colcon.colcon_core.shell:Creating environment descriptor '/home/robotica-06/bender_manipulacion/install/share/shoulder_interface/hook/ament_prefix_path.dsv'
[0.385s] INFO:colcon.colcon_core.shell:Creating environment hook '/home/robotica-06/bender_manipulacion/install/share/shoulder_interface/hook/ament_prefix_path.sh'
[0.385s] INFO:colcon.colcon_core.shell:Skip shell extension 'powershell' for command environment: Not usable outside of PowerShell
[0.385s] DEBUG:colcon.colcon_core.shell:Skip shell extension 'dsv' for command environment
[0.401s] DEBUG:colcon.colcon_core.event_handler.log_command:Invoking command in '/home/robotica-06/bender_manipulacion/build/bender_description': DEBUGINFOD_URLS=https://debuginfod.ubuntu.com /usr/bin/cmake /home/robotica-06/bender_manipulacion/src/bender_description -DCATKIN_INSTALL_INTO_PREFIX_ROOT=0 -DCATKIN_SYMLINK_INSTALL=ON -DCMAKE_INSTALL_PREFIX=/home/robotica-06/bender_manipulacion/install
[0.816s] INFO:colcon.colcon_core.task.python.build:Building Python package in '/home/robotica-06/bender_manipulacion/src/bender_moveit_scripts'
[0.816s] INFO:colcon.colcon_core.shell:Skip shell extension 'powershell' for command environment: Not usable outside of PowerShell
[0.816s] DEBUG:colcon.colcon_core.shell:Skip shell extension 'dsv' for command environment
[1.211s] INFO:colcon.colcon_core.task.python.build:Building Python package in '/home/robotica-06/bender_manipulacion/src/shoulder_interface'
[1.211s] INFO:colcon.colcon_core.shell:Skip shell extension 'powershell' for command environment: Not usable outside of PowerShell
[1.211s] DEBUG:colcon.colcon_core.shell:Skip shell extension 'dsv' for command environment
[1.952s] DEBUG:colcon.colcon_core.event_handler.log_command:Invoked command in '/home/robotica-06/bender_manipulacion/build/bender_description' returned '0': DEBUGINFOD_URLS=https://debuginfod.ubuntu.com /usr/bin/cmake /home/robotica-06/bender_manipulacion/src/bender_description -DCATKIN_INSTALL_INTO_PREFIX_ROOT=0 -DCATKIN_SYMLINK_INSTALL=ON -DCMAKE_INSTALL_PREFIX=/home/robotica-06/bender_manipulacion/install
[1.953s] DEBUG:colcon.colcon_core.event_handler.log_command:Invoking command in '/home/robotica-06/bender_manipulacion/build/bender_description': DEBUGINFOD_URLS=https://debuginfod.ubuntu.com /usr/bin/cmake --build /home/robotica-06/bender_manipulacion/build/bender_description -- -j8 -l8
[2.051s] DEBUG:colcon.colcon_core.event_handler.log_command:Invoked command in '/home/robotica-06/bender_manipulacion/build/bender_description' returned '0': DEBUGINFOD_URLS=https://debuginfod.ubuntu.com /usr/bin/cmake --build /home/robotica-06/bender_manipulacion/build/bender_description -- -j8 -l8
[2.075s] DEBUG:colcon.colcon_core.event_handler.log_command:Invoking command in '/home/robotica-06/bender_manipulacion/build/bender_description': DEBUGINFOD_URLS=https://debuginfod.ubuntu.com /usr/bin/cmake --install /home/robotica-06/bender_manipulacion/build/bender_description
[2.150s] DEBUG:colcon.colcon_core.event_handler.log_command:Invoked command in '/home/robotica-06/bender_manipulacion/build/bender_description' returned '0': DEBUGINFOD_URLS=https://debuginfod.ubuntu.com /usr/bin/cmake --install /home/robotica-06/bender_manipulacion/build/bender_description
[2.151s] Level 1:colcon.colcon_core.shell:create_environment_hook('bender_description', 'ros_package_path')
[2.152s] INFO:colcon.colcon_core.shell:Creating environment hook '/home/robotica-06/bender_manipulacion/install/share/bender_description/hook/ros_package_path.ps1'
[2.153s] INFO:colcon.colcon_core.shell:Creating environment descriptor '/home/robotica-06/bender_manipulacion/install/share/bender_description/hook/ros_package_path.dsv'
[2.153s] INFO:colcon.colcon_core.shell:Creating environment hook '/home/robotica-06/bender_manipulacion/install/share/bender_description/hook/ros_package_path.sh'
[2.154s] Level 1:colcon.colcon_core.shell:create_environment_hook('bender_description', 'pkg_config_path')
[2.155s] INFO:colcon.colcon_core.shell:Creating environment hook '/home/robotica-06/bender_manipulacion/install/share/bender_description/hook/pkg_config_path.ps1'
[2.156s] INFO:colcon.colcon_core.shell:Creating environment descriptor '/home/robotica-06/bender_manipulacion/install/share/bender_description/hook/pkg_config_path.dsv'
[2.157s] INFO:colcon.colcon_core.shell:Creating environment hook '/home/robotica-06/bender_manipulacion/install/share/bender_description/hook/pkg_config_path.sh'
[2.160s] Level 1:colcon.colcon_core.shell:create_environment_hook('bender_description', 'pkg_config_path_multiarch')
[2.160s] INFO:colcon.colcon_core.shell:Creating environment hook '/home/robotica-06/bender_manipulacion/install/share/bender_description/hook/pkg_config_path_multiarch.ps1'
[2.161s] INFO:colcon.colcon_core.shell:Creating environment descriptor '/home/robotica-06/bender_manipulacion/install/share/bender_description/hook/pkg_config_path_multiarch.dsv'
[2.161s] INFO:colcon.colcon_core.shell:Creating environment hook '/home/robotica-06/bender_manipulacion/install/share/bender_description/hook/pkg_config_path_multiarch.sh'
[2.163s] Level 1:colcon.colcon_core.environment:create_environment_scripts_only(bender_description)
[2.165s] Level 1:colcon.colcon_core.environment:checking '/home/robotica-06/bender_manipulacion/install' for CMake module files
[2.167s] Level 1:colcon.colcon_core.environment:checking '/home/robotica-06/bender_manipulacion/install' for CMake config files
[2.168s] Level 1:colcon.colcon_core.shell:create_environment_hook('bender_description', 'cmake_prefix_path')
[2.168s] INFO:colcon.colcon_core.shell:Creating environment hook '/home/robotica-06/bender_manipulacion/install/share/bender_description/hook/cmake_prefix_path.ps1'
[2.169s] INFO:colcon.colcon_core.shell:Creating environment descriptor '/home/robotica-06/bender_manipulacion/install/share/bender_description/hook/cmake_prefix_path.dsv'
[2.170s] INFO:colcon.colcon_core.shell:Creating environment hook '/home/robotica-06/bender_manipulacion/install/share/bender_description/hook/cmake_prefix_path.sh'
[2.171s] Level 1:colcon.colcon_core.environment:checking '/home/robotica-06/bender_manipulacion/install/lib'
[2.171s] Level 1:colcon.colcon_core.environment:checking '/home/robotica-06/bender_manipulacion/install/bin'
[2.171s] Level 1:colcon.colcon_core.environment:checking '/home/robotica-06/bender_manipulacion/install/lib/pkgconfig/bender_description.pc'
[2.172s] Level 1:colcon.colcon_core.environment:checking '/home/robotica-06/bender_manipulacion/install/lib/python3.12/site-packages'
[2.172s] Level 1:colcon.colcon_core.shell:create_environment_hook('bender_description', 'pythonpath')
[2.172s] INFO:colcon.colcon_core.shell:Creating environment hook '/home/robotica-06/bender_manipulacion/install/share/bender_description/hook/pythonpath.ps1'
[2.173s] INFO:colcon.colcon_core.shell:Creating environment descriptor '/home/robotica-06/bender_manipulacion/install/share/bender_description/hook/pythonpath.dsv'
[2.174s] INFO:colcon.colcon_core.shell:Creating environment hook '/home/robotica-06/bender_manipulacion/install/share/bender_description/hook/pythonpath.sh'
[2.175s] Level 1:colcon.colcon_core.environment:checking '/home/robotica-06/bender_manipulacion/install/bin'
[2.175s] INFO:colcon.colcon_core.shell:Creating package script '/home/robotica-06/bender_manipulacion/install/share/bender_description/package.ps1'
[2.176s] INFO:colcon.colcon_core.shell:Creating package descriptor '/home/robotica-06/bender_manipulacion/install/share/bender_description/package.dsv'
[2.177s] INFO:colcon.colcon_core.shell:Creating package script '/home/robotica-06/bender_manipulacion/install/share/bender_description/package.sh'
[2.178s] INFO:colcon.colcon_core.shell:Creating package script '/home/robotica-06/bender_manipulacion/install/share/bender_description/package.bash'
[2.179s] INFO:colcon.colcon_core.shell:Creating package script '/home/robotica-06/bender_manipulacion/install/share/bender_description/package.zsh'
[2.180s] Level 1:colcon.colcon_core.environment:create_file_with_runtime_dependencies(/home/robotica-06/bender_manipulacion/install/share/colcon-core/packages/bender_description)
[2.181s] INFO:colcon.colcon_ros.task.ament_cmake.build:Building ROS package in '/home/robotica-06/bender_manipulacion/src/bender_moveit_config' with build type 'ament_cmake'
[2.181s] INFO:colcon.colcon_cmake.task.cmake.build:Building CMake package in '/home/robotica-06/bender_manipulacion/src/bender_moveit_config'
[2.181s] INFO:colcon.colcon_core.shell:Skip shell extension 'powershell' for command environment: Not usable outside of PowerShell
[2.181s] DEBUG:colcon.colcon_core.shell:Skip shell extension 'dsv' for command environment
[2.186s] WARNING:colcon.colcon_ros.prefix_path.catkin:The path '/home/robotica-06/bender_manipulacion/install' in the environment variable CMAKE_PREFIX_PATH seems to be a catkin workspace but it doesn't contain any 'local_setup.*' files. Maybe the catkin version is not up-to-date?
[2.208s] DEBUG:colcon.colcon_core.event_handler.log_command:Invoking command in '/home/robotica-06/bender_manipulacion/build/bender_moveit_config': CMAKE_PREFIX_PATH=/home/robotica-06/ws_moveit/install/moveit_configs_utils:/opt/ros/jazzy:${CMAKE_PREFIX_PATH} DEBUGINFOD_URLS=https://debuginfod.ubuntu.com PYTHONPATH=/home/robotica-06/bender_manipulacion/install/lib/python3.12/site-packages:/home/robotica-06/bender_manipulacion/build/bender_moveit_scripts:/home/robotica-06/ws_moveit/install/moveit_task_constructor_core/lib/python3.12/site-packages:/home/robotica-06/ws_moveit/install/moveit_task_constructor_msgs/lib/python3.12/site-packages:/home/robotica-06/ws_moveit/install/moveit_py/lib/python3.12/site-packages:/home/robotica-06/ws_moveit/install/moveit_msgs/lib/python3.12/site-packages:/home/robotica-06/ws_moveit/install/moveit_configs_utils/lib/python3.12/site-packages:/opt/ros/jazzy/lib/python3.12/site-packages /usr/bin/cmake /home/robotica-06/bender_manipulacion/src/bender_moveit_config -DAMENT_CMAKE_SYMLINK_INSTALL=1 -DCMAKE_INSTALL_PREFIX=/home/robotica-06/bender_manipulacion/install
[2.786s] DEBUG:colcon.colcon_core.event_handler.log_command:Invoking command in '/home/robotica-06/bender_manipulacion/build/bender_moveit_scripts': DEBUGINFOD_URLS=https://debuginfod.ubuntu.com PYTHONPATH=/home/robotica-06/bender_manipulacion/build/bender_moveit_scripts/prefix_override:/usr/lib/python3/dist-packages/colcon_core/task/python/colcon_distutils_commands:/home/robotica-06/bender_manipulacion/install/lib/python3.12/site-packages:${PYTHONPATH} /usr/bin/python3 -W ignore:setup.py install is deprecated -W ignore:easy_install command is deprecated setup.py develop --editable --build-directory /home/robotica-06/bender_manipulacion/build/bender_moveit_scripts/build --no-deps symlink_data
[2.818s] DEBUG:colcon.colcon_core.event_handler.log_command:Invoking command in '/home/robotica-06/bender_manipulacion/build/shoulder_interface': DEBUGINFOD_URLS=https://debuginfod.ubuntu.com PYTHONPATH=/home/robotica-06/bender_manipulacion/build/shoulder_interface/prefix_override:/usr/lib/python3/dist-packages/colcon_core/task/python/colcon_distutils_commands:/home/robotica-06/bender_manipulacion/install/lib/python3.12/site-packages:${PYTHONPATH} /usr/bin/python3 -W ignore:setup.py install is deprecated -W ignore:easy_install command is deprecated setup.py develop --editable --build-directory /home/robotica-06/bender_manipulacion/build/shoulder_interface/build --no-deps symlink_data
[3.452s] DEBUG:colcon.colcon_core.event_handler.log_command:Invoked command in '/home/robotica-06/bender_manipulacion/build/bender_moveit_config' returned '0': CMAKE_PREFIX_PATH=/home/robotica-06/ws_moveit/install/moveit_configs_utils:/opt/ros/jazzy:${CMAKE_PREFIX_PATH} DEBUGINFOD_URLS=https://debuginfod.ubuntu.com PYTHONPATH=/home/robotica-06/bender_manipulacion/install/lib/python3.12/site-packages:/home/robotica-06/bender_manipulacion/build/bender_moveit_scripts:/home/robotica-06/ws_moveit/install/moveit_task_constructor_core/lib/python3.12/site-packages:/home/robotica-06/ws_moveit/install/moveit_task_constructor_msgs/lib/python3.12/site-packages:/home/robotica-06/ws_moveit/install/moveit_py/lib/python3.12/site-packages:/home/robotica-06/ws_moveit/install/moveit_msgs/lib/python3.12/site-packages:/home/robotica-06/ws_moveit/install/moveit_configs_utils/lib/python3.12/site-packages:/opt/ros/jazzy/lib/python3.12/site-packages /usr/bin/cmake /home/robotica-06/bender_manipulacion/src/bender_moveit_config -DAMENT_CMAKE_SYMLINK_INSTALL=1 -DCMAKE_INSTALL_PREFIX=/home/robotica-06/bender_manipulacion/install
[3.454s] DEBUG:colcon.colcon_core.event_handler.log_command:Invoking command in '/home/robotica-06/bender_manipulacion/build/bender_moveit_config': CMAKE_PREFIX_PATH=/home/robotica-06/ws_moveit/install/moveit_configs_utils:/opt/ros/jazzy:${CMAKE_PREFIX_PATH} DEBUGINFOD_URLS=https://debuginfod.ubuntu.com PYTHONPATH=/home/robotica-06/bender_manipulacion/install/lib/python3.12/site-packages:/home/robotica-06/bender_manipulacion/build/bender_moveit_scripts:/home/robotica-06/ws_moveit/install/moveit_task_constructor_core/lib/python3.12/site-packages:/home/robotica-06/ws_moveit/install/moveit_task_constructor_msgs/lib/python3.12/site-packages:/home/robotica-06/ws_moveit/install/moveit_py/lib/python3.12/site-packages:/home/robotica-06/ws_moveit/install/moveit_msgs/lib/python3.12/site-packages:/home/robotica-06/ws_moveit/install/moveit_configs_utils/lib/python3.12/site-packages:/opt/ros/jazzy/lib/python3.12/site-packages /usr/bin/cmake --build /home/robotica-06/bender_manipulacion/build/bender_moveit_config -- -j8 -l8
[3.516s] DEBUG:colcon.colcon_core.event_handler.log_command:Invoked command in '/home/robotica-06/bender_manipulacion/build/bender_moveit_config' returned '0': CMAKE_PREFIX_PATH=/home/robotica-06/ws_moveit/install/moveit_configs_utils:/opt/ros/jazzy:${CMAKE_PREFIX_PATH} DEBUGINFOD_URLS=https://debuginfod.ubuntu.com PYTHONPATH=/home/robotica-06/bender_manipulacion/install/lib/python3.12/site-packages:/home/robotica-06/bender_manipulacion/build/bender_moveit_scripts:/home/robotica-06/ws_moveit/install/moveit_task_constructor_core/lib/python3.12/site-packages:/home/robotica-06/ws_moveit/install/moveit_task_constructor_msgs/lib/python3.12/site-packages:/home/robotica-06/ws_moveit/install/moveit_py/lib/python3.12/site-packages:/home/robotica-06/ws_moveit/install/moveit_msgs/lib/python3.12/site-packages:/home/robotica-06/ws_moveit/install/moveit_configs_utils/lib/python3.12/site-packages:/opt/ros/jazzy/lib/python3.12/site-packages /usr/bin/cmake --build /home/robotica-06/bender_manipulacion/build/bender_moveit_config -- -j8 -l8
[3.518s] DEBUG:colcon.colcon_core.event_handler.log_command:Invoking command in '/home/robotica-06/bender_manipulacion/build/bender_moveit_config': CMAKE_PREFIX_PATH=/home/robotica-06/ws_moveit/install/moveit_configs_utils:/opt/ros/jazzy:${CMAKE_PREFIX_PATH} DEBUGINFOD_URLS=https://debuginfod.ubuntu.com PYTHONPATH=/home/robotica-06/bender_manipulacion/install/lib/python3.12/site-packages:/home/robotica-06/bender_manipulacion/build/bender_moveit_scripts:/home/robotica-06/ws_moveit/install/moveit_task_constructor_core/lib/python3.12/site-packages:/home/robotica-06/ws_moveit/install/moveit_task_constructor_msgs/lib/python3.12/site-packages:/home/robotica-06/ws_moveit/install/moveit_py/lib/python3.12/site-packages:/home/robotica-06/ws_moveit/install/moveit_msgs/lib/python3.12/site-packages:/home/robotica-06/ws_moveit/install/moveit_configs_utils/lib/python3.12/site-packages:/opt/ros/jazzy/lib/python3.12/site-packages /usr/bin/cmake --install /home/robotica-06/bender_manipulacion/build/bender_moveit_config
[4.135s] Level 1:colcon.colcon_core.environment:create_environment_scripts_only(bender_moveit_config)
[4.135s] Level 1:colcon.colcon_core.environment:checking '/home/robotica-06/bender_manipulacion/install' for CMake module files
[4.136s] DEBUG:colcon.colcon_core.event_handler.log_command:Invoked command in '/home/robotica-06/bender_manipulacion/build/bender_moveit_config' returned '0': CMAKE_PREFIX_PATH=/home/robotica-06/ws_moveit/install/moveit_configs_utils:/opt/ros/jazzy:${CMAKE_PREFIX_PATH} DEBUGINFOD_URLS=https://debuginfod.ubuntu.com PYTHONPATH=/home/robotica-06/bender_manipulacion/install/lib/python3.12/site-packages:/home/robotica-06/bender_manipulacion/build/bender_moveit_scripts:/home/robotica-06/ws_moveit/install/moveit_task_constructor_core/lib/python3.12/site-packages:/home/robotica-06/ws_moveit/install/moveit_task_constructor_msgs/lib/python3.12/site-packages:/home/robotica-06/ws_moveit/install/moveit_py/lib/python3.12/site-packages:/home/robotica-06/ws_moveit/install/moveit_msgs/lib/python3.12/site-packages:/home/robotica-06/ws_moveit/install/moveit_configs_utils/lib/python3.12/site-packages:/opt/ros/jazzy/lib/python3.12/site-packages /usr/bin/cmake --install /home/robotica-06/bender_manipulacion/build/bender_moveit_config
[4.137s] Level 1:colcon.colcon_core.environment:checking '/home/robotica-06/bender_manipulacion/install' for CMake config files
[4.138s] Level 1:colcon.colcon_core.shell:create_environment_hook('bender_moveit_config', 'cmake_prefix_path')
[4.138s] INFO:colcon.colcon_core.shell:Creating environment hook '/home/robotica-06/bender_manipulacion/install/share/bender_moveit_config/hook/cmake_prefix_path.ps1'
[4.139s] INFO:colcon.colcon_core.shell:Creating environment descriptor '/home/robotica-06/bender_manipulacion/install/share/bender_moveit_config/hook/cmake_prefix_path.dsv'
[4.139s] INFO:colcon.colcon_core.shell:Creating environment hook '/home/robotica-06/bender_manipulacion/install/share/bender_moveit_config/hook/cmake_prefix_path.sh'
[4.140s] Level 1:colcon.colcon_core.environment:checking '/home/robotica-06/bender_manipulacion/install/lib'
[4.140s] Level 1:colcon.colcon_core.environment:checking '/home/robotica-06/bender_manipulacion/install/bin'
[4.141s] Level 1:colcon.colcon_core.environment:checking '/home/robotica-06/bender_manipulacion/install/lib/pkgconfig/bender_moveit_config.pc'
[4.141s] Level 1:colcon.colcon_core.environment:checking '/home/robotica-06/bender_manipulacion/install/lib/python3.12/site-packages'
[4.141s] Level 1:colcon.colcon_core.shell:create_environment_hook('bender_moveit_config', 'pythonpath')
[4.141s] INFO:colcon.colcon_core.shell:Creating environment hook '/home/robotica-06/bender_manipulacion/install/share/bender_moveit_config/hook/pythonpath.ps1'
[4.142s] INFO:colcon.colcon_core.shell:Creating environment descriptor '/home/robotica-06/bender_manipulacion/install/share/bender_moveit_config/hook/pythonpath.dsv'
[4.142s] INFO:colcon.colcon_core.shell:Creating environment hook '/home/robotica-06/bender_manipulacion/install/share/bender_moveit_config/hook/pythonpath.sh'
[4.143s] Level 1:colcon.colcon_core.environment:checking '/home/robotica-06/bender_manipulacion/install/bin'
[4.143s] INFO:colcon.colcon_core.shell:Creating package script '/home/robotica-06/bender_manipulacion/install/share/bender_moveit_config/package.ps1'
[4.144s] INFO:colcon.colcon_core.shell:Creating package descriptor '/home/robotica-06/bender_manipulacion/install/share/bender_moveit_config/package.dsv'
[4.144s] INFO:colcon.colcon_core.shell:Creating package script '/home/robotica-06/bender_manipulacion/install/share/bender_moveit_config/package.sh'
[4.145s] INFO:colcon.colcon_core.shell:Creating package script '/home/robotica-06/bender_manipulacion/install/share/bender_moveit_config/package.bash'
[4.145s] INFO:colcon.colcon_core.shell:Creating package script '/home/robotica-06/bender_manipulacion/install/share/bender_moveit_config/package.zsh'
[4.145s] Level 1:colcon.colcon_core.environment:create_file_with_runtime_dependencies(/home/robotica-06/bender_manipulacion/install/share/colcon-core/packages/bender_moveit_config)
[4.146s] Level 1:colcon.colcon_core.environment:create_environment_scripts_only(bender_moveit_config)
[4.146s] Level 1:colcon.colcon_core.environment:checking '/home/robotica-06/bender_manipulacion/install' for CMake module files
[4.147s] Level 1:colcon.colcon_core.environment:checking '/home/robotica-06/bender_manipulacion/install' for CMake config files
[4.147s] Level 1:colcon.colcon_core.shell:create_environment_hook('bender_moveit_config', 'cmake_prefix_path')
[4.148s] INFO:colcon.colcon_core.shell:Creating environment hook '/home/robotica-06/bender_manipulacion/install/share/bender_moveit_config/hook/cmake_prefix_path.ps1'
[4.148s] INFO:colcon.colcon_core.shell:Creating environment descriptor '/home/robotica-06/bender_manipulacion/install/share/bender_moveit_config/hook/cmake_prefix_path.dsv'
[4.149s] INFO:colcon.colcon_core.shell:Creating environment hook '/home/robotica-06/bender_manipulacion/install/share/bender_moveit_config/hook/cmake_prefix_path.sh'
[4.150s] Level 1:colcon.colcon_core.environment:checking '/home/robotica-06/bender_manipulacion/install/lib'
[4.150s] Level 1:colcon.colcon_core.environment:checking '/home/robotica-06/bender_manipulacion/install/bin'
[4.150s] Level 1:colcon.colcon_core.environment:checking '/home/robotica-06/bender_manipulacion/install/lib/pkgconfig/bender_moveit_config.pc'
[4.150s] Level 1:colcon.colcon_core.environment:checking '/home/robotica-06/bender_manipulacion/install/lib/python3.12/site-packages'
[4.150s] Level 1:colcon.colcon_core.shell:create_environment_hook('bender_moveit_config', 'pythonpath')
[4.150s] INFO:colcon.colcon_core.shell:Creating environment hook '/home/robotica-06/bender_manipulacion/install/share/bender_moveit_config/hook/pythonpath.ps1'
[4.151s] INFO:colcon.colcon_core.shell:Creating environment descriptor '/home/robotica-06/bender_manipulacion/install/share/bender_moveit_config/hook/pythonpath.dsv'
[4.151s] INFO:colcon.colcon_core.shell:Creating environment hook '/home/robotica-06/bender_manipulacion/install/share/bender_moveit_config/hook/pythonpath.sh'
[4.152s] Level 1:colcon.colcon_core.environment:checking '/home/robotica-06/bender_manipulacion/install/bin'
[4.153s] INFO:colcon.colcon_core.shell:Creating package script '/home/robotica-06/bender_manipulacion/install/share/bender_moveit_config/package.ps1'
[4.153s] INFO:colcon.colcon_core.shell:Creating package descriptor '/home/robotica-06/bender_manipulacion/install/share/bender_moveit_config/package.dsv'
[4.154s] INFO:colcon.colcon_core.shell:Creating package script '/home/robotica-06/bender_manipulacion/install/share/bender_moveit_config/package.sh'
[4.155s] INFO:colcon.colcon_core.shell:Creating package script '/home/robotica-06/bender_manipulacion/install/share/bender_moveit_config/package.bash'
[4.155s] INFO:colcon.colcon_core.shell:Creating package script '/home/robotica-06/bender_manipulacion/install/share/bender_moveit_config/package.zsh'
[4.156s] Level 1:colcon.colcon_core.environment:create_file_with_runtime_dependencies(/home/robotica-06/bender_manipulacion/install/share/colcon-core/packages/bender_moveit_config)
[4.252s] Level 1:colcon.colcon_core.shell:create_environment_hook('bender_moveit_scripts', 'pythonpath_develop')
[4.253s] INFO:colcon.colcon_core.shell:Creating environment hook '/home/robotica-06/bender_manipulacion/build/bender_moveit_scripts/share/bender_moveit_scripts/hook/pythonpath_develop.ps1'
[4.253s] DEBUG:colcon.colcon_core.event_handler.log_command:Invoked command in '/home/robotica-06/bender_manipulacion/build/bender_moveit_scripts' returned '0': DEBUGINFOD_URLS=https://debuginfod.ubuntu.com PYTHONPATH=/home/robotica-06/bender_manipulacion/build/bender_moveit_scripts/prefix_override:/usr/lib/python3/dist-packages/colcon_core/task/python/colcon_distutils_commands:/home/robotica-06/bender_manipulacion/install/lib/python3.12/site-packages:${PYTHONPATH} /usr/bin/python3 -W ignore:setup.py install is deprecated -W ignore:easy_install command is deprecated setup.py develop --editable --build-directory /home/robotica-06/bender_manipulacion/build/bender_moveit_scripts/build --no-deps symlink_data
[4.254s] INFO:colcon.colcon_core.shell:Creating environment descriptor '/home/robotica-06/bender_manipulacion/build/bender_moveit_scripts/share/bender_moveit_scripts/hook/pythonpath_develop.dsv'
[4.254s] INFO:colcon.colcon_core.shell:Creating environment hook '/home/robotica-06/bender_manipulacion/build/bender_moveit_scripts/share/bender_moveit_scripts/hook/pythonpath_develop.sh'
[4.255s] Level 1:colcon.colcon_core.environment:checking '/home/robotica-06/bender_manipulacion/install' for CMake module files
[4.256s] Level 1:colcon.colcon_core.environment:checking '/home/robotica-06/bender_manipulacion/install' for CMake config files
[4.256s] Level 1:colcon.colcon_core.shell:create_environment_hook('bender_moveit_scripts', 'cmake_prefix_path')
[4.257s] INFO:colcon.colcon_core.shell:Creating environment hook '/home/robotica-06/bender_manipulacion/install/share/bender_moveit_scripts/hook/cmake_prefix_path.ps1'
[4.257s] INFO:colcon.colcon_core.shell:Creating environment descriptor '/home/robotica-06/bender_manipulacion/install/share/bender_moveit_scripts/hook/cmake_prefix_path.dsv'
[4.258s] INFO:colcon.colcon_core.shell:Creating environment hook '/home/robotica-06/bender_manipulacion/install/share/bender_moveit_scripts/hook/cmake_prefix_path.sh'
[4.258s] Level 1:colcon.colcon_core.environment:checking '/home/robotica-06/bender_manipulacion/install/lib'
[4.258s] Level 1:colcon.colcon_core.environment:checking '/home/robotica-06/bender_manipulacion/install/bin'
[4.258s] Level 1:colcon.colcon_core.environment:checking '/home/robotica-06/bender_manipulacion/install/lib/pkgconfig/bender_moveit_scripts.pc'
[4.259s] Level 1:colcon.colcon_core.environment:checking '/home/robotica-06/bender_manipulacion/install/lib/python3.12/site-packages'
[4.259s] Level 1:colcon.colcon_core.shell:create_environment_hook('bender_moveit_scripts', 'pythonpath')
[4.259s] INFO:colcon.colcon_core.shell:Creating environment hook '/home/robotica-06/bender_manipulacion/install/share/bender_moveit_scripts/hook/pythonpath.ps1'
[4.260s] INFO:colcon.colcon_core.shell:Creating environment descriptor '/home/robotica-06/bender_manipulacion/install/share/bender_moveit_scripts/hook/pythonpath.dsv'
[4.260s] INFO:colcon.colcon_core.shell:Creating environment hook '/home/robotica-06/bender_manipulacion/install/share/bender_moveit_scripts/hook/pythonpath.sh'
[4.261s] Level 1:colcon.colcon_core.environment:checking '/home/robotica-06/bender_manipulacion/install/bin'
[4.261s] Level 1:colcon.colcon_core.environment:create_environment_scripts_only(bender_moveit_scripts)
[4.261s] INFO:colcon.colcon_core.shell:Creating package script '/home/robotica-06/bender_manipulacion/install/share/bender_moveit_scripts/package.ps1'
[4.262s] INFO:colcon.colcon_core.shell:Creating package descriptor '/home/robotica-06/bender_manipulacion/install/share/bender_moveit_scripts/package.dsv'
[4.262s] INFO:colcon.colcon_core.shell:Creating package script '/home/robotica-06/bender_manipulacion/install/share/bender_moveit_scripts/package.sh'
[4.263s] INFO:colcon.colcon_core.shell:Creating package script '/home/robotica-06/bender_manipulacion/install/share/bender_moveit_scripts/package.bash'
[4.263s] INFO:colcon.colcon_core.shell:Creating package script '/home/robotica-06/bender_manipulacion/install/share/bender_moveit_scripts/package.zsh'
[4.283s] Level 1:colcon.colcon_core.environment:create_file_with_runtime_dependencies(/home/robotica-06/bender_manipulacion/install/share/colcon-core/packages/bender_moveit_scripts)
[4.361s] Level 1:colcon.colcon_core.shell:create_environment_hook('shoulder_interface', 'pythonpath_develop')
[4.362s] INFO:colcon.colcon_core.shell:Creating environment hook '/home/robotica-06/bender_manipulacion/build/shoulder_interface/share/shoulder_interface/hook/pythonpath_develop.ps1'
[4.365s] DEBUG:colcon.colcon_core.event_handler.log_command:Invoked command in '/home/robotica-06/bender_manipulacion/build/shoulder_interface' returned '0': DEBUGINFOD_URLS=https://debuginfod.ubuntu.com PYTHONPATH=/home/robotica-06/bender_manipulacion/build/shoulder_interface/prefix_override:/usr/lib/python3/dist-packages/colcon_core/task/python/colcon_distutils_commands:/home/robotica-06/bender_manipulacion/install/lib/python3.12/site-packages:${PYTHONPATH} /usr/bin/python3 -W ignore:setup.py install is deprecated -W ignore:easy_install command is deprecated setup.py develop --editable --build-directory /home/robotica-06/bender_manipulacion/build/shoulder_interface/build --no-deps symlink_data
[4.365s] INFO:colcon.colcon_core.shell:Creating environment descriptor '/home/robotica-06/bender_manipulacion/build/shoulder_interface/share/shoulder_interface/hook/pythonpath_develop.dsv'
[4.366s] INFO:colcon.colcon_core.shell:Creating environment hook '/home/robotica-06/bender_manipulacion/build/shoulder_interface/share/shoulder_interface/hook/pythonpath_develop.sh'
[4.366s] Level 1:colcon.colcon_core.environment:checking '/home/robotica-06/bender_manipulacion/install' for CMake module files
[4.367s] Level 1:colcon.colcon_core.environment:checking '/home/robotica-06/bender_manipulacion/install' for CMake config files
[4.368s] Level 1:colcon.colcon_core.shell:create_environment_hook('shoulder_interface', 'cmake_prefix_path')
[4.369s] INFO:colcon.colcon_core.shell:Creating environment hook '/home/robotica-06/bender_manipulacion/install/share/shoulder_interface/hook/cmake_prefix_path.ps1'
[4.369s] INFO:colcon.colcon_core.shell:Creating environment descriptor '/home/robotica-06/bender_manipulacion/install/share/shoulder_interface/hook/cmake_prefix_path.dsv'
[4.370s] INFO:colcon.colcon_core.shell:Creating environment hook '/home/robotica-06/bender_manipulacion/install/share/shoulder_interface/hook/cmake_prefix_path.sh'
[4.371s] Level 1:colcon.colcon_core.environment:checking '/home/robotica-06/bender_manipulacion/install/lib'
[4.371s] Level 1:colcon.colcon_core.environment:checking '/home/robotica-06/bender_manipulacion/install/bin'
[4.371s] Level 1:colcon.colcon_core.environment:checking '/home/robotica-06/bender_manipulacion/install/lib/pkgconfig/shoulder_interface.pc'
[4.372s] Level 1:colcon.colcon_core.environment:checking '/home/robotica-06/bender_manipulacion/install/lib/python3.12/site-packages'
[4.372s] Level 1:colcon.colcon_core.shell:create_environment_hook('shoulder_interface', 'pythonpath')
[4.372s] INFO:colcon.colcon_core.shell:Creating environment hook '/home/robotica-06/bender_manipulacion/install/share/shoulder_interface/hook/pythonpath.ps1'
[4.373s] INFO:colcon.colcon_core.shell:Creating environment descriptor '/home/robotica-06/bender_manipulacion/install/share/shoulder_interface/hook/pythonpath.dsv'
[4.373s] INFO:colcon.colcon_core.shell:Creating environment hook '/home/robotica-06/bender_manipulacion/install/share/shoulder_interface/hook/pythonpath.sh'
[4.374s] Level 1:colcon.colcon_core.environment:checking '/home/robotica-06/bender_manipulacion/install/bin'
[4.374s] Level 1:colcon.colcon_core.environment:create_environment_scripts_only(shoulder_interface)
[4.375s] INFO:colcon.colcon_core.shell:Creating package script '/home/robotica-06/bender_manipulacion/install/share/shoulder_interface/package.ps1'
[4.376s] INFO:colcon.colcon_core.shell:Creating package descriptor '/home/robotica-06/bender_manipulacion/install/share/shoulder_interface/package.dsv'
[4.376s] INFO:colcon.colcon_core.shell:Creating package script '/home/robotica-06/bender_manipulacion/install/share/shoulder_interface/package.sh'
[4.377s] INFO:colcon.colcon_core.shell:Creating package script '/home/robotica-06/bender_manipulacion/install/share/shoulder_interface/package.bash'
[4.377s] INFO:colcon.colcon_core.shell:Creating package script '/home/robotica-06/bender_manipulacion/install/share/shoulder_interface/package.zsh'
[4.378s] Level 1:colcon.colcon_core.environment:create_file_with_runtime_dependencies(/home/robotica-06/bender_manipulacion/install/share/colcon-core/packages/shoulder_interface)
[4.378s] DEBUG:colcon.colcon_parallel_executor.executor.parallel:closing loop
[4.379s] DEBUG:colcon.colcon_parallel_executor.executor.parallel:loop closed
[4.379s] DEBUG:colcon.colcon_parallel_executor.executor.parallel:run_until_complete finished with '0'
[4.379s] DEBUG:colcon.colcon_core.event_reactor:joining thread
[4.390s] INFO:colcon.colcon_core.plugin_system:Skipping extension 'colcon_notification.desktop_notification.terminal_notifier': Not used on non-Darwin systems
[4.390s] INFO:colcon.colcon_core.plugin_system:Skipping extension 'colcon_notification.desktop_notification.win32': Not used on non-Windows systems
[4.390s] INFO:colcon.colcon_notification.desktop_notification:Sending desktop notification using 'notify2'
[4.411s] DEBUG:colcon.colcon_core.event_reactor:joined thread
[4.411s] INFO:colcon.colcon_core.shell:Creating prefix script '/home/robotica-06/bender_manipulacion/install/local_setup.ps1'
[4.412s] INFO:colcon.colcon_core.shell:Creating prefix util module '/home/robotica-06/bender_manipulacion/install/_local_setup_util_ps1.py'
[4.415s] INFO:colcon.colcon_core.shell:Creating prefix chain script '/home/robotica-06/bender_manipulacion/install/setup.ps1'
[4.421s] INFO:colcon.colcon_core.shell:Creating prefix script '/home/robotica-06/bender_manipulacion/install/local_setup.sh'
[4.421s] INFO:colcon.colcon_core.shell:Creating prefix util module '/home/robotica-06/bender_manipulacion/install/_local_setup_util_sh.py'
[4.422s] INFO:colcon.colcon_core.shell:Creating prefix chain script '/home/robotica-06/bender_manipulacion/install/setup.sh'
[4.427s] INFO:colcon.colcon_core.shell:Creating prefix script '/home/robotica-06/bender_manipulacion/install/local_setup.bash'
[4.428s] INFO:colcon.colcon_core.shell:Creating prefix chain script '/home/robotica-06/bender_manipulacion/install/setup.bash'
[4.433s] INFO:colcon.colcon_core.shell:Creating prefix script '/home/robotica-06/bender_manipulacion/install/local_setup.zsh'
[4.434s] INFO:colcon.colcon_core.shell:Creating prefix chain script '/home/robotica-06/bender_manipulacion/install/setup.zsh'
