[0.071s] Invoking command in '/home/robotica-06/bender_manipulacion/build/bender_description': DEBUGINFOD_URLS=https://debuginfod.ubuntu.com /usr/bin/cmake /home/robotica-06/bender_manipulacion/src/bender_description -DCATKIN_INSTALL_INTO_PREFIX_ROOT=0 -DCMAKE_INSTALL_PREFIX=/home/robotica-06/bender_manipulacion/install
[0.561s] -- The C compiler identification is GNU 13.3.0
[0.561s] -- The CXX compiler identification is GNU 13.3.0
[0.562s] -- Detecting C compiler ABI info
[0.562s] -- Detecting C compiler ABI info - done
[0.563s] -- Check for working C compiler: /usr/bin/cc - skipped
[0.563s] -- Detecting C compile features
[0.563s] -- Detecting C compile features - done
[0.563s] -- Detecting CXX compiler ABI info
[0.667s] -- Detecting CXX compiler ABI info - done
[0.682s] -- Check for working CXX compiler: /usr/bin/c++ - skipped
[0.682s] -- Detecting CXX compile features
[0.683s] -- Detecting CXX compile features - done
[0.696s] -- Found ament_cmake: 2.5.4 (/opt/ros/jazzy/share/ament_cmake/cmake)
[1.051s] -- Found Python3: /usr/bin/python3 (found version "3.12.3") found components: Interpreter 
[1.484s] -- Found ament_lint_auto: 0.17.3 (/opt/ros/jazzy/share/ament_lint_auto/cmake)
[1.874s] -- Added test 'flake8' to check Python code syntax and style conventions
[1.874s] -- Configured 'flake8' exclude dirs and/or files: 
[1.880s] -- Added test 'lint_cmake' to check CMake code style
[1.884s] -- Added test 'pep257' to check Python code against some of the docstring style conventions in PEP 257
[1.894s] -- Added test 'xmllint' to check XML markup files
[1.902s] -- Configuring done (1.8s)
[1.907s] -- Generating done (0.0s)
[1.908s] [33mCMake Warning:
[1.908s]   Manually-specified variables were not used by the project:
[1.908s] 
[1.908s]     CATKIN_INSTALL_INTO_PREFIX_ROOT
[1.909s] 
[1.909s] [0m
[1.910s] -- Build files have been written to: /home/robotica-06/bender_manipulacion/build/bender_description
[1.917s] Invoked command in '/home/robotica-06/bender_manipulacion/build/bender_description' returned '0': DEBUGINFOD_URLS=https://debuginfod.ubuntu.com /usr/bin/cmake /home/robotica-06/bender_manipulacion/src/bender_description -DCATKIN_INSTALL_INTO_PREFIX_ROOT=0 -DCMAKE_INSTALL_PREFIX=/home/robotica-06/bender_manipulacion/install
[1.919s] Invoking command in '/home/robotica-06/bender_manipulacion/build/bender_description': DEBUGINFOD_URLS=https://debuginfod.ubuntu.com /usr/bin/cmake --build /home/robotica-06/bender_manipulacion/build/bender_description -- -j8 -l8
[1.988s] Invoked command in '/home/robotica-06/bender_manipulacion/build/bender_description' returned '0': DEBUGINFOD_URLS=https://debuginfod.ubuntu.com /usr/bin/cmake --build /home/robotica-06/bender_manipulacion/build/bender_description -- -j8 -l8
[2.007s] Invoking command in '/home/robotica-06/bender_manipulacion/build/bender_description': DEBUGINFOD_URLS=https://debuginfod.ubuntu.com /usr/bin/cmake --install /home/robotica-06/bender_manipulacion/build/bender_description
[2.031s] -- Install configuration: ""
[2.031s] -- Installing: /home/robotica-06/bender_manipulacion/install/share/bender_description/launch
[2.031s] -- Installing: /home/robotica-06/bender_manipulacion/install/share/bender_description/launch/gazebo.launch.py
[2.031s] -- Installing: /home/robotica-06/bender_manipulacion/install/share/bender_description/launch/bender_moveit_rviz.launch.py
[2.032s] -- Installing: /home/robotica-06/bender_manipulacion/install/share/bender_description/launch/bender_moveit.launch.py
[2.032s] -- Installing: /home/robotica-06/bender_manipulacion/install/share/bender_description/launch/display.launch.py
[2.032s] -- Installing: /home/robotica-06/bender_manipulacion/install/share/bender_description/launch/rsp.launch.py
[2.032s] -- Installing: /home/robotica-06/bender_manipulacion/install/share/bender_description/launch/bender_move_group.launch.py
[2.032s] -- Installing: /home/robotica-06/bender_manipulacion/install/share/bender_description/urdf
[2.033s] -- Installing: /home/robotica-06/bender_manipulacion/install/share/bender_description/urdf/rgbd_camera.xacro
[2.033s] -- Installing: /home/robotica-06/bender_manipulacion/install/share/bender_description/urdf/ros2_control.xacro
[2.033s] -- Installing: /home/robotica-06/bender_manipulacion/install/share/bender_description/urdf/bender.xacro
[2.033s] -- Installing: /home/robotica-06/bender_manipulacion/install/share/bender_description/urdf/materials.xacro
[2.034s] -- Installing: /home/robotica-06/bender_manipulacion/install/share/bender_description/urdf/bender.xml
[2.034s] -- Installing: /home/robotica-06/bender_manipulacion/install/share/bender_description/config
[2.034s] -- Installing: /home/robotica-06/bender_manipulacion/install/share/bender_description/config/gz_bridge.yaml
[2.034s] -- Installing: /home/robotica-06/bender_manipulacion/install/share/bender_description/config/ompl_planning.yaml
[2.034s] -- Installing: /home/robotica-06/bender_manipulacion/install/share/bender_description/config/controllers
[2.035s] -- Installing: /home/robotica-06/bender_manipulacion/install/share/bender_description/config/controllers/joint_state_broadcaster.yaml
[2.035s] -- Installing: /home/robotica-06/bender_manipulacion/install/share/bender_description/config/controllers/moveit_controllers
[2.035s] -- Installing: /home/robotica-06/bender_manipulacion/install/share/bender_description/config/controllers/moveit_controllers/left_arm_controller.yaml
[2.035s] -- Installing: /home/robotica-06/bender_manipulacion/install/share/bender_description/config/controllers/moveit_controllers/right_arm_controller.yaml
[2.035s] -- Installing: /home/robotica-06/bender_manipulacion/install/share/bender_description/config/controllers/moveit_controllers/left_gripper_controller.yaml
[2.035s] -- Installing: /home/robotica-06/bender_manipulacion/install/share/bender_description/config/controllers/moveit_controllers/head_controller.yaml
[2.036s] -- Installing: /home/robotica-06/bender_manipulacion/install/share/bender_description/config/controllers/moveit_controllers/right_gripper_controller.yaml
[2.036s] -- Installing: /home/robotica-06/bender_manipulacion/install/share/bender_description/config/controllers/gazebo_controllers
[2.036s] -- Installing: /home/robotica-06/bender_manipulacion/install/share/bender_description/config/controllers/gazebo_controllers/right_arm.yaml
[2.036s] -- Installing: /home/robotica-06/bender_manipulacion/install/share/bender_description/config/controllers/gazebo_controllers/left_gripper.yaml
[2.036s] -- Installing: /home/robotica-06/bender_manipulacion/install/share/bender_description/config/controllers/gazebo_controllers/head.yaml
[2.036s] -- Installing: /home/robotica-06/bender_manipulacion/install/share/bender_description/config/controllers/gazebo_controllers/right_gripper.yaml
[2.036s] -- Installing: /home/robotica-06/bender_manipulacion/install/share/bender_description/config/controllers/gazebo_controllers/left_arm.yaml
[2.037s] -- Installing: /home/robotica-06/bender_manipulacion/install/share/bender_description/config/controllers/controllers.yaml
[2.037s] -- Installing: /home/robotica-06/bender_manipulacion/install/share/bender_description/config/controllers/initial_position.yaml
[2.037s] -- Installing: /home/robotica-06/bender_manipulacion/install/share/bender_description/config/ros2_controllers.yaml
[2.037s] -- Installing: /home/robotica-06/bender_manipulacion/install/share/bender_description/config/colors.yaml
[2.037s] -- Installing: /home/robotica-06/bender_manipulacion/install/share/bender_description/rviz
[2.037s] -- Installing: /home/robotica-06/bender_manipulacion/install/share/bender_description/rviz/rviz.rviz
[2.038s] -- Installing: /home/robotica-06/bender_manipulacion/install/share/bender_description/meshes
[2.038s] -- Installing: /home/robotica-06/bender_manipulacion/install/share/bender_description/meshes/g2la_1.stl
[2.038s] -- Installing: /home/robotica-06/bender_manipulacion/install/share/bender_description/meshes/l3l_1.stl
[2.039s] -- Installing: /home/robotica-06/bender_manipulacion/install/share/bender_description/meshes/l6l_1.stl
[2.039s] -- Installing: /home/robotica-06/bender_manipulacion/install/share/bender_description/meshes/l2h_1.stl
[2.040s] -- Installing: /home/robotica-06/bender_manipulacion/install/share/bender_description/meshes/laser_1.stl
[2.040s] -- Installing: /home/robotica-06/bender_manipulacion/install/share/bender_description/meshes/wfr_1.stl
[2.042s] -- Installing: /home/robotica-06/bender_manipulacion/install/share/bender_description/meshes/l5l_1.stl
[2.042s] -- Installing: /home/robotica-06/bender_manipulacion/install/share/bender_description/meshes/wfl_1.stl
[2.044s] -- Installing: /home/robotica-06/bender_manipulacion/install/share/bender_description/meshes/d435.stl
[2.062s] -- Installing: /home/robotica-06/bender_manipulacion/install/share/bender_description/meshes/g2ra_1.stl
[2.063s] -- Installing: /home/robotica-06/bender_manipulacion/install/share/bender_description/meshes/l4l_1.stl
[2.064s] -- Installing: /home/robotica-06/bender_manipulacion/install/share/bender_description/meshes/real_sense_1.stl
[2.065s] -- Installing: /home/robotica-06/bender_manipulacion/install/share/bender_description/meshes/l2r_1.stl
[2.065s] -- Installing: /home/robotica-06/bender_manipulacion/install/share/bender_description/meshes/l1r_1.stl
[2.066s] -- Installing: /home/robotica-06/bender_manipulacion/install/share/bender_description/meshes/base_link.stl
[2.068s] -- Installing: /home/robotica-06/bender_manipulacion/install/share/bender_description/meshes/g1l_1.stl
[2.069s] -- Installing: /home/robotica-06/bender_manipulacion/install/share/bender_description/meshes/l1h_1.stl
[2.069s] -- Installing: /home/robotica-06/bender_manipulacion/install/share/bender_description/meshes/l4r_1.stl
[2.069s] -- Installing: /home/robotica-06/bender_manipulacion/install/share/bender_description/meshes/g1r_1.stl
[2.069s] -- Installing: /home/robotica-06/bender_manipulacion/install/share/bender_description/meshes/wrl_1.stl
[2.071s] -- Installing: /home/robotica-06/bender_manipulacion/install/share/bender_description/meshes/l1l_1.stl
[2.072s] -- Installing: /home/robotica-06/bender_manipulacion/install/share/bender_description/meshes/l2l_1.stl
[2.072s] -- Installing: /home/robotica-06/bender_manipulacion/install/share/bender_description/meshes/l3r_1.stl
[2.072s] -- Installing: /home/robotica-06/bender_manipulacion/install/share/bender_description/meshes/l6r_1.stl
[2.073s] -- Installing: /home/robotica-06/bender_manipulacion/install/share/bender_description/meshes/g2lb_1.stl
[2.073s] -- Installing: /home/robotica-06/bender_manipulacion/install/share/bender_description/meshes/wrr_1.stl
[2.075s] -- Installing: /home/robotica-06/bender_manipulacion/install/share/bender_description/meshes/l5r_1.stl
[2.076s] -- Installing: /home/robotica-06/bender_manipulacion/install/share/bender_description/meshes/g2rb_1.stl
[2.076s] -- Installing: /home/robotica-06/bender_manipulacion/install/share/bender_description/worlds
[2.077s] -- Installing: /home/robotica-06/bender_manipulacion/install/share/bender_description/worlds/empty.world
[2.077s] -- Installing: /home/robotica-06/bender_manipulacion/install/share/ament_index/resource_index/package_run_dependencies/bender_description
[2.077s] -- Installing: /home/robotica-06/bender_manipulacion/install/share/ament_index/resource_index/parent_prefix_path/bender_description
[2.077s] -- Installing: /home/robotica-06/bender_manipulacion/install/share/bender_description/environment/ament_prefix_path.sh
[2.078s] -- Installing: /home/robotica-06/bender_manipulacion/install/share/bender_description/environment/ament_prefix_path.dsv
[2.078s] -- Installing: /home/robotica-06/bender_manipulacion/install/share/bender_description/environment/path.sh
[2.078s] -- Installing: /home/robotica-06/bender_manipulacion/install/share/bender_description/environment/path.dsv
[2.079s] -- Installing: /home/robotica-06/bender_manipulacion/install/share/bender_description/local_setup.bash
[2.079s] -- Installing: /home/robotica-06/bender_manipulacion/install/share/bender_description/local_setup.sh
[2.079s] -- Installing: /home/robotica-06/bender_manipulacion/install/share/bender_description/local_setup.zsh
[2.079s] -- Installing: /home/robotica-06/bender_manipulacion/install/share/bender_description/local_setup.dsv
[2.080s] -- Installing: /home/robotica-06/bender_manipulacion/install/share/bender_description/package.dsv
[2.080s] -- Installing: /home/robotica-06/bender_manipulacion/install/share/ament_index/resource_index/packages/bender_description
[2.080s] -- Installing: /home/robotica-06/bender_manipulacion/install/share/bender_description/cmake/bender_descriptionConfig.cmake
[2.080s] -- Installing: /home/robotica-06/bender_manipulacion/install/share/bender_description/cmake/bender_descriptionConfig-version.cmake
[2.081s] -- Installing: /home/robotica-06/bender_manipulacion/install/share/bender_description/package.xml
[2.083s] Invoked command in '/home/robotica-06/bender_manipulacion/build/bender_description' returned '0': DEBUGINFOD_URLS=https://debuginfod.ubuntu.com /usr/bin/cmake --install /home/robotica-06/bender_manipulacion/build/bender_description
