[0.420s] Invoking command in '/home/robotica-06/bender_manipulacion/build/bender_pick_place_cpp': CMAKE_PREFIX_PATH=${CMAKE_PREFIX_PATH}:/home/robotica-06/ws_moveit/install/moveit_configs_utils:/opt/ros/jazzy DEBUGINFOD_URLS=https://debuginfod.ubuntu.com /usr/bin/cmake /home/robotica-06/bender_manipulacion/src/bender_pick_place_cpp -DCMAKE_INSTALL_PREFIX=/home/robotica-06/bender_manipulacion/install
[0.529s] -- The C compiler identification is GNU 13.3.0
[0.611s] -- The CXX compiler identification is GNU 13.3.0
[0.632s] -- Detecting C compiler ABI info
[0.747s] -- Detecting C compiler ABI info - done
[0.759s] -- Check for working C compiler: /usr/bin/cc - skipped
[0.760s] -- Detecting C compile features
[0.760s] -- Detecting C compile features - done
[0.772s] -- Detecting CXX compiler ABI info
[0.902s] -- Detecting CXX compiler ABI info - done
[0.917s] -- Check for working CXX compiler: /usr/bin/c++ - skipped
[0.917s] -- Detecting CXX compile features
[0.918s] -- Detecting CXX compile features - done
[0.931s] -- Found ament_cmake: 2.5.4 (/opt/ros/jazzy/share/ament_cmake/cmake)
[1.228s] -- Found Python3: /usr/bin/python3 (found version "3.12.3") found components: Interpreter 
[1.581s] -- Found rclcpp: 28.1.11 (/opt/ros/jazzy/share/rclcpp/cmake)
[1.742s] -- Found rosidl_generator_c: 4.6.6 (/opt/ros/jazzy/share/rosidl_generator_c/cmake)
[1.786s] -- Found rosidl_generator_cpp: 4.6.6 (/opt/ros/jazzy/share/rosidl_generator_cpp/cmake)
[1.860s] -- Using all available rosidl_typesupport_c: rosidl_typesupport_fastrtps_c;rosidl_typesupport_introspection_c
[1.920s] -- Using all available rosidl_typesupport_cpp: rosidl_typesupport_fastrtps_cpp;rosidl_typesupport_introspection_cpp
[2.708s] -- Found rmw_implementation_cmake: 7.3.2 (/opt/ros/jazzy/share/rmw_implementation_cmake/cmake)
[2.782s] -- Found rmw_fastrtps_cpp: 8.4.3 (/opt/ros/jazzy/share/rmw_fastrtps_cpp/cmake)
[3.158s] -- Found OpenSSL: /usr/lib/x86_64-linux-gnu/libcrypto.so (found version "3.0.13")  
[3.193s] -- Found FastRTPS: /opt/ros/jazzy/include (Required is at least version "2.13") 
[3.232s] -- Using RMW implementation 'rmw_fastrtps_cpp' as default
[3.414s] -- Found moveit_ros_planning_interface: 2.14.0 (/home/robotica-06/ws_moveit/install/moveit_ros_planning_interface/share/moveit_ros_planning_interface/cmake)
[3.834s] -- Found Boost: /usr/lib/x86_64-linux-gnu/cmake/Boost-1.83.0/BoostConfig.cmake (found version "1.83.0") found components: date_time filesystem program_options system thread 
[4.691s] -- Found Boost: /usr/lib/x86_64-linux-gnu/cmake/Boost-1.83.0/BoostConfig.cmake (found version "1.83.0") found components: chrono date_time filesystem iostreams program_options regex serialization system thread 
[5.159s] -- Found parameter_traits: 0.5.0 (/opt/ros/jazzy/share/parameter_traits/cmake)
[5.253s] -- Found rclcpp_lifecycle: 28.1.11 (/opt/ros/jazzy/share/rclcpp_lifecycle/cmake)
[5.350s] -- Found Boost: /usr/lib/x86_64-linux-gnu/cmake/Boost-1.83.0/BoostConfig.cmake (found version "1.83.0") found components: filesystem 
[5.585s] -- Found Eigen3: TRUE (found version "3.4.0") 
[5.585s] -- Ensuring Eigen3 include directory is part of orocos-kdl CMake target
[6.038s] -- Found Boost: /usr/lib/x86_64-linux-gnu/cmake/Boost-1.83.0/BoostConfig.cmake (found version "1.83.0") found components: system filesystem date_time program_options thread chrono 
[6.115s] -- Found Boost: /usr/lib/x86_64-linux-gnu/cmake/Boost-1.83.0/BoostConfig.cmake (found version "1.83.0") found components: thread system filesystem regex date_time program_options 
[6.176s] -- Found Boost: /usr/lib/x86_64-linux-gnu/cmake/Boost-1.83.0/BoostConfig.cmake (found version "1.83.0") found components: system filesystem date_time program_options thread 
[6.238s] -- Found moveit_visual_tools: 4.1.2 (/home/robotica-06/ws_moveit/install/moveit_visual_tools/share/moveit_visual_tools/cmake)
[6.577s] -- Setting OGRE_DIR to: '/opt/ros/jazzy/share/rviz_ogre_vendor/cmake/../../../opt/rviz_ogre_vendor/lib/OGRE/cmake'
[6.579s] -- Found OGRE
[6.579s] --   static     : OFF
[6.580s] --   components : MeshLodGenerator;Overlay;Paging;Property;RTShaderSystem;Terrain;Volume
[6.580s] --   plugins    : Plugin_BSPSceneManager;Plugin_OctreeSceneManager;Plugin_PCZSceneManager;Plugin_ParticleFX;RenderSystem_GL;RenderSystem_GL3Plus;Codec_STBI
[6.580s] --   media      : /opt/ros/jazzy/opt/rviz_ogre_vendor/share/OGRE/Media
[6.580s] -- OGRE_LIBRARIES: OgreMeshLodGenerator;OgreOverlay;OgrePaging;OgreProperty;OgreRTShaderSystem;OgreTerrain;OgreVolume;OgreMain
[6.580s] -- OGRE_LIBRARY_DIRS: /opt/ros/jazzy/opt/rviz_ogre_vendor/lib
[6.580s] -- OGRE_PLUGINS: Plugin_BSPSceneManager;Plugin_OctreeSceneManager;Plugin_PCZSceneManager;Plugin_ParticleFX;RenderSystem_GL;RenderSystem_GL3Plus;Codec_STBI
[6.580s] -- OGRE_PLUGIN_DIR: /opt/ros/jazzy/opt/rviz_ogre_vendor/lib/OGRE
[6.581s] -- rviz_ogre_vendor::OgreOverlay for IMPORTED_LOCATION_RELEASE: /opt/ros/jazzy/opt/rviz_ogre_vendor/lib/libOgreOverlay.so
[6.581s] -- rviz_ogre_vendor::OgreOverlay for IMPORTED_LOCATION_DEBUG: /opt/ros/jazzy/opt/rviz_ogre_vendor/lib/libOgreOverlay.so
[6.581s] -- rviz_ogre_vendor::OgreMain for IMPORTED_LOCATION_RELEASE: /opt/ros/jazzy/opt/rviz_ogre_vendor/lib/libOgreMain.so
[6.581s] -- rviz_ogre_vendor::OgreMain for IMPORTED_LOCATION_DEBUG: /opt/ros/jazzy/opt/rviz_ogre_vendor/lib/libOgreMain.so
[6.782s] -- Found ZLIB: /usr/lib/x86_64-linux-gnu/libz.so (found version "1.3")  
[6.849s] -- Found OpenGL: /usr/lib/x86_64-linux-gnu/libOpenGL.so   
[7.246s] -- Found X11: /usr/include   
[7.248s] -- Looking for XOpenDisplay in /usr/lib/x86_64-linux-gnu/libX11.so;/usr/lib/x86_64-linux-gnu/libXext.so
[7.408s] -- Looking for XOpenDisplay in /usr/lib/x86_64-linux-gnu/libX11.so;/usr/lib/x86_64-linux-gnu/libXext.so - found
[7.408s] -- Looking for gethostbyname
[7.540s] -- Looking for gethostbyname - found
[7.540s] -- Looking for connect
[7.706s] -- Looking for connect - found
[7.706s] -- Looking for remove
[7.848s] -- Looking for remove - found
[7.848s] -- Looking for shmat
[7.988s] -- Looking for shmat - found
[7.988s] -- Looking for IceConnectionNumber in ICE
[8.136s] -- Looking for IceConnectionNumber in ICE - found
[8.226s] -- Setting yaml-cpp_DIR to: '/opt/ros/jazzy/share/yaml_cpp_vendor/cmake/../../../opt/yaml_cpp_vendor/share/cmake/yaml-cpp'
[8.562s] -- Found moveit_task_constructor_core: 0.1.3 (/home/robotica-06/ws_moveit/install/moveit_task_constructor_core/share/moveit_task_constructor_core/cmake)
[8.981s] -- Configuring done (8.6s)
[9.121s] -- Generating done (0.1s)
[9.138s] -- Build files have been written to: /home/robotica-06/bender_manipulacion/build/bender_pick_place_cpp
[9.159s] Invoked command in '/home/robotica-06/bender_manipulacion/build/bender_pick_place_cpp' returned '0': CMAKE_PREFIX_PATH=${CMAKE_PREFIX_PATH}:/home/robotica-06/ws_moveit/install/moveit_configs_utils:/opt/ros/jazzy DEBUGINFOD_URLS=https://debuginfod.ubuntu.com /usr/bin/cmake /home/robotica-06/bender_manipulacion/src/bender_pick_place_cpp -DCMAKE_INSTALL_PREFIX=/home/robotica-06/bender_manipulacion/install
[9.162s] Invoking command in '/home/robotica-06/bender_manipulacion/build/bender_pick_place_cpp': CMAKE_PREFIX_PATH=${CMAKE_PREFIX_PATH}:/home/robotica-06/ws_moveit/install/moveit_configs_utils:/opt/ros/jazzy DEBUGINFOD_URLS=https://debuginfod.ubuntu.com /usr/bin/cmake --build /home/robotica-06/bender_manipulacion/build/bender_pick_place_cpp -- -j8 -l8
[9.260s] [ 33%] [32mBuilding CXX object CMakeFiles/pick_place_demo.dir/src/bender_pick_and_place.cpp.o[0m
[9.260s] [ 33%] [32mBuilding CXX object CMakeFiles/mtc_node.dir/src/mtc_node.cpp.o[0m
[9.260s] [ 50%] [32mBuilding CXX object CMakeFiles/add_table.dir/src/add_table.cpp.o[0m
[16.940s] In file included from [01m[K/home/robotica-06/bender_manipulacion/src/bender_pick_place_cpp/src/add_table.cpp:2[m[K:
[16.940s] [01m[K/home/robotica-06/ws_moveit/install/moveit_ros_planning_interface/include/moveit_ros_planning_interface/moveit/planning_scene_interface/planning_scene_interface.h:50:77:[m[K [01;36m[Knote: [m[K‘[01m[K#pragma message: .h header is obsolete. Please use the .hpp header instead.[m[K’
[16.940s]    50 | #pragma message(".h header is obsolete. Please use the .hpp header instead."[01;36m[K)[m[K
[16.940s]       |                                                                             [01;36m[K^[m[K
[18.650s] In file included from [01m[K/home/robotica-06/bender_manipulacion/src/bender_pick_place_cpp/src/bender_pick_and_place.cpp:2[m[K:
[18.651s] [01m[K/home/robotica-06/ws_moveit/install/moveit_ros_planning_interface/include/moveit_ros_planning_interface/moveit/move_group_interface/move_group_interface.h:51:77:[m[K [01;36m[Knote: [m[K‘[01m[K#pragma message: .h header is obsolete. Please use the .hpp header instead.[m[K’
[18.651s]    51 | #pragma message(".h header is obsolete. Please use the .hpp header instead."[01;36m[K)[m[K
[18.651s]       |                                                                             [01;36m[K^[m[K
[21.243s] In file included from [01m[K/home/robotica-06/bender_manipulacion/src/bender_pick_place_cpp/src/bender_pick_and_place.cpp:3[m[K:
[21.243s] [01m[K/home/robotica-06/ws_moveit/install/moveit_ros_planning_interface/include/moveit_ros_planning_interface/moveit/planning_scene_interface/planning_scene_interface.h:50:77:[m[K [01;36m[Knote: [m[K‘[01m[K#pragma message: .h header is obsolete. Please use the .hpp header instead.[m[K’
[21.243s]    50 | #pragma message(".h header is obsolete. Please use the .hpp header instead."[01;36m[K)[m[K
[21.243s]       |                                                                             [01;36m[K^[m[K
[21.854s] [ 66%] [32m[1mLinking CXX executable add_table[0m
[22.252s] [ 66%] Built target add_table
[26.120s] [ 83%] [32m[1mLinking CXX executable pick_place_demo[0m
[26.645s] [ 83%] Built target pick_place_demo
[28.487s] [100%] [32m[1mLinking CXX executable mtc_node[0m
[28.928s] [100%] Built target mtc_node
[28.949s] Invoked command in '/home/robotica-06/bender_manipulacion/build/bender_pick_place_cpp' returned '0': CMAKE_PREFIX_PATH=${CMAKE_PREFIX_PATH}:/home/robotica-06/ws_moveit/install/moveit_configs_utils:/opt/ros/jazzy DEBUGINFOD_URLS=https://debuginfod.ubuntu.com /usr/bin/cmake --build /home/robotica-06/bender_manipulacion/build/bender_pick_place_cpp -- -j8 -l8
[28.951s] Invoking command in '/home/robotica-06/bender_manipulacion/build/bender_pick_place_cpp': CMAKE_PREFIX_PATH=${CMAKE_PREFIX_PATH}:/home/robotica-06/ws_moveit/install/moveit_configs_utils:/opt/ros/jazzy DEBUGINFOD_URLS=https://debuginfod.ubuntu.com /usr/bin/cmake --install /home/robotica-06/bender_manipulacion/build/bender_pick_place_cpp
[28.966s] -- Install configuration: ""
[28.966s] -- Installing: /home/robotica-06/bender_manipulacion/install/lib/bender_pick_place_cpp/pick_place_demo
[28.969s] -- Set non-toolchain portion of runtime path of "/home/robotica-06/bender_manipulacion/install/lib/bender_pick_place_cpp/pick_place_demo" to ""
[28.969s] -- Installing: /home/robotica-06/bender_manipulacion/install/lib/bender_pick_place_cpp/add_table
[28.970s] -- Set non-toolchain portion of runtime path of "/home/robotica-06/bender_manipulacion/install/lib/bender_pick_place_cpp/add_table" to ""
[28.970s] -- Installing: /home/robotica-06/bender_manipulacion/install/lib/bender_pick_place_cpp/mtc_node
[28.971s] -- Set non-toolchain portion of runtime path of "/home/robotica-06/bender_manipulacion/install/lib/bender_pick_place_cpp/mtc_node" to ""
[28.971s] -- Installing: /home/robotica-06/bender_manipulacion/install/share/bender_pick_place_cpp/launch
[28.971s] -- Installing: /home/robotica-06/bender_manipulacion/install/share/bender_pick_place_cpp/launch/pick_place_demo_ancient.launch.py
[28.972s] -- Installing: /home/robotica-06/bender_manipulacion/install/share/bender_pick_place_cpp/launch/pick_place_demo.launch.py
[28.972s] -- Installing: /home/robotica-06/bender_manipulacion/install/share/ament_index/resource_index/package_run_dependencies/bender_pick_place_cpp
[28.972s] -- Installing: /home/robotica-06/bender_manipulacion/install/share/ament_index/resource_index/parent_prefix_path/bender_pick_place_cpp
[28.972s] -- Installing: /home/robotica-06/bender_manipulacion/install/share/bender_pick_place_cpp/environment/ament_prefix_path.sh
[28.972s] -- Installing: /home/robotica-06/bender_manipulacion/install/share/bender_pick_place_cpp/environment/ament_prefix_path.dsv
[28.973s] -- Installing: /home/robotica-06/bender_manipulacion/install/share/bender_pick_place_cpp/environment/path.sh
[28.973s] -- Installing: /home/robotica-06/bender_manipulacion/install/share/bender_pick_place_cpp/environment/path.dsv
[28.973s] -- Installing: /home/robotica-06/bender_manipulacion/install/share/bender_pick_place_cpp/local_setup.bash
[28.973s] -- Installing: /home/robotica-06/bender_manipulacion/install/share/bender_pick_place_cpp/local_setup.sh
[28.973s] -- Installing: /home/robotica-06/bender_manipulacion/install/share/bender_pick_place_cpp/local_setup.zsh
[28.973s] -- Installing: /home/robotica-06/bender_manipulacion/install/share/bender_pick_place_cpp/local_setup.dsv
[28.974s] -- Installing: /home/robotica-06/bender_manipulacion/install/share/bender_pick_place_cpp/package.dsv
[28.974s] -- Installing: /home/robotica-06/bender_manipulacion/install/share/ament_index/resource_index/packages/bender_pick_place_cpp
[28.974s] -- Installing: /home/robotica-06/bender_manipulacion/install/share/bender_pick_place_cpp/cmake/bender_pick_place_cppConfig.cmake
[28.974s] -- Installing: /home/robotica-06/bender_manipulacion/install/share/bender_pick_place_cpp/cmake/bender_pick_place_cppConfig-version.cmake
[28.974s] -- Installing: /home/robotica-06/bender_manipulacion/install/share/bender_pick_place_cpp/package.xml
[28.978s] Invoked command in '/home/robotica-06/bender_manipulacion/build/bender_pick_place_cpp' returned '0': CMAKE_PREFIX_PATH=${CMAKE_PREFIX_PATH}:/home/robotica-06/ws_moveit/install/moveit_configs_utils:/opt/ros/jazzy DEBUGINFOD_URLS=https://debuginfod.ubuntu.com /usr/bin/cmake --install /home/robotica-06/bender_manipulacion/build/bender_pick_place_cpp
