[0.157s] DEBUG:colcon:Command line arguments: ['/usr/bin/colcon', 'build', '--merge-install']
[0.157s] DEBUG:colcon:Parsed command line arguments: Namespace(log_base=None, log_level=None, verb_name='build', build_base='build', install_base='install', merge_install=True, symlink_install=False, test_result_base=None, continue_on_error=False, executor='parallel', parallel_workers=8, event_handlers=None, ignore_user_meta=False, metas=['./colcon.meta'], base_paths=['.'], packages_ignore=None, packages_ignore_regex=None, paths=None, packages_up_to=None, packages_up_to_regex=None, packages_above=None, packages_above_and_dependencies=None, packages_above_depth=None, packages_select_by_dep=None, packages_skip_by_dep=None, packages_skip_up_to=None, packages_select_build_failed=False, packages_skip_build_finished=False, packages_select_test_failures=False, packages_skip_test_passed=False, packages_select=None, packages_skip=None, packages_select_regex=None, packages_skip_regex=None, packages_start=None, packages_end=None, allow_overriding=[], cmake_args=None, cmake_target=None, cmake_target_skip_unavailable=False, cmake_clean_cache=False, cmake_clean_first=False, cmake_force_configure=False, ament_cmake_args=None, catkin_cmake_args=None, catkin_skip_building_tests=False, mixin_files=None, mixin=None, verb_parser=<colcon_mixin.mixin.mixin_argument.MixinArgumentDecorator object at 0x7c7078fc1cd0>, verb_extension=<colcon_core.verb.build.BuildVerb object at 0x7c7078fc1ac0>, main=<bound method BuildVerb.main of <colcon_core.verb.build.BuildVerb object at 0x7c7078fc1ac0>>, mixin_verb=('build',))
[0.203s] Level 1:colcon.colcon_core.package_discovery:discover_packages(colcon_meta) check parameters
[0.203s] Level 1:colcon.colcon_core.package_discovery:discover_packages(recursive) check parameters
[0.203s] Level 1:colcon.colcon_core.package_discovery:discover_packages(ignore) check parameters
[0.203s] Level 1:colcon.colcon_core.package_discovery:discover_packages(path) check parameters
[0.203s] Level 1:colcon.colcon_core.package_discovery:discover_packages(colcon_meta) discover
[0.203s] Level 1:colcon.colcon_core.package_discovery:discover_packages(recursive) discover
[0.203s] INFO:colcon.colcon_core.package_discovery:Crawling recursively for packages in '/home/robotica-06/Downloads/bender_workspace'
[0.203s] Level 1:colcon.colcon_core.package_identification:_identify(.) by extensions ['ignore', 'ignore_ament_install']
[0.204s] Level 1:colcon.colcon_core.package_identification:_identify(.) by extension 'ignore'
[0.204s] Level 1:colcon.colcon_core.package_identification:_identify(.) by extension 'ignore_ament_install'
[0.204s] Level 1:colcon.colcon_core.package_identification:_identify(.) by extensions ['colcon_pkg']
[0.204s] Level 1:colcon.colcon_core.package_identification:_identify(.) by extension 'colcon_pkg'
[0.204s] Level 1:colcon.colcon_core.package_identification:_identify(.) by extensions ['colcon_meta']
[0.204s] Level 1:colcon.colcon_core.package_identification:_identify(.) by extension 'colcon_meta'
[0.204s] Level 1:colcon.colcon_core.package_identification:_identify(.) by extensions ['ros']
[0.204s] Level 1:colcon.colcon_core.package_identification:_identify(.) by extension 'ros'
[0.232s] Level 1:colcon.colcon_core.package_identification:_identify(.) by extensions ['cmake', 'python']
[0.232s] Level 1:colcon.colcon_core.package_identification:_identify(.) by extension 'cmake'
[0.232s] Level 1:colcon.colcon_core.package_identification:_identify(.) by extension 'python'
[0.233s] Level 1:colcon.colcon_core.package_identification:_identify(.) by extensions ['python_setup_py']
[0.233s] Level 1:colcon.colcon_core.package_identification:_identify(.) by extension 'python_setup_py'
[0.233s] Level 1:colcon.colcon_core.package_identification:_identify(build) by extensions ['ignore', 'ignore_ament_install']
[0.233s] Level 1:colcon.colcon_core.package_identification:_identify(build) by extension 'ignore'
[0.233s] Level 1:colcon.colcon_core.package_identification:_identify(build) ignored
[0.233s] Level 1:colcon.colcon_core.package_identification:_identify(install) by extensions ['ignore', 'ignore_ament_install']
[0.233s] Level 1:colcon.colcon_core.package_identification:_identify(install) by extension 'ignore'
[0.233s] Level 1:colcon.colcon_core.package_identification:_identify(install) ignored
[0.233s] Level 1:colcon.colcon_core.package_identification:_identify(log) by extensions ['ignore', 'ignore_ament_install']
[0.233s] Level 1:colcon.colcon_core.package_identification:_identify(log) by extension 'ignore'
[0.234s] Level 1:colcon.colcon_core.package_identification:_identify(log) ignored
[0.234s] Level 1:colcon.colcon_core.package_identification:_identify(src) by extensions ['ignore', 'ignore_ament_install']
[0.234s] Level 1:colcon.colcon_core.package_identification:_identify(src) by extension 'ignore'
[0.234s] Level 1:colcon.colcon_core.package_identification:_identify(src) by extension 'ignore_ament_install'
[0.234s] Level 1:colcon.colcon_core.package_identification:_identify(src) by extensions ['colcon_pkg']
[0.234s] Level 1:colcon.colcon_core.package_identification:_identify(src) by extension 'colcon_pkg'
[0.234s] Level 1:colcon.colcon_core.package_identification:_identify(src) by extensions ['colcon_meta']
[0.234s] Level 1:colcon.colcon_core.package_identification:_identify(src) by extension 'colcon_meta'
[0.234s] Level 1:colcon.colcon_core.package_identification:_identify(src) by extensions ['ros']
[0.234s] Level 1:colcon.colcon_core.package_identification:_identify(src) by extension 'ros'
[0.234s] Level 1:colcon.colcon_core.package_identification:_identify(src) by extensions ['cmake', 'python']
[0.234s] Level 1:colcon.colcon_core.package_identification:_identify(src) by extension 'cmake'
[0.234s] Level 1:colcon.colcon_core.package_identification:_identify(src) by extension 'python'
[0.234s] Level 1:colcon.colcon_core.package_identification:_identify(src) by extensions ['python_setup_py']
[0.234s] Level 1:colcon.colcon_core.package_identification:_identify(src) by extension 'python_setup_py'
[0.235s] Level 1:colcon.colcon_core.package_identification:_identify(src/bender_description) by extensions ['ignore', 'ignore_ament_install']
[0.235s] Level 1:colcon.colcon_core.package_identification:_identify(src/bender_description) by extension 'ignore'
[0.235s] Level 1:colcon.colcon_core.package_identification:_identify(src/bender_description) by extension 'ignore_ament_install'
[0.235s] Level 1:colcon.colcon_core.package_identification:_identify(src/bender_description) by extensions ['colcon_pkg']
[0.235s] Level 1:colcon.colcon_core.package_identification:_identify(src/bender_description) by extension 'colcon_pkg'
[0.235s] Level 1:colcon.colcon_core.package_identification:_identify(src/bender_description) by extensions ['colcon_meta']
[0.235s] Level 1:colcon.colcon_core.package_identification:_identify(src/bender_description) by extension 'colcon_meta'
[0.235s] Level 1:colcon.colcon_core.package_identification:_identify(src/bender_description) by extensions ['ros']
[0.235s] Level 1:colcon.colcon_core.package_identification:_identify(src/bender_description) by extension 'ros'
[0.238s] DEBUG:colcon.colcon_core.package_identification:Package 'src/bender_description' with type 'ros.catkin' and name 'bender_description'
[0.238s] Level 1:colcon.colcon_core.package_identification:_identify(src/bender_moveit_config) by extensions ['ignore', 'ignore_ament_install']
[0.238s] Level 1:colcon.colcon_core.package_identification:_identify(src/bender_moveit_config) by extension 'ignore'
[0.238s] Level 1:colcon.colcon_core.package_identification:_identify(src/bender_moveit_config) by extension 'ignore_ament_install'
[0.238s] Level 1:colcon.colcon_core.package_identification:_identify(src/bender_moveit_config) by extensions ['colcon_pkg']
[0.238s] Level 1:colcon.colcon_core.package_identification:_identify(src/bender_moveit_config) by extension 'colcon_pkg'
[0.238s] Level 1:colcon.colcon_core.package_identification:_identify(src/bender_moveit_config) by extensions ['colcon_meta']
[0.238s] Level 1:colcon.colcon_core.package_identification:_identify(src/bender_moveit_config) by extension 'colcon_meta'
[0.238s] Level 1:colcon.colcon_core.package_identification:_identify(src/bender_moveit_config) by extensions ['ros']
[0.238s] Level 1:colcon.colcon_core.package_identification:_identify(src/bender_moveit_config) by extension 'ros'
[0.239s] DEBUG:colcon.colcon_core.package_identification:Package 'src/bender_moveit_config' with type 'ros.ament_cmake' and name 'bender_moveit_config'
[0.239s] Level 1:colcon.colcon_core.package_identification:_identify(src/bender_moveit_scripts) by extensions ['ignore', 'ignore_ament_install']
[0.239s] Level 1:colcon.colcon_core.package_identification:_identify(src/bender_moveit_scripts) by extension 'ignore'
[0.239s] Level 1:colcon.colcon_core.package_identification:_identify(src/bender_moveit_scripts) by extension 'ignore_ament_install'
[0.239s] Level 1:colcon.colcon_core.package_identification:_identify(src/bender_moveit_scripts) by extensions ['colcon_pkg']
[0.239s] Level 1:colcon.colcon_core.package_identification:_identify(src/bender_moveit_scripts) by extension 'colcon_pkg'
[0.239s] Level 1:colcon.colcon_core.package_identification:_identify(src/bender_moveit_scripts) by extensions ['colcon_meta']
[0.240s] Level 1:colcon.colcon_core.package_identification:_identify(src/bender_moveit_scripts) by extension 'colcon_meta'
[0.240s] Level 1:colcon.colcon_core.package_identification:_identify(src/bender_moveit_scripts) by extensions ['ros']
[0.240s] Level 1:colcon.colcon_core.package_identification:_identify(src/bender_moveit_scripts) by extension 'ros'
[0.240s] DEBUG:colcon.colcon_core.package_identification:Package 'src/bender_moveit_scripts' with type 'ros.ament_python' and name 'bender_moveit_scripts'
[0.240s] Level 1:colcon.colcon_core.package_discovery:discover_packages(recursive) using defaults
[0.240s] Level 1:colcon.colcon_core.package_discovery:discover_packages(ignore) discover
[0.241s] Level 1:colcon.colcon_core.package_discovery:discover_packages(ignore) using defaults
[0.241s] Level 1:colcon.colcon_core.package_discovery:discover_packages(path) discover
[0.241s] Level 1:colcon.colcon_core.package_discovery:discover_packages(path) using defaults
[0.260s] Level 1:colcon.colcon_core.package_discovery:discover_packages(prefix_path) check parameters
[0.260s] Level 1:colcon.colcon_core.package_discovery:discover_packages(prefix_path) discover
[0.261s] WARNING:colcon.colcon_ros.prefix_path.ament:The path '/home/robotica-06/Downloads/bender_workspace/install' in the environment variable AMENT_PREFIX_PATH doesn't contain any 'local_setup.*' files.
[0.268s] DEBUG:colcon.colcon_installed_package_information.package_discovery:Found 0 installed packages in /home/robotica-06/Downloads/bender_workspace/install
[0.271s] DEBUG:colcon.colcon_installed_package_information.package_discovery:Found 70 installed packages in /home/robotica-06/ws_moveit/install
[0.274s] DEBUG:colcon.colcon_installed_package_information.package_discovery:Found 391 installed packages in /opt/ros/jazzy
[0.276s] Level 1:colcon.colcon_core.package_discovery:discover_packages(prefix_path) using defaults
[0.358s] Level 5:colcon.colcon_core.verb:set package 'bender_description' build argument 'cmake_args' from command line to 'None'
[0.358s] Level 5:colcon.colcon_core.verb:set package 'bender_description' build argument 'cmake_target' from command line to 'None'
[0.358s] Level 5:colcon.colcon_core.verb:set package 'bender_description' build argument 'cmake_target_skip_unavailable' from command line to 'False'
[0.358s] Level 5:colcon.colcon_core.verb:set package 'bender_description' build argument 'cmake_clean_cache' from command line to 'False'
[0.358s] Level 5:colcon.colcon_core.verb:set package 'bender_description' build argument 'cmake_clean_first' from command line to 'False'
[0.358s] Level 5:colcon.colcon_core.verb:set package 'bender_description' build argument 'cmake_force_configure' from command line to 'False'
[0.358s] Level 5:colcon.colcon_core.verb:set package 'bender_description' build argument 'ament_cmake_args' from command line to 'None'
[0.358s] Level 5:colcon.colcon_core.verb:set package 'bender_description' build argument 'catkin_cmake_args' from command line to 'None'
[0.359s] Level 5:colcon.colcon_core.verb:set package 'bender_description' build argument 'catkin_skip_building_tests' from command line to 'False'
[0.359s] DEBUG:colcon.colcon_core.verb:Building package 'bender_description' with the following arguments: {'ament_cmake_args': None, 'build_base': '/home/robotica-06/Downloads/bender_workspace/build/bender_description', 'catkin_cmake_args': None, 'catkin_skip_building_tests': False, 'cmake_args': None, 'cmake_clean_cache': False, 'cmake_clean_first': False, 'cmake_force_configure': False, 'cmake_target': None, 'cmake_target_skip_unavailable': False, 'install_base': '/home/robotica-06/Downloads/bender_workspace/install', 'merge_install': True, 'path': '/home/robotica-06/Downloads/bender_workspace/src/bender_description', 'symlink_install': False, 'test_result_base': None}
[0.359s] Level 5:colcon.colcon_core.verb:set package 'bender_moveit_scripts' build argument 'cmake_args' from command line to 'None'
[0.359s] Level 5:colcon.colcon_core.verb:set package 'bender_moveit_scripts' build argument 'cmake_target' from command line to 'None'
[0.359s] Level 5:colcon.colcon_core.verb:set package 'bender_moveit_scripts' build argument 'cmake_target_skip_unavailable' from command line to 'False'
[0.359s] Level 5:colcon.colcon_core.verb:set package 'bender_moveit_scripts' build argument 'cmake_clean_cache' from command line to 'False'
[0.359s] Level 5:colcon.colcon_core.verb:set package 'bender_moveit_scripts' build argument 'cmake_clean_first' from command line to 'False'
[0.359s] Level 5:colcon.colcon_core.verb:set package 'bender_moveit_scripts' build argument 'cmake_force_configure' from command line to 'False'
[0.359s] Level 5:colcon.colcon_core.verb:set package 'bender_moveit_scripts' build argument 'ament_cmake_args' from command line to 'None'
[0.359s] Level 5:colcon.colcon_core.verb:set package 'bender_moveit_scripts' build argument 'catkin_cmake_args' from command line to 'None'
[0.359s] Level 5:colcon.colcon_core.verb:set package 'bender_moveit_scripts' build argument 'catkin_skip_building_tests' from command line to 'False'
[0.359s] DEBUG:colcon.colcon_core.verb:Building package 'bender_moveit_scripts' with the following arguments: {'ament_cmake_args': None, 'build_base': '/home/robotica-06/Downloads/bender_workspace/build/bender_moveit_scripts', 'catkin_cmake_args': None, 'catkin_skip_building_tests': False, 'cmake_args': None, 'cmake_clean_cache': False, 'cmake_clean_first': False, 'cmake_force_configure': False, 'cmake_target': None, 'cmake_target_skip_unavailable': False, 'install_base': '/home/robotica-06/Downloads/bender_workspace/install', 'merge_install': True, 'path': '/home/robotica-06/Downloads/bender_workspace/src/bender_moveit_scripts', 'symlink_install': False, 'test_result_base': None}
[0.360s] Level 5:colcon.colcon_core.verb:set package 'bender_moveit_config' build argument 'cmake_args' from command line to 'None'
[0.360s] Level 5:colcon.colcon_core.verb:set package 'bender_moveit_config' build argument 'cmake_target' from command line to 'None'
[0.360s] Level 5:colcon.colcon_core.verb:set package 'bender_moveit_config' build argument 'cmake_target_skip_unavailable' from command line to 'False'
[0.360s] Level 5:colcon.colcon_core.verb:set package 'bender_moveit_config' build argument 'cmake_clean_cache' from command line to 'False'
[0.360s] Level 5:colcon.colcon_core.verb:set package 'bender_moveit_config' build argument 'cmake_clean_first' from command line to 'False'
[0.360s] Level 5:colcon.colcon_core.verb:set package 'bender_moveit_config' build argument 'cmake_force_configure' from command line to 'False'
[0.360s] Level 5:colcon.colcon_core.verb:set package 'bender_moveit_config' build argument 'ament_cmake_args' from command line to 'None'
[0.360s] Level 5:colcon.colcon_core.verb:set package 'bender_moveit_config' build argument 'catkin_cmake_args' from command line to 'None'
[0.360s] Level 5:colcon.colcon_core.verb:set package 'bender_moveit_config' build argument 'catkin_skip_building_tests' from command line to 'False'
[0.360s] DEBUG:colcon.colcon_core.verb:Building package 'bender_moveit_config' with the following arguments: {'ament_cmake_args': None, 'build_base': '/home/robotica-06/Downloads/bender_workspace/build/bender_moveit_config', 'catkin_cmake_args': None, 'catkin_skip_building_tests': False, 'cmake_args': None, 'cmake_clean_cache': False, 'cmake_clean_first': False, 'cmake_force_configure': False, 'cmake_target': None, 'cmake_target_skip_unavailable': False, 'install_base': '/home/robotica-06/Downloads/bender_workspace/install', 'merge_install': True, 'path': '/home/robotica-06/Downloads/bender_workspace/src/bender_moveit_config', 'symlink_install': False, 'test_result_base': None}
[0.360s] INFO:colcon.colcon_core.executor:Executing jobs using 'parallel' executor
[0.361s] DEBUG:colcon.colcon_parallel_executor.executor.parallel:run_until_complete
[0.361s] INFO:colcon.colcon_ros.task.catkin.build:Building ROS package in '/home/robotica-06/Downloads/bender_workspace/src/bender_description' with build type 'catkin'
[0.362s] INFO:colcon.colcon_cmake.task.cmake.build:Building CMake package in '/home/robotica-06/Downloads/bender_workspace/src/bender_description'
[0.365s] INFO:colcon.colcon_core.plugin_system:Skipping extension 'colcon_core.shell.bat': Not used on non-Windows systems
[0.365s] INFO:colcon.colcon_core.shell:Skip shell extension 'powershell' for command environment: Not usable outside of PowerShell
[0.365s] DEBUG:colcon.colcon_core.shell:Skip shell extension 'dsv' for command environment
[0.379s] INFO:colcon.colcon_ros.task.ament_python.build:Building ROS package in '/home/robotica-06/Downloads/bender_workspace/src/bender_moveit_scripts' with build type 'ament_python'
[0.379s] Level 1:colcon.colcon_core.shell:create_environment_hook('bender_moveit_scripts', 'ament_prefix_path')
[0.379s] INFO:colcon.colcon_core.shell:Creating environment hook '/home/robotica-06/Downloads/bender_workspace/install/share/bender_moveit_scripts/hook/ament_prefix_path.ps1'
[0.380s] INFO:colcon.colcon_core.shell:Creating environment descriptor '/home/robotica-06/Downloads/bender_workspace/install/share/bender_moveit_scripts/hook/ament_prefix_path.dsv'
[0.381s] INFO:colcon.colcon_core.shell:Creating environment hook '/home/robotica-06/Downloads/bender_workspace/install/share/bender_moveit_scripts/hook/ament_prefix_path.sh'
[0.381s] INFO:colcon.colcon_core.shell:Skip shell extension 'powershell' for command environment: Not usable outside of PowerShell
[0.381s] DEBUG:colcon.colcon_core.shell:Skip shell extension 'dsv' for command environment
[0.399s] DEBUG:colcon.colcon_core.event_handler.log_command:Invoking command in '/home/robotica-06/Downloads/bender_workspace/build/bender_description': DEBUGINFOD_URLS=https://debuginfod.ubuntu.com /usr/bin/cmake /home/robotica-06/Downloads/bender_workspace/src/bender_description -DCATKIN_INSTALL_INTO_PREFIX_ROOT=0 -DCMAKE_INSTALL_PREFIX=/home/robotica-06/Downloads/bender_workspace/install
[0.756s] INFO:colcon.colcon_core.task.python.build:Building Python package in '/home/robotica-06/Downloads/bender_workspace/src/bender_moveit_scripts'
[0.756s] INFO:colcon.colcon_core.shell:Skip shell extension 'powershell' for command environment: Not usable outside of PowerShell
[0.756s] DEBUG:colcon.colcon_core.shell:Skip shell extension 'dsv' for command environment
[1.612s] DEBUG:colcon.colcon_core.event_handler.log_command:Invoked command in '/home/robotica-06/Downloads/bender_workspace/build/bender_description' returned '0': DEBUGINFOD_URLS=https://debuginfod.ubuntu.com /usr/bin/cmake /home/robotica-06/Downloads/bender_workspace/src/bender_description -DCATKIN_INSTALL_INTO_PREFIX_ROOT=0 -DCMAKE_INSTALL_PREFIX=/home/robotica-06/Downloads/bender_workspace/install
[1.613s] DEBUG:colcon.colcon_core.event_handler.log_command:Invoking command in '/home/robotica-06/Downloads/bender_workspace/build/bender_description': DEBUGINFOD_URLS=https://debuginfod.ubuntu.com /usr/bin/cmake --build /home/robotica-06/Downloads/bender_workspace/build/bender_description -- -j8 -l8
[1.680s] DEBUG:colcon.colcon_core.event_handler.log_command:Invoked command in '/home/robotica-06/Downloads/bender_workspace/build/bender_description' returned '0': DEBUGINFOD_URLS=https://debuginfod.ubuntu.com /usr/bin/cmake --build /home/robotica-06/Downloads/bender_workspace/build/bender_description -- -j8 -l8
[1.696s] DEBUG:colcon.colcon_core.event_handler.log_command:Invoking command in '/home/robotica-06/Downloads/bender_workspace/build/bender_description': DEBUGINFOD_URLS=https://debuginfod.ubuntu.com /usr/bin/cmake --install /home/robotica-06/Downloads/bender_workspace/build/bender_description
[1.750s] DEBUG:colcon.colcon_core.event_handler.log_command:Invoked command in '/home/robotica-06/Downloads/bender_workspace/build/bender_description' returned '0': DEBUGINFOD_URLS=https://debuginfod.ubuntu.com /usr/bin/cmake --install /home/robotica-06/Downloads/bender_workspace/build/bender_description
[1.751s] Level 1:colcon.colcon_core.shell:create_environment_hook('bender_description', 'ros_package_path')
[1.751s] INFO:colcon.colcon_core.shell:Creating environment hook '/home/robotica-06/Downloads/bender_workspace/install/share/bender_description/hook/ros_package_path.ps1'
[1.751s] INFO:colcon.colcon_core.shell:Creating environment descriptor '/home/robotica-06/Downloads/bender_workspace/install/share/bender_description/hook/ros_package_path.dsv'
[1.752s] INFO:colcon.colcon_core.shell:Creating environment hook '/home/robotica-06/Downloads/bender_workspace/install/share/bender_description/hook/ros_package_path.sh'
[1.753s] Level 1:colcon.colcon_core.shell:create_environment_hook('bender_description', 'pkg_config_path')
[1.753s] INFO:colcon.colcon_core.shell:Creating environment hook '/home/robotica-06/Downloads/bender_workspace/install/share/bender_description/hook/pkg_config_path.ps1'
[1.753s] INFO:colcon.colcon_core.shell:Creating environment descriptor '/home/robotica-06/Downloads/bender_workspace/install/share/bender_description/hook/pkg_config_path.dsv'
[1.754s] INFO:colcon.colcon_core.shell:Creating environment hook '/home/robotica-06/Downloads/bender_workspace/install/share/bender_description/hook/pkg_config_path.sh'
[1.756s] Level 1:colcon.colcon_core.shell:create_environment_hook('bender_description', 'pkg_config_path_multiarch')
[1.756s] INFO:colcon.colcon_core.shell:Creating environment hook '/home/robotica-06/Downloads/bender_workspace/install/share/bender_description/hook/pkg_config_path_multiarch.ps1'
[1.757s] INFO:colcon.colcon_core.shell:Creating environment descriptor '/home/robotica-06/Downloads/bender_workspace/install/share/bender_description/hook/pkg_config_path_multiarch.dsv'
[1.758s] INFO:colcon.colcon_core.shell:Creating environment hook '/home/robotica-06/Downloads/bender_workspace/install/share/bender_description/hook/pkg_config_path_multiarch.sh'
[1.760s] Level 1:colcon.colcon_core.environment:create_environment_scripts_only(bender_description)
[1.763s] Level 1:colcon.colcon_core.environment:checking '/home/robotica-06/Downloads/bender_workspace/install' for CMake module files
[1.764s] Level 1:colcon.colcon_core.environment:checking '/home/robotica-06/Downloads/bender_workspace/install' for CMake config files
[1.764s] Level 1:colcon.colcon_core.shell:create_environment_hook('bender_description', 'cmake_prefix_path')
[1.764s] INFO:colcon.colcon_core.shell:Creating environment hook '/home/robotica-06/Downloads/bender_workspace/install/share/bender_description/hook/cmake_prefix_path.ps1'
[1.765s] INFO:colcon.colcon_core.shell:Creating environment descriptor '/home/robotica-06/Downloads/bender_workspace/install/share/bender_description/hook/cmake_prefix_path.dsv'
[1.765s] INFO:colcon.colcon_core.shell:Creating environment hook '/home/robotica-06/Downloads/bender_workspace/install/share/bender_description/hook/cmake_prefix_path.sh'
[1.766s] Level 1:colcon.colcon_core.environment:checking '/home/robotica-06/Downloads/bender_workspace/install/lib'
[1.766s] Level 1:colcon.colcon_core.environment:checking '/home/robotica-06/Downloads/bender_workspace/install/bin'
[1.766s] Level 1:colcon.colcon_core.environment:checking '/home/robotica-06/Downloads/bender_workspace/install/lib/pkgconfig/bender_description.pc'
[1.767s] Level 1:colcon.colcon_core.environment:checking '/home/robotica-06/Downloads/bender_workspace/install/lib/python3.12/site-packages'
[1.767s] Level 1:colcon.colcon_core.shell:create_environment_hook('bender_description', 'pythonpath')
[1.767s] INFO:colcon.colcon_core.shell:Creating environment hook '/home/robotica-06/Downloads/bender_workspace/install/share/bender_description/hook/pythonpath.ps1'
[1.768s] INFO:colcon.colcon_core.shell:Creating environment descriptor '/home/robotica-06/Downloads/bender_workspace/install/share/bender_description/hook/pythonpath.dsv'
[1.768s] INFO:colcon.colcon_core.shell:Creating environment hook '/home/robotica-06/Downloads/bender_workspace/install/share/bender_description/hook/pythonpath.sh'
[1.769s] Level 1:colcon.colcon_core.environment:checking '/home/robotica-06/Downloads/bender_workspace/install/bin'
[1.769s] INFO:colcon.colcon_core.shell:Creating package script '/home/robotica-06/Downloads/bender_workspace/install/share/bender_description/package.ps1'
[1.770s] INFO:colcon.colcon_core.shell:Creating package descriptor '/home/robotica-06/Downloads/bender_workspace/install/share/bender_description/package.dsv'
[1.771s] INFO:colcon.colcon_core.shell:Creating package script '/home/robotica-06/Downloads/bender_workspace/install/share/bender_description/package.sh'
[1.772s] INFO:colcon.colcon_core.shell:Creating package script '/home/robotica-06/Downloads/bender_workspace/install/share/bender_description/package.bash'
[1.773s] INFO:colcon.colcon_core.shell:Creating package script '/home/robotica-06/Downloads/bender_workspace/install/share/bender_description/package.zsh'
[1.773s] Level 1:colcon.colcon_core.environment:create_file_with_runtime_dependencies(/home/robotica-06/Downloads/bender_workspace/install/share/colcon-core/packages/bender_description)
[1.774s] INFO:colcon.colcon_ros.task.ament_cmake.build:Building ROS package in '/home/robotica-06/Downloads/bender_workspace/src/bender_moveit_config' with build type 'ament_cmake'
[1.774s] INFO:colcon.colcon_cmake.task.cmake.build:Building CMake package in '/home/robotica-06/Downloads/bender_workspace/src/bender_moveit_config'
[1.774s] INFO:colcon.colcon_core.shell:Skip shell extension 'powershell' for command environment: Not usable outside of PowerShell
[1.775s] DEBUG:colcon.colcon_core.shell:Skip shell extension 'dsv' for command environment
[1.779s] WARNING:colcon.colcon_ros.prefix_path.catkin:The path '/home/robotica-06/Downloads/bender_workspace/install' in the environment variable CMAKE_PREFIX_PATH seems to be a catkin workspace but it doesn't contain any 'local_setup.*' files. Maybe the catkin version is not up-to-date?
[1.798s] DEBUG:colcon.colcon_core.event_handler.log_command:Invoking command in '/home/robotica-06/Downloads/bender_workspace/build/bender_moveit_config': CMAKE_PREFIX_PATH=/home/robotica-06/ws_moveit/install/moveit_configs_utils:/opt/ros/jazzy:${CMAKE_PREFIX_PATH} DEBUGINFOD_URLS=https://debuginfod.ubuntu.com PYTHONPATH=/home/robotica-06/Downloads/bender_workspace/install/lib/python3.12/site-packages:/home/robotica-06/Downloads/bender_workspace/build/bender_moveit_scripts:/home/robotica-06/ws_moveit/install/moveit_task_constructor_core/lib/python3.12/site-packages:/home/robotica-06/ws_moveit/install/moveit_task_constructor_msgs/lib/python3.12/site-packages:/home/robotica-06/ws_moveit/install/moveit_py/lib/python3.12/site-packages:/home/robotica-06/ws_moveit/install/moveit_msgs/lib/python3.12/site-packages:/home/robotica-06/ws_moveit/install/moveit_configs_utils/lib/python3.12/site-packages:/opt/ros/jazzy/lib/python3.12/site-packages /usr/bin/cmake /home/robotica-06/Downloads/bender_workspace/src/bender_moveit_config -DCMAKE_INSTALL_PREFIX=/home/robotica-06/Downloads/bender_workspace/install
[1.852s] DEBUG:colcon.colcon_core.event_handler.log_command:Invoking command in '/home/robotica-06/Downloads/bender_workspace/src/bender_moveit_scripts': DEBUGINFOD_URLS=https://debuginfod.ubuntu.com PYTHONPATH=/home/robotica-06/Downloads/bender_workspace/build/bender_moveit_scripts/prefix_override:/usr/lib/python3/dist-packages/colcon_core/task/python/colcon_distutils_commands:/home/robotica-06/Downloads/bender_workspace/install/lib/python3.12/site-packages:${PYTHONPATH} /usr/bin/python3 -W ignore:setup.py install is deprecated -W ignore:easy_install command is deprecated setup.py egg_info --egg-base ../../build/bender_moveit_scripts build --build-base /home/robotica-06/Downloads/bender_workspace/build/bender_moveit_scripts/build install --record /home/robotica-06/Downloads/bender_workspace/build/bender_moveit_scripts/install.log --single-version-externally-managed install_data
[2.834s] DEBUG:colcon.colcon_core.event_handler.log_command:Invoked command in '/home/robotica-06/Downloads/bender_workspace/build/bender_moveit_config' returned '0': CMAKE_PREFIX_PATH=/home/robotica-06/ws_moveit/install/moveit_configs_utils:/opt/ros/jazzy:${CMAKE_PREFIX_PATH} DEBUGINFOD_URLS=https://debuginfod.ubuntu.com PYTHONPATH=/home/robotica-06/Downloads/bender_workspace/install/lib/python3.12/site-packages:/home/robotica-06/Downloads/bender_workspace/build/bender_moveit_scripts:/home/robotica-06/ws_moveit/install/moveit_task_constructor_core/lib/python3.12/site-packages:/home/robotica-06/ws_moveit/install/moveit_task_constructor_msgs/lib/python3.12/site-packages:/home/robotica-06/ws_moveit/install/moveit_py/lib/python3.12/site-packages:/home/robotica-06/ws_moveit/install/moveit_msgs/lib/python3.12/site-packages:/home/robotica-06/ws_moveit/install/moveit_configs_utils/lib/python3.12/site-packages:/opt/ros/jazzy/lib/python3.12/site-packages /usr/bin/cmake /home/robotica-06/Downloads/bender_workspace/src/bender_moveit_config -DCMAKE_INSTALL_PREFIX=/home/robotica-06/Downloads/bender_workspace/install
[2.835s] DEBUG:colcon.colcon_core.event_handler.log_command:Invoking command in '/home/robotica-06/Downloads/bender_workspace/build/bender_moveit_config': CMAKE_PREFIX_PATH=/home/robotica-06/ws_moveit/install/moveit_configs_utils:/opt/ros/jazzy:${CMAKE_PREFIX_PATH} DEBUGINFOD_URLS=https://debuginfod.ubuntu.com PYTHONPATH=/home/robotica-06/Downloads/bender_workspace/install/lib/python3.12/site-packages:/home/robotica-06/Downloads/bender_workspace/build/bender_moveit_scripts:/home/robotica-06/ws_moveit/install/moveit_task_constructor_core/lib/python3.12/site-packages:/home/robotica-06/ws_moveit/install/moveit_task_constructor_msgs/lib/python3.12/site-packages:/home/robotica-06/ws_moveit/install/moveit_py/lib/python3.12/site-packages:/home/robotica-06/ws_moveit/install/moveit_msgs/lib/python3.12/site-packages:/home/robotica-06/ws_moveit/install/moveit_configs_utils/lib/python3.12/site-packages:/opt/ros/jazzy/lib/python3.12/site-packages /usr/bin/cmake --build /home/robotica-06/Downloads/bender_workspace/build/bender_moveit_config -- -j8 -l8
[2.900s] DEBUG:colcon.colcon_core.event_handler.log_command:Invoked command in '/home/robotica-06/Downloads/bender_workspace/build/bender_moveit_config' returned '0': CMAKE_PREFIX_PATH=/home/robotica-06/ws_moveit/install/moveit_configs_utils:/opt/ros/jazzy:${CMAKE_PREFIX_PATH} DEBUGINFOD_URLS=https://debuginfod.ubuntu.com PYTHONPATH=/home/robotica-06/Downloads/bender_workspace/install/lib/python3.12/site-packages:/home/robotica-06/Downloads/bender_workspace/build/bender_moveit_scripts:/home/robotica-06/ws_moveit/install/moveit_task_constructor_core/lib/python3.12/site-packages:/home/robotica-06/ws_moveit/install/moveit_task_constructor_msgs/lib/python3.12/site-packages:/home/robotica-06/ws_moveit/install/moveit_py/lib/python3.12/site-packages:/home/robotica-06/ws_moveit/install/moveit_msgs/lib/python3.12/site-packages:/home/robotica-06/ws_moveit/install/moveit_configs_utils/lib/python3.12/site-packages:/opt/ros/jazzy/lib/python3.12/site-packages /usr/bin/cmake --build /home/robotica-06/Downloads/bender_workspace/build/bender_moveit_config -- -j8 -l8
[2.901s] DEBUG:colcon.colcon_core.event_handler.log_command:Invoking command in '/home/robotica-06/Downloads/bender_workspace/build/bender_moveit_config': CMAKE_PREFIX_PATH=/home/robotica-06/ws_moveit/install/moveit_configs_utils:/opt/ros/jazzy:${CMAKE_PREFIX_PATH} DEBUGINFOD_URLS=https://debuginfod.ubuntu.com PYTHONPATH=/home/robotica-06/Downloads/bender_workspace/install/lib/python3.12/site-packages:/home/robotica-06/Downloads/bender_workspace/build/bender_moveit_scripts:/home/robotica-06/ws_moveit/install/moveit_task_constructor_core/lib/python3.12/site-packages:/home/robotica-06/ws_moveit/install/moveit_task_constructor_msgs/lib/python3.12/site-packages:/home/robotica-06/ws_moveit/install/moveit_py/lib/python3.12/site-packages:/home/robotica-06/ws_moveit/install/moveit_msgs/lib/python3.12/site-packages:/home/robotica-06/ws_moveit/install/moveit_configs_utils/lib/python3.12/site-packages:/opt/ros/jazzy/lib/python3.12/site-packages /usr/bin/cmake --install /home/robotica-06/Downloads/bender_workspace/build/bender_moveit_config
[2.921s] Level 1:colcon.colcon_core.environment:create_environment_scripts_only(bender_moveit_config)
[2.922s] Level 1:colcon.colcon_core.environment:checking '/home/robotica-06/Downloads/bender_workspace/install' for CMake module files
[2.923s] DEBUG:colcon.colcon_core.event_handler.log_command:Invoked command in '/home/robotica-06/Downloads/bender_workspace/build/bender_moveit_config' returned '0': CMAKE_PREFIX_PATH=/home/robotica-06/ws_moveit/install/moveit_configs_utils:/opt/ros/jazzy:${CMAKE_PREFIX_PATH} DEBUGINFOD_URLS=https://debuginfod.ubuntu.com PYTHONPATH=/home/robotica-06/Downloads/bender_workspace/install/lib/python3.12/site-packages:/home/robotica-06/Downloads/bender_workspace/build/bender_moveit_scripts:/home/robotica-06/ws_moveit/install/moveit_task_constructor_core/lib/python3.12/site-packages:/home/robotica-06/ws_moveit/install/moveit_task_constructor_msgs/lib/python3.12/site-packages:/home/robotica-06/ws_moveit/install/moveit_py/lib/python3.12/site-packages:/home/robotica-06/ws_moveit/install/moveit_msgs/lib/python3.12/site-packages:/home/robotica-06/ws_moveit/install/moveit_configs_utils/lib/python3.12/site-packages:/opt/ros/jazzy/lib/python3.12/site-packages /usr/bin/cmake --install /home/robotica-06/Downloads/bender_workspace/build/bender_moveit_config
[2.923s] Level 1:colcon.colcon_core.environment:checking '/home/robotica-06/Downloads/bender_workspace/install' for CMake config files
[2.924s] Level 1:colcon.colcon_core.shell:create_environment_hook('bender_moveit_config', 'cmake_prefix_path')
[2.924s] INFO:colcon.colcon_core.shell:Creating environment hook '/home/robotica-06/Downloads/bender_workspace/install/share/bender_moveit_config/hook/cmake_prefix_path.ps1'
[2.925s] INFO:colcon.colcon_core.shell:Creating environment descriptor '/home/robotica-06/Downloads/bender_workspace/install/share/bender_moveit_config/hook/cmake_prefix_path.dsv'
[2.925s] INFO:colcon.colcon_core.shell:Creating environment hook '/home/robotica-06/Downloads/bender_workspace/install/share/bender_moveit_config/hook/cmake_prefix_path.sh'
[2.926s] Level 1:colcon.colcon_core.environment:checking '/home/robotica-06/Downloads/bender_workspace/install/lib'
[2.926s] Level 1:colcon.colcon_core.environment:checking '/home/robotica-06/Downloads/bender_workspace/install/bin'
[2.927s] Level 1:colcon.colcon_core.environment:checking '/home/robotica-06/Downloads/bender_workspace/install/lib/pkgconfig/bender_moveit_config.pc'
[2.927s] Level 1:colcon.colcon_core.environment:checking '/home/robotica-06/Downloads/bender_workspace/install/lib/python3.12/site-packages'
[2.927s] Level 1:colcon.colcon_core.shell:create_environment_hook('bender_moveit_config', 'pythonpath')
[2.928s] INFO:colcon.colcon_core.shell:Creating environment hook '/home/robotica-06/Downloads/bender_workspace/install/share/bender_moveit_config/hook/pythonpath.ps1'
[2.928s] INFO:colcon.colcon_core.shell:Creating environment descriptor '/home/robotica-06/Downloads/bender_workspace/install/share/bender_moveit_config/hook/pythonpath.dsv'
[2.929s] INFO:colcon.colcon_core.shell:Creating environment hook '/home/robotica-06/Downloads/bender_workspace/install/share/bender_moveit_config/hook/pythonpath.sh'
[2.929s] Level 1:colcon.colcon_core.environment:checking '/home/robotica-06/Downloads/bender_workspace/install/bin'
[2.930s] INFO:colcon.colcon_core.shell:Creating package script '/home/robotica-06/Downloads/bender_workspace/install/share/bender_moveit_config/package.ps1'
[2.931s] INFO:colcon.colcon_core.shell:Creating package descriptor '/home/robotica-06/Downloads/bender_workspace/install/share/bender_moveit_config/package.dsv'
[2.932s] INFO:colcon.colcon_core.shell:Creating package script '/home/robotica-06/Downloads/bender_workspace/install/share/bender_moveit_config/package.sh'
[2.932s] INFO:colcon.colcon_core.shell:Creating package script '/home/robotica-06/Downloads/bender_workspace/install/share/bender_moveit_config/package.bash'
[2.933s] INFO:colcon.colcon_core.shell:Creating package script '/home/robotica-06/Downloads/bender_workspace/install/share/bender_moveit_config/package.zsh'
[2.933s] Level 1:colcon.colcon_core.environment:create_file_with_runtime_dependencies(/home/robotica-06/Downloads/bender_workspace/install/share/colcon-core/packages/bender_moveit_config)
[2.934s] Level 1:colcon.colcon_core.environment:create_environment_scripts_only(bender_moveit_config)
[2.934s] Level 1:colcon.colcon_core.environment:checking '/home/robotica-06/Downloads/bender_workspace/install' for CMake module files
[2.936s] Level 1:colcon.colcon_core.environment:checking '/home/robotica-06/Downloads/bender_workspace/install' for CMake config files
[2.936s] Level 1:colcon.colcon_core.shell:create_environment_hook('bender_moveit_config', 'cmake_prefix_path')
[2.936s] INFO:colcon.colcon_core.shell:Creating environment hook '/home/robotica-06/Downloads/bender_workspace/install/share/bender_moveit_config/hook/cmake_prefix_path.ps1'
[2.937s] INFO:colcon.colcon_core.shell:Creating environment descriptor '/home/robotica-06/Downloads/bender_workspace/install/share/bender_moveit_config/hook/cmake_prefix_path.dsv'
[2.938s] INFO:colcon.colcon_core.shell:Creating environment hook '/home/robotica-06/Downloads/bender_workspace/install/share/bender_moveit_config/hook/cmake_prefix_path.sh'
[2.938s] Level 1:colcon.colcon_core.environment:checking '/home/robotica-06/Downloads/bender_workspace/install/lib'
[2.939s] Level 1:colcon.colcon_core.environment:checking '/home/robotica-06/Downloads/bender_workspace/install/bin'
[2.939s] Level 1:colcon.colcon_core.environment:checking '/home/robotica-06/Downloads/bender_workspace/install/lib/pkgconfig/bender_moveit_config.pc'
[2.939s] Level 1:colcon.colcon_core.environment:checking '/home/robotica-06/Downloads/bender_workspace/install/lib/python3.12/site-packages'
[2.939s] Level 1:colcon.colcon_core.shell:create_environment_hook('bender_moveit_config', 'pythonpath')
[2.940s] INFO:colcon.colcon_core.shell:Creating environment hook '/home/robotica-06/Downloads/bender_workspace/install/share/bender_moveit_config/hook/pythonpath.ps1'
[2.940s] INFO:colcon.colcon_core.shell:Creating environment descriptor '/home/robotica-06/Downloads/bender_workspace/install/share/bender_moveit_config/hook/pythonpath.dsv'
[2.941s] INFO:colcon.colcon_core.shell:Creating environment hook '/home/robotica-06/Downloads/bender_workspace/install/share/bender_moveit_config/hook/pythonpath.sh'
[2.942s] Level 1:colcon.colcon_core.environment:checking '/home/robotica-06/Downloads/bender_workspace/install/bin'
[2.942s] INFO:colcon.colcon_core.shell:Creating package script '/home/robotica-06/Downloads/bender_workspace/install/share/bender_moveit_config/package.ps1'
[2.943s] INFO:colcon.colcon_core.shell:Creating package descriptor '/home/robotica-06/Downloads/bender_workspace/install/share/bender_moveit_config/package.dsv'
[2.945s] INFO:colcon.colcon_core.shell:Creating package script '/home/robotica-06/Downloads/bender_workspace/install/share/bender_moveit_config/package.sh'
[2.945s] INFO:colcon.colcon_core.shell:Creating package script '/home/robotica-06/Downloads/bender_workspace/install/share/bender_moveit_config/package.bash'
[2.946s] INFO:colcon.colcon_core.shell:Creating package script '/home/robotica-06/Downloads/bender_workspace/install/share/bender_moveit_config/package.zsh'
[2.947s] Level 1:colcon.colcon_core.environment:create_file_with_runtime_dependencies(/home/robotica-06/Downloads/bender_workspace/install/share/colcon-core/packages/bender_moveit_config)
[2.989s] Level 1:colcon.colcon_core.environment:checking '/home/robotica-06/Downloads/bender_workspace/install' for CMake module files
[2.990s] DEBUG:colcon.colcon_core.event_handler.log_command:Invoked command in '/home/robotica-06/Downloads/bender_workspace/src/bender_moveit_scripts' returned '0': DEBUGINFOD_URLS=https://debuginfod.ubuntu.com PYTHONPATH=/home/robotica-06/Downloads/bender_workspace/build/bender_moveit_scripts/prefix_override:/usr/lib/python3/dist-packages/colcon_core/task/python/colcon_distutils_commands:/home/robotica-06/Downloads/bender_workspace/install/lib/python3.12/site-packages:${PYTHONPATH} /usr/bin/python3 -W ignore:setup.py install is deprecated -W ignore:easy_install command is deprecated setup.py egg_info --egg-base ../../build/bender_moveit_scripts build --build-base /home/robotica-06/Downloads/bender_workspace/build/bender_moveit_scripts/build install --record /home/robotica-06/Downloads/bender_workspace/build/bender_moveit_scripts/install.log --single-version-externally-managed install_data
[2.991s] Level 1:colcon.colcon_core.environment:checking '/home/robotica-06/Downloads/bender_workspace/install' for CMake config files
[2.991s] Level 1:colcon.colcon_core.shell:create_environment_hook('bender_moveit_scripts', 'cmake_prefix_path')
[2.991s] INFO:colcon.colcon_core.shell:Creating environment hook '/home/robotica-06/Downloads/bender_workspace/install/share/bender_moveit_scripts/hook/cmake_prefix_path.ps1'
[2.992s] INFO:colcon.colcon_core.shell:Creating environment descriptor '/home/robotica-06/Downloads/bender_workspace/install/share/bender_moveit_scripts/hook/cmake_prefix_path.dsv'
[2.992s] INFO:colcon.colcon_core.shell:Creating environment hook '/home/robotica-06/Downloads/bender_workspace/install/share/bender_moveit_scripts/hook/cmake_prefix_path.sh'
[2.993s] Level 1:colcon.colcon_core.environment:checking '/home/robotica-06/Downloads/bender_workspace/install/lib'
[2.993s] Level 1:colcon.colcon_core.environment:checking '/home/robotica-06/Downloads/bender_workspace/install/bin'
[2.993s] Level 1:colcon.colcon_core.environment:checking '/home/robotica-06/Downloads/bender_workspace/install/lib/pkgconfig/bender_moveit_scripts.pc'
[2.993s] Level 1:colcon.colcon_core.environment:checking '/home/robotica-06/Downloads/bender_workspace/install/lib/python3.12/site-packages'
[2.993s] Level 1:colcon.colcon_core.shell:create_environment_hook('bender_moveit_scripts', 'pythonpath')
[2.994s] INFO:colcon.colcon_core.shell:Creating environment hook '/home/robotica-06/Downloads/bender_workspace/install/share/bender_moveit_scripts/hook/pythonpath.ps1'
[2.994s] INFO:colcon.colcon_core.shell:Creating environment descriptor '/home/robotica-06/Downloads/bender_workspace/install/share/bender_moveit_scripts/hook/pythonpath.dsv'
[2.994s] INFO:colcon.colcon_core.shell:Creating environment hook '/home/robotica-06/Downloads/bender_workspace/install/share/bender_moveit_scripts/hook/pythonpath.sh'
[2.995s] Level 1:colcon.colcon_core.environment:checking '/home/robotica-06/Downloads/bender_workspace/install/bin'
[2.995s] Level 1:colcon.colcon_core.environment:create_environment_scripts_only(bender_moveit_scripts)
[2.995s] INFO:colcon.colcon_core.shell:Creating package script '/home/robotica-06/Downloads/bender_workspace/install/share/bender_moveit_scripts/package.ps1'
[2.996s] INFO:colcon.colcon_core.shell:Creating package descriptor '/home/robotica-06/Downloads/bender_workspace/install/share/bender_moveit_scripts/package.dsv'
[2.996s] INFO:colcon.colcon_core.shell:Creating package script '/home/robotica-06/Downloads/bender_workspace/install/share/bender_moveit_scripts/package.sh'
[2.997s] INFO:colcon.colcon_core.shell:Creating package script '/home/robotica-06/Downloads/bender_workspace/install/share/bender_moveit_scripts/package.bash'
[2.997s] INFO:colcon.colcon_core.shell:Creating package script '/home/robotica-06/Downloads/bender_workspace/install/share/bender_moveit_scripts/package.zsh'
[2.998s] Level 1:colcon.colcon_core.environment:create_file_with_runtime_dependencies(/home/robotica-06/Downloads/bender_workspace/install/share/colcon-core/packages/bender_moveit_scripts)
[2.998s] DEBUG:colcon.colcon_parallel_executor.executor.parallel:closing loop
[2.998s] DEBUG:colcon.colcon_parallel_executor.executor.parallel:loop closed
[2.998s] DEBUG:colcon.colcon_parallel_executor.executor.parallel:run_until_complete finished with '0'
[2.998s] DEBUG:colcon.colcon_core.event_reactor:joining thread
[3.023s] INFO:colcon.colcon_core.plugin_system:Skipping extension 'colcon_notification.desktop_notification.terminal_notifier': Not used on non-Darwin systems
[3.023s] INFO:colcon.colcon_core.plugin_system:Skipping extension 'colcon_notification.desktop_notification.win32': Not used on non-Windows systems
[3.024s] INFO:colcon.colcon_notification.desktop_notification:Sending desktop notification using 'notify2'
[3.051s] DEBUG:colcon.colcon_core.event_reactor:joined thread
[3.052s] INFO:colcon.colcon_core.shell:Creating prefix script '/home/robotica-06/Downloads/bender_workspace/install/local_setup.ps1'
[3.054s] INFO:colcon.colcon_core.shell:Creating prefix util module '/home/robotica-06/Downloads/bender_workspace/install/_local_setup_util_ps1.py'
[3.056s] INFO:colcon.colcon_core.shell:Creating prefix chain script '/home/robotica-06/Downloads/bender_workspace/install/setup.ps1'
[3.066s] INFO:colcon.colcon_core.shell:Creating prefix script '/home/robotica-06/Downloads/bender_workspace/install/local_setup.sh'
[3.067s] INFO:colcon.colcon_core.shell:Creating prefix util module '/home/robotica-06/Downloads/bender_workspace/install/_local_setup_util_sh.py'
[3.069s] INFO:colcon.colcon_core.shell:Creating prefix chain script '/home/robotica-06/Downloads/bender_workspace/install/setup.sh'
[3.078s] INFO:colcon.colcon_core.shell:Creating prefix script '/home/robotica-06/Downloads/bender_workspace/install/local_setup.bash'
[3.079s] INFO:colcon.colcon_core.shell:Creating prefix chain script '/home/robotica-06/Downloads/bender_workspace/install/setup.bash'
[3.088s] INFO:colcon.colcon_core.shell:Creating prefix script '/home/robotica-06/Downloads/bender_workspace/install/local_setup.zsh'
[3.089s] INFO:colcon.colcon_core.shell:Creating prefix chain script '/home/robotica-06/Downloads/bender_workspace/install/setup.zsh'
