[2.416s] Invoking command in '/home/robotica-06/bender_manipulacion/build/bender_moveit_scripts': DEBUGINFOD_URLS=https://debuginfod.ubuntu.com PYTHONPATH=/home/robotica-06/bender_manipulacion/build/bender_moveit_scripts/prefix_override:/usr/lib/python3/dist-packages/colcon_core/task/python/colcon_distutils_commands:/home/robotica-06/bender_manipulacion/install/lib/python3.12/site-packages:${PYTHONPATH} /usr/bin/python3 -W ignore:setup.py install is deprecated -W ignore:easy_install command is deprecated setup.py develop --editable --build-directory /home/robotica-06/bender_manipulacion/build/bender_moveit_scripts/build --no-deps symlink_data
[3.095s] running develop
[3.592s] running egg_info
[3.592s] creating bender_moveit_scripts.egg-info
[3.642s] writing bender_moveit_scripts.egg-info/PKG-INFO
[3.643s] writing dependency_links to bender_moveit_scripts.egg-info/dependency_links.txt
[3.643s] writing entry points to bender_moveit_scripts.egg-info/entry_points.txt
[3.643s] writing requirements to bender_moveit_scripts.egg-info/requires.txt
[3.644s] writing top-level names to bender_moveit_scripts.egg-info/top_level.txt
[3.644s] writing manifest file 'bender_moveit_scripts.egg-info/SOURCES.txt'
[3.766s] reading manifest file 'bender_moveit_scripts.egg-info/SOURCES.txt'
[3.766s] writing manifest file 'bender_moveit_scripts.egg-info/SOURCES.txt'
[3.818s] running build_ext
[3.819s] Creating /home/robotica-06/bender_manipulacion/install/lib/python3.12/site-packages/bender-moveit-scripts.egg-link (link to .)
[3.820s] Installing move_groups_control script to /home/robotica-06/bender_manipulacion/install/lib/bender_moveit_scripts
[3.820s] Installing move_left_arm script to /home/robotica-06/bender_manipulacion/install/lib/bender_moveit_scripts
[3.820s] Installing moveit_target_pose script to /home/robotica-06/bender_manipulacion/install/lib/bender_moveit_scripts
[3.821s] 
[3.822s] Installed /home/robotica-06/bender_manipulacion/build/bender_moveit_scripts
[3.822s] running symlink_data
[3.822s] symbolically linking /home/robotica-06/bender_manipulacion/build/bender_moveit_scripts/resource/bender_moveit_scripts -> /home/robotica-06/bender_manipulacion/install/share/ament_index/resource_index/packages
[3.823s] symbolically linking /home/robotica-06/bender_manipulacion/build/bender_moveit_scripts/package.xml -> /home/robotica-06/bender_manipulacion/install/share/bender_moveit_scripts
[3.882s] Invoked command in '/home/robotica-06/bender_manipulacion/build/bender_moveit_scripts' returned '0': DEBUGINFOD_URLS=https://debuginfod.ubuntu.com PYTHONPATH=/home/robotica-06/bender_manipulacion/build/bender_moveit_scripts/prefix_override:/usr/lib/python3/dist-packages/colcon_core/task/python/colcon_distutils_commands:/home/robotica-06/bender_manipulacion/install/lib/python3.12/site-packages:${PYTHONPATH} /usr/bin/python3 -W ignore:setup.py install is deprecated -W ignore:easy_install command is deprecated setup.py develop --editable --build-directory /home/robotica-06/bender_manipulacion/build/bender_moveit_scripts/build --no-deps symlink_data
