[1.886s] Invoking command in '/home/robotica-06/bender_manipulacion/src/bender_moveit_scripts': DEBUGINFOD_URLS=https://debuginfod.ubuntu.com PYTHONPATH=/home/robotica-06/bender_manipulacion/build/bender_moveit_scripts/prefix_override:/usr/lib/python3/dist-packages/colcon_core/task/python/colcon_distutils_commands:/home/robotica-06/bender_manipulacion/install/lib/python3.12/site-packages:${PYTHONPATH} /usr/bin/python3 -W ignore:setup.py install is deprecated -W ignore:easy_install command is deprecated setup.py egg_info --egg-base ../../build/bender_moveit_scripts build --build-base /home/robotica-06/bender_manipulacion/build/bender_moveit_scripts/build install --record /home/robotica-06/bender_manipulacion/build/bender_moveit_scripts/install.log --single-version-externally-managed install_data
[2.420s] running egg_info
[2.420s] creating ../../build/bender_moveit_scripts/bender_moveit_scripts.egg-info
[2.464s] writing ../../build/bender_moveit_scripts/bender_moveit_scripts.egg-info/PKG-INFO
[2.464s] writing dependency_links to ../../build/bender_moveit_scripts/bender_moveit_scripts.egg-info/dependency_links.txt
[2.465s] writing entry points to ../../build/bender_moveit_scripts/bender_moveit_scripts.egg-info/entry_points.txt
[2.465s] writing requirements to ../../build/bender_moveit_scripts/bender_moveit_scripts.egg-info/requires.txt
[2.465s] writing top-level names to ../../build/bender_moveit_scripts/bender_moveit_scripts.egg-info/top_level.txt
[2.465s] writing manifest file '../../build/bender_moveit_scripts/bender_moveit_scripts.egg-info/SOURCES.txt'
[2.555s] reading manifest file '../../build/bender_moveit_scripts/bender_moveit_scripts.egg-info/SOURCES.txt'
[2.556s] writing manifest file '../../build/bender_moveit_scripts/bender_moveit_scripts.egg-info/SOURCES.txt'
[2.556s] running build
[2.556s] running build_py
[2.556s] creating /home/robotica-06/bender_manipulacion/build/bender_moveit_scripts/build
[2.557s] creating /home/robotica-06/bender_manipulacion/build/bender_moveit_scripts/build/lib
[2.557s] creating /home/robotica-06/bender_manipulacion/build/bender_moveit_scripts/build/lib/bender_moveit_scripts
[2.557s] copying bender_moveit_scripts/publish_target_pose.py -> /home/robotica-06/bender_manipulacion/build/bender_moveit_scripts/build/lib/bender_moveit_scripts
[2.557s] copying bender_moveit_scripts/move_left_arm.py -> /home/robotica-06/bender_manipulacion/build/bender_moveit_scripts/build/lib/bender_moveit_scripts
[2.557s] copying bender_moveit_scripts/skills.py -> /home/robotica-06/bender_manipulacion/build/bender_moveit_scripts/build/lib/bender_moveit_scripts
[2.558s] copying bender_moveit_scripts/move_groups_control.py -> /home/robotica-06/bender_manipulacion/build/bender_moveit_scripts/build/lib/bender_moveit_scripts
[2.558s] copying bender_moveit_scripts/moveit_target_pose.py -> /home/robotica-06/bender_manipulacion/build/bender_moveit_scripts/build/lib/bender_moveit_scripts
[2.558s] copying bender_moveit_scripts/__init__.py -> /home/robotica-06/bender_manipulacion/build/bender_moveit_scripts/build/lib/bender_moveit_scripts
[2.558s] running install
[2.566s] running install_lib
[2.629s] creating /home/robotica-06/bender_manipulacion/install/lib/python3.12/site-packages/bender_moveit_scripts
[2.630s] copying /home/robotica-06/bender_manipulacion/build/bender_moveit_scripts/build/lib/bender_moveit_scripts/publish_target_pose.py -> /home/robotica-06/bender_manipulacion/install/lib/python3.12/site-packages/bender_moveit_scripts
[2.630s] copying /home/robotica-06/bender_manipulacion/build/bender_moveit_scripts/build/lib/bender_moveit_scripts/move_left_arm.py -> /home/robotica-06/bender_manipulacion/install/lib/python3.12/site-packages/bender_moveit_scripts
[2.630s] copying /home/robotica-06/bender_manipulacion/build/bender_moveit_scripts/build/lib/bender_moveit_scripts/skills.py -> /home/robotica-06/bender_manipulacion/install/lib/python3.12/site-packages/bender_moveit_scripts
[2.630s] copying /home/robotica-06/bender_manipulacion/build/bender_moveit_scripts/build/lib/bender_moveit_scripts/move_groups_control.py -> /home/robotica-06/bender_manipulacion/install/lib/python3.12/site-packages/bender_moveit_scripts
[2.631s] copying /home/robotica-06/bender_manipulacion/build/bender_moveit_scripts/build/lib/bender_moveit_scripts/moveit_target_pose.py -> /home/robotica-06/bender_manipulacion/install/lib/python3.12/site-packages/bender_moveit_scripts
[2.631s] copying /home/robotica-06/bender_manipulacion/build/bender_moveit_scripts/build/lib/bender_moveit_scripts/__init__.py -> /home/robotica-06/bender_manipulacion/install/lib/python3.12/site-packages/bender_moveit_scripts
[2.631s] byte-compiling /home/robotica-06/bender_manipulacion/install/lib/python3.12/site-packages/bender_moveit_scripts/publish_target_pose.py to publish_target_pose.cpython-312.pyc
[2.632s] byte-compiling /home/robotica-06/bender_manipulacion/install/lib/python3.12/site-packages/bender_moveit_scripts/move_left_arm.py to move_left_arm.cpython-312.pyc
[2.633s] byte-compiling /home/robotica-06/bender_manipulacion/install/lib/python3.12/site-packages/bender_moveit_scripts/skills.py to skills.cpython-312.pyc
[2.634s] byte-compiling /home/robotica-06/bender_manipulacion/install/lib/python3.12/site-packages/bender_moveit_scripts/move_groups_control.py to move_groups_control.cpython-312.pyc
[2.637s] byte-compiling /home/robotica-06/bender_manipulacion/install/lib/python3.12/site-packages/bender_moveit_scripts/moveit_target_pose.py to moveit_target_pose.cpython-312.pyc
[2.637s] byte-compiling /home/robotica-06/bender_manipulacion/install/lib/python3.12/site-packages/bender_moveit_scripts/__init__.py to __init__.cpython-312.pyc
[2.638s] running install_data
[2.638s] copying resource/bender_moveit_scripts -> /home/robotica-06/bender_manipulacion/install/share/ament_index/resource_index/packages
[2.638s] copying package.xml -> /home/robotica-06/bender_manipulacion/install/share/bender_moveit_scripts
[2.638s] running install_egg_info
[2.687s] Copying ../../build/bender_moveit_scripts/bender_moveit_scripts.egg-info to /home/robotica-06/bender_manipulacion/install/lib/python3.12/site-packages/bender_moveit_scripts-0.0.1-py3.12.egg-info
[2.688s] running install_scripts
[2.981s] Installing move_groups_control script to /home/robotica-06/bender_manipulacion/install/lib/bender_moveit_scripts
[2.982s] Installing move_left_arm script to /home/robotica-06/bender_manipulacion/install/lib/bender_moveit_scripts
[2.982s] Installing moveit_target_pose script to /home/robotica-06/bender_manipulacion/install/lib/bender_moveit_scripts
[2.982s] Installing publish_target_pose script to /home/robotica-06/bender_manipulacion/install/lib/bender_moveit_scripts
[2.982s] Installing skills script to /home/robotica-06/bender_manipulacion/install/lib/bender_moveit_scripts
[2.983s] writing list of installed files to '/home/robotica-06/bender_manipulacion/build/bender_moveit_scripts/install.log'
[3.019s] Invoked command in '/home/robotica-06/bender_manipulacion/src/bender_moveit_scripts' returned '0': DEBUGINFOD_URLS=https://debuginfod.ubuntu.com PYTHONPATH=/home/robotica-06/bender_manipulacion/build/bender_moveit_scripts/prefix_override:/usr/lib/python3/dist-packages/colcon_core/task/python/colcon_distutils_commands:/home/robotica-06/bender_manipulacion/install/lib/python3.12/site-packages:${PYTHONPATH} /usr/bin/python3 -W ignore:setup.py install is deprecated -W ignore:easy_install command is deprecated setup.py egg_info --egg-base ../../build/bender_moveit_scripts build --build-base /home/robotica-06/bender_manipulacion/build/bender_moveit_scripts/build install --record /home/robotica-06/bender_manipulacion/build/bender_moveit_scripts/install.log --single-version-externally-managed install_data
