[0.021s] Invoking command in '/home/robotica-06/nuevasuper/bender_manipulacion/build/bender_moveit_config': CMAKE_PREFIX_PATH=/home/robotica-06/ws_moveit/install/moveit_configs_utils:/opt/ros/jazzy:${CMAKE_PREFIX_PATH} DEBUGINFOD_URLS=https://debuginfod.ubuntu.com PYTHONPATH=/home/robotica-06/nuevasuper/bender_manipulacion/install/lib/python3.12/site-packages:/home/robotica-06/bender_manipulacion/build/shoulder_interface:/home/robotica-06/bender_manipulacion/build/bender_moveit_scripts:/home/robotica-06/ws_moveit/install/moveit_task_constructor_core/lib/python3.12/site-packages:/home/robotica-06/ws_moveit/install/moveit_task_constructor_msgs/lib/python3.12/site-packages:/home/robotica-06/ws_moveit/install/moveit_py/lib/python3.12/site-packages:/home/robotica-06/ws_moveit/install/moveit_msgs/lib/python3.12/site-packages:/home/robotica-06/ws_moveit/install/moveit_configs_utils/lib/python3.12/site-packages:/opt/ros/jazzy/lib/python3.12/site-packages /usr/bin/cmake /home/robotica-06/nuevasuper/bender_manipulacion/src/bender_moveit_config -DCMAKE_INSTALL_PREFIX=/home/robotica-06/nuevasuper/bender_manipulacion/install
[0.108s] -- The C compiler identification is GNU 13.3.0
[0.177s] -- The CXX compiler identification is GNU 13.3.0
[0.198s] -- Detecting C compiler ABI info
[0.317s] -- Detecting C compiler ABI info - done
[0.331s] -- Check for working C compiler: /usr/bin/cc - skipped
[0.332s] -- Detecting C compile features
[0.332s] -- Detecting C compile features - done
[0.346s] -- Detecting CXX compiler ABI info
[0.487s] -- Detecting CXX compiler ABI info - done
[0.500s] -- Check for working CXX compiler: /usr/bin/c++ - skipped
[0.500s] -- Detecting CXX compile features
[0.501s] -- Detecting CXX compile features - done
[0.504s] -- Found ament_cmake: 2.5.4 (/opt/ros/jazzy/share/ament_cmake/cmake)
[0.759s] -- Found Python3: /usr/bin/python3 (found version "3.12.3") found components: Interpreter 
[0.994s] -- Configuring done (1.0s)
[0.998s] -- Generating done (0.0s)
[1.000s] -- Build files have been written to: /home/robotica-06/nuevasuper/bender_manipulacion/build/bender_moveit_config
[1.005s] Invoked command in '/home/robotica-06/nuevasuper/bender_manipulacion/build/bender_moveit_config' returned '0': CMAKE_PREFIX_PATH=/home/robotica-06/ws_moveit/install/moveit_configs_utils:/opt/ros/jazzy:${CMAKE_PREFIX_PATH} DEBUGINFOD_URLS=https://debuginfod.ubuntu.com PYTHONPATH=/home/robotica-06/nuevasuper/bender_manipulacion/install/lib/python3.12/site-packages:/home/robotica-06/bender_manipulacion/build/shoulder_interface:/home/robotica-06/bender_manipulacion/build/bender_moveit_scripts:/home/robotica-06/ws_moveit/install/moveit_task_constructor_core/lib/python3.12/site-packages:/home/robotica-06/ws_moveit/install/moveit_task_constructor_msgs/lib/python3.12/site-packages:/home/robotica-06/ws_moveit/install/moveit_py/lib/python3.12/site-packages:/home/robotica-06/ws_moveit/install/moveit_msgs/lib/python3.12/site-packages:/home/robotica-06/ws_moveit/install/moveit_configs_utils/lib/python3.12/site-packages:/opt/ros/jazzy/lib/python3.12/site-packages /usr/bin/cmake /home/robotica-06/nuevasuper/bender_manipulacion/src/bender_moveit_config -DCMAKE_INSTALL_PREFIX=/home/robotica-06/nuevasuper/bender_manipulacion/install
[1.006s] Invoking command in '/home/robotica-06/nuevasuper/bender_manipulacion/build/bender_moveit_config': CMAKE_PREFIX_PATH=/home/robotica-06/ws_moveit/install/moveit_configs_utils:/opt/ros/jazzy:${CMAKE_PREFIX_PATH} DEBUGINFOD_URLS=https://debuginfod.ubuntu.com PYTHONPATH=/home/robotica-06/nuevasuper/bender_manipulacion/install/lib/python3.12/site-packages:/home/robotica-06/bender_manipulacion/build/shoulder_interface:/home/robotica-06/bender_manipulacion/build/bender_moveit_scripts:/home/robotica-06/ws_moveit/install/moveit_task_constructor_core/lib/python3.12/site-packages:/home/robotica-06/ws_moveit/install/moveit_task_constructor_msgs/lib/python3.12/site-packages:/home/robotica-06/ws_moveit/install/moveit_py/lib/python3.12/site-packages:/home/robotica-06/ws_moveit/install/moveit_msgs/lib/python3.12/site-packages:/home/robotica-06/ws_moveit/install/moveit_configs_utils/lib/python3.12/site-packages:/opt/ros/jazzy/lib/python3.12/site-packages /usr/bin/cmake --build /home/robotica-06/nuevasuper/bender_manipulacion/build/bender_moveit_config -- -j8 -l8
[1.071s] Invoked command in '/home/robotica-06/nuevasuper/bender_manipulacion/build/bender_moveit_config' returned '0': CMAKE_PREFIX_PATH=/home/robotica-06/ws_moveit/install/moveit_configs_utils:/opt/ros/jazzy:${CMAKE_PREFIX_PATH} DEBUGINFOD_URLS=https://debuginfod.ubuntu.com PYTHONPATH=/home/robotica-06/nuevasuper/bender_manipulacion/install/lib/python3.12/site-packages:/home/robotica-06/bender_manipulacion/build/shoulder_interface:/home/robotica-06/bender_manipulacion/build/bender_moveit_scripts:/home/robotica-06/ws_moveit/install/moveit_task_constructor_core/lib/python3.12/site-packages:/home/robotica-06/ws_moveit/install/moveit_task_constructor_msgs/lib/python3.12/site-packages:/home/robotica-06/ws_moveit/install/moveit_py/lib/python3.12/site-packages:/home/robotica-06/ws_moveit/install/moveit_msgs/lib/python3.12/site-packages:/home/robotica-06/ws_moveit/install/moveit_configs_utils/lib/python3.12/site-packages:/opt/ros/jazzy/lib/python3.12/site-packages /usr/bin/cmake --build /home/robotica-06/nuevasuper/bender_manipulacion/build/bender_moveit_config -- -j8 -l8
[1.072s] Invoking command in '/home/robotica-06/nuevasuper/bender_manipulacion/build/bender_moveit_config': CMAKE_PREFIX_PATH=/home/robotica-06/ws_moveit/install/moveit_configs_utils:/opt/ros/jazzy:${CMAKE_PREFIX_PATH} DEBUGINFOD_URLS=https://debuginfod.ubuntu.com PYTHONPATH=/home/robotica-06/nuevasuper/bender_manipulacion/install/lib/python3.12/site-packages:/home/robotica-06/bender_manipulacion/build/shoulder_interface:/home/robotica-06/bender_manipulacion/build/bender_moveit_scripts:/home/robotica-06/ws_moveit/install/moveit_task_constructor_core/lib/python3.12/site-packages:/home/robotica-06/ws_moveit/install/moveit_task_constructor_msgs/lib/python3.12/site-packages:/home/robotica-06/ws_moveit/install/moveit_py/lib/python3.12/site-packages:/home/robotica-06/ws_moveit/install/moveit_msgs/lib/python3.12/site-packages:/home/robotica-06/ws_moveit/install/moveit_configs_utils/lib/python3.12/site-packages:/opt/ros/jazzy/lib/python3.12/site-packages /usr/bin/cmake --install /home/robotica-06/nuevasuper/bender_manipulacion/build/bender_moveit_config
[1.085s] -- Install configuration: ""
[1.085s] -- Installing: /home/robotica-06/nuevasuper/bender_manipulacion/install/share/ament_index/resource_index/package_run_dependencies/bender_moveit_config
[1.086s] -- Installing: /home/robotica-06/nuevasuper/bender_manipulacion/install/share/ament_index/resource_index/parent_prefix_path/bender_moveit_config
[1.086s] -- Installing: /home/robotica-06/nuevasuper/bender_manipulacion/install/share/bender_moveit_config/environment/ament_prefix_path.sh
[1.086s] -- Installing: /home/robotica-06/nuevasuper/bender_manipulacion/install/share/bender_moveit_config/environment/ament_prefix_path.dsv
[1.086s] -- Installing: /home/robotica-06/nuevasuper/bender_manipulacion/install/share/bender_moveit_config/environment/path.sh
[1.087s] -- Installing: /home/robotica-06/nuevasuper/bender_manipulacion/install/share/bender_moveit_config/environment/path.dsv
[1.087s] -- Installing: /home/robotica-06/nuevasuper/bender_manipulacion/install/share/bender_moveit_config/local_setup.bash
[1.087s] -- Installing: /home/robotica-06/nuevasuper/bender_manipulacion/install/share/bender_moveit_config/local_setup.sh
[1.087s] -- Installing: /home/robotica-06/nuevasuper/bender_manipulacion/install/share/bender_moveit_config/local_setup.zsh
[1.088s] -- Installing: /home/robotica-06/nuevasuper/bender_manipulacion/install/share/bender_moveit_config/local_setup.dsv
[1.088s] -- Installing: /home/robotica-06/nuevasuper/bender_manipulacion/install/share/bender_moveit_config/package.dsv
[1.089s] -- Installing: /home/robotica-06/nuevasuper/bender_manipulacion/install/share/ament_index/resource_index/packages/bender_moveit_config
[1.089s] -- Installing: /home/robotica-06/nuevasuper/bender_manipulacion/install/share/bender_moveit_config/cmake/bender_moveit_configConfig.cmake
[1.089s] -- Installing: /home/robotica-06/nuevasuper/bender_manipulacion/install/share/bender_moveit_config/cmake/bender_moveit_configConfig-version.cmake
[1.090s] -- Installing: /home/robotica-06/nuevasuper/bender_manipulacion/install/share/bender_moveit_config/package.xml
[1.090s] -- Installing: /home/robotica-06/nuevasuper/bender_manipulacion/install/share/bender_moveit_config/launch
[1.091s] -- Installing: /home/robotica-06/nuevasuper/bender_manipulacion/install/share/bender_moveit_config/launch/move_group.launch.py
[1.091s] -- Installing: /home/robotica-06/nuevasuper/bender_manipulacion/install/share/bender_moveit_config/launch/setup_assistant.launch.py
[1.091s] -- Installing: /home/robotica-06/nuevasuper/bender_manipulacion/install/share/bender_moveit_config/launch/spawn_controllers.launch.py
[1.092s] -- Installing: /home/robotica-06/nuevasuper/bender_manipulacion/install/share/bender_moveit_config/launch/static_virtual_joint_tfs.launch.py
[1.092s] -- Installing: /home/robotica-06/nuevasuper/bender_manipulacion/install/share/bender_moveit_config/launch/rsp.launch.py
[1.092s] -- Installing: /home/robotica-06/nuevasuper/bender_manipulacion/install/share/bender_moveit_config/launch/demo.launch.py
[1.092s] -- Installing: /home/robotica-06/nuevasuper/bender_manipulacion/install/share/bender_moveit_config/launch/warehouse_db.launch.py
[1.092s] -- Installing: /home/robotica-06/nuevasuper/bender_manipulacion/install/share/bender_moveit_config/launch/moveit_rviz.launch.py
[1.093s] -- Installing: /home/robotica-06/nuevasuper/bender_manipulacion/install/share/bender_moveit_config/config
[1.093s] -- Installing: /home/robotica-06/nuevasuper/bender_manipulacion/install/share/bender_moveit_config/config/bender.urdf.xacro
[1.093s] -- Installing: /home/robotica-06/nuevasuper/bender_manipulacion/install/share/bender_moveit_config/config/moveit_controllers.yaml
[1.093s] -- Installing: /home/robotica-06/nuevasuper/bender_manipulacion/install/share/bender_moveit_config/config/initial_positions.yaml
[1.093s] -- Installing: /home/robotica-06/nuevasuper/bender_manipulacion/install/share/bender_moveit_config/config/kinematics.yaml
[1.094s] -- Installing: /home/robotica-06/nuevasuper/bender_manipulacion/install/share/bender_moveit_config/config/moveit.rviz
[1.094s] -- Installing: /home/robotica-06/nuevasuper/bender_manipulacion/install/share/bender_moveit_config/config/pilz_cartesian_limits.yaml
[1.094s] -- Installing: /home/robotica-06/nuevasuper/bender_manipulacion/install/share/bender_moveit_config/config/joint_limits.yaml
[1.094s] -- Installing: /home/robotica-06/nuevasuper/bender_manipulacion/install/share/bender_moveit_config/config/bender.ros2_control.xacro
[1.094s] -- Installing: /home/robotica-06/nuevasuper/bender_manipulacion/install/share/bender_moveit_config/config/bender.srdf
[1.094s] -- Installing: /home/robotica-06/nuevasuper/bender_manipulacion/install/share/bender_moveit_config/.setup_assistant
[1.095s] Invoked command in '/home/robotica-06/nuevasuper/bender_manipulacion/build/bender_moveit_config' returned '0': CMAKE_PREFIX_PATH=/home/robotica-06/ws_moveit/install/moveit_configs_utils:/opt/ros/jazzy:${CMAKE_PREFIX_PATH} DEBUGINFOD_URLS=https://debuginfod.ubuntu.com PYTHONPATH=/home/robotica-06/nuevasuper/bender_manipulacion/install/lib/python3.12/site-packages:/home/robotica-06/bender_manipulacion/build/shoulder_interface:/home/robotica-06/bender_manipulacion/build/bender_moveit_scripts:/home/robotica-06/ws_moveit/install/moveit_task_constructor_core/lib/python3.12/site-packages:/home/robotica-06/ws_moveit/install/moveit_task_constructor_msgs/lib/python3.12/site-packages:/home/robotica-06/ws_moveit/install/moveit_py/lib/python3.12/site-packages:/home/robotica-06/ws_moveit/install/moveit_msgs/lib/python3.12/site-packages:/home/robotica-06/ws_moveit/install/moveit_configs_utils/lib/python3.12/site-packages:/opt/ros/jazzy/lib/python3.12/site-packages /usr/bin/cmake --install /home/robotica-06/nuevasuper/bender_manipulacion/build/bender_moveit_config
