-- The C compiler identification is GNU 13.3.0
-- The CXX compiler identification is GNU 13.3.0
-- Detecting C compiler ABI info
-- Detecting C compiler ABI info - done
-- Check for working C compiler: /usr/bin/cc - skipped
-- Detecting C compile features
-- Detecting C compile features - done
-- Detecting CXX compiler ABI info
-- Detecting CXX compiler ABI info - done
-- Check for working CXX compiler: /usr/bin/c++ - skipped
-- Detecting CXX compile features
-- Detecting CXX compile features - done
-- Found ament_cmake: 2.5.4 (/opt/ros/jazzy/share/ament_cmake/cmake)
-- Found Python3: /usr/bin/python3 (found version "3.12.3") found components: Interpreter 
-- Override CMake install command with custom implementation using symlinks instead of copying resources
-- Configuring done (1.2s)
-- Generating done (0.0s)
-- Build files have been written to: /home/robotica-06/bender_manipulacion/build/bender_moveit_config
-- Install configuration: ""
-- Execute custom install script
-- Symlinking: /home/robotica-06/bender_manipulacion/install/share/ament_index/resource_index/package_run_dependencies/bender_moveit_config
-- Symlinking: /home/robotica-06/bender_manipulacion/install/share/ament_index/resource_index/parent_prefix_path/bender_moveit_config
-- Symlinking: /home/robotica-06/bender_manipulacion/install/share/bender_moveit_config/environment/ament_prefix_path.sh
-- Symlinking: /home/robotica-06/bender_manipulacion/install/share/bender_moveit_config/environment/ament_prefix_path.dsv
-- Symlinking: /home/robotica-06/bender_manipulacion/install/share/bender_moveit_config/environment/path.sh
-- Symlinking: /home/robotica-06/bender_manipulacion/install/share/bender_moveit_config/environment/path.dsv
-- Symlinking: /home/robotica-06/bender_manipulacion/install/share/bender_moveit_config/local_setup.bash
-- Symlinking: /home/robotica-06/bender_manipulacion/install/share/bender_moveit_config/local_setup.sh
-- Symlinking: /home/robotica-06/bender_manipulacion/install/share/bender_moveit_config/local_setup.zsh
-- Symlinking: /home/robotica-06/bender_manipulacion/install/share/bender_moveit_config/local_setup.dsv
-- Symlinking: /home/robotica-06/bender_manipulacion/install/share/bender_moveit_config/package.dsv
-- Symlinking: /home/robotica-06/bender_manipulacion/install/share/ament_index/resource_index/packages/bender_moveit_config
-- Symlinking: /home/robotica-06/bender_manipulacion/install/share/bender_moveit_config/cmake/bender_moveit_configConfig.cmake
-- Symlinking: /home/robotica-06/bender_manipulacion/install/share/bender_moveit_config/cmake/bender_moveit_configConfig-version.cmake
-- Symlinking: /home/robotica-06/bender_manipulacion/install/share/bender_moveit_config/package.xml
-- Symlinking: /home/robotica-06/bender_manipulacion/install/share/bender_moveit_config/launch/demo.launch.py
-- Symlinking: /home/robotica-06/bender_manipulacion/install/share/bender_moveit_config/launch/move_group.launch.py
-- Symlinking: /home/robotica-06/bender_manipulacion/install/share/bender_moveit_config/launch/moveit_rviz.launch.py
-- Symlinking: /home/robotica-06/bender_manipulacion/install/share/bender_moveit_config/launch/rsp.launch.py
-- Symlinking: /home/robotica-06/bender_manipulacion/install/share/bender_moveit_config/launch/setup_assistant.launch.py
-- Symlinking: /home/robotica-06/bender_manipulacion/install/share/bender_moveit_config/launch/spawn_controllers.launch.py
-- Symlinking: /home/robotica-06/bender_manipulacion/install/share/bender_moveit_config/launch/static_virtual_joint_tfs.launch.py
-- Symlinking: /home/robotica-06/bender_manipulacion/install/share/bender_moveit_config/launch/warehouse_db.launch.py
-- Symlinking: /home/robotica-06/bender_manipulacion/install/share/bender_moveit_config/config/bender.ros2_control.xacro
-- Symlinking: /home/robotica-06/bender_manipulacion/install/share/bender_moveit_config/config/bender.srdf
-- Symlinking: /home/robotica-06/bender_manipulacion/install/share/bender_moveit_config/config/bender.urdf.xacro
-- Symlinking: /home/robotica-06/bender_manipulacion/install/share/bender_moveit_config/config/initial_positions.yaml
-- Symlinking: /home/robotica-06/bender_manipulacion/install/share/bender_moveit_config/config/joint_limits.yaml
-- Symlinking: /home/robotica-06/bender_manipulacion/install/share/bender_moveit_config/config/kinematics.yaml
-- Symlinking: /home/robotica-06/bender_manipulacion/install/share/bender_moveit_config/config/moveit.rviz
-- Symlinking: /home/robotica-06/bender_manipulacion/install/share/bender_moveit_config/config/moveit_controllers.yaml
-- Symlinking: /home/robotica-06/bender_manipulacion/install/share/bender_moveit_config/config/pilz_cartesian_limits.yaml
-- Symlinking: /home/robotica-06/bender_manipulacion/install/share/bender_moveit_config/.setup_assistant
