[0.229s] DEBUG:colcon:Command line arguments: ['/usr/bin/colcon', 'build', '--merge-install']
[0.229s] DEBUG:colcon:Parsed command line arguments: Namespace(log_base=None, log_level=None, verb_name='build', build_base='build', install_base='install', merge_install=True, symlink_install=False, test_result_base=None, continue_on_error=False, executor='parallel', parallel_workers=8, event_handlers=None, ignore_user_meta=False, metas=['./colcon.meta'], base_paths=['.'], packages_ignore=None, packages_ignore_regex=None, paths=None, packages_up_to=None, packages_up_to_regex=None, packages_above=None, packages_above_and_dependencies=None, packages_above_depth=None, packages_select_by_dep=None, packages_skip_by_dep=None, packages_skip_up_to=None, packages_select_build_failed=False, packages_skip_build_finished=False, packages_select_test_failures=False, packages_skip_test_passed=False, packages_select=None, packages_skip=None, packages_select_regex=None, packages_skip_regex=None, packages_start=None, packages_end=None, allow_overriding=[], cmake_args=None, cmake_target=None, cmake_target_skip_unavailable=False, cmake_clean_cache=False, cmake_clean_first=False, cmake_force_configure=False, ament_cmake_args=None, catkin_cmake_args=None, catkin_skip_building_tests=False, mixin_files=None, mixin=None, verb_parser=<colcon_mixin.mixin.mixin_argument.MixinArgumentDecorator object at 0x718a42bda4b0>, verb_extension=<colcon_core.verb.build.BuildVerb object at 0x718a42bda1e0>, main=<bound method BuildVerb.main of <colcon_core.verb.build.BuildVerb object at 0x718a42bda1e0>>, mixin_verb=('build',))
[0.300s] Level 1:colcon.colcon_core.package_discovery:discover_packages(colcon_meta) check parameters
[0.300s] Level 1:colcon.colcon_core.package_discovery:discover_packages(recursive) check parameters
[0.300s] Level 1:colcon.colcon_core.package_discovery:discover_packages(ignore) check parameters
[0.300s] Level 1:colcon.colcon_core.package_discovery:discover_packages(path) check parameters
[0.300s] Level 1:colcon.colcon_core.package_discovery:discover_packages(colcon_meta) discover
[0.301s] Level 1:colcon.colcon_core.package_discovery:discover_packages(recursive) discover
[0.301s] INFO:colcon.colcon_core.package_discovery:Crawling recursively for packages in '/home/robotica-06/bender_manipulacion'
[0.301s] Level 1:colcon.colcon_core.package_identification:_identify(.) by extensions ['ignore', 'ignore_ament_install']
[0.301s] Level 1:colcon.colcon_core.package_identification:_identify(.) by extension 'ignore'
[0.301s] Level 1:colcon.colcon_core.package_identification:_identify(.) by extension 'ignore_ament_install'
[0.301s] Level 1:colcon.colcon_core.package_identification:_identify(.) by extensions ['colcon_pkg']
[0.301s] Level 1:colcon.colcon_core.package_identification:_identify(.) by extension 'colcon_pkg'
[0.301s] Level 1:colcon.colcon_core.package_identification:_identify(.) by extensions ['colcon_meta']
[0.301s] Level 1:colcon.colcon_core.package_identification:_identify(.) by extension 'colcon_meta'
[0.301s] Level 1:colcon.colcon_core.package_identification:_identify(.) by extensions ['ros']
[0.301s] Level 1:colcon.colcon_core.package_identification:_identify(.) by extension 'ros'
[0.351s] Level 1:colcon.colcon_core.package_identification:_identify(.) by extensions ['cmake', 'python']
[0.351s] Level 1:colcon.colcon_core.package_identification:_identify(.) by extension 'cmake'
[0.351s] Level 1:colcon.colcon_core.package_identification:_identify(.) by extension 'python'
[0.351s] Level 1:colcon.colcon_core.package_identification:_identify(.) by extensions ['python_setup_py']
[0.351s] Level 1:colcon.colcon_core.package_identification:_identify(.) by extension 'python_setup_py'
[0.351s] Level 1:colcon.colcon_core.package_identification:_identify(build) by extensions ['ignore', 'ignore_ament_install']
[0.352s] Level 1:colcon.colcon_core.package_identification:_identify(build) by extension 'ignore'
[0.352s] Level 1:colcon.colcon_core.package_identification:_identify(build) ignored
[0.352s] Level 1:colcon.colcon_core.package_identification:_identify(install) by extensions ['ignore', 'ignore_ament_install']
[0.352s] Level 1:colcon.colcon_core.package_identification:_identify(install) by extension 'ignore'
[0.352s] Level 1:colcon.colcon_core.package_identification:_identify(install) ignored
[0.352s] Level 1:colcon.colcon_core.package_identification:_identify(log) by extensions ['ignore', 'ignore_ament_install']
[0.352s] Level 1:colcon.colcon_core.package_identification:_identify(log) by extension 'ignore'
[0.353s] Level 1:colcon.colcon_core.package_identification:_identify(log) ignored
[0.353s] Level 1:colcon.colcon_core.package_identification:_identify(src) by extensions ['ignore', 'ignore_ament_install']
[0.353s] Level 1:colcon.colcon_core.package_identification:_identify(src) by extension 'ignore'
[0.353s] Level 1:colcon.colcon_core.package_identification:_identify(src) by extension 'ignore_ament_install'
[0.353s] Level 1:colcon.colcon_core.package_identification:_identify(src) by extensions ['colcon_pkg']
[0.353s] Level 1:colcon.colcon_core.package_identification:_identify(src) by extension 'colcon_pkg'
[0.353s] Level 1:colcon.colcon_core.package_identification:_identify(src) by extensions ['colcon_meta']
[0.353s] Level 1:colcon.colcon_core.package_identification:_identify(src) by extension 'colcon_meta'
[0.353s] Level 1:colcon.colcon_core.package_identification:_identify(src) by extensions ['ros']
[0.353s] Level 1:colcon.colcon_core.package_identification:_identify(src) by extension 'ros'
[0.354s] Level 1:colcon.colcon_core.package_identification:_identify(src) by extensions ['cmake', 'python']
[0.354s] Level 1:colcon.colcon_core.package_identification:_identify(src) by extension 'cmake'
[0.354s] Level 1:colcon.colcon_core.package_identification:_identify(src) by extension 'python'
[0.354s] Level 1:colcon.colcon_core.package_identification:_identify(src) by extensions ['python_setup_py']
[0.354s] Level 1:colcon.colcon_core.package_identification:_identify(src) by extension 'python_setup_py'
[0.354s] Level 1:colcon.colcon_core.package_identification:_identify(src/bender_description) by extensions ['ignore', 'ignore_ament_install']
[0.354s] Level 1:colcon.colcon_core.package_identification:_identify(src/bender_description) by extension 'ignore'
[0.354s] Level 1:colcon.colcon_core.package_identification:_identify(src/bender_description) by extension 'ignore_ament_install'
[0.355s] Level 1:colcon.colcon_core.package_identification:_identify(src/bender_description) by extensions ['colcon_pkg']
[0.355s] Level 1:colcon.colcon_core.package_identification:_identify(src/bender_description) by extension 'colcon_pkg'
[0.355s] Level 1:colcon.colcon_core.package_identification:_identify(src/bender_description) by extensions ['colcon_meta']
[0.355s] Level 1:colcon.colcon_core.package_identification:_identify(src/bender_description) by extension 'colcon_meta'
[0.355s] Level 1:colcon.colcon_core.package_identification:_identify(src/bender_description) by extensions ['ros']
[0.355s] Level 1:colcon.colcon_core.package_identification:_identify(src/bender_description) by extension 'ros'
[0.359s] DEBUG:colcon.colcon_core.package_identification:Package 'src/bender_description' with type 'ros.catkin' and name 'bender_description'
[0.359s] Level 1:colcon.colcon_core.package_identification:_identify(src/bender_moveit_config) by extensions ['ignore', 'ignore_ament_install']
[0.359s] Level 1:colcon.colcon_core.package_identification:_identify(src/bender_moveit_config) by extension 'ignore'
[0.359s] Level 1:colcon.colcon_core.package_identification:_identify(src/bender_moveit_config) by extension 'ignore_ament_install'
[0.360s] Level 1:colcon.colcon_core.package_identification:_identify(src/bender_moveit_config) by extensions ['colcon_pkg']
[0.360s] Level 1:colcon.colcon_core.package_identification:_identify(src/bender_moveit_config) by extension 'colcon_pkg'
[0.360s] Level 1:colcon.colcon_core.package_identification:_identify(src/bender_moveit_config) by extensions ['colcon_meta']
[0.360s] Level 1:colcon.colcon_core.package_identification:_identify(src/bender_moveit_config) by extension 'colcon_meta'
[0.360s] Level 1:colcon.colcon_core.package_identification:_identify(src/bender_moveit_config) by extensions ['ros']
[0.360s] Level 1:colcon.colcon_core.package_identification:_identify(src/bender_moveit_config) by extension 'ros'
[0.362s] DEBUG:colcon.colcon_core.package_identification:Package 'src/bender_moveit_config' with type 'ros.ament_cmake' and name 'bender_moveit_config'
[0.362s] Level 1:colcon.colcon_core.package_identification:_identify(src/bender_moveit_scripts) by extensions ['ignore', 'ignore_ament_install']
[0.362s] Level 1:colcon.colcon_core.package_identification:_identify(src/bender_moveit_scripts) by extension 'ignore'
[0.362s] Level 1:colcon.colcon_core.package_identification:_identify(src/bender_moveit_scripts) by extension 'ignore_ament_install'
[0.362s] Level 1:colcon.colcon_core.package_identification:_identify(src/bender_moveit_scripts) by extensions ['colcon_pkg']
[0.362s] Level 1:colcon.colcon_core.package_identification:_identify(src/bender_moveit_scripts) by extension 'colcon_pkg'
[0.363s] Level 1:colcon.colcon_core.package_identification:_identify(src/bender_moveit_scripts) by extensions ['colcon_meta']
[0.363s] Level 1:colcon.colcon_core.package_identification:_identify(src/bender_moveit_scripts) by extension 'colcon_meta'
[0.363s] Level 1:colcon.colcon_core.package_identification:_identify(src/bender_moveit_scripts) by extensions ['ros']
[0.363s] Level 1:colcon.colcon_core.package_identification:_identify(src/bender_moveit_scripts) by extension 'ros'
[0.364s] DEBUG:colcon.colcon_core.package_identification:Package 'src/bender_moveit_scripts' with type 'ros.ament_python' and name 'bender_moveit_scripts'
[0.365s] Level 1:colcon.colcon_core.package_identification:_identify(src/bender_pick_place_cpp) by extensions ['ignore', 'ignore_ament_install']
[0.365s] Level 1:colcon.colcon_core.package_identification:_identify(src/bender_pick_place_cpp) by extension 'ignore'
[0.365s] Level 1:colcon.colcon_core.package_identification:_identify(src/bender_pick_place_cpp) by extension 'ignore_ament_install'
[0.365s] Level 1:colcon.colcon_core.package_identification:_identify(src/bender_pick_place_cpp) by extensions ['colcon_pkg']
[0.365s] Level 1:colcon.colcon_core.package_identification:_identify(src/bender_pick_place_cpp) by extension 'colcon_pkg'
[0.365s] Level 1:colcon.colcon_core.package_identification:_identify(src/bender_pick_place_cpp) by extensions ['colcon_meta']
[0.365s] Level 1:colcon.colcon_core.package_identification:_identify(src/bender_pick_place_cpp) by extension 'colcon_meta'
[0.365s] Level 1:colcon.colcon_core.package_identification:_identify(src/bender_pick_place_cpp) by extensions ['ros']
[0.365s] Level 1:colcon.colcon_core.package_identification:_identify(src/bender_pick_place_cpp) by extension 'ros'
[0.366s] DEBUG:colcon.colcon_core.package_identification:Package 'src/bender_pick_place_cpp' with type 'ros.ament_cmake' and name 'bender_pick_place_cpp'
[0.366s] Level 1:colcon.colcon_core.package_discovery:discover_packages(recursive) using defaults
[0.367s] Level 1:colcon.colcon_core.package_discovery:discover_packages(ignore) discover
[0.367s] Level 1:colcon.colcon_core.package_discovery:discover_packages(ignore) using defaults
[0.367s] Level 1:colcon.colcon_core.package_discovery:discover_packages(path) discover
[0.367s] Level 1:colcon.colcon_core.package_discovery:discover_packages(path) using defaults
[0.403s] Level 1:colcon.colcon_core.package_discovery:discover_packages(prefix_path) check parameters
[0.404s] Level 1:colcon.colcon_core.package_discovery:discover_packages(prefix_path) discover
[0.419s] DEBUG:colcon.colcon_installed_package_information.package_discovery:Found 71 installed packages in /home/robotica-06/ws_moveit/install
[0.427s] DEBUG:colcon.colcon_installed_package_information.package_discovery:Found 398 installed packages in /opt/ros/jazzy
[0.432s] Level 1:colcon.colcon_core.package_discovery:discover_packages(prefix_path) using defaults
[0.564s] Level 5:colcon.colcon_core.verb:set package 'bender_description' build argument 'cmake_args' from command line to 'None'
[0.564s] Level 5:colcon.colcon_core.verb:set package 'bender_description' build argument 'cmake_target' from command line to 'None'
[0.564s] Level 5:colcon.colcon_core.verb:set package 'bender_description' build argument 'cmake_target_skip_unavailable' from command line to 'False'
[0.564s] Level 5:colcon.colcon_core.verb:set package 'bender_description' build argument 'cmake_clean_cache' from command line to 'False'
[0.564s] Level 5:colcon.colcon_core.verb:set package 'bender_description' build argument 'cmake_clean_first' from command line to 'False'
[0.564s] Level 5:colcon.colcon_core.verb:set package 'bender_description' build argument 'cmake_force_configure' from command line to 'False'
[0.564s] Level 5:colcon.colcon_core.verb:set package 'bender_description' build argument 'ament_cmake_args' from command line to 'None'
[0.564s] Level 5:colcon.colcon_core.verb:set package 'bender_description' build argument 'catkin_cmake_args' from command line to 'None'
[0.564s] Level 5:colcon.colcon_core.verb:set package 'bender_description' build argument 'catkin_skip_building_tests' from command line to 'False'
[0.565s] DEBUG:colcon.colcon_core.verb:Building package 'bender_description' with the following arguments: {'ament_cmake_args': None, 'build_base': '/home/robotica-06/bender_manipulacion/build/bender_description', 'catkin_cmake_args': None, 'catkin_skip_building_tests': False, 'cmake_args': None, 'cmake_clean_cache': False, 'cmake_clean_first': False, 'cmake_force_configure': False, 'cmake_target': None, 'cmake_target_skip_unavailable': False, 'install_base': '/home/robotica-06/bender_manipulacion/install', 'merge_install': True, 'path': '/home/robotica-06/bender_manipulacion/src/bender_description', 'symlink_install': False, 'test_result_base': None}
[0.565s] Level 5:colcon.colcon_core.verb:set package 'bender_moveit_scripts' build argument 'cmake_args' from command line to 'None'
[0.566s] Level 5:colcon.colcon_core.verb:set package 'bender_moveit_scripts' build argument 'cmake_target' from command line to 'None'
[0.566s] Level 5:colcon.colcon_core.verb:set package 'bender_moveit_scripts' build argument 'cmake_target_skip_unavailable' from command line to 'False'
[0.566s] Level 5:colcon.colcon_core.verb:set package 'bender_moveit_scripts' build argument 'cmake_clean_cache' from command line to 'False'
[0.566s] Level 5:colcon.colcon_core.verb:set package 'bender_moveit_scripts' build argument 'cmake_clean_first' from command line to 'False'
[0.566s] Level 5:colcon.colcon_core.verb:set package 'bender_moveit_scripts' build argument 'cmake_force_configure' from command line to 'False'
[0.566s] Level 5:colcon.colcon_core.verb:set package 'bender_moveit_scripts' build argument 'ament_cmake_args' from command line to 'None'
[0.566s] Level 5:colcon.colcon_core.verb:set package 'bender_moveit_scripts' build argument 'catkin_cmake_args' from command line to 'None'
[0.566s] Level 5:colcon.colcon_core.verb:set package 'bender_moveit_scripts' build argument 'catkin_skip_building_tests' from command line to 'False'
[0.566s] DEBUG:colcon.colcon_core.verb:Building package 'bender_moveit_scripts' with the following arguments: {'ament_cmake_args': None, 'build_base': '/home/robotica-06/bender_manipulacion/build/bender_moveit_scripts', 'catkin_cmake_args': None, 'catkin_skip_building_tests': False, 'cmake_args': None, 'cmake_clean_cache': False, 'cmake_clean_first': False, 'cmake_force_configure': False, 'cmake_target': None, 'cmake_target_skip_unavailable': False, 'install_base': '/home/robotica-06/bender_manipulacion/install', 'merge_install': True, 'path': '/home/robotica-06/bender_manipulacion/src/bender_moveit_scripts', 'symlink_install': False, 'test_result_base': None}
[0.567s] Level 5:colcon.colcon_core.verb:set package 'bender_pick_place_cpp' build argument 'cmake_args' from command line to 'None'
[0.567s] Level 5:colcon.colcon_core.verb:set package 'bender_pick_place_cpp' build argument 'cmake_target' from command line to 'None'
[0.567s] Level 5:colcon.colcon_core.verb:set package 'bender_pick_place_cpp' build argument 'cmake_target_skip_unavailable' from command line to 'False'
[0.567s] Level 5:colcon.colcon_core.verb:set package 'bender_pick_place_cpp' build argument 'cmake_clean_cache' from command line to 'False'
[0.567s] Level 5:colcon.colcon_core.verb:set package 'bender_pick_place_cpp' build argument 'cmake_clean_first' from command line to 'False'
[0.567s] Level 5:colcon.colcon_core.verb:set package 'bender_pick_place_cpp' build argument 'cmake_force_configure' from command line to 'False'
[0.567s] Level 5:colcon.colcon_core.verb:set package 'bender_pick_place_cpp' build argument 'ament_cmake_args' from command line to 'None'
[0.567s] Level 5:colcon.colcon_core.verb:set package 'bender_pick_place_cpp' build argument 'catkin_cmake_args' from command line to 'None'
[0.567s] Level 5:colcon.colcon_core.verb:set package 'bender_pick_place_cpp' build argument 'catkin_skip_building_tests' from command line to 'False'
[0.567s] DEBUG:colcon.colcon_core.verb:Building package 'bender_pick_place_cpp' with the following arguments: {'ament_cmake_args': None, 'build_base': '/home/robotica-06/bender_manipulacion/build/bender_pick_place_cpp', 'catkin_cmake_args': None, 'catkin_skip_building_tests': False, 'cmake_args': None, 'cmake_clean_cache': False, 'cmake_clean_first': False, 'cmake_force_configure': False, 'cmake_target': None, 'cmake_target_skip_unavailable': False, 'install_base': '/home/robotica-06/bender_manipulacion/install', 'merge_install': True, 'path': '/home/robotica-06/bender_manipulacion/src/bender_pick_place_cpp', 'symlink_install': False, 'test_result_base': None}
[0.568s] Level 5:colcon.colcon_core.verb:set package 'bender_moveit_config' build argument 'cmake_args' from command line to 'None'
[0.568s] Level 5:colcon.colcon_core.verb:set package 'bender_moveit_config' build argument 'cmake_target' from command line to 'None'
[0.568s] Level 5:colcon.colcon_core.verb:set package 'bender_moveit_config' build argument 'cmake_target_skip_unavailable' from command line to 'False'
[0.568s] Level 5:colcon.colcon_core.verb:set package 'bender_moveit_config' build argument 'cmake_clean_cache' from command line to 'False'
[0.568s] Level 5:colcon.colcon_core.verb:set package 'bender_moveit_config' build argument 'cmake_clean_first' from command line to 'False'
[0.568s] Level 5:colcon.colcon_core.verb:set package 'bender_moveit_config' build argument 'cmake_force_configure' from command line to 'False'
[0.568s] Level 5:colcon.colcon_core.verb:set package 'bender_moveit_config' build argument 'ament_cmake_args' from command line to 'None'
[0.569s] Level 5:colcon.colcon_core.verb:set package 'bender_moveit_config' build argument 'catkin_cmake_args' from command line to 'None'
[0.569s] Level 5:colcon.colcon_core.verb:set package 'bender_moveit_config' build argument 'catkin_skip_building_tests' from command line to 'False'
[0.569s] DEBUG:colcon.colcon_core.verb:Building package 'bender_moveit_config' with the following arguments: {'ament_cmake_args': None, 'build_base': '/home/robotica-06/bender_manipulacion/build/bender_moveit_config', 'catkin_cmake_args': None, 'catkin_skip_building_tests': False, 'cmake_args': None, 'cmake_clean_cache': False, 'cmake_clean_first': False, 'cmake_force_configure': False, 'cmake_target': None, 'cmake_target_skip_unavailable': False, 'install_base': '/home/robotica-06/bender_manipulacion/install', 'merge_install': True, 'path': '/home/robotica-06/bender_manipulacion/src/bender_moveit_config', 'symlink_install': False, 'test_result_base': None}
[0.569s] INFO:colcon.colcon_core.executor:Executing jobs using 'parallel' executor
[0.571s] DEBUG:colcon.colcon_parallel_executor.executor.parallel:run_until_complete
[0.571s] INFO:colcon.colcon_ros.task.catkin.build:Building ROS package in '/home/robotica-06/bender_manipulacion/src/bender_description' with build type 'catkin'
[0.571s] INFO:colcon.colcon_cmake.task.cmake.build:Building CMake package in '/home/robotica-06/bender_manipulacion/src/bender_description'
[0.576s] INFO:colcon.colcon_core.plugin_system:Skipping extension 'colcon_core.shell.bat': Not used on non-Windows systems
[0.577s] INFO:colcon.colcon_core.shell:Skip shell extension 'powershell' for command environment: Not usable outside of PowerShell
[0.577s] DEBUG:colcon.colcon_core.shell:Skip shell extension 'dsv' for command environment
[0.597s] INFO:colcon.colcon_ros.task.ament_python.build:Building ROS package in '/home/robotica-06/bender_manipulacion/src/bender_moveit_scripts' with build type 'ament_python'
[0.597s] Level 1:colcon.colcon_core.shell:create_environment_hook('bender_moveit_scripts', 'ament_prefix_path')
[0.598s] INFO:colcon.colcon_core.shell:Creating environment hook '/home/robotica-06/bender_manipulacion/install/share/bender_moveit_scripts/hook/ament_prefix_path.ps1'
[0.599s] INFO:colcon.colcon_core.shell:Creating environment descriptor '/home/robotica-06/bender_manipulacion/install/share/bender_moveit_scripts/hook/ament_prefix_path.dsv'
[0.600s] INFO:colcon.colcon_core.shell:Creating environment hook '/home/robotica-06/bender_manipulacion/install/share/bender_moveit_scripts/hook/ament_prefix_path.sh'
[0.601s] INFO:colcon.colcon_core.shell:Skip shell extension 'powershell' for command environment: Not usable outside of PowerShell
[0.601s] DEBUG:colcon.colcon_core.shell:Skip shell extension 'dsv' for command environment
[0.616s] INFO:colcon.colcon_ros.task.ament_cmake.build:Building ROS package in '/home/robotica-06/bender_manipulacion/src/bender_pick_place_cpp' with build type 'ament_cmake'
[0.616s] INFO:colcon.colcon_cmake.task.cmake.build:Building CMake package in '/home/robotica-06/bender_manipulacion/src/bender_pick_place_cpp'
[0.616s] INFO:colcon.colcon_core.shell:Skip shell extension 'powershell' for command environment: Not usable outside of PowerShell
[0.616s] DEBUG:colcon.colcon_core.shell:Skip shell extension 'dsv' for command environment
[0.635s] DEBUG:colcon.colcon_core.event_handler.log_command:Invoking command in '/home/robotica-06/bender_manipulacion/build/bender_description': DEBUGINFOD_URLS=https://debuginfod.ubuntu.com /usr/bin/cmake /home/robotica-06/bender_manipulacion/src/bender_description -DCATKIN_INSTALL_INTO_PREFIX_ROOT=0 -DCMAKE_INSTALL_PREFIX=/home/robotica-06/bender_manipulacion/install
[1.251s] INFO:colcon.colcon_core.task.python.build:Building Python package in '/home/robotica-06/bender_manipulacion/src/bender_moveit_scripts'
[1.252s] INFO:colcon.colcon_core.shell:Skip shell extension 'powershell' for command environment: Not usable outside of PowerShell
[1.252s] DEBUG:colcon.colcon_core.shell:Skip shell extension 'dsv' for command environment
[1.281s] DEBUG:colcon.colcon_core.event_handler.log_command:Invoking command in '/home/robotica-06/bender_manipulacion/build/bender_pick_place_cpp': CMAKE_PREFIX_PATH=${CMAKE_PREFIX_PATH}:/home/robotica-06/ws_moveit/install/moveit_configs_utils:/opt/ros/jazzy DEBUGINFOD_URLS=https://debuginfod.ubuntu.com /usr/bin/cmake /home/robotica-06/bender_manipulacion/src/bender_pick_place_cpp -DCMAKE_INSTALL_PREFIX=/home/robotica-06/bender_manipulacion/install
[3.055s] DEBUG:colcon.colcon_core.event_handler.log_command:Invoked command in '/home/robotica-06/bender_manipulacion/build/bender_description' returned '0': DEBUGINFOD_URLS=https://debuginfod.ubuntu.com /usr/bin/cmake /home/robotica-06/bender_manipulacion/src/bender_description -DCATKIN_INSTALL_INTO_PREFIX_ROOT=0 -DCMAKE_INSTALL_PREFIX=/home/robotica-06/bender_manipulacion/install
[3.059s] DEBUG:colcon.colcon_core.event_handler.log_command:Invoking command in '/home/robotica-06/bender_manipulacion/build/bender_description': DEBUGINFOD_URLS=https://debuginfod.ubuntu.com /usr/bin/cmake --build /home/robotica-06/bender_manipulacion/build/bender_description -- -j8 -l8
[3.131s] DEBUG:colcon.colcon_core.event_handler.log_command:Invoking command in '/home/robotica-06/bender_manipulacion/src/bender_moveit_scripts': DEBUGINFOD_URLS=https://debuginfod.ubuntu.com PYTHONPATH=/home/robotica-06/bender_manipulacion/build/bender_moveit_scripts/prefix_override:/usr/lib/python3/dist-packages/colcon_core/task/python/colcon_distutils_commands:/home/robotica-06/bender_manipulacion/install/lib/python3.12/site-packages:${PYTHONPATH} /usr/bin/python3 -W ignore:setup.py install is deprecated -W ignore:easy_install command is deprecated setup.py egg_info --egg-base ../../build/bender_moveit_scripts build --build-base /home/robotica-06/bender_manipulacion/build/bender_moveit_scripts/build install --record /home/robotica-06/bender_manipulacion/build/bender_moveit_scripts/install.log --single-version-externally-managed install_data
[3.957s] DEBUG:colcon.colcon_core.event_handler.log_command:Invoked command in '/home/robotica-06/bender_manipulacion/build/bender_description' returned '0': DEBUGINFOD_URLS=https://debuginfod.ubuntu.com /usr/bin/cmake --build /home/robotica-06/bender_manipulacion/build/bender_description -- -j8 -l8
[3.981s] DEBUG:colcon.colcon_core.event_handler.log_command:Invoking command in '/home/robotica-06/bender_manipulacion/build/bender_description': DEBUGINFOD_URLS=https://debuginfod.ubuntu.com /usr/bin/cmake --install /home/robotica-06/bender_manipulacion/build/bender_description
[4.133s] Level 1:colcon.colcon_core.shell:create_environment_hook('bender_description', 'ros_package_path')
[4.133s] INFO:colcon.colcon_core.shell:Creating environment hook '/home/robotica-06/bender_manipulacion/install/share/bender_description/hook/ros_package_path.ps1'
[4.134s] INFO:colcon.colcon_core.shell:Creating environment descriptor '/home/robotica-06/bender_manipulacion/install/share/bender_description/hook/ros_package_path.dsv'
[4.135s] INFO:colcon.colcon_core.shell:Creating environment hook '/home/robotica-06/bender_manipulacion/install/share/bender_description/hook/ros_package_path.sh'
[4.135s] DEBUG:colcon.colcon_core.event_handler.log_command:Invoked command in '/home/robotica-06/bender_manipulacion/build/bender_description' returned '0': DEBUGINFOD_URLS=https://debuginfod.ubuntu.com /usr/bin/cmake --install /home/robotica-06/bender_manipulacion/build/bender_description
[4.136s] Level 1:colcon.colcon_ros.task.catkin:checking '/home/robotica-06/bender_manipulacion/install/lib/python3.12/site-packages'
[4.137s] Level 1:colcon.colcon_core.shell:create_environment_hook('bender_description', 'catkin_pythonpath')
[4.137s] INFO:colcon.colcon_core.shell:Creating environment hook '/home/robotica-06/bender_manipulacion/install/share/bender_description/hook/catkin_pythonpath.ps1'
[4.138s] INFO:colcon.colcon_core.shell:Creating environment descriptor '/home/robotica-06/bender_manipulacion/install/share/bender_description/hook/catkin_pythonpath.dsv'
[4.138s] INFO:colcon.colcon_core.shell:Creating environment hook '/home/robotica-06/bender_manipulacion/install/share/bender_description/hook/catkin_pythonpath.sh'
[4.138s] Level 1:colcon.colcon_core.shell:create_environment_hook('bender_description', 'pkg_config_path')
[4.139s] INFO:colcon.colcon_core.shell:Creating environment hook '/home/robotica-06/bender_manipulacion/install/share/bender_description/hook/pkg_config_path.ps1'
[4.140s] INFO:colcon.colcon_core.shell:Creating environment descriptor '/home/robotica-06/bender_manipulacion/install/share/bender_description/hook/pkg_config_path.dsv'
[4.140s] INFO:colcon.colcon_core.shell:Creating environment hook '/home/robotica-06/bender_manipulacion/install/share/bender_description/hook/pkg_config_path.sh'
[4.143s] Level 1:colcon.colcon_core.shell:create_environment_hook('bender_description', 'pkg_config_path_multiarch')
[4.144s] INFO:colcon.colcon_core.shell:Creating environment hook '/home/robotica-06/bender_manipulacion/install/share/bender_description/hook/pkg_config_path_multiarch.ps1'
[4.145s] INFO:colcon.colcon_core.shell:Creating environment descriptor '/home/robotica-06/bender_manipulacion/install/share/bender_description/hook/pkg_config_path_multiarch.dsv'
[4.145s] INFO:colcon.colcon_core.shell:Creating environment hook '/home/robotica-06/bender_manipulacion/install/share/bender_description/hook/pkg_config_path_multiarch.sh'
[4.147s] Level 1:colcon.colcon_core.environment:create_environment_scripts_only(bender_description)
[4.151s] Level 1:colcon.colcon_core.environment:checking '/home/robotica-06/bender_manipulacion/install' for CMake module files
[4.153s] Level 1:colcon.colcon_core.environment:checking '/home/robotica-06/bender_manipulacion/install' for CMake config files
[4.154s] Level 1:colcon.colcon_core.shell:create_environment_hook('bender_description', 'cmake_prefix_path')
[4.155s] INFO:colcon.colcon_core.shell:Creating environment hook '/home/robotica-06/bender_manipulacion/install/share/bender_description/hook/cmake_prefix_path.ps1'
[4.156s] INFO:colcon.colcon_core.shell:Creating environment descriptor '/home/robotica-06/bender_manipulacion/install/share/bender_description/hook/cmake_prefix_path.dsv'
[4.156s] INFO:colcon.colcon_core.shell:Creating environment hook '/home/robotica-06/bender_manipulacion/install/share/bender_description/hook/cmake_prefix_path.sh'
[4.157s] Level 1:colcon.colcon_core.environment:checking '/home/robotica-06/bender_manipulacion/install/lib'
[4.157s] Level 1:colcon.colcon_core.environment:checking '/home/robotica-06/bender_manipulacion/install/bin'
[4.157s] Level 1:colcon.colcon_core.environment:checking '/home/robotica-06/bender_manipulacion/install/lib/pkgconfig/bender_description.pc'
[4.158s] Level 1:colcon.colcon_core.environment:checking '/home/robotica-06/bender_manipulacion/install/lib/python3.12/site-packages'
[4.158s] Level 1:colcon.colcon_core.shell:create_environment_hook('bender_description', 'pythonpath')
[4.158s] INFO:colcon.colcon_core.shell:Creating environment hook '/home/robotica-06/bender_manipulacion/install/share/bender_description/hook/pythonpath.ps1'
[4.185s] INFO:colcon.colcon_core.shell:Creating environment descriptor '/home/robotica-06/bender_manipulacion/install/share/bender_description/hook/pythonpath.dsv'
[4.186s] INFO:colcon.colcon_core.shell:Creating environment hook '/home/robotica-06/bender_manipulacion/install/share/bender_description/hook/pythonpath.sh'
[4.188s] Level 1:colcon.colcon_core.environment:checking '/home/robotica-06/bender_manipulacion/install/bin'
[4.190s] INFO:colcon.colcon_core.shell:Creating package script '/home/robotica-06/bender_manipulacion/install/share/bender_description/package.ps1'
[4.192s] INFO:colcon.colcon_core.shell:Creating package descriptor '/home/robotica-06/bender_manipulacion/install/share/bender_description/package.dsv'
[4.194s] INFO:colcon.colcon_core.shell:Creating package script '/home/robotica-06/bender_manipulacion/install/share/bender_description/package.sh'
[4.196s] INFO:colcon.colcon_core.shell:Creating package script '/home/robotica-06/bender_manipulacion/install/share/bender_description/package.bash'
[4.197s] INFO:colcon.colcon_core.shell:Creating package script '/home/robotica-06/bender_manipulacion/install/share/bender_description/package.zsh'
[4.199s] Level 1:colcon.colcon_core.environment:create_file_with_runtime_dependencies(/home/robotica-06/bender_manipulacion/install/share/colcon-core/packages/bender_description)
[4.201s] INFO:colcon.colcon_ros.task.ament_cmake.build:Building ROS package in '/home/robotica-06/bender_manipulacion/src/bender_moveit_config' with build type 'ament_cmake'
[4.202s] INFO:colcon.colcon_cmake.task.cmake.build:Building CMake package in '/home/robotica-06/bender_manipulacion/src/bender_moveit_config'
[4.203s] INFO:colcon.colcon_core.shell:Skip shell extension 'powershell' for command environment: Not usable outside of PowerShell
[4.204s] DEBUG:colcon.colcon_core.shell:Skip shell extension 'dsv' for command environment
[4.241s] DEBUG:colcon.colcon_core.event_handler.log_command:Invoking command in '/home/robotica-06/bender_manipulacion/build/bender_moveit_config': CMAKE_PREFIX_PATH=/home/robotica-06/ws_moveit/install/moveit_configs_utils:/opt/ros/jazzy:/home/robotica-06/bender_manipulacion/install:${CMAKE_PREFIX_PATH} DEBUGINFOD_URLS=https://debuginfod.ubuntu.com PKG_CONFIG_PATH=/home/robotica-06/bender_manipulacion/install/lib/x86_64-linux-gnu/pkgconfig:/home/robotica-06/bender_manipulacion/install/lib/pkgconfig PYTHONPATH=/home/robotica-06/bender_manipulacion/install/lib/python3.12/site-packages:${PYTHONPATH} ROS_PACKAGE_PATH=/home/robotica-06/bender_manipulacion/install/share /usr/bin/cmake /home/robotica-06/bender_manipulacion/src/bender_moveit_config -DCMAKE_INSTALL_PREFIX=/home/robotica-06/bender_manipulacion/install
[4.580s] Level 1:colcon.colcon_core.environment:checking '/home/robotica-06/bender_manipulacion/install' for CMake module files
[4.581s] Level 1:colcon.colcon_core.environment:checking '/home/robotica-06/bender_manipulacion/install' for CMake config files
[4.582s] DEBUG:colcon.colcon_core.event_handler.log_command:Invoked command in '/home/robotica-06/bender_manipulacion/src/bender_moveit_scripts' returned '0': DEBUGINFOD_URLS=https://debuginfod.ubuntu.com PYTHONPATH=/home/robotica-06/bender_manipulacion/build/bender_moveit_scripts/prefix_override:/usr/lib/python3/dist-packages/colcon_core/task/python/colcon_distutils_commands:/home/robotica-06/bender_manipulacion/install/lib/python3.12/site-packages:${PYTHONPATH} /usr/bin/python3 -W ignore:setup.py install is deprecated -W ignore:easy_install command is deprecated setup.py egg_info --egg-base ../../build/bender_moveit_scripts build --build-base /home/robotica-06/bender_manipulacion/build/bender_moveit_scripts/build install --record /home/robotica-06/bender_manipulacion/build/bender_moveit_scripts/install.log --single-version-externally-managed install_data
[4.583s] Level 1:colcon.colcon_core.shell:create_environment_hook('bender_moveit_scripts', 'cmake_prefix_path')
[4.583s] INFO:colcon.colcon_core.shell:Creating environment hook '/home/robotica-06/bender_manipulacion/install/share/bender_moveit_scripts/hook/cmake_prefix_path.ps1'
[4.584s] INFO:colcon.colcon_core.shell:Creating environment descriptor '/home/robotica-06/bender_manipulacion/install/share/bender_moveit_scripts/hook/cmake_prefix_path.dsv'
[4.584s] INFO:colcon.colcon_core.shell:Creating environment hook '/home/robotica-06/bender_manipulacion/install/share/bender_moveit_scripts/hook/cmake_prefix_path.sh'
[4.585s] Level 1:colcon.colcon_core.environment:checking '/home/robotica-06/bender_manipulacion/install/lib'
[4.585s] Level 1:colcon.colcon_core.environment:checking '/home/robotica-06/bender_manipulacion/install/bin'
[4.585s] Level 1:colcon.colcon_core.environment:checking '/home/robotica-06/bender_manipulacion/install/lib/pkgconfig/bender_moveit_scripts.pc'
[4.586s] Level 1:colcon.colcon_core.environment:checking '/home/robotica-06/bender_manipulacion/install/lib/python3.12/site-packages'
[4.586s] Level 1:colcon.colcon_core.shell:create_environment_hook('bender_moveit_scripts', 'pythonpath')
[4.586s] INFO:colcon.colcon_core.shell:Creating environment hook '/home/robotica-06/bender_manipulacion/install/share/bender_moveit_scripts/hook/pythonpath.ps1'
[4.588s] INFO:colcon.colcon_core.shell:Creating environment descriptor '/home/robotica-06/bender_manipulacion/install/share/bender_moveit_scripts/hook/pythonpath.dsv'
[4.589s] INFO:colcon.colcon_core.shell:Creating environment hook '/home/robotica-06/bender_manipulacion/install/share/bender_moveit_scripts/hook/pythonpath.sh'
[4.590s] Level 1:colcon.colcon_core.environment:checking '/home/robotica-06/bender_manipulacion/install/bin'
[4.590s] Level 1:colcon.colcon_core.environment:create_environment_scripts_only(bender_moveit_scripts)
[4.592s] INFO:colcon.colcon_core.shell:Creating package script '/home/robotica-06/bender_manipulacion/install/share/bender_moveit_scripts/package.ps1'
[4.594s] INFO:colcon.colcon_core.shell:Creating package descriptor '/home/robotica-06/bender_manipulacion/install/share/bender_moveit_scripts/package.dsv'
[4.596s] INFO:colcon.colcon_core.shell:Creating package script '/home/robotica-06/bender_manipulacion/install/share/bender_moveit_scripts/package.sh'
[4.597s] INFO:colcon.colcon_core.shell:Creating package script '/home/robotica-06/bender_manipulacion/install/share/bender_moveit_scripts/package.bash'
[4.598s] INFO:colcon.colcon_core.shell:Creating package script '/home/robotica-06/bender_manipulacion/install/share/bender_moveit_scripts/package.zsh'
[4.598s] Level 1:colcon.colcon_core.environment:create_file_with_runtime_dependencies(/home/robotica-06/bender_manipulacion/install/share/colcon-core/packages/bender_moveit_scripts)
[5.591s] DEBUG:colcon.colcon_core.event_handler.log_command:Invoked command in '/home/robotica-06/bender_manipulacion/build/bender_moveit_config' returned '0': CMAKE_PREFIX_PATH=/home/robotica-06/ws_moveit/install/moveit_configs_utils:/opt/ros/jazzy:/home/robotica-06/bender_manipulacion/install:${CMAKE_PREFIX_PATH} DEBUGINFOD_URLS=https://debuginfod.ubuntu.com PKG_CONFIG_PATH=/home/robotica-06/bender_manipulacion/install/lib/x86_64-linux-gnu/pkgconfig:/home/robotica-06/bender_manipulacion/install/lib/pkgconfig PYTHONPATH=/home/robotica-06/bender_manipulacion/install/lib/python3.12/site-packages:${PYTHONPATH} ROS_PACKAGE_PATH=/home/robotica-06/bender_manipulacion/install/share /usr/bin/cmake /home/robotica-06/bender_manipulacion/src/bender_moveit_config -DCMAKE_INSTALL_PREFIX=/home/robotica-06/bender_manipulacion/install
[5.592s] DEBUG:colcon.colcon_core.event_handler.log_command:Invoking command in '/home/robotica-06/bender_manipulacion/build/bender_moveit_config': CMAKE_PREFIX_PATH=/home/robotica-06/ws_moveit/install/moveit_configs_utils:/opt/ros/jazzy:/home/robotica-06/bender_manipulacion/install:${CMAKE_PREFIX_PATH} DEBUGINFOD_URLS=https://debuginfod.ubuntu.com PKG_CONFIG_PATH=/home/robotica-06/bender_manipulacion/install/lib/x86_64-linux-gnu/pkgconfig:/home/robotica-06/bender_manipulacion/install/lib/pkgconfig PYTHONPATH=/home/robotica-06/bender_manipulacion/install/lib/python3.12/site-packages:${PYTHONPATH} ROS_PACKAGE_PATH=/home/robotica-06/bender_manipulacion/install/share /usr/bin/cmake --build /home/robotica-06/bender_manipulacion/build/bender_moveit_config -- -j8 -l8
[5.671s] DEBUG:colcon.colcon_core.event_handler.log_command:Invoked command in '/home/robotica-06/bender_manipulacion/build/bender_moveit_config' returned '0': CMAKE_PREFIX_PATH=/home/robotica-06/ws_moveit/install/moveit_configs_utils:/opt/ros/jazzy:/home/robotica-06/bender_manipulacion/install:${CMAKE_PREFIX_PATH} DEBUGINFOD_URLS=https://debuginfod.ubuntu.com PKG_CONFIG_PATH=/home/robotica-06/bender_manipulacion/install/lib/x86_64-linux-gnu/pkgconfig:/home/robotica-06/bender_manipulacion/install/lib/pkgconfig PYTHONPATH=/home/robotica-06/bender_manipulacion/install/lib/python3.12/site-packages:${PYTHONPATH} ROS_PACKAGE_PATH=/home/robotica-06/bender_manipulacion/install/share /usr/bin/cmake --build /home/robotica-06/bender_manipulacion/build/bender_moveit_config -- -j8 -l8
[5.672s] DEBUG:colcon.colcon_core.event_handler.log_command:Invoking command in '/home/robotica-06/bender_manipulacion/build/bender_moveit_config': CMAKE_PREFIX_PATH=/home/robotica-06/ws_moveit/install/moveit_configs_utils:/opt/ros/jazzy:/home/robotica-06/bender_manipulacion/install:${CMAKE_PREFIX_PATH} DEBUGINFOD_URLS=https://debuginfod.ubuntu.com PKG_CONFIG_PATH=/home/robotica-06/bender_manipulacion/install/lib/x86_64-linux-gnu/pkgconfig:/home/robotica-06/bender_manipulacion/install/lib/pkgconfig PYTHONPATH=/home/robotica-06/bender_manipulacion/install/lib/python3.12/site-packages:${PYTHONPATH} ROS_PACKAGE_PATH=/home/robotica-06/bender_manipulacion/install/share /usr/bin/cmake --install /home/robotica-06/bender_manipulacion/build/bender_moveit_config
[5.702s] Level 1:colcon.colcon_core.environment:create_environment_scripts_only(bender_moveit_config)
[5.703s] Level 1:colcon.colcon_core.environment:checking '/home/robotica-06/bender_manipulacion/install' for CMake module files
[5.703s] DEBUG:colcon.colcon_core.event_handler.log_command:Invoked command in '/home/robotica-06/bender_manipulacion/build/bender_moveit_config' returned '0': CMAKE_PREFIX_PATH=/home/robotica-06/ws_moveit/install/moveit_configs_utils:/opt/ros/jazzy:/home/robotica-06/bender_manipulacion/install:${CMAKE_PREFIX_PATH} DEBUGINFOD_URLS=https://debuginfod.ubuntu.com PKG_CONFIG_PATH=/home/robotica-06/bender_manipulacion/install/lib/x86_64-linux-gnu/pkgconfig:/home/robotica-06/bender_manipulacion/install/lib/pkgconfig PYTHONPATH=/home/robotica-06/bender_manipulacion/install/lib/python3.12/site-packages:${PYTHONPATH} ROS_PACKAGE_PATH=/home/robotica-06/bender_manipulacion/install/share /usr/bin/cmake --install /home/robotica-06/bender_manipulacion/build/bender_moveit_config
[5.705s] Level 1:colcon.colcon_core.environment:checking '/home/robotica-06/bender_manipulacion/install' for CMake config files
[5.705s] Level 1:colcon.colcon_core.shell:create_environment_hook('bender_moveit_config', 'cmake_prefix_path')
[5.706s] INFO:colcon.colcon_core.shell:Creating environment hook '/home/robotica-06/bender_manipulacion/install/share/bender_moveit_config/hook/cmake_prefix_path.ps1'
[5.708s] INFO:colcon.colcon_core.shell:Creating environment descriptor '/home/robotica-06/bender_manipulacion/install/share/bender_moveit_config/hook/cmake_prefix_path.dsv'
[5.708s] INFO:colcon.colcon_core.shell:Creating environment hook '/home/robotica-06/bender_manipulacion/install/share/bender_moveit_config/hook/cmake_prefix_path.sh'
[5.709s] Level 1:colcon.colcon_core.environment:checking '/home/robotica-06/bender_manipulacion/install/lib'
[5.710s] Level 1:colcon.colcon_core.environment:checking '/home/robotica-06/bender_manipulacion/install/bin'
[5.710s] Level 1:colcon.colcon_core.environment:checking '/home/robotica-06/bender_manipulacion/install/lib/pkgconfig/bender_moveit_config.pc'
[5.710s] Level 1:colcon.colcon_core.environment:checking '/home/robotica-06/bender_manipulacion/install/lib/python3.12/site-packages'
[5.710s] Level 1:colcon.colcon_core.shell:create_environment_hook('bender_moveit_config', 'pythonpath')
[5.711s] INFO:colcon.colcon_core.shell:Creating environment hook '/home/robotica-06/bender_manipulacion/install/share/bender_moveit_config/hook/pythonpath.ps1'
[5.711s] INFO:colcon.colcon_core.shell:Creating environment descriptor '/home/robotica-06/bender_manipulacion/install/share/bender_moveit_config/hook/pythonpath.dsv'
[5.712s] INFO:colcon.colcon_core.shell:Creating environment hook '/home/robotica-06/bender_manipulacion/install/share/bender_moveit_config/hook/pythonpath.sh'
[5.713s] Level 1:colcon.colcon_core.environment:checking '/home/robotica-06/bender_manipulacion/install/bin'
[5.714s] INFO:colcon.colcon_core.shell:Creating package script '/home/robotica-06/bender_manipulacion/install/share/bender_moveit_config/package.ps1'
[5.714s] INFO:colcon.colcon_core.shell:Creating package descriptor '/home/robotica-06/bender_manipulacion/install/share/bender_moveit_config/package.dsv'
[5.715s] INFO:colcon.colcon_core.shell:Creating package script '/home/robotica-06/bender_manipulacion/install/share/bender_moveit_config/package.sh'
[5.716s] INFO:colcon.colcon_core.shell:Creating package script '/home/robotica-06/bender_manipulacion/install/share/bender_moveit_config/package.bash'
[5.717s] INFO:colcon.colcon_core.shell:Creating package script '/home/robotica-06/bender_manipulacion/install/share/bender_moveit_config/package.zsh'
[5.717s] Level 1:colcon.colcon_core.environment:create_file_with_runtime_dependencies(/home/robotica-06/bender_manipulacion/install/share/colcon-core/packages/bender_moveit_config)
[5.718s] Level 1:colcon.colcon_core.environment:create_environment_scripts_only(bender_moveit_config)
[5.718s] Level 1:colcon.colcon_core.environment:checking '/home/robotica-06/bender_manipulacion/install' for CMake module files
[5.719s] Level 1:colcon.colcon_core.environment:checking '/home/robotica-06/bender_manipulacion/install' for CMake config files
[5.720s] Level 1:colcon.colcon_core.shell:create_environment_hook('bender_moveit_config', 'cmake_prefix_path')
[5.720s] INFO:colcon.colcon_core.shell:Creating environment hook '/home/robotica-06/bender_manipulacion/install/share/bender_moveit_config/hook/cmake_prefix_path.ps1'
[5.721s] INFO:colcon.colcon_core.shell:Creating environment descriptor '/home/robotica-06/bender_manipulacion/install/share/bender_moveit_config/hook/cmake_prefix_path.dsv'
[5.721s] INFO:colcon.colcon_core.shell:Creating environment hook '/home/robotica-06/bender_manipulacion/install/share/bender_moveit_config/hook/cmake_prefix_path.sh'
[5.722s] Level 1:colcon.colcon_core.environment:checking '/home/robotica-06/bender_manipulacion/install/lib'
[5.722s] Level 1:colcon.colcon_core.environment:checking '/home/robotica-06/bender_manipulacion/install/bin'
[5.722s] Level 1:colcon.colcon_core.environment:checking '/home/robotica-06/bender_manipulacion/install/lib/pkgconfig/bender_moveit_config.pc'
[5.723s] Level 1:colcon.colcon_core.environment:checking '/home/robotica-06/bender_manipulacion/install/lib/python3.12/site-packages'
[5.723s] Level 1:colcon.colcon_core.shell:create_environment_hook('bender_moveit_config', 'pythonpath')
[5.723s] INFO:colcon.colcon_core.shell:Creating environment hook '/home/robotica-06/bender_manipulacion/install/share/bender_moveit_config/hook/pythonpath.ps1'
[5.724s] INFO:colcon.colcon_core.shell:Creating environment descriptor '/home/robotica-06/bender_manipulacion/install/share/bender_moveit_config/hook/pythonpath.dsv'
[5.725s] INFO:colcon.colcon_core.shell:Creating environment hook '/home/robotica-06/bender_manipulacion/install/share/bender_moveit_config/hook/pythonpath.sh'
[5.726s] Level 1:colcon.colcon_core.environment:checking '/home/robotica-06/bender_manipulacion/install/bin'
[5.726s] INFO:colcon.colcon_core.shell:Creating package script '/home/robotica-06/bender_manipulacion/install/share/bender_moveit_config/package.ps1'
[5.728s] INFO:colcon.colcon_core.shell:Creating package descriptor '/home/robotica-06/bender_manipulacion/install/share/bender_moveit_config/package.dsv'
[5.729s] INFO:colcon.colcon_core.shell:Creating package script '/home/robotica-06/bender_manipulacion/install/share/bender_moveit_config/package.sh'
[5.730s] INFO:colcon.colcon_core.shell:Creating package script '/home/robotica-06/bender_manipulacion/install/share/bender_moveit_config/package.bash'
[5.731s] INFO:colcon.colcon_core.shell:Creating package script '/home/robotica-06/bender_manipulacion/install/share/bender_moveit_config/package.zsh'
[5.731s] Level 1:colcon.colcon_core.environment:create_file_with_runtime_dependencies(/home/robotica-06/bender_manipulacion/install/share/colcon-core/packages/bender_moveit_config)
[8.754s] DEBUG:colcon.colcon_core.event_handler.log_command:Invoked command in '/home/robotica-06/bender_manipulacion/build/bender_pick_place_cpp' returned '0': CMAKE_PREFIX_PATH=${CMAKE_PREFIX_PATH}:/home/robotica-06/ws_moveit/install/moveit_configs_utils:/opt/ros/jazzy DEBUGINFOD_URLS=https://debuginfod.ubuntu.com /usr/bin/cmake /home/robotica-06/bender_manipulacion/src/bender_pick_place_cpp -DCMAKE_INSTALL_PREFIX=/home/robotica-06/bender_manipulacion/install
[8.755s] DEBUG:colcon.colcon_core.event_handler.log_command:Invoking command in '/home/robotica-06/bender_manipulacion/build/bender_pick_place_cpp': CMAKE_PREFIX_PATH=${CMAKE_PREFIX_PATH}:/home/robotica-06/ws_moveit/install/moveit_configs_utils:/opt/ros/jazzy DEBUGINFOD_URLS=https://debuginfod.ubuntu.com /usr/bin/cmake --build /home/robotica-06/bender_manipulacion/build/bender_pick_place_cpp -- -j8 -l8
[19.534s] DEBUG:colcon.colcon_core.event_handler.log_command:Invoked command in '/home/robotica-06/bender_manipulacion/build/bender_pick_place_cpp' returned '0': CMAKE_PREFIX_PATH=${CMAKE_PREFIX_PATH}:/home/robotica-06/ws_moveit/install/moveit_configs_utils:/opt/ros/jazzy DEBUGINFOD_URLS=https://debuginfod.ubuntu.com /usr/bin/cmake --build /home/robotica-06/bender_manipulacion/build/bender_pick_place_cpp -- -j8 -l8
[19.536s] DEBUG:colcon.colcon_core.event_handler.log_command:Invoking command in '/home/robotica-06/bender_manipulacion/build/bender_pick_place_cpp': CMAKE_PREFIX_PATH=${CMAKE_PREFIX_PATH}:/home/robotica-06/ws_moveit/install/moveit_configs_utils:/opt/ros/jazzy DEBUGINFOD_URLS=https://debuginfod.ubuntu.com /usr/bin/cmake --install /home/robotica-06/bender_manipulacion/build/bender_pick_place_cpp
[19.555s] Level 1:colcon.colcon_core.environment:create_environment_scripts_only(bender_pick_place_cpp)
[19.556s] Level 1:colcon.colcon_core.environment:checking '/home/robotica-06/bender_manipulacion/install' for CMake module files
[19.556s] DEBUG:colcon.colcon_core.event_handler.log_command:Invoked command in '/home/robotica-06/bender_manipulacion/build/bender_pick_place_cpp' returned '0': CMAKE_PREFIX_PATH=${CMAKE_PREFIX_PATH}:/home/robotica-06/ws_moveit/install/moveit_configs_utils:/opt/ros/jazzy DEBUGINFOD_URLS=https://debuginfod.ubuntu.com /usr/bin/cmake --install /home/robotica-06/bender_manipulacion/build/bender_pick_place_cpp
[19.557s] Level 1:colcon.colcon_core.environment:checking '/home/robotica-06/bender_manipulacion/install' for CMake config files
[19.557s] Level 1:colcon.colcon_core.shell:create_environment_hook('bender_pick_place_cpp', 'cmake_prefix_path')
[19.557s] INFO:colcon.colcon_core.shell:Creating environment hook '/home/robotica-06/bender_manipulacion/install/share/bender_pick_place_cpp/hook/cmake_prefix_path.ps1'
[19.557s] INFO:colcon.colcon_core.shell:Creating environment descriptor '/home/robotica-06/bender_manipulacion/install/share/bender_pick_place_cpp/hook/cmake_prefix_path.dsv'
[19.558s] INFO:colcon.colcon_core.shell:Creating environment hook '/home/robotica-06/bender_manipulacion/install/share/bender_pick_place_cpp/hook/cmake_prefix_path.sh'
[19.558s] Level 1:colcon.colcon_core.environment:checking '/home/robotica-06/bender_manipulacion/install/lib'
[19.559s] Level 1:colcon.colcon_core.environment:checking '/home/robotica-06/bender_manipulacion/install/bin'
[19.559s] Level 1:colcon.colcon_core.environment:checking '/home/robotica-06/bender_manipulacion/install/lib/pkgconfig/bender_pick_place_cpp.pc'
[19.559s] Level 1:colcon.colcon_core.environment:checking '/home/robotica-06/bender_manipulacion/install/lib/python3.12/site-packages'
[19.559s] Level 1:colcon.colcon_core.shell:create_environment_hook('bender_pick_place_cpp', 'pythonpath')
[19.559s] INFO:colcon.colcon_core.shell:Creating environment hook '/home/robotica-06/bender_manipulacion/install/share/bender_pick_place_cpp/hook/pythonpath.ps1'
[19.560s] INFO:colcon.colcon_core.shell:Creating environment descriptor '/home/robotica-06/bender_manipulacion/install/share/bender_pick_place_cpp/hook/pythonpath.dsv'
[19.560s] INFO:colcon.colcon_core.shell:Creating environment hook '/home/robotica-06/bender_manipulacion/install/share/bender_pick_place_cpp/hook/pythonpath.sh'
[19.561s] Level 1:colcon.colcon_core.environment:checking '/home/robotica-06/bender_manipulacion/install/bin'
[19.561s] INFO:colcon.colcon_core.shell:Creating package script '/home/robotica-06/bender_manipulacion/install/share/bender_pick_place_cpp/package.ps1'
[19.562s] INFO:colcon.colcon_core.shell:Creating package descriptor '/home/robotica-06/bender_manipulacion/install/share/bender_pick_place_cpp/package.dsv'
[19.563s] INFO:colcon.colcon_core.shell:Creating package script '/home/robotica-06/bender_manipulacion/install/share/bender_pick_place_cpp/package.sh'
[19.563s] INFO:colcon.colcon_core.shell:Creating package script '/home/robotica-06/bender_manipulacion/install/share/bender_pick_place_cpp/package.bash'
[19.563s] INFO:colcon.colcon_core.shell:Creating package script '/home/robotica-06/bender_manipulacion/install/share/bender_pick_place_cpp/package.zsh'
[19.564s] Level 1:colcon.colcon_core.environment:create_file_with_runtime_dependencies(/home/robotica-06/bender_manipulacion/install/share/colcon-core/packages/bender_pick_place_cpp)
[19.564s] Level 1:colcon.colcon_core.environment:create_environment_scripts_only(bender_pick_place_cpp)
[19.564s] Level 1:colcon.colcon_core.environment:checking '/home/robotica-06/bender_manipulacion/install' for CMake module files
[19.565s] Level 1:colcon.colcon_core.environment:checking '/home/robotica-06/bender_manipulacion/install' for CMake config files
[19.565s] Level 1:colcon.colcon_core.shell:create_environment_hook('bender_pick_place_cpp', 'cmake_prefix_path')
[19.566s] INFO:colcon.colcon_core.shell:Creating environment hook '/home/robotica-06/bender_manipulacion/install/share/bender_pick_place_cpp/hook/cmake_prefix_path.ps1'
[19.566s] INFO:colcon.colcon_core.shell:Creating environment descriptor '/home/robotica-06/bender_manipulacion/install/share/bender_pick_place_cpp/hook/cmake_prefix_path.dsv'
[19.566s] INFO:colcon.colcon_core.shell:Creating environment hook '/home/robotica-06/bender_manipulacion/install/share/bender_pick_place_cpp/hook/cmake_prefix_path.sh'
[19.567s] Level 1:colcon.colcon_core.environment:checking '/home/robotica-06/bender_manipulacion/install/lib'
[19.567s] Level 1:colcon.colcon_core.environment:checking '/home/robotica-06/bender_manipulacion/install/bin'
[19.567s] Level 1:colcon.colcon_core.environment:checking '/home/robotica-06/bender_manipulacion/install/lib/pkgconfig/bender_pick_place_cpp.pc'
[19.567s] Level 1:colcon.colcon_core.environment:checking '/home/robotica-06/bender_manipulacion/install/lib/python3.12/site-packages'
[19.567s] Level 1:colcon.colcon_core.shell:create_environment_hook('bender_pick_place_cpp', 'pythonpath')
[19.568s] INFO:colcon.colcon_core.shell:Creating environment hook '/home/robotica-06/bender_manipulacion/install/share/bender_pick_place_cpp/hook/pythonpath.ps1'
[19.568s] INFO:colcon.colcon_core.shell:Creating environment descriptor '/home/robotica-06/bender_manipulacion/install/share/bender_pick_place_cpp/hook/pythonpath.dsv'
[19.568s] INFO:colcon.colcon_core.shell:Creating environment hook '/home/robotica-06/bender_manipulacion/install/share/bender_pick_place_cpp/hook/pythonpath.sh'
[19.569s] Level 1:colcon.colcon_core.environment:checking '/home/robotica-06/bender_manipulacion/install/bin'
[19.570s] INFO:colcon.colcon_core.shell:Creating package script '/home/robotica-06/bender_manipulacion/install/share/bender_pick_place_cpp/package.ps1'
[19.570s] INFO:colcon.colcon_core.shell:Creating package descriptor '/home/robotica-06/bender_manipulacion/install/share/bender_pick_place_cpp/package.dsv'
[19.571s] INFO:colcon.colcon_core.shell:Creating package script '/home/robotica-06/bender_manipulacion/install/share/bender_pick_place_cpp/package.sh'
[19.571s] INFO:colcon.colcon_core.shell:Creating package script '/home/robotica-06/bender_manipulacion/install/share/bender_pick_place_cpp/package.bash'
[19.572s] INFO:colcon.colcon_core.shell:Creating package script '/home/robotica-06/bender_manipulacion/install/share/bender_pick_place_cpp/package.zsh'
[19.572s] Level 1:colcon.colcon_core.environment:create_file_with_runtime_dependencies(/home/robotica-06/bender_manipulacion/install/share/colcon-core/packages/bender_pick_place_cpp)
[19.572s] DEBUG:colcon.colcon_parallel_executor.executor.parallel:closing loop
[19.573s] DEBUG:colcon.colcon_parallel_executor.executor.parallel:loop closed
[19.573s] DEBUG:colcon.colcon_parallel_executor.executor.parallel:run_until_complete finished with '0'
[19.573s] DEBUG:colcon.colcon_core.event_reactor:joining thread
[19.580s] INFO:colcon.colcon_core.plugin_system:Skipping extension 'colcon_notification.desktop_notification.terminal_notifier': Not used on non-Darwin systems
[19.581s] INFO:colcon.colcon_core.plugin_system:Skipping extension 'colcon_notification.desktop_notification.win32': Not used on non-Windows systems
[19.581s] INFO:colcon.colcon_notification.desktop_notification:Sending desktop notification using 'notify2'
[19.677s] DEBUG:colcon.colcon_core.event_reactor:joined thread
[19.677s] INFO:colcon.colcon_core.shell:Creating prefix script '/home/robotica-06/bender_manipulacion/install/local_setup.ps1'
[19.679s] INFO:colcon.colcon_core.shell:Creating prefix util module '/home/robotica-06/bender_manipulacion/install/_local_setup_util_ps1.py'
[19.680s] INFO:colcon.colcon_core.shell:Creating prefix chain script '/home/robotica-06/bender_manipulacion/install/setup.ps1'
[19.688s] INFO:colcon.colcon_core.shell:Creating prefix script '/home/robotica-06/bender_manipulacion/install/local_setup.sh'
[19.689s] INFO:colcon.colcon_core.shell:Creating prefix util module '/home/robotica-06/bender_manipulacion/install/_local_setup_util_sh.py'
[19.692s] INFO:colcon.colcon_core.shell:Creating prefix chain script '/home/robotica-06/bender_manipulacion/install/setup.sh'
[19.701s] INFO:colcon.colcon_core.shell:Creating prefix script '/home/robotica-06/bender_manipulacion/install/local_setup.bash'
[19.701s] INFO:colcon.colcon_core.shell:Creating prefix chain script '/home/robotica-06/bender_manipulacion/install/setup.bash'
[19.708s] INFO:colcon.colcon_core.shell:Creating prefix script '/home/robotica-06/bender_manipulacion/install/local_setup.zsh'
[19.709s] INFO:colcon.colcon_core.shell:Creating prefix chain script '/home/robotica-06/bender_manipulacion/install/setup.zsh'
