[0.126s] Invoking command in '/home/robotica-06/bender_manipulacion/build/bender_description': DEBUGINFOD_URLS=https://debuginfod.ubuntu.com /usr/bin/cmake /home/robotica-06/bender_manipulacion/src/bender_description -DCATKIN_INSTALL_INTO_PREFIX_ROOT=0 -DCMAKE_INSTALL_PREFIX=/home/robotica-06/bender_manipulacion/install
[0.516s] -- The C compiler identification is GNU 13.3.0
[0.516s] -- The CXX compiler identification is GNU 13.3.0
[0.517s] -- Detecting C compiler ABI info
[0.540s] -- Detecting C compiler ABI info - done
[0.554s] -- Check for working C compiler: /usr/bin/cc - skipped
[0.554s] -- Detecting C compile features
[0.555s] -- Detecting C compile features - done
[0.590s] -- Detecting CXX compiler ABI info
[0.736s] -- Detecting CXX compiler ABI info - done
[0.754s] -- Check for working CXX compiler: /usr/bin/c++ - skipped
[0.754s] -- Detecting CXX compile features
[0.755s] -- Detecting CXX compile features - done
[0.818s] -- Found ament_cmake: 2.5.4 (/opt/ros/jazzy/share/ament_cmake/cmake)
[1.122s] -- Found Python3: /usr/bin/python3 (found version "3.12.3") found components: Interpreter 
[1.682s] -- Found ament_lint_auto: 0.17.3 (/opt/ros/jazzy/share/ament_lint_auto/cmake)
[1.869s] -- Added test 'flake8' to check Python code syntax and style conventions
[1.869s] -- Configured 'flake8' exclude dirs and/or files: 
[1.872s] -- Added test 'lint_cmake' to check CMake code style
[1.874s] -- Added test 'pep257' to check Python code against some of the docstring style conventions in PEP 257
[1.880s] -- Added test 'xmllint' to check XML markup files
[1.885s] -- Configuring done (1.7s)
[1.889s] -- Generating done (0.0s)
[1.890s] [33mCMake Warning:
[1.890s]   Manually-specified variables were not used by the project:
[1.890s] 
[1.890s]     CATKIN_INSTALL_INTO_PREFIX_ROOT
[1.890s] 
[1.891s] [0m
[1.891s] -- Build files have been written to: /home/robotica-06/bender_manipulacion/build/bender_description
[1.896s] Invoked command in '/home/robotica-06/bender_manipulacion/build/bender_description' returned '0': DEBUGINFOD_URLS=https://debuginfod.ubuntu.com /usr/bin/cmake /home/robotica-06/bender_manipulacion/src/bender_description -DCATKIN_INSTALL_INTO_PREFIX_ROOT=0 -DCMAKE_INSTALL_PREFIX=/home/robotica-06/bender_manipulacion/install
[1.898s] Invoking command in '/home/robotica-06/bender_manipulacion/build/bender_description': DEBUGINFOD_URLS=https://debuginfod.ubuntu.com /usr/bin/cmake --build /home/robotica-06/bender_manipulacion/build/bender_description -- -j8 -l8
[1.960s] Invoked command in '/home/robotica-06/bender_manipulacion/build/bender_description' returned '0': DEBUGINFOD_URLS=https://debuginfod.ubuntu.com /usr/bin/cmake --build /home/robotica-06/bender_manipulacion/build/bender_description -- -j8 -l8
[1.975s] Invoking command in '/home/robotica-06/bender_manipulacion/build/bender_description': DEBUGINFOD_URLS=https://debuginfod.ubuntu.com /usr/bin/cmake --install /home/robotica-06/bender_manipulacion/build/bender_description
[1.988s] -- Install configuration: ""
[1.988s] -- Installing: /home/robotica-06/bender_manipulacion/install/share/bender_description/launch
[1.988s] -- Installing: /home/robotica-06/bender_manipulacion/install/share/bender_description/launch/gazebo.launch.py
[1.988s] -- Installing: /home/robotica-06/bender_manipulacion/install/share/bender_description/launch/bender_moveit_rviz.launch.py
[1.989s] -- Installing: /home/robotica-06/bender_manipulacion/install/share/bender_description/launch/bender_moveit.launch.py
[1.989s] -- Installing: /home/robotica-06/bender_manipulacion/install/share/bender_description/launch/display.launch.py
[1.989s] -- Installing: /home/robotica-06/bender_manipulacion/install/share/bender_description/launch/rsp.launch.py
[1.989s] -- Installing: /home/robotica-06/bender_manipulacion/install/share/bender_description/launch/bender_move_group.launch.py
[1.989s] -- Installing: /home/robotica-06/bender_manipulacion/install/share/bender_description/urdf
[1.989s] -- Installing: /home/robotica-06/bender_manipulacion/install/share/bender_description/urdf/rgbd_camera.xacro
[1.989s] -- Installing: /home/robotica-06/bender_manipulacion/install/share/bender_description/urdf/ros2_control.xacro
[1.990s] -- Installing: /home/robotica-06/bender_manipulacion/install/share/bender_description/urdf/bender.xacro
[1.990s] -- Installing: /home/robotica-06/bender_manipulacion/install/share/bender_description/urdf/materials.xacro
[2.003s] -- Installing: /home/robotica-06/bender_manipulacion/install/share/bender_description/urdf/bender.xml
[2.003s] -- Installing: /home/robotica-06/bender_manipulacion/install/share/bender_description/config
[2.003s] -- Installing: /home/robotica-06/bender_manipulacion/install/share/bender_description/config/gz_bridge.yaml
[2.010s] -- Installing: /home/robotica-06/bender_manipulacion/install/share/bender_description/config/ompl_planning.yaml
[2.011s] -- Installing: /home/robotica-06/bender_manipulacion/install/share/bender_description/config/controllers
[2.011s] -- Installing: /home/robotica-06/bender_manipulacion/install/share/bender_description/config/controllers/joint_state_broadcaster.yaml
[2.011s] -- Installing: /home/robotica-06/bender_manipulacion/install/share/bender_description/config/controllers/moveit_controllers
[2.011s] -- Installing: /home/robotica-06/bender_manipulacion/install/share/bender_description/config/controllers/moveit_controllers/left_arm_controller.yaml
[2.011s] -- Installing: /home/robotica-06/bender_manipulacion/install/share/bender_description/config/controllers/moveit_controllers/right_arm_controller.yaml
[2.011s] -- Installing: /home/robotica-06/bender_manipulacion/install/share/bender_description/config/controllers/moveit_controllers/left_gripper_controller.yaml
[2.012s] -- Installing: /home/robotica-06/bender_manipulacion/install/share/bender_description/config/controllers/moveit_controllers/head_controller.yaml
[2.012s] -- Installing: /home/robotica-06/bender_manipulacion/install/share/bender_description/config/controllers/moveit_controllers/right_gripper_controller.yaml
[2.012s] -- Installing: /home/robotica-06/bender_manipulacion/install/share/bender_description/config/controllers/gazebo_controllers
[2.012s] -- Installing: /home/robotica-06/bender_manipulacion/install/share/bender_description/config/controllers/gazebo_controllers/right_arm.yaml
[2.012s] -- Installing: /home/robotica-06/bender_manipulacion/install/share/bender_description/config/controllers/gazebo_controllers/left_gripper.yaml
[2.013s] -- Installing: /home/robotica-06/bender_manipulacion/install/share/bender_description/config/controllers/gazebo_controllers/head.yaml
[2.013s] -- Installing: /home/robotica-06/bender_manipulacion/install/share/bender_description/config/controllers/gazebo_controllers/right_gripper.yaml
[2.013s] -- Installing: /home/robotica-06/bender_manipulacion/install/share/bender_description/config/controllers/gazebo_controllers/left_arm.yaml
[2.013s] -- Installing: /home/robotica-06/bender_manipulacion/install/share/bender_description/config/controllers/controllers.yaml
[2.013s] -- Installing: /home/robotica-06/bender_manipulacion/install/share/bender_description/config/controllers/initial_position.yaml
[2.014s] -- Installing: /home/robotica-06/bender_manipulacion/install/share/bender_description/config/ros2_controllers.yaml
[2.014s] -- Installing: /home/robotica-06/bender_manipulacion/install/share/bender_description/config/colors.yaml
[2.014s] -- Installing: /home/robotica-06/bender_manipulacion/install/share/bender_description/rviz
[2.014s] -- Installing: /home/robotica-06/bender_manipulacion/install/share/bender_description/rviz/rviz.rviz
[2.014s] -- Installing: /home/robotica-06/bender_manipulacion/install/share/bender_description/meshes
[2.015s] -- Installing: /home/robotica-06/bender_manipulacion/install/share/bender_description/meshes/g2la_1.stl
[2.021s] -- Installing: /home/robotica-06/bender_manipulacion/install/share/bender_description/meshes/l3l_1.stl
[2.021s] -- Installing: /home/robotica-06/bender_manipulacion/install/share/bender_description/meshes/l6l_1.stl
[2.022s] -- Installing: /home/robotica-06/bender_manipulacion/install/share/bender_description/meshes/l2h_1.stl
[2.022s] -- Installing: /home/robotica-06/bender_manipulacion/install/share/bender_description/meshes/laser_1.stl
[2.022s] -- Installing: /home/robotica-06/bender_manipulacion/install/share/bender_description/meshes/wfr_1.stl
[2.023s] -- Installing: /home/robotica-06/bender_manipulacion/install/share/bender_description/meshes/l5l_1.stl
[2.023s] -- Installing: /home/robotica-06/bender_manipulacion/install/share/bender_description/meshes/wfl_1.stl
[2.024s] -- Installing: /home/robotica-06/bender_manipulacion/install/share/bender_description/meshes/d435.stl
[2.100s] -- Installing: /home/robotica-06/bender_manipulacion/install/share/bender_description/meshes/g2ra_1.stl
[2.100s] -- Installing: /home/robotica-06/bender_manipulacion/install/share/bender_description/meshes/l4l_1.stl
[2.101s] -- Installing: /home/robotica-06/bender_manipulacion/install/share/bender_description/meshes/real_sense_1.stl
[2.102s] -- Installing: /home/robotica-06/bender_manipulacion/install/share/bender_description/meshes/l2r_1.stl
[2.102s] -- Installing: /home/robotica-06/bender_manipulacion/install/share/bender_description/meshes/l1r_1.stl
[2.102s] -- Installing: /home/robotica-06/bender_manipulacion/install/share/bender_description/meshes/base_link.stl
[2.103s] -- Installing: /home/robotica-06/bender_manipulacion/install/share/bender_description/meshes/g1l_1.stl
[2.120s] -- Installing: /home/robotica-06/bender_manipulacion/install/share/bender_description/meshes/l1h_1.stl
[2.121s] -- Installing: /home/robotica-06/bender_manipulacion/install/share/bender_description/meshes/l4r_1.stl
[2.121s] -- Installing: /home/robotica-06/bender_manipulacion/install/share/bender_description/meshes/g1r_1.stl
[2.121s] -- Installing: /home/robotica-06/bender_manipulacion/install/share/bender_description/meshes/wrl_1.stl
[2.134s] -- Installing: /home/robotica-06/bender_manipulacion/install/share/bender_description/meshes/l1l_1.stl
[2.140s] -- Installing: /home/robotica-06/bender_manipulacion/install/share/bender_description/meshes/l2l_1.stl
[2.141s] -- Installing: /home/robotica-06/bender_manipulacion/install/share/bender_description/meshes/l3r_1.stl
[2.145s] -- Installing: /home/robotica-06/bender_manipulacion/install/share/bender_description/meshes/l6r_1.stl
[2.171s] -- Installing: /home/robotica-06/bender_manipulacion/install/share/bender_description/meshes/g2lb_1.stl
[2.183s] -- Installing: /home/robotica-06/bender_manipulacion/install/share/bender_description/meshes/wrr_1.stl
[2.273s] -- Installing: /home/robotica-06/bender_manipulacion/install/share/bender_description/meshes/l5r_1.stl
[2.354s] -- Installing: /home/robotica-06/bender_manipulacion/install/share/bender_description/meshes/g2rb_1.stl
[2.355s] -- Installing: /home/robotica-06/bender_manipulacion/install/share/bender_description/worlds
[2.356s] -- Installing: /home/robotica-06/bender_manipulacion/install/share/bender_description/worlds/empty.world
[2.356s] -- Installing: /home/robotica-06/bender_manipulacion/install/share/ament_index/resource_index/package_run_dependencies/bender_description
[2.357s] -- Installing: /home/robotica-06/bender_manipulacion/install/share/ament_index/resource_index/parent_prefix_path/bender_description
[2.357s] -- Installing: /home/robotica-06/bender_manipulacion/install/share/bender_description/environment/ament_prefix_path.sh
[2.358s] -- Installing: /home/robotica-06/bender_manipulacion/install/share/bender_description/environment/ament_prefix_path.dsv
[2.359s] -- Installing: /home/robotica-06/bender_manipulacion/install/share/bender_description/environment/path.sh
[2.359s] -- Installing: /home/robotica-06/bender_manipulacion/install/share/bender_description/environment/path.dsv
[2.360s] -- Installing: /home/robotica-06/bender_manipulacion/install/share/bender_description/local_setup.bash
[2.360s] -- Installing: /home/robotica-06/bender_manipulacion/install/share/bender_description/local_setup.sh
[2.361s] -- Installing: /home/robotica-06/bender_manipulacion/install/share/bender_description/local_setup.zsh
[2.361s] -- Installing: /home/robotica-06/bender_manipulacion/install/share/bender_description/local_setup.dsv
[2.362s] -- Installing: /home/robotica-06/bender_manipulacion/install/share/bender_description/package.dsv
[2.362s] -- Installing: /home/robotica-06/bender_manipulacion/install/share/ament_index/resource_index/packages/bender_description
[2.363s] -- Installing: /home/robotica-06/bender_manipulacion/install/share/bender_description/cmake/bender_descriptionConfig.cmake
[2.364s] -- Installing: /home/robotica-06/bender_manipulacion/install/share/bender_description/cmake/bender_descriptionConfig-version.cmake
[2.364s] -- Installing: /home/robotica-06/bender_manipulacion/install/share/bender_description/package.xml
[2.369s] Invoked command in '/home/robotica-06/bender_manipulacion/build/bender_description' returned '0': DEBUGINFOD_URLS=https://debuginfod.ubuntu.com /usr/bin/cmake --install /home/robotica-06/bender_manipulacion/build/bender_description
