[1.910s] Invoking command in '/home/robotica-06/nuevasuper/bender_manipulacion/src/shoulder_interface': DEBUGINFOD_URLS=https://debuginfod.ubuntu.com PYTHONPATH=/home/robotica-06/nuevasuper/bender_manipulacion/build/shoulder_interface/prefix_override:/usr/lib/python3/dist-packages/colcon_core/task/python/colcon_distutils_commands:/home/robotica-06/nuevasuper/bender_manipulacion/install/lib/python3.12/site-packages:${PYTHONPATH} /usr/bin/python3 -W ignore:setup.py install is deprecated -W ignore:easy_install command is deprecated setup.py egg_info --egg-base ../../build/shoulder_interface build --build-base /home/robotica-06/nuevasuper/bender_manipulacion/build/shoulder_interface/build install --record /home/robotica-06/nuevasuper/bender_manipulacion/build/shoulder_interface/install.log --single-version-externally-managed install_data
[2.410s] running egg_info
[2.410s] creating ../../build/shoulder_interface/shoulder_interface.egg-info
[2.464s] writing ../../build/shoulder_interface/shoulder_interface.egg-info/PKG-INFO
[2.464s] writing dependency_links to ../../build/shoulder_interface/shoulder_interface.egg-info/dependency_links.txt
[2.465s] writing requirements to ../../build/shoulder_interface/shoulder_interface.egg-info/requires.txt
[2.465s] writing top-level names to ../../build/shoulder_interface/shoulder_interface.egg-info/top_level.txt
[2.465s] writing manifest file '../../build/shoulder_interface/shoulder_interface.egg-info/SOURCES.txt'
[2.511s] reading manifest file '../../build/shoulder_interface/shoulder_interface.egg-info/SOURCES.txt'
[2.511s] adding license file 'LICENSE'
[2.512s] writing manifest file '../../build/shoulder_interface/shoulder_interface.egg-info/SOURCES.txt'
[2.513s] running build
[2.513s] running install
[2.522s] running install_data
[2.522s] copying resource/shoulder_interface -> /home/robotica-06/nuevasuper/bender_manipulacion/install/share/ament_index/resource_index/packages
[2.522s] copying package.xml -> /home/robotica-06/nuevasuper/bender_manipulacion/install/share/shoulder_interface
[2.522s] running install_egg_info
[2.620s] Copying ../../build/shoulder_interface/shoulder_interface.egg-info to /home/robotica-06/nuevasuper/bender_manipulacion/install/lib/python3.12/site-packages/shoulder_interface-0.0.0-py3.12.egg-info
[2.621s] running install_scripts
[2.886s] writing list of installed files to '/home/robotica-06/nuevasuper/bender_manipulacion/build/shoulder_interface/install.log'
[2.922s] Invoked command in '/home/robotica-06/nuevasuper/bender_manipulacion/src/shoulder_interface' returned '0': DEBUGINFOD_URLS=https://debuginfod.ubuntu.com PYTHONPATH=/home/robotica-06/nuevasuper/bender_manipulacion/build/shoulder_interface/prefix_override:/usr/lib/python3/dist-packages/colcon_core/task/python/colcon_distutils_commands:/home/robotica-06/nuevasuper/bender_manipulacion/install/lib/python3.12/site-packages:${PYTHONPATH} /usr/bin/python3 -W ignore:setup.py install is deprecated -W ignore:easy_install command is deprecated setup.py egg_info --egg-base ../../build/shoulder_interface build --build-base /home/robotica-06/nuevasuper/bender_manipulacion/build/shoulder_interface/build install --record /home/robotica-06/nuevasuper/bender_manipulacion/build/shoulder_interface/install.log --single-version-externally-managed install_data
