[0.169s] DEBUG:colcon:Command line arguments: ['/usr/bin/colcon', 'build', '--merge-install']
[0.169s] DEBUG:colcon:Parsed command line arguments: Namespace(log_base=None, log_level=None, verb_name='build', build_base='build', install_base='install', merge_install=True, symlink_install=False, test_result_base=None, continue_on_error=False, executor='parallel', parallel_workers=8, event_handlers=None, ignore_user_meta=False, metas=['./colcon.meta'], base_paths=['.'], packages_ignore=None, packages_ignore_regex=None, paths=None, packages_up_to=None, packages_up_to_regex=None, packages_above=None, packages_above_and_dependencies=None, packages_above_depth=None, packages_select_by_dep=None, packages_skip_by_dep=None, packages_skip_up_to=None, packages_select_build_failed=False, packages_skip_build_finished=False, packages_select_test_failures=False, packages_skip_test_passed=False, packages_select=None, packages_skip=None, packages_select_regex=None, packages_skip_regex=None, packages_start=None, packages_end=None, allow_overriding=[], cmake_args=None, cmake_target=None, cmake_target_skip_unavailable=False, cmake_clean_cache=False, cmake_clean_first=False, cmake_force_configure=False, ament_cmake_args=None, catkin_cmake_args=None, catkin_skip_building_tests=False, mixin_files=None, mixin=None, verb_parser=<colcon_mixin.mixin.mixin_argument.MixinArgumentDecorator object at 0x78c28c1c66c0>, verb_extension=<colcon_core.verb.build.BuildVerb object at 0x78c28c1c6420>, main=<bound method BuildVerb.main of <colcon_core.verb.build.BuildVerb object at 0x78c28c1c6420>>, mixin_verb=('build',))
[0.219s] Level 1:colcon.colcon_core.package_discovery:discover_packages(colcon_meta) check parameters
[0.219s] Level 1:colcon.colcon_core.package_discovery:discover_packages(recursive) check parameters
[0.219s] Level 1:colcon.colcon_core.package_discovery:discover_packages(ignore) check parameters
[0.219s] Level 1:colcon.colcon_core.package_discovery:discover_packages(path) check parameters
[0.219s] Level 1:colcon.colcon_core.package_discovery:discover_packages(colcon_meta) discover
[0.219s] Level 1:colcon.colcon_core.package_discovery:discover_packages(recursive) discover
[0.220s] INFO:colcon.colcon_core.package_discovery:Crawling recursively for packages in '/home/robotica-06/nuevasuper/bender_manipulacion'
[0.220s] Level 1:colcon.colcon_core.package_identification:_identify(.) by extensions ['ignore', 'ignore_ament_install']
[0.220s] Level 1:colcon.colcon_core.package_identification:_identify(.) by extension 'ignore'
[0.220s] Level 1:colcon.colcon_core.package_identification:_identify(.) by extension 'ignore_ament_install'
[0.220s] Level 1:colcon.colcon_core.package_identification:_identify(.) by extensions ['colcon_pkg']
[0.220s] Level 1:colcon.colcon_core.package_identification:_identify(.) by extension 'colcon_pkg'
[0.220s] Level 1:colcon.colcon_core.package_identification:_identify(.) by extensions ['colcon_meta']
[0.220s] Level 1:colcon.colcon_core.package_identification:_identify(.) by extension 'colcon_meta'
[0.220s] Level 1:colcon.colcon_core.package_identification:_identify(.) by extensions ['ros']
[0.220s] Level 1:colcon.colcon_core.package_identification:_identify(.) by extension 'ros'
[0.252s] Level 1:colcon.colcon_core.package_identification:_identify(.) by extensions ['cmake', 'python']
[0.252s] Level 1:colcon.colcon_core.package_identification:_identify(.) by extension 'cmake'
[0.252s] Level 1:colcon.colcon_core.package_identification:_identify(.) by extension 'python'
[0.252s] Level 1:colcon.colcon_core.package_identification:_identify(.) by extensions ['python_setup_py']
[0.252s] Level 1:colcon.colcon_core.package_identification:_identify(.) by extension 'python_setup_py'
[0.253s] Level 1:colcon.colcon_core.package_identification:_identify(build) by extensions ['ignore', 'ignore_ament_install']
[0.253s] Level 1:colcon.colcon_core.package_identification:_identify(build) by extension 'ignore'
[0.253s] Level 1:colcon.colcon_core.package_identification:_identify(build) ignored
[0.253s] Level 1:colcon.colcon_core.package_identification:_identify(install) by extensions ['ignore', 'ignore_ament_install']
[0.253s] Level 1:colcon.colcon_core.package_identification:_identify(install) by extension 'ignore'
[0.253s] Level 1:colcon.colcon_core.package_identification:_identify(install) ignored
[0.253s] Level 1:colcon.colcon_core.package_identification:_identify(log) by extensions ['ignore', 'ignore_ament_install']
[0.253s] Level 1:colcon.colcon_core.package_identification:_identify(log) by extension 'ignore'
[0.253s] Level 1:colcon.colcon_core.package_identification:_identify(log) ignored
[0.254s] Level 1:colcon.colcon_core.package_identification:_identify(src) by extensions ['ignore', 'ignore_ament_install']
[0.254s] Level 1:colcon.colcon_core.package_identification:_identify(src) by extension 'ignore'
[0.254s] Level 1:colcon.colcon_core.package_identification:_identify(src) by extension 'ignore_ament_install'
[0.254s] Level 1:colcon.colcon_core.package_identification:_identify(src) by extensions ['colcon_pkg']
[0.254s] Level 1:colcon.colcon_core.package_identification:_identify(src) by extension 'colcon_pkg'
[0.254s] Level 1:colcon.colcon_core.package_identification:_identify(src) by extensions ['colcon_meta']
[0.254s] Level 1:colcon.colcon_core.package_identification:_identify(src) by extension 'colcon_meta'
[0.254s] Level 1:colcon.colcon_core.package_identification:_identify(src) by extensions ['ros']
[0.254s] Level 1:colcon.colcon_core.package_identification:_identify(src) by extension 'ros'
[0.254s] Level 1:colcon.colcon_core.package_identification:_identify(src) by extensions ['cmake', 'python']
[0.254s] Level 1:colcon.colcon_core.package_identification:_identify(src) by extension 'cmake'
[0.254s] Level 1:colcon.colcon_core.package_identification:_identify(src) by extension 'python'
[0.255s] Level 1:colcon.colcon_core.package_identification:_identify(src) by extensions ['python_setup_py']
[0.255s] Level 1:colcon.colcon_core.package_identification:_identify(src) by extension 'python_setup_py'
[0.255s] Level 1:colcon.colcon_core.package_identification:_identify(src/bender_description) by extensions ['ignore', 'ignore_ament_install']
[0.255s] Level 1:colcon.colcon_core.package_identification:_identify(src/bender_description) by extension 'ignore'
[0.255s] Level 1:colcon.colcon_core.package_identification:_identify(src/bender_description) by extension 'ignore_ament_install'
[0.255s] Level 1:colcon.colcon_core.package_identification:_identify(src/bender_description) by extensions ['colcon_pkg']
[0.255s] Level 1:colcon.colcon_core.package_identification:_identify(src/bender_description) by extension 'colcon_pkg'
[0.255s] Level 1:colcon.colcon_core.package_identification:_identify(src/bender_description) by extensions ['colcon_meta']
[0.255s] Level 1:colcon.colcon_core.package_identification:_identify(src/bender_description) by extension 'colcon_meta'
[0.255s] Level 1:colcon.colcon_core.package_identification:_identify(src/bender_description) by extensions ['ros']
[0.255s] Level 1:colcon.colcon_core.package_identification:_identify(src/bender_description) by extension 'ros'
[0.258s] DEBUG:colcon.colcon_core.package_identification:Package 'src/bender_description' with type 'ros.catkin' and name 'bender_description'
[0.258s] Level 1:colcon.colcon_core.package_identification:_identify(src/bender_moveit_config) by extensions ['ignore', 'ignore_ament_install']
[0.258s] Level 1:colcon.colcon_core.package_identification:_identify(src/bender_moveit_config) by extension 'ignore'
[0.258s] Level 1:colcon.colcon_core.package_identification:_identify(src/bender_moveit_config) by extension 'ignore_ament_install'
[0.259s] Level 1:colcon.colcon_core.package_identification:_identify(src/bender_moveit_config) by extensions ['colcon_pkg']
[0.259s] Level 1:colcon.colcon_core.package_identification:_identify(src/bender_moveit_config) by extension 'colcon_pkg'
[0.259s] Level 1:colcon.colcon_core.package_identification:_identify(src/bender_moveit_config) by extensions ['colcon_meta']
[0.259s] Level 1:colcon.colcon_core.package_identification:_identify(src/bender_moveit_config) by extension 'colcon_meta'
[0.259s] Level 1:colcon.colcon_core.package_identification:_identify(src/bender_moveit_config) by extensions ['ros']
[0.259s] Level 1:colcon.colcon_core.package_identification:_identify(src/bender_moveit_config) by extension 'ros'
[0.260s] DEBUG:colcon.colcon_core.package_identification:Package 'src/bender_moveit_config' with type 'ros.ament_cmake' and name 'bender_moveit_config'
[0.260s] Level 1:colcon.colcon_core.package_identification:_identify(src/bender_moveit_scripts) by extensions ['ignore', 'ignore_ament_install']
[0.260s] Level 1:colcon.colcon_core.package_identification:_identify(src/bender_moveit_scripts) by extension 'ignore'
[0.260s] Level 1:colcon.colcon_core.package_identification:_identify(src/bender_moveit_scripts) by extension 'ignore_ament_install'
[0.260s] Level 1:colcon.colcon_core.package_identification:_identify(src/bender_moveit_scripts) by extensions ['colcon_pkg']
[0.260s] Level 1:colcon.colcon_core.package_identification:_identify(src/bender_moveit_scripts) by extension 'colcon_pkg'
[0.260s] Level 1:colcon.colcon_core.package_identification:_identify(src/bender_moveit_scripts) by extensions ['colcon_meta']
[0.260s] Level 1:colcon.colcon_core.package_identification:_identify(src/bender_moveit_scripts) by extension 'colcon_meta'
[0.260s] Level 1:colcon.colcon_core.package_identification:_identify(src/bender_moveit_scripts) by extensions ['ros']
[0.260s] Level 1:colcon.colcon_core.package_identification:_identify(src/bender_moveit_scripts) by extension 'ros'
[0.261s] DEBUG:colcon.colcon_core.package_identification:Package 'src/bender_moveit_scripts' with type 'ros.ament_python' and name 'bender_moveit_scripts'
[0.261s] Level 1:colcon.colcon_core.package_identification:_identify(src/shoulder_interface) by extensions ['ignore', 'ignore_ament_install']
[0.262s] Level 1:colcon.colcon_core.package_identification:_identify(src/shoulder_interface) by extension 'ignore'
[0.262s] Level 1:colcon.colcon_core.package_identification:_identify(src/shoulder_interface) by extension 'ignore_ament_install'
[0.262s] Level 1:colcon.colcon_core.package_identification:_identify(src/shoulder_interface) by extensions ['colcon_pkg']
[0.262s] Level 1:colcon.colcon_core.package_identification:_identify(src/shoulder_interface) by extension 'colcon_pkg'
[0.262s] Level 1:colcon.colcon_core.package_identification:_identify(src/shoulder_interface) by extensions ['colcon_meta']
[0.262s] Level 1:colcon.colcon_core.package_identification:_identify(src/shoulder_interface) by extension 'colcon_meta'
[0.262s] Level 1:colcon.colcon_core.package_identification:_identify(src/shoulder_interface) by extensions ['ros']
[0.262s] Level 1:colcon.colcon_core.package_identification:_identify(src/shoulder_interface) by extension 'ros'
[0.263s] DEBUG:colcon.colcon_core.package_identification:Package 'src/shoulder_interface' with type 'ros.ament_python' and name 'shoulder_interface'
[0.263s] Level 1:colcon.colcon_core.package_discovery:discover_packages(recursive) using defaults
[0.263s] Level 1:colcon.colcon_core.package_discovery:discover_packages(ignore) discover
[0.263s] Level 1:colcon.colcon_core.package_discovery:discover_packages(ignore) using defaults
[0.263s] Level 1:colcon.colcon_core.package_discovery:discover_packages(path) discover
[0.263s] Level 1:colcon.colcon_core.package_discovery:discover_packages(path) using defaults
[0.364s] Level 1:colcon.colcon_core.package_discovery:discover_packages(prefix_path) check parameters
[0.364s] Level 1:colcon.colcon_core.package_discovery:discover_packages(prefix_path) discover
[0.380s] DEBUG:colcon.colcon_installed_package_information.package_discovery:Found 70 installed packages in /home/robotica-06/ws_moveit/install
[0.385s] DEBUG:colcon.colcon_installed_package_information.package_discovery:Found 394 installed packages in /opt/ros/jazzy
[0.389s] Level 1:colcon.colcon_core.package_discovery:discover_packages(prefix_path) using defaults
[1.040s] Level 5:colcon.colcon_core.verb:set package 'bender_description' build argument 'cmake_args' from command line to 'None'
[1.040s] Level 5:colcon.colcon_core.verb:set package 'bender_description' build argument 'cmake_target' from command line to 'None'
[1.040s] Level 5:colcon.colcon_core.verb:set package 'bender_description' build argument 'cmake_target_skip_unavailable' from command line to 'False'
[1.040s] Level 5:colcon.colcon_core.verb:set package 'bender_description' build argument 'cmake_clean_cache' from command line to 'False'
[1.040s] Level 5:colcon.colcon_core.verb:set package 'bender_description' build argument 'cmake_clean_first' from command line to 'False'
[1.040s] Level 5:colcon.colcon_core.verb:set package 'bender_description' build argument 'cmake_force_configure' from command line to 'False'
[1.040s] Level 5:colcon.colcon_core.verb:set package 'bender_description' build argument 'ament_cmake_args' from command line to 'None'
[1.040s] Level 5:colcon.colcon_core.verb:set package 'bender_description' build argument 'catkin_cmake_args' from command line to 'None'
[1.040s] Level 5:colcon.colcon_core.verb:set package 'bender_description' build argument 'catkin_skip_building_tests' from command line to 'False'
[1.040s] DEBUG:colcon.colcon_core.verb:Building package 'bender_description' with the following arguments: {'ament_cmake_args': None, 'build_base': '/home/robotica-06/nuevasuper/bender_manipulacion/build/bender_description', 'catkin_cmake_args': None, 'catkin_skip_building_tests': False, 'cmake_args': None, 'cmake_clean_cache': False, 'cmake_clean_first': False, 'cmake_force_configure': False, 'cmake_target': None, 'cmake_target_skip_unavailable': False, 'install_base': '/home/robotica-06/nuevasuper/bender_manipulacion/install', 'merge_install': True, 'path': '/home/robotica-06/nuevasuper/bender_manipulacion/src/bender_description', 'symlink_install': False, 'test_result_base': None}
[1.041s] Level 5:colcon.colcon_core.verb:set package 'bender_moveit_scripts' build argument 'cmake_args' from command line to 'None'
[1.041s] Level 5:colcon.colcon_core.verb:set package 'bender_moveit_scripts' build argument 'cmake_target' from command line to 'None'
[1.041s] Level 5:colcon.colcon_core.verb:set package 'bender_moveit_scripts' build argument 'cmake_target_skip_unavailable' from command line to 'False'
[1.041s] Level 5:colcon.colcon_core.verb:set package 'bender_moveit_scripts' build argument 'cmake_clean_cache' from command line to 'False'
[1.041s] Level 5:colcon.colcon_core.verb:set package 'bender_moveit_scripts' build argument 'cmake_clean_first' from command line to 'False'
[1.041s] Level 5:colcon.colcon_core.verb:set package 'bender_moveit_scripts' build argument 'cmake_force_configure' from command line to 'False'
[1.041s] Level 5:colcon.colcon_core.verb:set package 'bender_moveit_scripts' build argument 'ament_cmake_args' from command line to 'None'
[1.041s] Level 5:colcon.colcon_core.verb:set package 'bender_moveit_scripts' build argument 'catkin_cmake_args' from command line to 'None'
[1.041s] Level 5:colcon.colcon_core.verb:set package 'bender_moveit_scripts' build argument 'catkin_skip_building_tests' from command line to 'False'
[1.041s] DEBUG:colcon.colcon_core.verb:Building package 'bender_moveit_scripts' with the following arguments: {'ament_cmake_args': None, 'build_base': '/home/robotica-06/nuevasuper/bender_manipulacion/build/bender_moveit_scripts', 'catkin_cmake_args': None, 'catkin_skip_building_tests': False, 'cmake_args': None, 'cmake_clean_cache': False, 'cmake_clean_first': False, 'cmake_force_configure': False, 'cmake_target': None, 'cmake_target_skip_unavailable': False, 'install_base': '/home/robotica-06/nuevasuper/bender_manipulacion/install', 'merge_install': True, 'path': '/home/robotica-06/nuevasuper/bender_manipulacion/src/bender_moveit_scripts', 'symlink_install': False, 'test_result_base': None}
[1.042s] Level 5:colcon.colcon_core.verb:set package 'shoulder_interface' build argument 'cmake_args' from command line to 'None'
[1.042s] Level 5:colcon.colcon_core.verb:set package 'shoulder_interface' build argument 'cmake_target' from command line to 'None'
[1.042s] Level 5:colcon.colcon_core.verb:set package 'shoulder_interface' build argument 'cmake_target_skip_unavailable' from command line to 'False'
[1.042s] Level 5:colcon.colcon_core.verb:set package 'shoulder_interface' build argument 'cmake_clean_cache' from command line to 'False'
[1.042s] Level 5:colcon.colcon_core.verb:set package 'shoulder_interface' build argument 'cmake_clean_first' from command line to 'False'
[1.042s] Level 5:colcon.colcon_core.verb:set package 'shoulder_interface' build argument 'cmake_force_configure' from command line to 'False'
[1.042s] Level 5:colcon.colcon_core.verb:set package 'shoulder_interface' build argument 'ament_cmake_args' from command line to 'None'
[1.042s] Level 5:colcon.colcon_core.verb:set package 'shoulder_interface' build argument 'catkin_cmake_args' from command line to 'None'
[1.042s] Level 5:colcon.colcon_core.verb:set package 'shoulder_interface' build argument 'catkin_skip_building_tests' from command line to 'False'
[1.042s] DEBUG:colcon.colcon_core.verb:Building package 'shoulder_interface' with the following arguments: {'ament_cmake_args': None, 'build_base': '/home/robotica-06/nuevasuper/bender_manipulacion/build/shoulder_interface', 'catkin_cmake_args': None, 'catkin_skip_building_tests': False, 'cmake_args': None, 'cmake_clean_cache': False, 'cmake_clean_first': False, 'cmake_force_configure': False, 'cmake_target': None, 'cmake_target_skip_unavailable': False, 'install_base': '/home/robotica-06/nuevasuper/bender_manipulacion/install', 'merge_install': True, 'path': '/home/robotica-06/nuevasuper/bender_manipulacion/src/shoulder_interface', 'symlink_install': False, 'test_result_base': None}
[1.042s] Level 5:colcon.colcon_core.verb:set package 'bender_moveit_config' build argument 'cmake_args' from command line to 'None'
[1.043s] Level 5:colcon.colcon_core.verb:set package 'bender_moveit_config' build argument 'cmake_target' from command line to 'None'
[1.043s] Level 5:colcon.colcon_core.verb:set package 'bender_moveit_config' build argument 'cmake_target_skip_unavailable' from command line to 'False'
[1.043s] Level 5:colcon.colcon_core.verb:set package 'bender_moveit_config' build argument 'cmake_clean_cache' from command line to 'False'
[1.043s] Level 5:colcon.colcon_core.verb:set package 'bender_moveit_config' build argument 'cmake_clean_first' from command line to 'False'
[1.043s] Level 5:colcon.colcon_core.verb:set package 'bender_moveit_config' build argument 'cmake_force_configure' from command line to 'False'
[1.043s] Level 5:colcon.colcon_core.verb:set package 'bender_moveit_config' build argument 'ament_cmake_args' from command line to 'None'
[1.043s] Level 5:colcon.colcon_core.verb:set package 'bender_moveit_config' build argument 'catkin_cmake_args' from command line to 'None'
[1.043s] Level 5:colcon.colcon_core.verb:set package 'bender_moveit_config' build argument 'catkin_skip_building_tests' from command line to 'False'
[1.043s] DEBUG:colcon.colcon_core.verb:Building package 'bender_moveit_config' with the following arguments: {'ament_cmake_args': None, 'build_base': '/home/robotica-06/nuevasuper/bender_manipulacion/build/bender_moveit_config', 'catkin_cmake_args': None, 'catkin_skip_building_tests': False, 'cmake_args': None, 'cmake_clean_cache': False, 'cmake_clean_first': False, 'cmake_force_configure': False, 'cmake_target': None, 'cmake_target_skip_unavailable': False, 'install_base': '/home/robotica-06/nuevasuper/bender_manipulacion/install', 'merge_install': True, 'path': '/home/robotica-06/nuevasuper/bender_manipulacion/src/bender_moveit_config', 'symlink_install': False, 'test_result_base': None}
[1.043s] INFO:colcon.colcon_core.executor:Executing jobs using 'parallel' executor
[1.044s] DEBUG:colcon.colcon_parallel_executor.executor.parallel:run_until_complete
[1.045s] INFO:colcon.colcon_ros.task.catkin.build:Building ROS package in '/home/robotica-06/nuevasuper/bender_manipulacion/src/bender_description' with build type 'catkin'
[1.045s] INFO:colcon.colcon_cmake.task.cmake.build:Building CMake package in '/home/robotica-06/nuevasuper/bender_manipulacion/src/bender_description'
[1.061s] INFO:colcon.colcon_core.plugin_system:Skipping extension 'colcon_core.shell.bat': Not used on non-Windows systems
[1.062s] INFO:colcon.colcon_core.shell:Skip shell extension 'powershell' for command environment: Not usable outside of PowerShell
[1.062s] DEBUG:colcon.colcon_core.shell:Skip shell extension 'dsv' for command environment
[1.080s] INFO:colcon.colcon_ros.task.ament_python.build:Building ROS package in '/home/robotica-06/nuevasuper/bender_manipulacion/src/bender_moveit_scripts' with build type 'ament_python'
[1.080s] Level 1:colcon.colcon_core.shell:create_environment_hook('bender_moveit_scripts', 'ament_prefix_path')
[1.080s] INFO:colcon.colcon_core.shell:Creating environment hook '/home/robotica-06/nuevasuper/bender_manipulacion/install/share/bender_moveit_scripts/hook/ament_prefix_path.ps1'
[1.081s] INFO:colcon.colcon_core.shell:Creating environment descriptor '/home/robotica-06/nuevasuper/bender_manipulacion/install/share/bender_moveit_scripts/hook/ament_prefix_path.dsv'
[1.082s] INFO:colcon.colcon_core.shell:Creating environment hook '/home/robotica-06/nuevasuper/bender_manipulacion/install/share/bender_moveit_scripts/hook/ament_prefix_path.sh'
[1.083s] INFO:colcon.colcon_core.shell:Skip shell extension 'powershell' for command environment: Not usable outside of PowerShell
[1.083s] DEBUG:colcon.colcon_core.shell:Skip shell extension 'dsv' for command environment
[1.096s] INFO:colcon.colcon_ros.task.ament_python.build:Building ROS package in '/home/robotica-06/nuevasuper/bender_manipulacion/src/shoulder_interface' with build type 'ament_python'
[1.096s] Level 1:colcon.colcon_core.shell:create_environment_hook('shoulder_interface', 'ament_prefix_path')
[1.097s] INFO:colcon.colcon_core.shell:Creating environment hook '/home/robotica-06/nuevasuper/bender_manipulacion/install/share/shoulder_interface/hook/ament_prefix_path.ps1'
[1.103s] INFO:colcon.colcon_core.shell:Creating environment descriptor '/home/robotica-06/nuevasuper/bender_manipulacion/install/share/shoulder_interface/hook/ament_prefix_path.dsv'
[1.104s] INFO:colcon.colcon_core.shell:Creating environment hook '/home/robotica-06/nuevasuper/bender_manipulacion/install/share/shoulder_interface/hook/ament_prefix_path.sh'
[1.105s] INFO:colcon.colcon_core.shell:Skip shell extension 'powershell' for command environment: Not usable outside of PowerShell
[1.105s] DEBUG:colcon.colcon_core.shell:Skip shell extension 'dsv' for command environment
[1.129s] DEBUG:colcon.colcon_core.event_handler.log_command:Invoking command in '/home/robotica-06/nuevasuper/bender_manipulacion/build/bender_description': DEBUGINFOD_URLS=https://debuginfod.ubuntu.com /usr/bin/cmake /home/robotica-06/nuevasuper/bender_manipulacion/src/bender_description -DCATKIN_INSTALL_INTO_PREFIX_ROOT=0 -DCMAKE_INSTALL_PREFIX=/home/robotica-06/nuevasuper/bender_manipulacion/install
[1.536s] INFO:colcon.colcon_core.task.python.build:Building Python package in '/home/robotica-06/nuevasuper/bender_manipulacion/src/bender_moveit_scripts'
[1.536s] INFO:colcon.colcon_core.shell:Skip shell extension 'powershell' for command environment: Not usable outside of PowerShell
[1.536s] DEBUG:colcon.colcon_core.shell:Skip shell extension 'dsv' for command environment
[1.920s] INFO:colcon.colcon_core.task.python.build:Building Python package in '/home/robotica-06/nuevasuper/bender_manipulacion/src/shoulder_interface'
[1.920s] INFO:colcon.colcon_core.shell:Skip shell extension 'powershell' for command environment: Not usable outside of PowerShell
[1.920s] DEBUG:colcon.colcon_core.shell:Skip shell extension 'dsv' for command environment
[1.950s] DEBUG:colcon.colcon_core.event_handler.log_command:Invoked command in '/home/robotica-06/nuevasuper/bender_manipulacion/build/bender_description' returned '1': DEBUGINFOD_URLS=https://debuginfod.ubuntu.com /usr/bin/cmake /home/robotica-06/nuevasuper/bender_manipulacion/src/bender_description -DCATKIN_INSTALL_INTO_PREFIX_ROOT=0 -DCMAKE_INSTALL_PREFIX=/home/robotica-06/nuevasuper/bender_manipulacion/install
[1.951s] Level 1:colcon.colcon_core.shell:create_environment_hook('bender_description', 'ros_package_path')
[1.952s] INFO:colcon.colcon_core.shell:Creating environment hook '/home/robotica-06/nuevasuper/bender_manipulacion/install/share/bender_description/hook/ros_package_path.ps1'
[1.952s] INFO:colcon.colcon_core.shell:Creating environment descriptor '/home/robotica-06/nuevasuper/bender_manipulacion/install/share/bender_description/hook/ros_package_path.dsv'
[1.953s] INFO:colcon.colcon_core.shell:Creating environment hook '/home/robotica-06/nuevasuper/bender_manipulacion/install/share/bender_description/hook/ros_package_path.sh'
[1.954s] Level 1:colcon.colcon_core.shell:create_environment_hook('bender_description', 'pkg_config_path')
[1.954s] INFO:colcon.colcon_core.shell:Creating environment hook '/home/robotica-06/nuevasuper/bender_manipulacion/install/share/bender_description/hook/pkg_config_path.ps1'
[1.955s] INFO:colcon.colcon_core.shell:Creating environment descriptor '/home/robotica-06/nuevasuper/bender_manipulacion/install/share/bender_description/hook/pkg_config_path.dsv'
[1.956s] INFO:colcon.colcon_core.shell:Creating environment hook '/home/robotica-06/nuevasuper/bender_manipulacion/install/share/bender_description/hook/pkg_config_path.sh'
[1.960s] Level 1:colcon.colcon_core.shell:create_environment_hook('bender_description', 'pkg_config_path_multiarch')
[1.960s] INFO:colcon.colcon_core.shell:Creating environment hook '/home/robotica-06/nuevasuper/bender_manipulacion/install/share/bender_description/hook/pkg_config_path_multiarch.ps1'
[1.961s] INFO:colcon.colcon_core.shell:Creating environment descriptor '/home/robotica-06/nuevasuper/bender_manipulacion/install/share/bender_description/hook/pkg_config_path_multiarch.dsv'
[1.961s] INFO:colcon.colcon_core.shell:Creating environment hook '/home/robotica-06/nuevasuper/bender_manipulacion/install/share/bender_description/hook/pkg_config_path_multiarch.sh'
[1.964s] Level 1:colcon.colcon_core.environment:create_environment_scripts_only(bender_description)
[1.969s] Level 1:colcon.colcon_core.environment:checking '/home/robotica-06/nuevasuper/bender_manipulacion/install' for CMake module files
[1.971s] Level 1:colcon.colcon_core.environment:checking '/home/robotica-06/nuevasuper/bender_manipulacion/install' for CMake config files
[1.972s] Level 1:colcon.colcon_core.shell:create_environment_hook('bender_description', 'cmake_prefix_path')
[1.973s] INFO:colcon.colcon_core.shell:Creating environment hook '/home/robotica-06/nuevasuper/bender_manipulacion/install/share/bender_description/hook/cmake_prefix_path.ps1'
[1.974s] INFO:colcon.colcon_core.shell:Creating environment descriptor '/home/robotica-06/nuevasuper/bender_manipulacion/install/share/bender_description/hook/cmake_prefix_path.dsv'
[1.975s] INFO:colcon.colcon_core.shell:Creating environment hook '/home/robotica-06/nuevasuper/bender_manipulacion/install/share/bender_description/hook/cmake_prefix_path.sh'
[1.977s] Level 1:colcon.colcon_core.environment:checking '/home/robotica-06/nuevasuper/bender_manipulacion/install/lib'
[1.978s] Level 1:colcon.colcon_core.environment:checking '/home/robotica-06/nuevasuper/bender_manipulacion/install/bin'
[1.978s] Level 1:colcon.colcon_core.environment:checking '/home/robotica-06/nuevasuper/bender_manipulacion/install/lib/pkgconfig/bender_description.pc'
[1.979s] Level 1:colcon.colcon_core.environment:checking '/home/robotica-06/nuevasuper/bender_manipulacion/install/lib/python3.12/site-packages'
[1.980s] Level 1:colcon.colcon_core.shell:create_environment_hook('bender_description', 'pythonpath')
[1.980s] INFO:colcon.colcon_core.shell:Creating environment hook '/home/robotica-06/nuevasuper/bender_manipulacion/install/share/bender_description/hook/pythonpath.ps1'
[1.982s] INFO:colcon.colcon_core.shell:Creating environment descriptor '/home/robotica-06/nuevasuper/bender_manipulacion/install/share/bender_description/hook/pythonpath.dsv'
[1.983s] INFO:colcon.colcon_core.shell:Creating environment hook '/home/robotica-06/nuevasuper/bender_manipulacion/install/share/bender_description/hook/pythonpath.sh'
[1.984s] Level 1:colcon.colcon_core.environment:checking '/home/robotica-06/nuevasuper/bender_manipulacion/install/bin'
[1.985s] INFO:colcon.colcon_core.shell:Creating package script '/home/robotica-06/nuevasuper/bender_manipulacion/install/share/bender_description/package.ps1'
[1.987s] INFO:colcon.colcon_core.shell:Creating package descriptor '/home/robotica-06/nuevasuper/bender_manipulacion/install/share/bender_description/package.dsv'
[1.989s] INFO:colcon.colcon_core.shell:Creating package script '/home/robotica-06/nuevasuper/bender_manipulacion/install/share/bender_description/package.sh'
[1.991s] INFO:colcon.colcon_core.shell:Creating package script '/home/robotica-06/nuevasuper/bender_manipulacion/install/share/bender_description/package.bash'
[1.992s] INFO:colcon.colcon_core.shell:Creating package script '/home/robotica-06/nuevasuper/bender_manipulacion/install/share/bender_description/package.zsh'
[1.993s] Level 1:colcon.colcon_core.environment:create_file_with_runtime_dependencies(/home/robotica-06/nuevasuper/bender_manipulacion/install/share/colcon-core/packages/bender_description)
[2.006s] DEBUG:colcon.colcon_parallel_executor.executor.parallel:closing loop
[2.006s] DEBUG:colcon.colcon_parallel_executor.executor.parallel:loop closed
[2.006s] DEBUG:colcon.colcon_parallel_executor.executor.parallel:run_until_complete finished with '1'
[2.006s] DEBUG:colcon.colcon_core.event_reactor:joining thread
[2.082s] INFO:colcon.colcon_core.plugin_system:Skipping extension 'colcon_notification.desktop_notification.terminal_notifier': Not used on non-Darwin systems
[2.082s] INFO:colcon.colcon_core.plugin_system:Skipping extension 'colcon_notification.desktop_notification.win32': Not used on non-Windows systems
[2.082s] INFO:colcon.colcon_notification.desktop_notification:Sending desktop notification using 'notify2'
[2.109s] DEBUG:colcon.colcon_core.event_reactor:joined thread
[2.110s] INFO:colcon.colcon_core.shell:Creating prefix script '/home/robotica-06/nuevasuper/bender_manipulacion/install/local_setup.ps1'
[2.129s] INFO:colcon.colcon_core.shell:Creating prefix util module '/home/robotica-06/nuevasuper/bender_manipulacion/install/_local_setup_util_ps1.py'
[2.131s] INFO:colcon.colcon_core.shell:Creating prefix chain script '/home/robotica-06/nuevasuper/bender_manipulacion/install/setup.ps1'
[2.145s] INFO:colcon.colcon_core.shell:Creating prefix script '/home/robotica-06/nuevasuper/bender_manipulacion/install/local_setup.sh'
[2.178s] INFO:colcon.colcon_core.shell:Creating prefix util module '/home/robotica-06/nuevasuper/bender_manipulacion/install/_local_setup_util_sh.py'
[2.179s] INFO:colcon.colcon_core.shell:Creating prefix chain script '/home/robotica-06/nuevasuper/bender_manipulacion/install/setup.sh'
[2.185s] INFO:colcon.colcon_core.shell:Creating prefix script '/home/robotica-06/nuevasuper/bender_manipulacion/install/local_setup.bash'
[2.185s] INFO:colcon.colcon_core.shell:Creating prefix chain script '/home/robotica-06/nuevasuper/bender_manipulacion/install/setup.bash'
[2.191s] INFO:colcon.colcon_core.shell:Creating prefix script '/home/robotica-06/nuevasuper/bender_manipulacion/install/local_setup.zsh'
[2.192s] INFO:colcon.colcon_core.shell:Creating prefix chain script '/home/robotica-06/nuevasuper/bender_manipulacion/install/setup.zsh'
