[0.020s] Invoking command in '/home/robotica-06/nuevasuper/bender_manipulacion/build/bender_description': DEBUGINFOD_URLS=https://debuginfod.ubuntu.com /usr/bin/cmake /home/robotica-06/nuevasuper/bender_manipulacion/src/bender_description -DCATKIN_INSTALL_INTO_PREFIX_ROOT=0 -DCMAKE_INSTALL_PREFIX=/home/robotica-06/nuevasuper/bender_manipulacion/install
[0.105s] -- The C compiler identification is GNU 13.3.0
[0.190s] -- The CXX compiler identification is GNU 13.3.0
[0.222s] -- Detecting C compiler ABI info
[0.371s] -- Detecting C compiler ABI info - done
[0.385s] -- Check for working C compiler: /usr/bin/cc - skipped
[0.385s] -- Detecting C compile features
[0.386s] -- Detecting C compile features - done
[0.400s] -- Detecting CXX compiler ABI info
[0.567s] -- Detecting CXX compiler ABI info - done
[0.585s] -- Check for working CXX compiler: /usr/bin/c++ - skipped
[0.585s] -- Detecting CXX compile features
[0.586s] -- Detecting CXX compile features - done
[0.605s] -- Found ament_cmake: 2.5.4 (/opt/ros/jazzy/share/ament_cmake/cmake)
[0.910s] -- Found Python3: /usr/bin/python3 (found version "3.12.3") found components: Interpreter 
[1.341s] -- Found ament_lint_auto: 0.17.3 (/opt/ros/jazzy/share/ament_lint_auto/cmake)
[1.547s] -- Added test 'flake8' to check Python code syntax and style conventions
[1.547s] -- Configured 'flake8' exclude dirs and/or files: 
[1.550s] -- Added test 'lint_cmake' to check CMake code style
[1.552s] -- Added test 'pep257' to check Python code against some of the docstring style conventions in PEP 257
[1.558s] -- Added test 'xmllint' to check XML markup files
[1.563s] -- Configuring done (1.5s)
[1.568s] -- Generating done (0.0s)
[1.569s] [33mCMake Warning:
[1.569s]   Manually-specified variables were not used by the project:
[1.569s] 
[1.569s]     CATKIN_INSTALL_INTO_PREFIX_ROOT
[1.569s] 
[1.569s] [0m
[1.570s] -- Build files have been written to: /home/robotica-06/nuevasuper/bender_manipulacion/build/bender_description
[1.576s] Invoked command in '/home/robotica-06/nuevasuper/bender_manipulacion/build/bender_description' returned '0': DEBUGINFOD_URLS=https://debuginfod.ubuntu.com /usr/bin/cmake /home/robotica-06/nuevasuper/bender_manipulacion/src/bender_description -DCATKIN_INSTALL_INTO_PREFIX_ROOT=0 -DCMAKE_INSTALL_PREFIX=/home/robotica-06/nuevasuper/bender_manipulacion/install
[1.578s] Invoking command in '/home/robotica-06/nuevasuper/bender_manipulacion/build/bender_description': DEBUGINFOD_URLS=https://debuginfod.ubuntu.com /usr/bin/cmake --build /home/robotica-06/nuevasuper/bender_manipulacion/build/bender_description -- -j8 -l8
[1.689s] Built target ament_cmake_python_copy_bender_description
[2.059s] running egg_info
[2.060s] creating bender_description.egg-info
[2.105s] writing bender_description.egg-info/PKG-INFO
[2.105s] writing dependency_links to bender_description.egg-info/dependency_links.txt
[2.106s] writing top-level names to bender_description.egg-info/top_level.txt
[2.106s] writing manifest file 'bender_description.egg-info/SOURCES.txt'
[2.230s] reading manifest file 'bender_description.egg-info/SOURCES.txt'
[2.231s] writing manifest file 'bender_description.egg-info/SOURCES.txt'
[2.269s] Built target ament_cmake_python_build_bender_description_egg
[2.289s] Invoked command in '/home/robotica-06/nuevasuper/bender_manipulacion/build/bender_description' returned '0': DEBUGINFOD_URLS=https://debuginfod.ubuntu.com /usr/bin/cmake --build /home/robotica-06/nuevasuper/bender_manipulacion/build/bender_description -- -j8 -l8
[2.311s] Invoking command in '/home/robotica-06/nuevasuper/bender_manipulacion/build/bender_description': DEBUGINFOD_URLS=https://debuginfod.ubuntu.com /usr/bin/cmake --install /home/robotica-06/nuevasuper/bender_manipulacion/build/bender_description
[2.328s] -- Install configuration: ""
[2.328s] -- Installing: /home/robotica-06/nuevasuper/bender_manipulacion/install/share/bender_description/launch
[2.328s] -- Installing: /home/robotica-06/nuevasuper/bender_manipulacion/install/share/bender_description/launch/gazebo.launch.py
[2.329s] -- Installing: /home/robotica-06/nuevasuper/bender_manipulacion/install/share/bender_description/launch/bender_moveit_rviz.launch.py
[2.329s] -- Installing: /home/robotica-06/nuevasuper/bender_manipulacion/install/share/bender_description/launch/bender_moveit.launch.py
[2.329s] -- Installing: /home/robotica-06/nuevasuper/bender_manipulacion/install/share/bender_description/launch/display.launch.py
[2.329s] -- Installing: /home/robotica-06/nuevasuper/bender_manipulacion/install/share/bender_description/launch/rsp.launch.py
[2.329s] -- Installing: /home/robotica-06/nuevasuper/bender_manipulacion/install/share/bender_description/launch/bender_move_group.launch.py
[2.329s] -- Installing: /home/robotica-06/nuevasuper/bender_manipulacion/install/share/bender_description/urdf
[2.330s] -- Installing: /home/robotica-06/nuevasuper/bender_manipulacion/install/share/bender_description/urdf/rgbd_camera.xacro
[2.330s] -- Installing: /home/robotica-06/nuevasuper/bender_manipulacion/install/share/bender_description/urdf/ros2_control.xacro
[2.330s] -- Installing: /home/robotica-06/nuevasuper/bender_manipulacion/install/share/bender_description/urdf/bender.xacro
[2.330s] -- Installing: /home/robotica-06/nuevasuper/bender_manipulacion/install/share/bender_description/urdf/materials.xacro
[2.330s] -- Installing: /home/robotica-06/nuevasuper/bender_manipulacion/install/share/bender_description/urdf/bender.xml
[2.330s] -- Installing: /home/robotica-06/nuevasuper/bender_manipulacion/install/share/bender_description/urdf/obstacles.xacro
[2.331s] -- Installing: /home/robotica-06/nuevasuper/bender_manipulacion/install/share/bender_description/config
[2.331s] -- Installing: /home/robotica-06/nuevasuper/bender_manipulacion/install/share/bender_description/config/gz_bridge.yaml
[2.331s] -- Installing: /home/robotica-06/nuevasuper/bender_manipulacion/install/share/bender_description/config/ompl_planning.yaml
[2.331s] -- Installing: /home/robotica-06/nuevasuper/bender_manipulacion/install/share/bender_description/config/controllers
[2.331s] -- Installing: /home/robotica-06/nuevasuper/bender_manipulacion/install/share/bender_description/config/controllers/joint_state_broadcaster.yaml
[2.332s] -- Installing: /home/robotica-06/nuevasuper/bender_manipulacion/install/share/bender_description/config/controllers/moveit_controllers
[2.332s] -- Installing: /home/robotica-06/nuevasuper/bender_manipulacion/install/share/bender_description/config/controllers/moveit_controllers/left_arm_controller.yaml
[2.332s] -- Installing: /home/robotica-06/nuevasuper/bender_manipulacion/install/share/bender_description/config/controllers/moveit_controllers/right_arm_controller.yaml
[2.332s] -- Installing: /home/robotica-06/nuevasuper/bender_manipulacion/install/share/bender_description/config/controllers/moveit_controllers/left_gripper_controller.yaml
[2.332s] -- Installing: /home/robotica-06/nuevasuper/bender_manipulacion/install/share/bender_description/config/controllers/moveit_controllers/head_controller.yaml
[2.332s] -- Installing: /home/robotica-06/nuevasuper/bender_manipulacion/install/share/bender_description/config/controllers/moveit_controllers/right_gripper_controller.yaml
[2.332s] -- Installing: /home/robotica-06/nuevasuper/bender_manipulacion/install/share/bender_description/config/controllers/gazebo_controllers
[2.333s] -- Installing: /home/robotica-06/nuevasuper/bender_manipulacion/install/share/bender_description/config/controllers/gazebo_controllers/right_arm.yaml
[2.333s] -- Installing: /home/robotica-06/nuevasuper/bender_manipulacion/install/share/bender_description/config/controllers/gazebo_controllers/left_gripper.yaml
[2.333s] -- Installing: /home/robotica-06/nuevasuper/bender_manipulacion/install/share/bender_description/config/controllers/gazebo_controllers/head.yaml
[2.333s] -- Installing: /home/robotica-06/nuevasuper/bender_manipulacion/install/share/bender_description/config/controllers/gazebo_controllers/right_gripper.yaml
[2.333s] -- Installing: /home/robotica-06/nuevasuper/bender_manipulacion/install/share/bender_description/config/controllers/gazebo_controllers/left_arm.yaml
[2.333s] -- Installing: /home/robotica-06/nuevasuper/bender_manipulacion/install/share/bender_description/config/controllers/controllers.yaml
[2.333s] -- Installing: /home/robotica-06/nuevasuper/bender_manipulacion/install/share/bender_description/config/controllers/initial_position.yaml
[2.334s] -- Installing: /home/robotica-06/nuevasuper/bender_manipulacion/install/share/bender_description/config/ros2_controllers.yaml
[2.334s] -- Installing: /home/robotica-06/nuevasuper/bender_manipulacion/install/share/bender_description/config/colors.yaml
[2.334s] -- Installing: /home/robotica-06/nuevasuper/bender_manipulacion/install/share/bender_description/rviz
[2.334s] -- Installing: /home/robotica-06/nuevasuper/bender_manipulacion/install/share/bender_description/rviz/rviz.rviz
[2.334s] -- Installing: /home/robotica-06/nuevasuper/bender_manipulacion/install/share/bender_description/meshes
[2.334s] -- Installing: /home/robotica-06/nuevasuper/bender_manipulacion/install/share/bender_description/meshes/g2la_1.stl
[2.334s] -- Installing: /home/robotica-06/nuevasuper/bender_manipulacion/install/share/bender_description/meshes/l3l_1.stl
[2.334s] -- Installing: /home/robotica-06/nuevasuper/bender_manipulacion/install/share/bender_description/meshes/l6l_1.stl
[2.335s] -- Installing: /home/robotica-06/nuevasuper/bender_manipulacion/install/share/bender_description/meshes/l2h_1.stl
[2.335s] -- Installing: /home/robotica-06/nuevasuper/bender_manipulacion/install/share/bender_description/meshes/laser_1.stl
[2.335s] -- Installing: /home/robotica-06/nuevasuper/bender_manipulacion/install/share/bender_description/meshes/wfr_1.stl
[2.335s] -- Installing: /home/robotica-06/nuevasuper/bender_manipulacion/install/share/bender_description/meshes/l5l_1.stl
[2.335s] -- Installing: /home/robotica-06/nuevasuper/bender_manipulacion/install/share/bender_description/meshes/wfl_1.stl
[2.335s] -- Installing: /home/robotica-06/nuevasuper/bender_manipulacion/install/share/bender_description/meshes/d435.stl
[2.345s] -- Installing: /home/robotica-06/nuevasuper/bender_manipulacion/install/share/bender_description/meshes/g2ra_1.stl
[2.346s] -- Installing: /home/robotica-06/nuevasuper/bender_manipulacion/install/share/bender_description/meshes/l4l_1.stl
[2.346s] -- Installing: /home/robotica-06/nuevasuper/bender_manipulacion/install/share/bender_description/meshes/real_sense_1.stl
[2.347s] -- Installing: /home/robotica-06/nuevasuper/bender_manipulacion/install/share/bender_description/meshes/l2r_1.stl
[2.347s] -- Installing: /home/robotica-06/nuevasuper/bender_manipulacion/install/share/bender_description/meshes/l1r_1.stl
[2.347s] -- Installing: /home/robotica-06/nuevasuper/bender_manipulacion/install/share/bender_description/meshes/base_link.stl
[2.347s] -- Installing: /home/robotica-06/nuevasuper/bender_manipulacion/install/share/bender_description/meshes/g1l_1.stl
[2.348s] -- Installing: /home/robotica-06/nuevasuper/bender_manipulacion/install/share/bender_description/meshes/l1h_1.stl
[2.348s] -- Installing: /home/robotica-06/nuevasuper/bender_manipulacion/install/share/bender_description/meshes/l4r_1.stl
[2.348s] -- Installing: /home/robotica-06/nuevasuper/bender_manipulacion/install/share/bender_description/meshes/g1r_1.stl
[2.349s] -- Installing: /home/robotica-06/nuevasuper/bender_manipulacion/install/share/bender_description/meshes/wrl_1.stl
[2.350s] -- Installing: /home/robotica-06/nuevasuper/bender_manipulacion/install/share/bender_description/meshes/l1l_1.stl
[2.350s] -- Installing: /home/robotica-06/nuevasuper/bender_manipulacion/install/share/bender_description/meshes/l2l_1.stl
[2.350s] -- Installing: /home/robotica-06/nuevasuper/bender_manipulacion/install/share/bender_description/meshes/l3r_1.stl
[2.350s] -- Installing: /home/robotica-06/nuevasuper/bender_manipulacion/install/share/bender_description/meshes/l6r_1.stl
[2.351s] -- Installing: /home/robotica-06/nuevasuper/bender_manipulacion/install/share/bender_description/meshes/g2lb_1.stl
[2.351s] -- Installing: /home/robotica-06/nuevasuper/bender_manipulacion/install/share/bender_description/meshes/wrr_1.stl
[2.352s] -- Installing: /home/robotica-06/nuevasuper/bender_manipulacion/install/share/bender_description/meshes/l5r_1.stl
[2.352s] -- Installing: /home/robotica-06/nuevasuper/bender_manipulacion/install/share/bender_description/meshes/g2rb_1.stl
[2.352s] -- Installing: /home/robotica-06/nuevasuper/bender_manipulacion/install/share/bender_description/worlds
[2.353s] -- Installing: /home/robotica-06/nuevasuper/bender_manipulacion/install/share/bender_description/worlds/empty.world
[2.353s] -- Installing: /home/robotica-06/nuevasuper/bender_manipulacion/install/share/bender_description/environment/pythonpath.sh
[2.353s] -- Installing: /home/robotica-06/nuevasuper/bender_manipulacion/install/share/bender_description/environment/pythonpath.dsv
[2.353s] -- Installing: /home/robotica-06/nuevasuper/bender_manipulacion/install/lib/python3.12/site-packages/bender_description-0.0.1-py3.12.egg-info
[2.353s] -- Installing: /home/robotica-06/nuevasuper/bender_manipulacion/install/lib/python3.12/site-packages/bender_description-0.0.1-py3.12.egg-info/top_level.txt
[2.353s] -- Installing: /home/robotica-06/nuevasuper/bender_manipulacion/install/lib/python3.12/site-packages/bender_description-0.0.1-py3.12.egg-info/PKG-INFO
[2.354s] -- Installing: /home/robotica-06/nuevasuper/bender_manipulacion/install/lib/python3.12/site-packages/bender_description-0.0.1-py3.12.egg-info/SOURCES.txt
[2.354s] -- Installing: /home/robotica-06/nuevasuper/bender_manipulacion/install/lib/python3.12/site-packages/bender_description-0.0.1-py3.12.egg-info/dependency_links.txt
[2.354s] -- Installing: /home/robotica-06/nuevasuper/bender_manipulacion/install/lib/python3.12/site-packages/bender_description
[2.354s] -- Installing: /home/robotica-06/nuevasuper/bender_manipulacion/install/lib/python3.12/site-packages/bender_description/joint_tester.py
[2.354s] -- Installing: /home/robotica-06/nuevasuper/bender_manipulacion/install/lib/python3.12/site-packages/bender_description/dynamic_obstacles.py
[2.354s] -- Installing: /home/robotica-06/nuevasuper/bender_manipulacion/install/lib/python3.12/site-packages/bender_description/global_motion_planner.py
[2.354s] -- Installing: /home/robotica-06/nuevasuper/bender_manipulacion/install/lib/python3.12/site-packages/bender_description/cylinder_marker.py
[2.354s] -- Installing: /home/robotica-06/nuevasuper/bender_manipulacion/install/lib/python3.12/site-packages/bender_description/moveit_target_pose.py
[2.355s] -- Installing: /home/robotica-06/nuevasuper/bender_manipulacion/install/lib/python3.12/site-packages/bender_description/__init__.py
[2.411s] Listing '/home/robotica-06/nuevasuper/bender_manipulacion/install/lib/python3.12/site-packages/bender_description'...
[2.411s] Compiling '/home/robotica-06/nuevasuper/bender_manipulacion/install/lib/python3.12/site-packages/bender_description/__init__.py'...
[2.411s] Compiling '/home/robotica-06/nuevasuper/bender_manipulacion/install/lib/python3.12/site-packages/bender_description/cylinder_marker.py'...
[2.412s] Compiling '/home/robotica-06/nuevasuper/bender_manipulacion/install/lib/python3.12/site-packages/bender_description/dynamic_obstacles.py'...
[2.412s] Compiling '/home/robotica-06/nuevasuper/bender_manipulacion/install/lib/python3.12/site-packages/bender_description/global_motion_planner.py'...
[2.412s] Compiling '/home/robotica-06/nuevasuper/bender_manipulacion/install/lib/python3.12/site-packages/bender_description/joint_tester.py'...
[2.412s] Compiling '/home/robotica-06/nuevasuper/bender_manipulacion/install/lib/python3.12/site-packages/bender_description/moveit_target_pose.py'...
[2.418s] -- Installing: /home/robotica-06/nuevasuper/bender_manipulacion/install/lib/bender_description/cylinder_marker
[2.418s] -- Installing: /home/robotica-06/nuevasuper/bender_manipulacion/install/lib/bender_description/moveit_target_pose
[2.418s] -- Installing: /home/robotica-06/nuevasuper/bender_manipulacion/install/share/ament_index/resource_index/package_run_dependencies/bender_description
[2.418s] -- Installing: /home/robotica-06/nuevasuper/bender_manipulacion/install/share/ament_index/resource_index/parent_prefix_path/bender_description
[2.418s] -- Installing: /home/robotica-06/nuevasuper/bender_manipulacion/install/share/bender_description/environment/ament_prefix_path.sh
[2.419s] -- Installing: /home/robotica-06/nuevasuper/bender_manipulacion/install/share/bender_description/environment/ament_prefix_path.dsv
[2.419s] -- Installing: /home/robotica-06/nuevasuper/bender_manipulacion/install/share/bender_description/environment/path.sh
[2.419s] -- Installing: /home/robotica-06/nuevasuper/bender_manipulacion/install/share/bender_description/environment/path.dsv
[2.419s] -- Installing: /home/robotica-06/nuevasuper/bender_manipulacion/install/share/bender_description/local_setup.bash
[2.419s] -- Installing: /home/robotica-06/nuevasuper/bender_manipulacion/install/share/bender_description/local_setup.sh
[2.420s] -- Installing: /home/robotica-06/nuevasuper/bender_manipulacion/install/share/bender_description/local_setup.zsh
[2.420s] -- Installing: /home/robotica-06/nuevasuper/bender_manipulacion/install/share/bender_description/local_setup.dsv
[2.420s] -- Installing: /home/robotica-06/nuevasuper/bender_manipulacion/install/share/bender_description/package.dsv
[2.420s] -- Installing: /home/robotica-06/nuevasuper/bender_manipulacion/install/share/ament_index/resource_index/packages/bender_description
[2.420s] -- Installing: /home/robotica-06/nuevasuper/bender_manipulacion/install/share/bender_description/cmake/bender_descriptionConfig.cmake
[2.421s] -- Installing: /home/robotica-06/nuevasuper/bender_manipulacion/install/share/bender_description/cmake/bender_descriptionConfig-version.cmake
[2.421s] -- Installing: /home/robotica-06/nuevasuper/bender_manipulacion/install/share/bender_description/package.xml
[2.424s] Invoked command in '/home/robotica-06/nuevasuper/bender_manipulacion/build/bender_description' returned '0': DEBUGINFOD_URLS=https://debuginfod.ubuntu.com /usr/bin/cmake --install /home/robotica-06/nuevasuper/bender_manipulacion/build/bender_description
