[0.205s] DEBUG:colcon:Command line arguments: ['/usr/bin/colcon', 'build', '--packages-select', 'bender_description', '--merge-install']
[0.205s] DEBUG:colcon:Parsed command line arguments: Namespace(log_base=None, log_level=None, verb_name='build', build_base='build', install_base='install', merge_install=True, symlink_install=False, test_result_base=None, continue_on_error=False, executor='parallel', parallel_workers=8, event_handlers=None, ignore_user_meta=False, metas=['./colcon.meta'], base_paths=['.'], packages_ignore=None, packages_ignore_regex=None, paths=None, packages_up_to=None, packages_up_to_regex=None, packages_above=None, packages_above_and_dependencies=None, packages_above_depth=None, packages_select_by_dep=None, packages_skip_by_dep=None, packages_skip_up_to=None, packages_select_build_failed=False, packages_skip_build_finished=False, packages_select_test_failures=False, packages_skip_test_passed=False, packages_select=['bender_description'], packages_skip=None, packages_select_regex=None, packages_skip_regex=None, packages_start=None, packages_end=None, allow_overriding=[], cmake_args=None, cmake_target=None, cmake_target_skip_unavailable=False, cmake_clean_cache=False, cmake_clean_first=False, cmake_force_configure=False, ament_cmake_args=None, catkin_cmake_args=None, catkin_skip_building_tests=False, mixin_files=None, mixin=None, verb_parser=<colcon_mixin.mixin.mixin_argument.MixinArgumentDecorator object at 0x78e37c7c2e40>, verb_extension=<colcon_core.verb.build.BuildVerb object at 0x78e37c7c2c30>, main=<bound method BuildVerb.main of <colcon_core.verb.build.BuildVerb object at 0x78e37c7c2c30>>, mixin_verb=('build',))
[0.254s] Level 1:colcon.colcon_core.package_discovery:discover_packages(colcon_meta) check parameters
[0.254s] Level 1:colcon.colcon_core.package_discovery:discover_packages(recursive) check parameters
[0.254s] Level 1:colcon.colcon_core.package_discovery:discover_packages(ignore) check parameters
[0.255s] Level 1:colcon.colcon_core.package_discovery:discover_packages(path) check parameters
[0.255s] Level 1:colcon.colcon_core.package_discovery:discover_packages(colcon_meta) discover
[0.255s] Level 1:colcon.colcon_core.package_discovery:discover_packages(recursive) discover
[0.256s] INFO:colcon.colcon_core.package_discovery:Crawling recursively for packages in '/home/robotica-06/nuevasuper/bender_manipulacion'
[0.256s] Level 1:colcon.colcon_core.package_identification:_identify(.) by extensions ['ignore', 'ignore_ament_install']
[0.256s] Level 1:colcon.colcon_core.package_identification:_identify(.) by extension 'ignore'
[0.256s] Level 1:colcon.colcon_core.package_identification:_identify(.) by extension 'ignore_ament_install'
[0.256s] Level 1:colcon.colcon_core.package_identification:_identify(.) by extensions ['colcon_pkg']
[0.256s] Level 1:colcon.colcon_core.package_identification:_identify(.) by extension 'colcon_pkg'
[0.256s] Level 1:colcon.colcon_core.package_identification:_identify(.) by extensions ['colcon_meta']
[0.256s] Level 1:colcon.colcon_core.package_identification:_identify(.) by extension 'colcon_meta'
[0.256s] Level 1:colcon.colcon_core.package_identification:_identify(.) by extensions ['ros']
[0.256s] Level 1:colcon.colcon_core.package_identification:_identify(.) by extension 'ros'
[0.288s] Level 1:colcon.colcon_core.package_identification:_identify(.) by extensions ['cmake', 'python']
[0.288s] Level 1:colcon.colcon_core.package_identification:_identify(.) by extension 'cmake'
[0.289s] Level 1:colcon.colcon_core.package_identification:_identify(.) by extension 'python'
[0.289s] Level 1:colcon.colcon_core.package_identification:_identify(.) by extensions ['python_setup_py']
[0.289s] Level 1:colcon.colcon_core.package_identification:_identify(.) by extension 'python_setup_py'
[0.289s] Level 1:colcon.colcon_core.package_identification:_identify(build) by extensions ['ignore', 'ignore_ament_install']
[0.289s] Level 1:colcon.colcon_core.package_identification:_identify(build) by extension 'ignore'
[0.289s] Level 1:colcon.colcon_core.package_identification:_identify(build) ignored
[0.289s] Level 1:colcon.colcon_core.package_identification:_identify(install) by extensions ['ignore', 'ignore_ament_install']
[0.289s] Level 1:colcon.colcon_core.package_identification:_identify(install) by extension 'ignore'
[0.289s] Level 1:colcon.colcon_core.package_identification:_identify(install) ignored
[0.290s] Level 1:colcon.colcon_core.package_identification:_identify(log) by extensions ['ignore', 'ignore_ament_install']
[0.290s] Level 1:colcon.colcon_core.package_identification:_identify(log) by extension 'ignore'
[0.290s] Level 1:colcon.colcon_core.package_identification:_identify(log) ignored
[0.290s] Level 1:colcon.colcon_core.package_identification:_identify(src) by extensions ['ignore', 'ignore_ament_install']
[0.290s] Level 1:colcon.colcon_core.package_identification:_identify(src) by extension 'ignore'
[0.290s] Level 1:colcon.colcon_core.package_identification:_identify(src) by extension 'ignore_ament_install'
[0.290s] Level 1:colcon.colcon_core.package_identification:_identify(src) by extensions ['colcon_pkg']
[0.290s] Level 1:colcon.colcon_core.package_identification:_identify(src) by extension 'colcon_pkg'
[0.290s] Level 1:colcon.colcon_core.package_identification:_identify(src) by extensions ['colcon_meta']
[0.290s] Level 1:colcon.colcon_core.package_identification:_identify(src) by extension 'colcon_meta'
[0.290s] Level 1:colcon.colcon_core.package_identification:_identify(src) by extensions ['ros']
[0.290s] Level 1:colcon.colcon_core.package_identification:_identify(src) by extension 'ros'
[0.290s] Level 1:colcon.colcon_core.package_identification:_identify(src) by extensions ['cmake', 'python']
[0.290s] Level 1:colcon.colcon_core.package_identification:_identify(src) by extension 'cmake'
[0.290s] Level 1:colcon.colcon_core.package_identification:_identify(src) by extension 'python'
[0.291s] Level 1:colcon.colcon_core.package_identification:_identify(src) by extensions ['python_setup_py']
[0.291s] Level 1:colcon.colcon_core.package_identification:_identify(src) by extension 'python_setup_py'
[0.291s] Level 1:colcon.colcon_core.package_identification:_identify(src/bender_description) by extensions ['ignore', 'ignore_ament_install']
[0.291s] Level 1:colcon.colcon_core.package_identification:_identify(src/bender_description) by extension 'ignore'
[0.291s] Level 1:colcon.colcon_core.package_identification:_identify(src/bender_description) by extension 'ignore_ament_install'
[0.291s] Level 1:colcon.colcon_core.package_identification:_identify(src/bender_description) by extensions ['colcon_pkg']
[0.291s] Level 1:colcon.colcon_core.package_identification:_identify(src/bender_description) by extension 'colcon_pkg'
[0.291s] Level 1:colcon.colcon_core.package_identification:_identify(src/bender_description) by extensions ['colcon_meta']
[0.291s] Level 1:colcon.colcon_core.package_identification:_identify(src/bender_description) by extension 'colcon_meta'
[0.291s] Level 1:colcon.colcon_core.package_identification:_identify(src/bender_description) by extensions ['ros']
[0.291s] Level 1:colcon.colcon_core.package_identification:_identify(src/bender_description) by extension 'ros'
[0.294s] DEBUG:colcon.colcon_core.package_identification:Package 'src/bender_description' with type 'ros.catkin' and name 'bender_description'
[0.295s] Level 1:colcon.colcon_core.package_identification:_identify(src/bender_moveit_config) by extensions ['ignore', 'ignore_ament_install']
[0.295s] Level 1:colcon.colcon_core.package_identification:_identify(src/bender_moveit_config) by extension 'ignore'
[0.295s] Level 1:colcon.colcon_core.package_identification:_identify(src/bender_moveit_config) by extension 'ignore_ament_install'
[0.295s] Level 1:colcon.colcon_core.package_identification:_identify(src/bender_moveit_config) by extensions ['colcon_pkg']
[0.295s] Level 1:colcon.colcon_core.package_identification:_identify(src/bender_moveit_config) by extension 'colcon_pkg'
[0.295s] Level 1:colcon.colcon_core.package_identification:_identify(src/bender_moveit_config) by extensions ['colcon_meta']
[0.295s] Level 1:colcon.colcon_core.package_identification:_identify(src/bender_moveit_config) by extension 'colcon_meta'
[0.295s] Level 1:colcon.colcon_core.package_identification:_identify(src/bender_moveit_config) by extensions ['ros']
[0.295s] Level 1:colcon.colcon_core.package_identification:_identify(src/bender_moveit_config) by extension 'ros'
[0.296s] DEBUG:colcon.colcon_core.package_identification:Package 'src/bender_moveit_config' with type 'ros.ament_cmake' and name 'bender_moveit_config'
[0.296s] Level 1:colcon.colcon_core.package_identification:_identify(src/bender_moveit_scripts) by extensions ['ignore', 'ignore_ament_install']
[0.296s] Level 1:colcon.colcon_core.package_identification:_identify(src/bender_moveit_scripts) by extension 'ignore'
[0.296s] Level 1:colcon.colcon_core.package_identification:_identify(src/bender_moveit_scripts) by extension 'ignore_ament_install'
[0.297s] Level 1:colcon.colcon_core.package_identification:_identify(src/bender_moveit_scripts) by extensions ['colcon_pkg']
[0.297s] Level 1:colcon.colcon_core.package_identification:_identify(src/bender_moveit_scripts) by extension 'colcon_pkg'
[0.297s] Level 1:colcon.colcon_core.package_identification:_identify(src/bender_moveit_scripts) by extensions ['colcon_meta']
[0.297s] Level 1:colcon.colcon_core.package_identification:_identify(src/bender_moveit_scripts) by extension 'colcon_meta'
[0.297s] Level 1:colcon.colcon_core.package_identification:_identify(src/bender_moveit_scripts) by extensions ['ros']
[0.297s] Level 1:colcon.colcon_core.package_identification:_identify(src/bender_moveit_scripts) by extension 'ros'
[0.298s] DEBUG:colcon.colcon_core.package_identification:Package 'src/bender_moveit_scripts' with type 'ros.ament_python' and name 'bender_moveit_scripts'
[0.298s] Level 1:colcon.colcon_core.package_identification:_identify(src/shoulder_interface) by extensions ['ignore', 'ignore_ament_install']
[0.298s] Level 1:colcon.colcon_core.package_identification:_identify(src/shoulder_interface) by extension 'ignore'
[0.298s] Level 1:colcon.colcon_core.package_identification:_identify(src/shoulder_interface) by extension 'ignore_ament_install'
[0.298s] Level 1:colcon.colcon_core.package_identification:_identify(src/shoulder_interface) by extensions ['colcon_pkg']
[0.298s] Level 1:colcon.colcon_core.package_identification:_identify(src/shoulder_interface) by extension 'colcon_pkg'
[0.298s] Level 1:colcon.colcon_core.package_identification:_identify(src/shoulder_interface) by extensions ['colcon_meta']
[0.298s] Level 1:colcon.colcon_core.package_identification:_identify(src/shoulder_interface) by extension 'colcon_meta'
[0.299s] Level 1:colcon.colcon_core.package_identification:_identify(src/shoulder_interface) by extensions ['ros']
[0.299s] Level 1:colcon.colcon_core.package_identification:_identify(src/shoulder_interface) by extension 'ros'
[0.299s] DEBUG:colcon.colcon_core.package_identification:Package 'src/shoulder_interface' with type 'ros.ament_python' and name 'shoulder_interface'
[0.299s] Level 1:colcon.colcon_core.package_discovery:discover_packages(recursive) using defaults
[0.299s] Level 1:colcon.colcon_core.package_discovery:discover_packages(ignore) discover
[0.299s] Level 1:colcon.colcon_core.package_discovery:discover_packages(ignore) using defaults
[0.299s] Level 1:colcon.colcon_core.package_discovery:discover_packages(path) discover
[0.299s] Level 1:colcon.colcon_core.package_discovery:discover_packages(path) using defaults
[0.322s] INFO:colcon.colcon_core.package_selection:Skipping not selected package 'bender_moveit_scripts' in 'src/bender_moveit_scripts'
[0.323s] INFO:colcon.colcon_core.package_selection:Skipping not selected package 'shoulder_interface' in 'src/shoulder_interface'
[0.323s] INFO:colcon.colcon_core.package_selection:Skipping not selected package 'bender_moveit_config' in 'src/bender_moveit_config'
[0.323s] Level 1:colcon.colcon_core.package_discovery:discover_packages(prefix_path) check parameters
[0.323s] Level 1:colcon.colcon_core.package_discovery:discover_packages(prefix_path) discover
[0.331s] DEBUG:colcon.colcon_installed_package_information.package_discovery:Found 4 installed packages in /home/robotica-06/nuevasuper/bender_manipulacion/install
[0.335s] DEBUG:colcon.colcon_installed_package_information.package_discovery:Found 70 installed packages in /home/robotica-06/ws_moveit/install
[0.338s] DEBUG:colcon.colcon_installed_package_information.package_discovery:Found 394 installed packages in /opt/ros/jazzy
[0.340s] Level 1:colcon.colcon_core.package_discovery:discover_packages(prefix_path) using defaults
[0.430s] Level 5:colcon.colcon_core.verb:set package 'bender_description' build argument 'cmake_args' from command line to 'None'
[0.431s] Level 5:colcon.colcon_core.verb:set package 'bender_description' build argument 'cmake_target' from command line to 'None'
[0.431s] Level 5:colcon.colcon_core.verb:set package 'bender_description' build argument 'cmake_target_skip_unavailable' from command line to 'False'
[0.431s] Level 5:colcon.colcon_core.verb:set package 'bender_description' build argument 'cmake_clean_cache' from command line to 'False'
[0.431s] Level 5:colcon.colcon_core.verb:set package 'bender_description' build argument 'cmake_clean_first' from command line to 'False'
[0.431s] Level 5:colcon.colcon_core.verb:set package 'bender_description' build argument 'cmake_force_configure' from command line to 'False'
[0.431s] Level 5:colcon.colcon_core.verb:set package 'bender_description' build argument 'ament_cmake_args' from command line to 'None'
[0.431s] Level 5:colcon.colcon_core.verb:set package 'bender_description' build argument 'catkin_cmake_args' from command line to 'None'
[0.431s] Level 5:colcon.colcon_core.verb:set package 'bender_description' build argument 'catkin_skip_building_tests' from command line to 'False'
[0.431s] DEBUG:colcon.colcon_core.verb:Building package 'bender_description' with the following arguments: {'ament_cmake_args': None, 'build_base': '/home/robotica-06/nuevasuper/bender_manipulacion/build/bender_description', 'catkin_cmake_args': None, 'catkin_skip_building_tests': False, 'cmake_args': None, 'cmake_clean_cache': False, 'cmake_clean_first': False, 'cmake_force_configure': False, 'cmake_target': None, 'cmake_target_skip_unavailable': False, 'install_base': '/home/robotica-06/nuevasuper/bender_manipulacion/install', 'merge_install': True, 'path': '/home/robotica-06/nuevasuper/bender_manipulacion/src/bender_description', 'symlink_install': False, 'test_result_base': None}
[0.431s] INFO:colcon.colcon_core.executor:Executing jobs using 'parallel' executor
[0.432s] DEBUG:colcon.colcon_parallel_executor.executor.parallel:run_until_complete
[0.432s] INFO:colcon.colcon_ros.task.catkin.build:Building ROS package in '/home/robotica-06/nuevasuper/bender_manipulacion/src/bender_description' with build type 'catkin'
[0.433s] INFO:colcon.colcon_cmake.task.cmake.build:Building CMake package in '/home/robotica-06/nuevasuper/bender_manipulacion/src/bender_description'
[0.435s] INFO:colcon.colcon_core.plugin_system:Skipping extension 'colcon_core.shell.bat': Not used on non-Windows systems
[0.436s] INFO:colcon.colcon_core.shell:Skip shell extension 'powershell' for command environment: Not usable outside of PowerShell
[0.436s] DEBUG:colcon.colcon_core.shell:Skip shell extension 'dsv' for command environment
[0.457s] DEBUG:colcon.colcon_core.event_handler.log_command:Invoking command in '/home/robotica-06/nuevasuper/bender_manipulacion/build/bender_description': DEBUGINFOD_URLS=https://debuginfod.ubuntu.com /usr/bin/cmake --build /home/robotica-06/nuevasuper/bender_manipulacion/build/bender_description -- -j8 -l8
[1.337s] DEBUG:colcon.colcon_core.event_handler.log_command:Invoked command in '/home/robotica-06/nuevasuper/bender_manipulacion/build/bender_description' returned '0': DEBUGINFOD_URLS=https://debuginfod.ubuntu.com /usr/bin/cmake --build /home/robotica-06/nuevasuper/bender_manipulacion/build/bender_description -- -j8 -l8
[1.357s] DEBUG:colcon.colcon_core.event_handler.log_command:Invoking command in '/home/robotica-06/nuevasuper/bender_manipulacion/build/bender_description': DEBUGINFOD_URLS=https://debuginfod.ubuntu.com /usr/bin/cmake --install /home/robotica-06/nuevasuper/bender_manipulacion/build/bender_description
[1.456s] DEBUG:colcon.colcon_core.event_handler.log_command:Invoked command in '/home/robotica-06/nuevasuper/bender_manipulacion/build/bender_description' returned '0': DEBUGINFOD_URLS=https://debuginfod.ubuntu.com /usr/bin/cmake --install /home/robotica-06/nuevasuper/bender_manipulacion/build/bender_description
[1.457s] Level 1:colcon.colcon_core.shell:create_environment_hook('bender_description', 'ros_package_path')
[1.457s] INFO:colcon.colcon_core.shell:Creating environment hook '/home/robotica-06/nuevasuper/bender_manipulacion/install/share/bender_description/hook/ros_package_path.ps1'
[1.458s] INFO:colcon.colcon_core.shell:Creating environment descriptor '/home/robotica-06/nuevasuper/bender_manipulacion/install/share/bender_description/hook/ros_package_path.dsv'
[1.458s] INFO:colcon.colcon_core.shell:Creating environment hook '/home/robotica-06/nuevasuper/bender_manipulacion/install/share/bender_description/hook/ros_package_path.sh'
[1.459s] Level 1:colcon.colcon_ros.task.catkin:checking '/home/robotica-06/nuevasuper/bender_manipulacion/install/lib/python3.12/site-packages'
[1.459s] Level 1:colcon.colcon_core.shell:create_environment_hook('bender_description', 'catkin_pythonpath')
[1.459s] INFO:colcon.colcon_core.shell:Creating environment hook '/home/robotica-06/nuevasuper/bender_manipulacion/install/share/bender_description/hook/catkin_pythonpath.ps1'
[1.460s] INFO:colcon.colcon_core.shell:Creating environment descriptor '/home/robotica-06/nuevasuper/bender_manipulacion/install/share/bender_description/hook/catkin_pythonpath.dsv'
[1.461s] INFO:colcon.colcon_core.shell:Creating environment hook '/home/robotica-06/nuevasuper/bender_manipulacion/install/share/bender_description/hook/catkin_pythonpath.sh'
[1.462s] Level 1:colcon.colcon_core.shell:create_environment_hook('bender_description', 'pkg_config_path')
[1.462s] INFO:colcon.colcon_core.shell:Creating environment hook '/home/robotica-06/nuevasuper/bender_manipulacion/install/share/bender_description/hook/pkg_config_path.ps1'
[1.463s] INFO:colcon.colcon_core.shell:Creating environment descriptor '/home/robotica-06/nuevasuper/bender_manipulacion/install/share/bender_description/hook/pkg_config_path.dsv'
[1.464s] INFO:colcon.colcon_core.shell:Creating environment hook '/home/robotica-06/nuevasuper/bender_manipulacion/install/share/bender_description/hook/pkg_config_path.sh'
[1.467s] Level 1:colcon.colcon_core.shell:create_environment_hook('bender_description', 'pkg_config_path_multiarch')
[1.468s] INFO:colcon.colcon_core.shell:Creating environment hook '/home/robotica-06/nuevasuper/bender_manipulacion/install/share/bender_description/hook/pkg_config_path_multiarch.ps1'
[1.469s] INFO:colcon.colcon_core.shell:Creating environment descriptor '/home/robotica-06/nuevasuper/bender_manipulacion/install/share/bender_description/hook/pkg_config_path_multiarch.dsv'
[1.469s] INFO:colcon.colcon_core.shell:Creating environment hook '/home/robotica-06/nuevasuper/bender_manipulacion/install/share/bender_description/hook/pkg_config_path_multiarch.sh'
[1.471s] Level 1:colcon.colcon_core.environment:create_environment_scripts_only(bender_description)
[1.475s] Level 1:colcon.colcon_core.environment:checking '/home/robotica-06/nuevasuper/bender_manipulacion/install' for CMake module files
[1.477s] Level 1:colcon.colcon_core.environment:checking '/home/robotica-06/nuevasuper/bender_manipulacion/install' for CMake config files
[1.477s] Level 1:colcon.colcon_core.shell:create_environment_hook('bender_description', 'cmake_prefix_path')
[1.478s] INFO:colcon.colcon_core.shell:Creating environment hook '/home/robotica-06/nuevasuper/bender_manipulacion/install/share/bender_description/hook/cmake_prefix_path.ps1'
[1.479s] INFO:colcon.colcon_core.shell:Creating environment descriptor '/home/robotica-06/nuevasuper/bender_manipulacion/install/share/bender_description/hook/cmake_prefix_path.dsv'
[1.479s] INFO:colcon.colcon_core.shell:Creating environment hook '/home/robotica-06/nuevasuper/bender_manipulacion/install/share/bender_description/hook/cmake_prefix_path.sh'
[1.481s] Level 1:colcon.colcon_core.environment:checking '/home/robotica-06/nuevasuper/bender_manipulacion/install/lib'
[1.481s] Level 1:colcon.colcon_core.environment:checking '/home/robotica-06/nuevasuper/bender_manipulacion/install/bin'
[1.481s] Level 1:colcon.colcon_core.environment:checking '/home/robotica-06/nuevasuper/bender_manipulacion/install/lib/pkgconfig/bender_description.pc'
[1.481s] Level 1:colcon.colcon_core.environment:checking '/home/robotica-06/nuevasuper/bender_manipulacion/install/lib/python3.12/site-packages'
[1.482s] Level 1:colcon.colcon_core.shell:create_environment_hook('bender_description', 'pythonpath')
[1.482s] INFO:colcon.colcon_core.shell:Creating environment hook '/home/robotica-06/nuevasuper/bender_manipulacion/install/share/bender_description/hook/pythonpath.ps1'
[1.482s] INFO:colcon.colcon_core.shell:Creating environment descriptor '/home/robotica-06/nuevasuper/bender_manipulacion/install/share/bender_description/hook/pythonpath.dsv'
[1.483s] INFO:colcon.colcon_core.shell:Creating environment hook '/home/robotica-06/nuevasuper/bender_manipulacion/install/share/bender_description/hook/pythonpath.sh'
[1.483s] Level 1:colcon.colcon_core.environment:checking '/home/robotica-06/nuevasuper/bender_manipulacion/install/bin'
[1.484s] INFO:colcon.colcon_core.shell:Creating package script '/home/robotica-06/nuevasuper/bender_manipulacion/install/share/bender_description/package.ps1'
[1.486s] INFO:colcon.colcon_core.shell:Creating package descriptor '/home/robotica-06/nuevasuper/bender_manipulacion/install/share/bender_description/package.dsv'
[1.487s] INFO:colcon.colcon_core.shell:Creating package script '/home/robotica-06/nuevasuper/bender_manipulacion/install/share/bender_description/package.sh'
[1.488s] INFO:colcon.colcon_core.shell:Creating package script '/home/robotica-06/nuevasuper/bender_manipulacion/install/share/bender_description/package.bash'
[1.510s] INFO:colcon.colcon_core.shell:Creating package script '/home/robotica-06/nuevasuper/bender_manipulacion/install/share/bender_description/package.zsh'
[1.511s] Level 1:colcon.colcon_core.environment:create_file_with_runtime_dependencies(/home/robotica-06/nuevasuper/bender_manipulacion/install/share/colcon-core/packages/bender_description)
[1.512s] DEBUG:colcon.colcon_parallel_executor.executor.parallel:closing loop
[1.513s] DEBUG:colcon.colcon_parallel_executor.executor.parallel:loop closed
[1.513s] DEBUG:colcon.colcon_parallel_executor.executor.parallel:run_until_complete finished with '0'
[1.513s] DEBUG:colcon.colcon_core.event_reactor:joining thread
[1.521s] INFO:colcon.colcon_core.plugin_system:Skipping extension 'colcon_notification.desktop_notification.terminal_notifier': Not used on non-Darwin systems
[1.521s] INFO:colcon.colcon_core.plugin_system:Skipping extension 'colcon_notification.desktop_notification.win32': Not used on non-Windows systems
[1.521s] INFO:colcon.colcon_notification.desktop_notification:Sending desktop notification using 'notify2'
[1.538s] DEBUG:colcon.colcon_core.event_reactor:joined thread
[1.539s] INFO:colcon.colcon_core.shell:Creating prefix script '/home/robotica-06/nuevasuper/bender_manipulacion/install/local_setup.ps1'
[1.540s] INFO:colcon.colcon_core.shell:Creating prefix util module '/home/robotica-06/nuevasuper/bender_manipulacion/install/_local_setup_util_ps1.py'
[1.541s] INFO:colcon.colcon_core.shell:Creating prefix chain script '/home/robotica-06/nuevasuper/bender_manipulacion/install/setup.ps1'
[1.549s] INFO:colcon.colcon_core.shell:Creating prefix script '/home/robotica-06/nuevasuper/bender_manipulacion/install/local_setup.sh'
[1.550s] INFO:colcon.colcon_core.shell:Creating prefix util module '/home/robotica-06/nuevasuper/bender_manipulacion/install/_local_setup_util_sh.py'
[1.552s] INFO:colcon.colcon_core.shell:Creating prefix chain script '/home/robotica-06/nuevasuper/bender_manipulacion/install/setup.sh'
[1.559s] INFO:colcon.colcon_core.shell:Creating prefix script '/home/robotica-06/nuevasuper/bender_manipulacion/install/local_setup.bash'
[1.559s] INFO:colcon.colcon_core.shell:Creating prefix chain script '/home/robotica-06/nuevasuper/bender_manipulacion/install/setup.bash'
[1.565s] INFO:colcon.colcon_core.shell:Creating prefix script '/home/robotica-06/nuevasuper/bender_manipulacion/install/local_setup.zsh'
[1.565s] INFO:colcon.colcon_core.shell:Creating prefix chain script '/home/robotica-06/nuevasuper/bender_manipulacion/install/setup.zsh'
